<?xml version="1.0" encoding="UTF-8"?>
<testsuite xmlns:xsi="http://www.w3.org/2001/XMLSchema-instance" xsi:noNamespaceSchemaLocation="https://maven.apache.org/surefire/maven-surefire-plugin/xsd/surefire-test-report-3.0.xsd" version="3.0" name="TestTravel" time="64.346" tests="1" errors="0" skipped="0" failures="0">
  <properties>
    <property name="java.specification.version" value="17"/>
    <property name="sun.jnu.encoding" value="UTF-8"/>
    <property name="java.class.path" value="/home/bruna/Desktop/TQS/lab4/lab4_4/example4/target/test-classes:/home/bruna/Desktop/TQS/lab4/lab4_4/example4/target/classes:/home/bruna/.m2/repository/org/junit/jupiter/junit-jupiter/5.9.2/junit-jupiter-5.9.2.jar:/home/bruna/.m2/repository/org/junit/jupiter/junit-jupiter-api/5.9.2/junit-jupiter-api-5.9.2.jar:/home/bruna/.m2/repository/org/opentest4j/opentest4j/1.2.0/opentest4j-1.2.0.jar:/home/bruna/.m2/repository/org/junit/platform/junit-platform-commons/1.9.2/junit-platform-commons-1.9.2.jar:/home/bruna/.m2/repository/org/apiguardian/apiguardian-api/1.1.2/apiguardian-api-1.1.2.jar:/home/bruna/.m2/repository/org/junit/jupiter/junit-jupiter-params/5.9.2/junit-jupiter-params-5.9.2.jar:/home/bruna/.m2/repository/org/junit/jupiter/junit-jupiter-engine/5.9.2/junit-jupiter-engine-5.9.2.jar:/home/bruna/.m2/repository/org/junit/platform/junit-platform-engine/1.9.2/junit-platform-engine-1.9.2.jar:/home/bruna/.m2/repository/org/seleniumhq/selenium/selenium-java/4.8.0/selenium-java-4.8.0.jar:/home/bruna/.m2/repository/org/seleniumhq/selenium/selenium-api/4.8.0/selenium-api-4.8.0.jar:/home/bruna/.m2/repository/org/seleniumhq/selenium/selenium-chrome-driver/4.8.0/selenium-chrome-driver-4.8.0.jar:/home/bruna/.m2/repository/com/google/auto/service/auto-service-annotations/1.0.1/auto-service-annotations-1.0.1.jar:/home/bruna/.m2/repository/com/google/auto/service/auto-service/1.0.1/auto-service-1.0.1.jar:/home/bruna/.m2/repository/com/google/auto/auto-common/1.2/auto-common-1.2.jar:/home/bruna/.m2/repository/com/google/guava/guava/31.1-jre/guava-31.1-jre.jar:/home/bruna/.m2/repository/com/google/guava/failureaccess/1.0.1/failureaccess-1.0.1.jar:/home/bruna/.m2/repository/com/google/guava/listenablefuture/9999.0-empty-to-avoid-conflict-with-guava/listenablefuture-9999.0-empty-to-avoid-conflict-with-guava.jar:/home/bruna/.m2/repository/com/google/code/findbugs/jsr305/3.0.2/jsr305-3.0.2.jar:/home/bruna/.m2/repository/org/checkerframework/checker-qual/3.12.0/checker-qual-3.12.0.jar:/home/bruna/.m2/repository/com/google/errorprone/error_prone_annotations/2.11.0/error_prone_annotations-2.11.0.jar:/home/bruna/.m2/repository/com/google/j2objc/j2objc-annotations/1.3/j2objc-annotations-1.3.jar:/home/bruna/.m2/repository/org/seleniumhq/selenium/selenium-chromium-driver/4.8.0/selenium-chromium-driver-4.8.0.jar:/home/bruna/.m2/repository/org/seleniumhq/selenium/selenium-json/4.8.0/selenium-json-4.8.0.jar:/home/bruna/.m2/repository/org/seleniumhq/selenium/selenium-devtools-v107/4.8.0/selenium-devtools-v107-4.8.0.jar:/home/bruna/.m2/repository/org/seleniumhq/selenium/selenium-devtools-v108/4.8.0/selenium-devtools-v108-4.8.0.jar:/home/bruna/.m2/repository/org/seleniumhq/selenium/selenium-devtools-v109/4.8.0/selenium-devtools-v109-4.8.0.jar:/home/bruna/.m2/repository/org/seleniumhq/selenium/selenium-devtools-v85/4.8.0/selenium-devtools-v85-4.8.0.jar:/home/bruna/.m2/repository/org/seleniumhq/selenium/selenium-edge-driver/4.8.0/selenium-edge-driver-4.8.0.jar:/home/bruna/.m2/repository/org/seleniumhq/selenium/selenium-firefox-driver/4.8.0/selenium-firefox-driver-4.8.0.jar:/home/bruna/.m2/repository/org/seleniumhq/selenium/selenium-http/4.8.0/selenium-http-4.8.0.jar:/home/bruna/.m2/repository/dev/failsafe/failsafe/3.3.0/failsafe-3.3.0.jar:/home/bruna/.m2/repository/org/seleniumhq/selenium/selenium-ie-driver/4.8.0/selenium-ie-driver-4.8.0.jar:/home/bruna/.m2/repository/org/seleniumhq/selenium/selenium-remote-driver/4.8.0/selenium-remote-driver-4.8.0.jar:/home/bruna/.m2/repository/com/beust/jcommander/1.82/jcommander-1.82.jar:/home/bruna/.m2/repository/io/netty/netty-buffer/4.1.87.Final/netty-buffer-4.1.87.Final.jar:/home/bruna/.m2/repository/io/netty/netty-codec-http/4.1.87.Final/netty-codec-http-4.1.87.Final.jar:/home/bruna/.m2/repository/io/netty/netty-codec/4.1.87.Final/netty-codec-4.1.87.Final.jar:/home/bruna/.m2/repository/io/netty/netty-handler/4.1.87.Final/netty-handler-4.1.87.Final.jar:/home/bruna/.m2/repository/io/netty/netty-common/4.1.87.Final/netty-common-4.1.87.Final.jar:/home/bruna/.m2/repository/io/netty/netty-transport-classes-epoll/4.1.87.Final/netty-transport-classes-epoll-4.1.87.Final.jar:/home/bruna/.m2/repository/io/netty/netty-transport-classes-kqueue/4.1.87.Final/netty-transport-classes-kqueue-4.1.87.Final.jar:/home/bruna/.m2/repository/io/netty/netty-transport-native-epoll/4.1.87.Final/netty-transport-native-epoll-4.1.87.Final.jar:/home/bruna/.m2/repository/io/netty/netty-transport-native-kqueue/4.1.87.Final/netty-transport-native-kqueue-4.1.87.Final.jar:/home/bruna/.m2/repository/io/netty/netty-transport-native-unix-common/4.1.87.Final/netty-transport-native-unix-common-4.1.87.Final.jar:/home/bruna/.m2/repository/io/netty/netty-transport/4.1.87.Final/netty-transport-4.1.87.Final.jar:/home/bruna/.m2/repository/io/netty/netty-resolver/4.1.87.Final/netty-resolver-4.1.87.Final.jar:/home/bruna/.m2/repository/io/opentelemetry/opentelemetry-api/1.22.0/opentelemetry-api-1.22.0.jar:/home/bruna/.m2/repository/io/opentelemetry/opentelemetry-context/1.22.0/opentelemetry-context-1.22.0.jar:/home/bruna/.m2/repository/io/opentelemetry/opentelemetry-exporter-logging/1.22.0/opentelemetry-exporter-logging-1.22.0.jar:/home/bruna/.m2/repository/io/opentelemetry/opentelemetry-sdk-metrics/1.22.0/opentelemetry-sdk-metrics-1.22.0.jar:/home/bruna/.m2/repository/io/opentelemetry/opentelemetry-sdk-logs/1.22.0-alpha/opentelemetry-sdk-logs-1.22.0-alpha.jar:/home/bruna/.m2/repository/io/opentelemetry/opentelemetry-api-logs/1.22.0-alpha/opentelemetry-api-logs-1.22.0-alpha.jar:/home/bruna/.m2/repository/io/opentelemetry/opentelemetry-sdk-common/1.22.0/opentelemetry-sdk-common-1.22.0.jar:/home/bruna/.m2/repository/io/opentelemetry/opentelemetry-sdk-extension-autoconfigure-spi/1.22.0/opentelemetry-sdk-extension-autoconfigure-spi-1.22.0.jar:/home/bruna/.m2/repository/io/opentelemetry/opentelemetry-sdk-extension-autoconfigure/1.22.0-alpha/opentelemetry-sdk-extension-autoconfigure-1.22.0-alpha.jar:/home/bruna/.m2/repository/io/opentelemetry/opentelemetry-sdk-trace/1.22.0/opentelemetry-sdk-trace-1.22.0.jar:/home/bruna/.m2/repository/io/opentelemetry/opentelemetry-sdk/1.22.0/opentelemetry-sdk-1.22.0.jar:/home/bruna/.m2/repository/io/opentelemetry/opentelemetry-semconv/1.22.0-alpha/opentelemetry-semconv-1.22.0-alpha.jar:/home/bruna/.m2/repository/io/ous/jtoml/2.0.0/jtoml-2.0.0.jar:/home/bruna/.m2/repository/org/apache/commons/commons-exec/1.3/commons-exec-1.3.jar:/home/bruna/.m2/repository/org/asynchttpclient/async-http-client/2.12.3/async-http-client-2.12.3.jar:/home/bruna/.m2/repository/org/asynchttpclient/async-http-client-netty-utils/2.12.3/async-http-client-netty-utils-2.12.3.jar:/home/bruna/.m2/repository/io/netty/netty-codec-socks/4.1.60.Final/netty-codec-socks-4.1.60.Final.jar:/home/bruna/.m2/repository/io/netty/netty-handler-proxy/4.1.60.Final/netty-handler-proxy-4.1.60.Final.jar:/home/bruna/.m2/repository/io/netty/netty-transport-native-epoll/4.1.60.Final/netty-transport-native-epoll-4.1.60.Final-linux-x86_64.jar:/home/bruna/.m2/repository/io/netty/netty-transport-native-kqueue/4.1.60.Final/netty-transport-native-kqueue-4.1.60.Final-osx-x86_64.jar:/home/bruna/.m2/repository/org/reactivestreams/reactive-streams/1.0.3/reactive-streams-1.0.3.jar:/home/bruna/.m2/repository/com/typesafe/netty/netty-reactive-streams/2.0.4/netty-reactive-streams-2.0.4.jar:/home/bruna/.m2/repository/com/sun/activation/jakarta.activation/1.2.2/jakarta.activation-1.2.2.jar:/home/bruna/.m2/repository/org/seleniumhq/selenium/selenium-manager/4.8.0/selenium-manager-4.8.0.jar:/home/bruna/.m2/repository/org/seleniumhq/selenium/selenium-safari-driver/4.8.0/selenium-safari-driver-4.8.0.jar:/home/bruna/.m2/repository/org/seleniumhq/selenium/selenium-support/4.8.0/selenium-support-4.8.0.jar:/home/bruna/.m2/repository/org/slf4j/slf4j-api/2.0.6/slf4j-api-2.0.6.jar:/home/bruna/.m2/repository/ch/qos/logback/logback-classic/1.4.1/logback-classic-1.4.1.jar:/home/bruna/.m2/repository/ch/qos/logback/logback-core/1.4.1/logback-core-1.4.1.jar:/home/bruna/.m2/repository/io/github/bonigarcia/selenium-jupiter/4.3.3/selenium-jupiter-4.3.3.jar:/home/bruna/.m2/repository/io/github/bonigarcia/webdrivermanager/5.3.2/webdrivermanager-5.3.2.jar:/home/bruna/.m2/repository/com/google/code/gson/gson/2.10.1/gson-2.10.1.jar:/home/bruna/.m2/repository/com/github/docker-java/docker-java/3.2.14/docker-java-3.2.14.jar:/home/bruna/.m2/repository/com/github/docker-java/docker-java-core/3.2.14/docker-java-core-3.2.14.jar:/home/bruna/.m2/repository/com/github/docker-java/docker-java-api/3.2.14/docker-java-api-3.2.14.jar:/home/bruna/.m2/repository/com/fasterxml/jackson/core/jackson-annotations/2.10.3/jackson-annotations-2.10.3.jar:/home/bruna/.m2/repository/commons-io/commons-io/2.6/commons-io-2.6.jar:/home/bruna/.m2/repository/org/apache/commons/commons-compress/1.21/commons-compress-1.21.jar:/home/bruna/.m2/repository/com/fasterxml/jackson/core/jackson-databind/2.10.3/jackson-databind-2.10.3.jar:/home/bruna/.m2/repository/com/fasterxml/jackson/core/jackson-core/2.10.3/jackson-core-2.10.3.jar:/home/bruna/.m2/repository/org/bouncycastle/bcpkix-jdk15on/1.64/bcpkix-jdk15on-1.64.jar:/home/bruna/.m2/repository/org/bouncycastle/bcprov-jdk15on/1.64/bcprov-jdk15on-1.64.jar:/home/bruna/.m2/repository/org/slf4j/jcl-over-slf4j/1.7.30/jcl-over-slf4j-1.7.30.jar:/home/bruna/.m2/repository/com/github/docker-java/docker-java-transport-httpclient5/3.2.14/docker-java-transport-httpclient5-3.2.14.jar:/home/bruna/.m2/repository/com/github/docker-java/docker-java-transport/3.2.14/docker-java-transport-3.2.14.jar:/home/bruna/.m2/repository/net/java/dev/jna/jna/5.12.1/jna-5.12.1.jar:/home/bruna/.m2/repository/org/brotli/dec/0.1.2/dec-0.1.2.jar:/home/bruna/.m2/repository/org/apache/commons/commons-lang3/3.12.0/commons-lang3-3.12.0.jar:/home/bruna/.m2/repository/org/apache/httpcomponents/client5/httpclient5/5.2.1/httpclient5-5.2.1.jar:/home/bruna/.m2/repository/org/apache/httpcomponents/core5/httpcore5/5.2/httpcore5-5.2.jar:/home/bruna/.m2/repository/org/apache/httpcomponents/core5/httpcore5-h2/5.2/httpcore5-h2-5.2.jar:/home/bruna/.m2/repository/org/assertj/assertj-core/3.24.2/assertj-core-3.24.2.jar:/home/bruna/.m2/repository/net/bytebuddy/byte-buddy/1.12.21/byte-buddy-1.12.21.jar:"/>
    <property name="java.vm.vendor" value="Private Build"/>
    <property name="sun.arch.data.model" value="64"/>
    <property name="java.vendor.url" value="Unknown"/>
    <property name="user.timezone" value="Europe/Lisbon"/>
    <property name="user.country.format" value="PT"/>
    <property name="os.name" value="Linux"/>
    <property name="java.vm.specification.version" value="17"/>
    <property name="sun.java.launcher" value="SUN_STANDARD"/>
    <property name="user.country" value="US"/>
    <property name="sun.boot.library.path" value="/usr/lib/jvm/java-17-openjdk-amd64/lib"/>
    <property name="sun.java.command" value="/home/bruna/Desktop/TQS/lab4/lab4_4/example4/target/surefire/surefirebooter-20230316211524185_3.jar /home/bruna/Desktop/TQS/lab4/lab4_4/example4/target/surefire 2023-03-16T21-15-24_008-jvmRun1 surefire-20230316211524185_1tmp surefire_0-20230316211524185_2tmp"/>
    <property name="jdk.debug" value="release"/>
    <property name="surefire.test.class.path" value="/home/bruna/Desktop/TQS/lab4/lab4_4/example4/target/test-classes:/home/bruna/Desktop/TQS/lab4/lab4_4/example4/target/classes:/home/bruna/.m2/repository/org/junit/jupiter/junit-jupiter/5.9.2/junit-jupiter-5.9.2.jar:/home/bruna/.m2/repository/org/junit/jupiter/junit-jupiter-api/5.9.2/junit-jupiter-api-5.9.2.jar:/home/bruna/.m2/repository/org/opentest4j/opentest4j/1.2.0/opentest4j-1.2.0.jar:/home/bruna/.m2/repository/org/junit/platform/junit-platform-commons/1.9.2/junit-platform-commons-1.9.2.jar:/home/bruna/.m2/repository/org/apiguardian/apiguardian-api/1.1.2/apiguardian-api-1.1.2.jar:/home/bruna/.m2/repository/org/junit/jupiter/junit-jupiter-params/5.9.2/junit-jupiter-params-5.9.2.jar:/home/bruna/.m2/repository/org/junit/jupiter/junit-jupiter-engine/5.9.2/junit-jupiter-engine-5.9.2.jar:/home/bruna/.m2/repository/org/junit/platform/junit-platform-engine/1.9.2/junit-platform-engine-1.9.2.jar:/home/bruna/.m2/repository/org/seleniumhq/selenium/selenium-java/4.8.0/selenium-java-4.8.0.jar:/home/bruna/.m2/repository/org/seleniumhq/selenium/selenium-api/4.8.0/selenium-api-4.8.0.jar:/home/bruna/.m2/repository/org/seleniumhq/selenium/selenium-chrome-driver/4.8.0/selenium-chrome-driver-4.8.0.jar:/home/bruna/.m2/repository/com/google/auto/service/auto-service-annotations/1.0.1/auto-service-annotations-1.0.1.jar:/home/bruna/.m2/repository/com/google/auto/service/auto-service/1.0.1/auto-service-1.0.1.jar:/home/bruna/.m2/repository/com/google/auto/auto-common/1.2/auto-common-1.2.jar:/home/bruna/.m2/repository/com/google/guava/guava/31.1-jre/guava-31.1-jre.jar:/home/bruna/.m2/repository/com/google/guava/failureaccess/1.0.1/failureaccess-1.0.1.jar:/home/bruna/.m2/repository/com/google/guava/listenablefuture/9999.0-empty-to-avoid-conflict-with-guava/listenablefuture-9999.0-empty-to-avoid-conflict-with-guava.jar:/home/bruna/.m2/repository/com/google/code/findbugs/jsr305/3.0.2/jsr305-3.0.2.jar:/home/bruna/.m2/repository/org/checkerframework/checker-qual/3.12.0/checker-qual-3.12.0.jar:/home/bruna/.m2/repository/com/google/errorprone/error_prone_annotations/2.11.0/error_prone_annotations-2.11.0.jar:/home/bruna/.m2/repository/com/google/j2objc/j2objc-annotations/1.3/j2objc-annotations-1.3.jar:/home/bruna/.m2/repository/org/seleniumhq/selenium/selenium-chromium-driver/4.8.0/selenium-chromium-driver-4.8.0.jar:/home/bruna/.m2/repository/org/seleniumhq/selenium/selenium-json/4.8.0/selenium-json-4.8.0.jar:/home/bruna/.m2/repository/org/seleniumhq/selenium/selenium-devtools-v107/4.8.0/selenium-devtools-v107-4.8.0.jar:/home/bruna/.m2/repository/org/seleniumhq/selenium/selenium-devtools-v108/4.8.0/selenium-devtools-v108-4.8.0.jar:/home/bruna/.m2/repository/org/seleniumhq/selenium/selenium-devtools-v109/4.8.0/selenium-devtools-v109-4.8.0.jar:/home/bruna/.m2/repository/org/seleniumhq/selenium/selenium-devtools-v85/4.8.0/selenium-devtools-v85-4.8.0.jar:/home/bruna/.m2/repository/org/seleniumhq/selenium/selenium-edge-driver/4.8.0/selenium-edge-driver-4.8.0.jar:/home/bruna/.m2/repository/org/seleniumhq/selenium/selenium-firefox-driver/4.8.0/selenium-firefox-driver-4.8.0.jar:/home/bruna/.m2/repository/org/seleniumhq/selenium/selenium-http/4.8.0/selenium-http-4.8.0.jar:/home/bruna/.m2/repository/dev/failsafe/failsafe/3.3.0/failsafe-3.3.0.jar:/home/bruna/.m2/repository/org/seleniumhq/selenium/selenium-ie-driver/4.8.0/selenium-ie-driver-4.8.0.jar:/home/bruna/.m2/repository/org/seleniumhq/selenium/selenium-remote-driver/4.8.0/selenium-remote-driver-4.8.0.jar:/home/bruna/.m2/repository/com/beust/jcommander/1.82/jcommander-1.82.jar:/home/bruna/.m2/repository/io/netty/netty-buffer/4.1.87.Final/netty-buffer-4.1.87.Final.jar:/home/bruna/.m2/repository/io/netty/netty-codec-http/4.1.87.Final/netty-codec-http-4.1.87.Final.jar:/home/bruna/.m2/repository/io/netty/netty-codec/4.1.87.Final/netty-codec-4.1.87.Final.jar:/home/bruna/.m2/repository/io/netty/netty-handler/4.1.87.Final/netty-handler-4.1.87.Final.jar:/home/bruna/.m2/repository/io/netty/netty-common/4.1.87.Final/netty-common-4.1.87.Final.jar:/home/bruna/.m2/repository/io/netty/netty-transport-classes-epoll/4.1.87.Final/netty-transport-classes-epoll-4.1.87.Final.jar:/home/bruna/.m2/repository/io/netty/netty-transport-classes-kqueue/4.1.87.Final/netty-transport-classes-kqueue-4.1.87.Final.jar:/home/bruna/.m2/repository/io/netty/netty-transport-native-epoll/4.1.87.Final/netty-transport-native-epoll-4.1.87.Final.jar:/home/bruna/.m2/repository/io/netty/netty-transport-native-kqueue/4.1.87.Final/netty-transport-native-kqueue-4.1.87.Final.jar:/home/bruna/.m2/repository/io/netty/netty-transport-native-unix-common/4.1.87.Final/netty-transport-native-unix-common-4.1.87.Final.jar:/home/bruna/.m2/repository/io/netty/netty-transport/4.1.87.Final/netty-transport-4.1.87.Final.jar:/home/bruna/.m2/repository/io/netty/netty-resolver/4.1.87.Final/netty-resolver-4.1.87.Final.jar:/home/bruna/.m2/repository/io/opentelemetry/opentelemetry-api/1.22.0/opentelemetry-api-1.22.0.jar:/home/bruna/.m2/repository/io/opentelemetry/opentelemetry-context/1.22.0/opentelemetry-context-1.22.0.jar:/home/bruna/.m2/repository/io/opentelemetry/opentelemetry-exporter-logging/1.22.0/opentelemetry-exporter-logging-1.22.0.jar:/home/bruna/.m2/repository/io/opentelemetry/opentelemetry-sdk-metrics/1.22.0/opentelemetry-sdk-metrics-1.22.0.jar:/home/bruna/.m2/repository/io/opentelemetry/opentelemetry-sdk-logs/1.22.0-alpha/opentelemetry-sdk-logs-1.22.0-alpha.jar:/home/bruna/.m2/repository/io/opentelemetry/opentelemetry-api-logs/1.22.0-alpha/opentelemetry-api-logs-1.22.0-alpha.jar:/home/bruna/.m2/repository/io/opentelemetry/opentelemetry-sdk-common/1.22.0/opentelemetry-sdk-common-1.22.0.jar:/home/bruna/.m2/repository/io/opentelemetry/opentelemetry-sdk-extension-autoconfigure-spi/1.22.0/opentelemetry-sdk-extension-autoconfigure-spi-1.22.0.jar:/home/bruna/.m2/repository/io/opentelemetry/opentelemetry-sdk-extension-autoconfigure/1.22.0-alpha/opentelemetry-sdk-extension-autoconfigure-1.22.0-alpha.jar:/home/bruna/.m2/repository/io/opentelemetry/opentelemetry-sdk-trace/1.22.0/opentelemetry-sdk-trace-1.22.0.jar:/home/bruna/.m2/repository/io/opentelemetry/opentelemetry-sdk/1.22.0/opentelemetry-sdk-1.22.0.jar:/home/bruna/.m2/repository/io/opentelemetry/opentelemetry-semconv/1.22.0-alpha/opentelemetry-semconv-1.22.0-alpha.jar:/home/bruna/.m2/repository/io/ous/jtoml/2.0.0/jtoml-2.0.0.jar:/home/bruna/.m2/repository/org/apache/commons/commons-exec/1.3/commons-exec-1.3.jar:/home/bruna/.m2/repository/org/asynchttpclient/async-http-client/2.12.3/async-http-client-2.12.3.jar:/home/bruna/.m2/repository/org/asynchttpclient/async-http-client-netty-utils/2.12.3/async-http-client-netty-utils-2.12.3.jar:/home/bruna/.m2/repository/io/netty/netty-codec-socks/4.1.60.Final/netty-codec-socks-4.1.60.Final.jar:/home/bruna/.m2/repository/io/netty/netty-handler-proxy/4.1.60.Final/netty-handler-proxy-4.1.60.Final.jar:/home/bruna/.m2/repository/io/netty/netty-transport-native-epoll/4.1.60.Final/netty-transport-native-epoll-4.1.60.Final-linux-x86_64.jar:/home/bruna/.m2/repository/io/netty/netty-transport-native-kqueue/4.1.60.Final/netty-transport-native-kqueue-4.1.60.Final-osx-x86_64.jar:/home/bruna/.m2/repository/org/reactivestreams/reactive-streams/1.0.3/reactive-streams-1.0.3.jar:/home/bruna/.m2/repository/com/typesafe/netty/netty-reactive-streams/2.0.4/netty-reactive-streams-2.0.4.jar:/home/bruna/.m2/repository/com/sun/activation/jakarta.activation/1.2.2/jakarta.activation-1.2.2.jar:/home/bruna/.m2/repository/org/seleniumhq/selenium/selenium-manager/4.8.0/selenium-manager-4.8.0.jar:/home/bruna/.m2/repository/org/seleniumhq/selenium/selenium-safari-driver/4.8.0/selenium-safari-driver-4.8.0.jar:/home/bruna/.m2/repository/org/seleniumhq/selenium/selenium-support/4.8.0/selenium-support-4.8.0.jar:/home/bruna/.m2/repository/org/slf4j/slf4j-api/2.0.6/slf4j-api-2.0.6.jar:/home/bruna/.m2/repository/ch/qos/logback/logback-classic/1.4.1/logback-classic-1.4.1.jar:/home/bruna/.m2/repository/ch/qos/logback/logback-core/1.4.1/logback-core-1.4.1.jar:/home/bruna/.m2/repository/io/github/bonigarcia/selenium-jupiter/4.3.3/selenium-jupiter-4.3.3.jar:/home/bruna/.m2/repository/io/github/bonigarcia/webdrivermanager/5.3.2/webdrivermanager-5.3.2.jar:/home/bruna/.m2/repository/com/google/code/gson/gson/2.10.1/gson-2.10.1.jar:/home/bruna/.m2/repository/com/github/docker-java/docker-java/3.2.14/docker-java-3.2.14.jar:/home/bruna/.m2/repository/com/github/docker-java/docker-java-core/3.2.14/docker-java-core-3.2.14.jar:/home/bruna/.m2/repository/com/github/docker-java/docker-java-api/3.2.14/docker-java-api-3.2.14.jar:/home/bruna/.m2/repository/com/fasterxml/jackson/core/jackson-annotations/2.10.3/jackson-annotations-2.10.3.jar:/home/bruna/.m2/repository/commons-io/commons-io/2.6/commons-io-2.6.jar:/home/bruna/.m2/repository/org/apache/commons/commons-compress/1.21/commons-compress-1.21.jar:/home/bruna/.m2/repository/com/fasterxml/jackson/core/jackson-databind/2.10.3/jackson-databind-2.10.3.jar:/home/bruna/.m2/repository/com/fasterxml/jackson/core/jackson-core/2.10.3/jackson-core-2.10.3.jar:/home/bruna/.m2/repository/org/bouncycastle/bcpkix-jdk15on/1.64/bcpkix-jdk15on-1.64.jar:/home/bruna/.m2/repository/org/bouncycastle/bcprov-jdk15on/1.64/bcprov-jdk15on-1.64.jar:/home/bruna/.m2/repository/org/slf4j/jcl-over-slf4j/1.7.30/jcl-over-slf4j-1.7.30.jar:/home/bruna/.m2/repository/com/github/docker-java/docker-java-transport-httpclient5/3.2.14/docker-java-transport-httpclient5-3.2.14.jar:/home/bruna/.m2/repository/com/github/docker-java/docker-java-transport/3.2.14/docker-java-transport-3.2.14.jar:/home/bruna/.m2/repository/net/java/dev/jna/jna/5.12.1/jna-5.12.1.jar:/home/bruna/.m2/repository/org/brotli/dec/0.1.2/dec-0.1.2.jar:/home/bruna/.m2/repository/org/apache/commons/commons-lang3/3.12.0/commons-lang3-3.12.0.jar:/home/bruna/.m2/repository/org/apache/httpcomponents/client5/httpclient5/5.2.1/httpclient5-5.2.1.jar:/home/bruna/.m2/repository/org/apache/httpcomponents/core5/httpcore5/5.2/httpcore5-5.2.jar:/home/bruna/.m2/repository/org/apache/httpcomponents/core5/httpcore5-h2/5.2/httpcore5-h2-5.2.jar:/home/bruna/.m2/repository/org/assertj/assertj-core/3.24.2/assertj-core-3.24.2.jar:/home/bruna/.m2/repository/net/bytebuddy/byte-buddy/1.12.21/byte-buddy-1.12.21.jar:"/>
    <property name="sun.cpu.endian" value="little"/>
    <property name="user.home" value="/home/bruna"/>
    <property name="user.language" value="en"/>
    <property name="java.specification.vendor" value="Oracle Corporation"/>
    <property name="java.version.date" value="2023-01-17"/>
    <property name="java.home" value="/usr/lib/jvm/java-17-openjdk-amd64"/>
    <property name="file.separator" value="/"/>
    <property name="basedir" value="/home/bruna/Desktop/TQS/lab4/lab4_4/example4"/>
    <property name="java.vm.compressedOopsMode" value="Zero based"/>
    <property name="line.separator" value="&#10;"/>
    <property name="java.vm.specification.vendor" value="Oracle Corporation"/>
    <property name="java.specification.name" value="Java Platform API Specification"/>
    <property name="surefire.real.class.path" value="/home/bruna/Desktop/TQS/lab4/lab4_4/example4/target/surefire/surefirebooter-20230316211524185_3.jar"/>
    <property name="sun.management.compiler" value="HotSpot 64-Bit Tiered Compilers"/>
    <property name="java.runtime.version" value="17.0.6+10-Ubuntu-0ubuntu120.04.1"/>
    <property name="user.name" value="bruna"/>
    <property name="path.separator" value=":"/>
    <property name="otel.metrics.exporter" value="none"/>
    <property name="os.version" value="5.15.0-67-generic"/>
    <property name="java.runtime.name" value="OpenJDK Runtime Environment"/>
    <property name="otel.traces.exporter" value="none"/>
    <property name="file.encoding" value="UTF-8"/>
    <property name="java.vm.name" value="OpenJDK 64-Bit Server VM"/>
    <property name="localRepository" value="/home/bruna/.m2/repository"/>
    <property name="java.vendor.url.bug" value="Unknown"/>
    <property name="java.io.tmpdir" value="/tmp"/>
    <property name="java.version" value="17.0.6"/>
    <property name="user.dir" value="/home/bruna/Desktop/TQS/lab4/lab4_4/example4"/>
    <property name="os.arch" value="amd64"/>
    <property name="java.vm.specification.name" value="Java Virtual Machine Specification"/>
    <property name="user.language.format" value="pt"/>
    <property name="native.encoding" value="UTF-8"/>
    <property name="java.library.path" value="/usr/java/packages/lib:/usr/lib/x86_64-linux-gnu/jni:/lib/x86_64-linux-gnu:/usr/lib/x86_64-linux-gnu:/usr/lib/jni:/lib:/usr/lib"/>
    <property name="java.vm.info" value="mixed mode, sharing"/>
    <property name="java.vendor" value="Private Build"/>
    <property name="java.vm.version" value="17.0.6+10-Ubuntu-0ubuntu120.04.1"/>
    <property name="sun.io.unicode.encoding" value="UnicodeLittle"/>
    <property name="java.class.version" value="61.0"/>
  </properties>
  <testcase name="Teste(WebDriver)" classname="TestTravel" time="64.33">
    <system-out><![CDATA[21:15:25.255 [main] DEBUG io.github.bonigarcia.wdm.docker.DockerHubService - Getting browser image list from Docker Hub
21:15:25.284 [main] DEBUG org.apache.hc.client5.http.impl.classic.InternalHttpClient - ex-0000000001 preparing request execution
21:15:25.292 [main] DEBUG org.apache.hc.client5.http.impl.classic.ProtocolExec - ex-0000000001 target auth state: UNCHALLENGED
21:15:25.293 [main] DEBUG org.apache.hc.client5.http.impl.classic.ProtocolExec - ex-0000000001 proxy auth state: UNCHALLENGED
21:15:25.293 [main] DEBUG org.apache.hc.client5.http.impl.classic.ConnectExec - ex-0000000001 acquiring connection with route {s}->https://hub.docker.com:443
21:15:25.293 [main] DEBUG org.apache.hc.client5.http.impl.classic.InternalHttpClient - ex-0000000001 acquiring endpoint (3 MINUTES)
21:15:25.294 [main] DEBUG org.apache.hc.client5.http.impl.io.PoolingHttpClientConnectionManager - ex-0000000001 endpoint lease request (3 MINUTES) [route: {s}->https://hub.docker.com:443][total available: 0; route allocated: 0 of 5; total allocated: 0 of 25]
21:15:25.298 [main] DEBUG org.apache.hc.client5.http.impl.io.PoolingHttpClientConnectionManager - ex-0000000001 endpoint leased [route: {s}->https://hub.docker.com:443][total available: 0; route allocated: 1 of 5; total allocated: 1 of 25]
21:15:25.304 [main] DEBUG org.apache.hc.client5.http.impl.io.PoolingHttpClientConnectionManager - ex-0000000001 acquired ep-0000000001
21:15:25.304 [main] DEBUG org.apache.hc.client5.http.impl.classic.InternalHttpClient - ex-0000000001 acquired endpoint ep-0000000001
21:15:25.304 [main] DEBUG org.apache.hc.client5.http.impl.classic.ConnectExec - ex-0000000001 opening connection {s}->https://hub.docker.com:443
21:15:25.305 [main] DEBUG org.apache.hc.client5.http.impl.classic.InternalHttpClient - ep-0000000001 connecting endpoint (null)
21:15:25.307 [main] DEBUG org.apache.hc.client5.http.impl.io.PoolingHttpClientConnectionManager - ep-0000000001 connecting endpoint to https://hub.docker.com:443 (30 SECONDS)
21:15:25.308 [main] DEBUG org.apache.hc.client5.http.impl.io.DefaultHttpClientConnectionOperator - hub.docker.com resolving remote address
21:15:25.371 [main] DEBUG org.apache.hc.client5.http.impl.io.DefaultHttpClientConnectionOperator - hub.docker.com resolved to [hub.docker.com/54.165.156.197, hub.docker.com/52.3.144.121, hub.docker.com/44.196.175.70, hub.docker.com/2600:1f18:2148:bc01:6fba:f146:1387:f27d, hub.docker.com/2600:1f18:2148:bc02:34e0:261c:e99e:cf7d, hub.docker.com/2600:1f18:2148:bc00:a66d:e75:e647:fefc]
21:15:25.376 [main] DEBUG org.apache.hc.client5.http.impl.io.DefaultHttpClientConnectionOperator - hub.docker.com:443 connecting null->hub.docker.com/54.165.156.197:443 (30 SECONDS)
21:15:25.377 [main] DEBUG org.apache.hc.client5.http.ssl.SSLConnectionSocketFactory - Connecting socket to hub.docker.com/54.165.156.197:443 with timeout 30 SECONDS
21:15:25.504 [main] DEBUG org.apache.hc.client5.http.ssl.SSLConnectionSocketFactory - Enabled protocols: [TLSv1.3, TLSv1.2]
21:15:25.504 [main] DEBUG org.apache.hc.client5.http.ssl.SSLConnectionSocketFactory - Enabled cipher suites: [TLS_AES_256_GCM_SHA384, TLS_AES_128_GCM_SHA256, TLS_CHACHA20_POLY1305_SHA256, TLS_ECDHE_ECDSA_WITH_AES_256_GCM_SHA384, TLS_ECDHE_ECDSA_WITH_AES_128_GCM_SHA256, TLS_ECDHE_ECDSA_WITH_CHACHA20_POLY1305_SHA256, TLS_ECDHE_RSA_WITH_AES_256_GCM_SHA384, TLS_ECDHE_RSA_WITH_CHACHA20_POLY1305_SHA256, TLS_ECDHE_RSA_WITH_AES_128_GCM_SHA256, TLS_DHE_RSA_WITH_AES_256_GCM_SHA384, TLS_DHE_RSA_WITH_CHACHA20_POLY1305_SHA256, TLS_DHE_DSS_WITH_AES_256_GCM_SHA384, TLS_DHE_RSA_WITH_AES_128_GCM_SHA256, TLS_DHE_DSS_WITH_AES_128_GCM_SHA256, TLS_ECDHE_ECDSA_WITH_AES_256_CBC_SHA384, TLS_ECDHE_RSA_WITH_AES_256_CBC_SHA384, TLS_ECDHE_ECDSA_WITH_AES_128_CBC_SHA256, TLS_ECDHE_RSA_WITH_AES_128_CBC_SHA256, TLS_DHE_RSA_WITH_AES_256_CBC_SHA256, TLS_DHE_DSS_WITH_AES_256_CBC_SHA256, TLS_DHE_RSA_WITH_AES_128_CBC_SHA256, TLS_DHE_DSS_WITH_AES_128_CBC_SHA256, TLS_ECDH_ECDSA_WITH_AES_256_GCM_SHA384, TLS_ECDH_RSA_WITH_AES_256_GCM_SHA384, TLS_ECDH_ECDSA_WITH_AES_128_GCM_SHA256, TLS_ECDH_RSA_WITH_AES_128_GCM_SHA256, TLS_ECDH_ECDSA_WITH_AES_256_CBC_SHA384, TLS_ECDH_RSA_WITH_AES_256_CBC_SHA384, TLS_ECDH_ECDSA_WITH_AES_128_CBC_SHA256, TLS_ECDH_RSA_WITH_AES_128_CBC_SHA256, TLS_ECDHE_ECDSA_WITH_AES_256_CBC_SHA, TLS_ECDHE_RSA_WITH_AES_256_CBC_SHA, TLS_ECDHE_ECDSA_WITH_AES_128_CBC_SHA, TLS_ECDHE_RSA_WITH_AES_128_CBC_SHA, TLS_DHE_RSA_WITH_AES_256_CBC_SHA, TLS_DHE_DSS_WITH_AES_256_CBC_SHA, TLS_DHE_RSA_WITH_AES_128_CBC_SHA, TLS_DHE_DSS_WITH_AES_128_CBC_SHA, TLS_ECDH_ECDSA_WITH_AES_256_CBC_SHA, TLS_ECDH_RSA_WITH_AES_256_CBC_SHA, TLS_ECDH_ECDSA_WITH_AES_128_CBC_SHA, TLS_ECDH_RSA_WITH_AES_128_CBC_SHA, TLS_RSA_WITH_AES_256_GCM_SHA384, TLS_RSA_WITH_AES_128_GCM_SHA256, TLS_RSA_WITH_AES_256_CBC_SHA256, TLS_RSA_WITH_AES_128_CBC_SHA256, TLS_RSA_WITH_AES_256_CBC_SHA, TLS_RSA_WITH_AES_128_CBC_SHA, TLS_EMPTY_RENEGOTIATION_INFO_SCSV]
21:15:25.504 [main] DEBUG org.apache.hc.client5.http.ssl.SSLConnectionSocketFactory - Starting handshake (null)
21:15:25.649 [main] DEBUG org.apache.hc.client5.http.ssl.SSLConnectionSocketFactory - Secure session established
21:15:25.649 [main] DEBUG org.apache.hc.client5.http.ssl.SSLConnectionSocketFactory -  negotiated protocol: TLSv1.3
21:15:25.649 [main] DEBUG org.apache.hc.client5.http.ssl.SSLConnectionSocketFactory -  negotiated cipher suite: TLS_AES_128_GCM_SHA256
21:15:25.649 [main] DEBUG org.apache.hc.client5.http.ssl.SSLConnectionSocketFactory -  peer principal: CN=*.docker.com
21:15:25.650 [main] DEBUG org.apache.hc.client5.http.ssl.SSLConnectionSocketFactory -  peer alternative names: [*.docker.com, docker.com, *.hub.docker.com, *.dockerproject.org, docker.io, *.docker.io, *.cloud.docker.com, *.master.dockerproject.org, *.cloud-stage.docker.com]
21:15:25.650 [main] DEBUG org.apache.hc.client5.http.ssl.SSLConnectionSocketFactory -  issuer principal: CN=Amazon RSA 2048 M02, O=Amazon, C=US
21:15:25.651 [main] DEBUG org.apache.hc.client5.http.impl.io.DefaultManagedHttpClientConnection - http-outgoing-0 set socket timeout to 3 MINUTES
21:15:25.651 [main] DEBUG org.apache.hc.client5.http.impl.io.DefaultHttpClientConnectionOperator - hub.docker.com:443 connected null->hub.docker.com/54.165.156.197:443 as http-outgoing-0
21:15:25.651 [main] DEBUG org.apache.hc.client5.http.impl.io.PoolingHttpClientConnectionManager - ep-0000000001 connected http-outgoing-0
21:15:25.651 [main] DEBUG org.apache.hc.client5.http.impl.classic.InternalHttpClient - ep-0000000001 endpoint connected
21:15:25.652 [main] DEBUG org.apache.hc.client5.http.impl.classic.MainClientExec - ex-0000000001 executing GET /v2/repositories/selenoid/vnc/tags?page=1&page_size=1024 HTTP/1.1
21:15:25.652 [main] DEBUG org.apache.hc.client5.http.protocol.RequestAddCookies - ex-0000000001 Cookie spec selected: strict
21:15:25.655 [main] DEBUG org.apache.hc.client5.http.impl.classic.InternalHttpClient - ep-0000000001 start execution ex-0000000001
21:15:25.655 [main] DEBUG org.apache.hc.client5.http.impl.io.PoolingHttpClientConnectionManager - ep-0000000001 executing exchange ex-0000000001 over http-outgoing-0
21:15:25.656 [main] DEBUG org.apache.hc.client5.http.headers - http-outgoing-0 >> GET /v2/repositories/selenoid/vnc/tags?page=1&page_size=1024 HTTP/1.1
21:15:25.656 [main] DEBUG org.apache.hc.client5.http.headers - http-outgoing-0 >> user-agent: Apache-HttpClient/5.0
21:15:25.656 [main] DEBUG org.apache.hc.client5.http.headers - http-outgoing-0 >> accept-encoding: gzip, deflate, br
21:15:25.656 [main] DEBUG org.apache.hc.client5.http.headers - http-outgoing-0 >> cache-control: max-age=0
21:15:25.656 [main] DEBUG org.apache.hc.client5.http.headers - http-outgoing-0 >> connection: keep-alive
21:15:25.656 [main] DEBUG org.apache.hc.client5.http.headers - http-outgoing-0 >> Host: hub.docker.com
21:15:25.656 [main] DEBUG org.apache.hc.client5.http.wire - http-outgoing-0 >> "GET /v2/repositories/selenoid/vnc/tags?page=1&page_size=1024 HTTP/1.1[\r][\n]"
21:15:25.656 [main] DEBUG org.apache.hc.client5.http.wire - http-outgoing-0 >> "user-agent: Apache-HttpClient/5.0[\r][\n]"
21:15:25.656 [main] DEBUG org.apache.hc.client5.http.wire - http-outgoing-0 >> "accept-encoding: gzip, deflate, br[\r][\n]"
21:15:25.656 [main] DEBUG org.apache.hc.client5.http.wire - http-outgoing-0 >> "cache-control: max-age=0[\r][\n]"
21:15:25.656 [main] DEBUG org.apache.hc.client5.http.wire - http-outgoing-0 >> "connection: keep-alive[\r][\n]"
21:15:25.656 [main] DEBUG org.apache.hc.client5.http.wire - http-outgoing-0 >> "Host: hub.docker.com[\r][\n]"
21:15:25.656 [main] DEBUG org.apache.hc.client5.http.wire - http-outgoing-0 >> "[\r][\n]"
21:15:25.884 [main] DEBUG org.apache.hc.client5.http.wire - http-outgoing-0 << "HTTP/1.1 200 OK[\r][\n]"
21:15:25.884 [main] DEBUG org.apache.hc.client5.http.wire - http-outgoing-0 << "date: Thu, 16 Mar 2023 21:15:25 GMT[\r][\n]"
21:15:25.884 [main] DEBUG org.apache.hc.client5.http.wire - http-outgoing-0 << "content-type: application/json[\r][\n]"
21:15:25.885 [main] DEBUG org.apache.hc.client5.http.wire - http-outgoing-0 << "transfer-encoding: chunked[\r][\n]"
21:15:25.885 [main] DEBUG org.apache.hc.client5.http.wire - http-outgoing-0 << "x-ratelimit-limit: 180[\r][\n]"
21:15:25.885 [main] DEBUG org.apache.hc.client5.http.wire - http-outgoing-0 << "x-ratelimit-reset: 1679001385[\r][\n]"
21:15:25.885 [main] DEBUG org.apache.hc.client5.http.wire - http-outgoing-0 << "x-ratelimit-remaining: 180[\r][\n]"
21:15:25.885 [main] DEBUG org.apache.hc.client5.http.wire - http-outgoing-0 << "x-trace-id: f407f11621448abb05a2fde3d328d81c[\r][\n]"
21:15:25.885 [main] DEBUG org.apache.hc.client5.http.wire - http-outgoing-0 << "server: nginx[\r][\n]"
21:15:25.885 [main] DEBUG org.apache.hc.client5.http.wire - http-outgoing-0 << "x-frame-options: deny[\r][\n]"
21:15:25.885 [main] DEBUG org.apache.hc.client5.http.wire - http-outgoing-0 << "x-content-type-options: nosniff[\r][\n]"
21:15:25.885 [main] DEBUG org.apache.hc.client5.http.wire - http-outgoing-0 << "x-xss-protection: 1; mode=block[\r][\n]"
21:15:25.885 [main] DEBUG org.apache.hc.client5.http.wire - http-outgoing-0 << "content-encoding: gzip[\r][\n]"
21:15:25.885 [main] DEBUG org.apache.hc.client5.http.wire - http-outgoing-0 << "strict-transport-security: max-age=31536000[\r][\n]"
21:15:25.885 [main] DEBUG org.apache.hc.client5.http.wire - http-outgoing-0 << "[\r][\n]"
21:15:25.886 [main] DEBUG org.apache.hc.client5.http.wire - http-outgoing-0 << "30AB[\r][\n]"
21:15:25.886 [main] DEBUG org.apache.hc.client5.http.wire - http-outgoing-0 << "[0x1f][0xffffff8b][0x8][0x0][0x0][0x0][0x0][0x0][0x0][0x3][0xffffffbd][0xffffff9d][0xffffffd9][0xffffff8e][0x1c]G[0xffffff93][0xffffffa5][0xffffffef][0xffffffe7]1x;b[0xffffffca][0xfffffff7][0xffffffa5][0xffffff80][0xffffffc6][0xffffffbc][0xffffff84][0xffffffae]z[0xffffff81][0x10][0xffffff8b]G[0xffffff8b][0xffffffd3][0x12]Ip[0x11][0xfffffffe][0xffffff9e][0xffffffc6][0xffffffff][0xffffffee][0xfffffff3]yn[0xffffff91]U[0x19][0xffffff9e][0x15]Q[0xffffffee][0x15][0x2][0xffffffb5][0xffffffb0][0x14],[0xffffffd2]-[0xffffff8f]y[0xffffffd8]r[0xffffffec][0xffffffd8][0xffffffff]|[0x18][0xffffffbe][0xfffffffc][0xfffffffc][0xfffffffc][0xffffffe3][0xffffffc3][0xffffff93][0xffffffd2][0xffffffea][0xffffff97][0xf][0xffffff9f][0xffffffd3]?[0xfffffff8][0xffffffcf][0xf][0x7f][0xfffffffc][0xfffffff8][0xfffffff1][0xfffffff5][0xfffffffb][0xffffffd3][0xffffffaf][0xffffffbf][0xfffffffe][0xfffffff1][0xffffffb3]?[0xffffff8c]_[0xffffff86][0xffffffff]J[0xffffffdf][0xe][0xffffffc3][0xffffff97][0xffffffbf]~[0xfffffffd][[0xfffffffd][0xfffffffa]-}[0xfffffffd][0xfffffff2][0xfffffffd][0xffffffd3][0xffffff8f]/[0xffffffdf]>[0xffffffa5][0xffffffef][0xffffffbf]~O[0x7f][0xffffffa6][0xffffffcf]_>[0xffffff8d][0xffffffbf][0xfffffffe][0xfffffffd]y[0xfffffff8][0xfffffff5]G[0xfffffff7][0xffffff9f][0xffffffdf][0xffffffff][0xffffffcf][0xffffffd7][0xffffffee]?[0xffffffd3][0xffffffbf][0xffffffa8][0x7f][0xffffffff])[0xffffff84]r[0xfffffff9][0xffffffbf][0x7f][0xffffffff][0xfffffffe][0xffffffe9][0xffffffff][0xffffffa5][0x7f][0xffffff91]B[0xffffff99][0xf][0xffffffbf]|[0xfffffff8][0xfffffffa]-[0xfffffffd][0xfffffffd][0xffffffe9][0xffffffcb][0xffffffcf][0xffffffef][0x1f][0xffffff9e]>[0xffffffff][0xfffffffc][0xfffffff3][0xffffffcf]_>|K[0xffffffdf][0x7f][0xfffffffe][0xfffffff9][0xffffff83][0xffffff9f][0xfffffffe][0xffffffdb][0xffffffff]|[0x18][0xffffffbe][0xffffffa5][0xffffff8e][0xffffffef][0xfffffffa][0xffffffe1]I[0xffffffda](}[0x10][0xffffffbf]|[0xfffffff8]4~x[0xffffffd2]1[0xffffffd8][0x18][0xffffff94][0xffffffb1][0xfffffffc][0xfffffff4]/[0xffffffbe][0xffffffdd][0xffffffe9][0xffffffd9][0xffffffee][0xffffffdb][0xfffffff0][0xffffffc7][0xffffffa7][0x1f]i[0xfffffff8][0xfffffff1][0xfffffff3][[0xffffffe2][0xf][0xffffffdb][0xfffffffd]5[0xffffffba][0xfffffffc][0xffffffed]'[0xffffffbe][0x3]_[0xffffffe1][0xffffff99][0xf][0xfffffffc][0xffffffec][0xffffffef][0xffffffee][0xffffffdb][0xffffffa7].[0xffffff9f][0xffffffeb][0xfffffff4]{[0xffffff8d][0xffffff9f][0xfffffff8][0xffffffd5][0xfffffff9]h[0xffffffdf][0xffffffff][0xffffffe8][0xffffff94]uO[0xffffffae][0x1b][0xffffffb4]Tr[0xffffffb4]::[0xffffff91][0xffffffe4]([0xffffffd3][0xffffffe8][0x6]c[0xffffff92][0xc][0xffffffd6][0xffffff8f][0xffffffc2][0xffffff8f]1[0xffffffda][0xffffffc9][0xffffffa5][0xffffffd1][0xf]f[0xffffffe8][0xffffff95][0xffffffb4][0xffffffda]G[0xffffffe3][0xffffffc6][0xffffffa1]3[0xffffffa3][0xffffffed][0xffffffbc][0xffffffec][0xffffff95][0xffffffe3]w[0xfffffff8][0xffffff92][0x7f][0xffffffa7]??}[0xfffffffe][0xfffffff9][0xffffff8f][0xffffffe3]O~[0x7f][0xfffffffe][0xfffffffb][0xfffffff3][0xffffff85][0xffffffbf][0xffffffd3][0xffffffb7][0xffffffef][0xffffff9f][0xffffffbe]|[0xffffffbe][0xfffffffc][0x11][0xffffffb2])><Y[0x19][0xffffff8c][0xffffffd3]V[0xffffffc6]_>|[0xffffffff][0xffffffc1][0x1f]8[0x7f][0xffffff93]n[0xfffffff8][0xfffffff1][0xffffffe9][0xffffffef][0xffffffc4]w[0xfffffff9][0xffffffb3][0xfffffffb][0xfffffffe][0xffffffe3][0xfffffff7][0xffffffaf][0x18]'q[0xfffffff8][0xf]J([0xfffffffd]Q[0xffffffe8][0xffffff8f][0xffffffd2][0xfffffffd]&[0xffffffe5][0xffffff93]PO[0xffffffd6][0x1f][0xffffff8c][0xffffffb1]F[0xffffff86][0x7f][0xffffff9d][0xffffff9f][0xfffffffd][0xfffffffe][0xffffffc7][0xffffffb3]g[0xffffff85][0xfffffff9]M[0xffffffda]'[0xffffffc5][0xffffff8f]p[0xffffffe0]|6[0xffffffc8][0x7f][0xfffffffd][0xfffffff0][0xffffffcf][0xffffffff]8[0x7f][0xffffffe7][0xffffff9f]_[0xffffffc7][0xffffffee]G[0xfffffff1]q[0xffffffa5]bp<[0xfffffffe][0xffffffec][0xffffffe1][0xffffffdb]O[0xffffffe4][0xfffffff8][0xffffffa7];}[0xffffff8f]o[0xffffffbf][0xffffffff][0xfffffffc][0xffffff9e][0xffffffbe]}[0xffffffee][0xfffffffe]:~[0x0][0xffffffe9][0xffffffdb][0xffffff97][0xffffffff][0xfffffffa][0xffffffd9][0xffffffa7][0xffffffe1][0x13][0xffffffbf][0xfffffff6][0xfffffffc][0xffffffb5]/_[0xffffffd3][0xffffffb7][0xffffffee][0xfffffff7][0xffffffe8][0xe][0xffffff82][0xffffffaf]]A[0xfffffff3][0xffffffdf][0xfffffff9][0xfffffff3][0xffffff95]|[0xffffffaa][0xffffff9c]~[0xffffffe2][0xffffff98]Gx<[0xffffffb3][0xffffffc9][0xffffffdf][0xffffffea][0xffffffc3][0xffffffd3][0xffffff8f]o?[0xffffffd3]/[0x1f][0xffffffc0][0xffffffd3][0xffffffef][0xfffffff7][0x16][0xffffffca]_[0xffffffdd]b[0xffffffa5][0xffffff9b][0xffffffe7][0x1f]Xj>[0xfffffffa]_i[0xfffffffc][0xffffffd4][0xfffffffd][0xfffffffe][0xffffffe3][0xffffffbf][0xffffffbf][0x1e][0xf][0xfffffff6][0xfffffff5][0xffffffeb][0xffffff9f][0xffffff9f][0xffffff86][0xffffffee][0x7][0x1f]"[0x10][0x1f]gW[0xfffffff8][0xfffffffc][0xffffffa3][0xfffffffb][0xfffffff4][0x19][0xffffffa7]8[0xffffff82][0xfffffff2][0xfffffff0][0xffffffb7][0xfffffffc][0xffffffdf][0xffffffff][0xfffffff7];[0xffffff9f][0xfffffff3]/[0xffffffb8][0xffffffd2][0xffffffe7][0x1f][0xffffffe9][0xfffffff3][0xffffff8f][0xffffffcb][0xffffffaf]?[0xfffffffe]o[0xffffffbe][0xffffffdc][0x1c]|[0xffffffff][0xfffffffc][0xffffffe5][0xffffffa1][0xffffffc7][0xffffffe8][0xffffffa8]Ms[0xffffff8f][0xffffff91]I[0xc].[0xc][0xffffffbd][0x8]2y[0xffffffd3][0xfffffff5]1)=[0xffffff8e]F[0xffffff8a][0xffffffa4][0xfffffff1][0x17]a[0xffffffd2][0xffffffa8]e?[0xffffff8e][0x1a][0xffffffff][0x10][0xffffffc2][0xffffffe3]$1h[0xffffffd1][0x1b][0xffffff9e][0xffffffef][0xfffffff8]U[0xffffffbd]=:[0xffffffc9][<[0xffffffc6]8[0xffffffaf][0xffffff85][0xffffff88][0xffffff9e][0xffffffeb][0xffffffe9][0x1e][0xf][0x5],[0xffffffd8][0xffffffdf][0xffffffa4]z[0x12][0xffffffe2]I[0xffffffca][0xffffff83][0x10]F[0xb][0xfffffff3][0xffffffaa][0xffffffc7][0xffffff88]'a[0xf]J[0x18][0x1c]}[0xffffff8d][0xffffffc7][0xffffff9c][0x1e][0xffffff8f]>[0xffffffea][0xffffffb6][0xe]cW9[0xffffffcc][0xffffff8d]I*[0x1c]f[0xffffffd1]H[0xffffffaf]:[0xffffffcc][0xfffffff3][0xffffff93][0xffffffef][0xffffffe2]/[0xffffffd5][0xffffffd0]{[0xffffffe0]/[0xffffffc1][0xffffffa8]h[0xffffff8c][0x3]\[0xffffff8d][0xffffffdf]01[0xffffffc8]Q[0xffffffbb][0xffffffc1][0xffffffea]`[0xffffff87][0xffffff90][0xffffff86]I[0xffffffc4]nJ[0xffffff8e][0x1f][0xffffffc9][0xffffffc7][0xffffffe8]\[0xffffff88]][0x12][0xffffffaa][0xffffff93][0xffffff86][0xffffffa7]|[0xfffffff2]6[0xffffffb9]>[0x5][0xffffffc1][0xffffff9b][0xffffffa6][0xfffffff7][0xffffffc3] M|[0xfffffffb][0x1b][0xffffffc6]x[0x1b][0xffffffa2]8[0xffffffbe]CW[0xfffffffb][0xffffff8b][0xfffffffb]M[0xffffff89]'#[0xffffff9f][0xffffff8c]=X[0xffffffcf];fF[0xfffffff5][0xffffffd7][0xffffff9f][0xffffffcf][0xffffffee]M[0xfffffff5]Q[0xffffffc4][0xffffffdf][0xffffffa4][0x7f]R[0xffffffea][0xffffffc9][0xffffff84]C[0xffffffb0]Z[0xffffffd9][0xfffffff8][0xffffffc0]_[0xffffff9e]?[0x1e][0xffffff9d]R[0xffffffda]7r[0xffffff98][0xffffffe1][0xffffff8f]o_[0xfffffffe]J[0xffffffbf]K)[0xffffffd6][0xffffffb9][0xffffffcc]l[0xffffff95][\n]"
21:15:25.887 [main] DEBUG org.apache.hc.client5.http.wire - http-outgoing-0 << "[0xffffff97]Y[0xffffffb4]S[0xffffffc9]eJ[0xffffff87][0xffffffdf][0xffffffc5]g[0xffffffaa][0xffffffe1][0xfffffff7][0xffffff8a][0xffffffcf][0x8]0[0xffffffdc][0xffffffdc]g[0xffffffb4][0xffffffea][0xffffffdc]${m[0xffffff87].)[0xffffffd5][0xffffffe9](:kF[0xffffffcd][0xffffff97][\r]N[0xffffffd1][0xffffffb9][0xffffffd8]Y[0x11][0xfffffff5][0xffffffc0][0xffffffdb]E&[0xffffffe5][0xffffffec]4[0x10][0xffffffc0][0xffffffc9]n[0x1c][0xffffffa6][0xffffffce]Nv[0xffffff9a][0xffffffba][0xffffffb7][0xffffffbf]c[0xffffff8c][0x8][0xffffff8e][0xffffffd0][0xffffffca]o[0xfffffff2][0x19][0x19][0xffffff9f][0xffffffb4][0xffffffcf][0xffffffef][\r]m[0xffffffbd]~[0xffffffd5]e[0xfffffff0][0x1a][0xffffffe1][0xe]A[0xfffffff3]:s+\[0xffffffe6][0xfffffff4]x[0xffffffd4][0x18][0xffffffa1][0xffffff95][0xffffffcb]L[0xffffff9f][0xffffffbe][0xffffffa5][0xffffffe9][0xffffffcb]?[0xffffffd6][0xfffffffb][0xffffffcc]l[0xffffff95]*[0xffffff9f][0xffffffb9][0xffffffb7][0xffffffd3]k.[0xfffffff3][0xfffffff2][0xfffffff0][0xffffffbb][0xffffffb8]L5[0xfffffffa][0x1e][0xffffffb8][0xffffff8c]WDCJ[0xffffffe7][0xffffffbc][0xffffffa6]m"3(#4[0xfffffff1]k"[0xffffff81][0x11]S[0xfffffff2]2(?[0xfffffff9][0xffffffb1][0xffffffeb][0xffffff89][0x11]:#[0xffffff84][0x14]n[0xfffffff4]}G[0x6]#[0xffffffad][0x8][0xffffffbd]2[0xffffff83][0x18][0xfffffff5]4[0xffffff8d][0xffffffca][0xffffffeb][0xffffffbe][0xfffffff3]I[0xffffffd6][0xffffffb8][0xffffff8c][0xfffffff7][0xffffffde]Er[0xffffffb3]m[0xffffffaf][0x19][0xffffffed][0xffffff9e][0xffffff84]<[0xffffff90][0xffffffd6][0x9]?g[0x1b]/^3[0xfffffff2][0xffffffa3][0xffffffd2]9[0xffffff91][0xffffffb1][0xfffffffe]I[0xffffffbb][0x3]>[0xffffffa0][0xffffff9d]}[0xffffffe0]3[0xffffffcf][0x1f]7F[0xffffffeb][0xffffff9c][0xfffffff7]4Id[0xffffffae]>#[0xffffffe2][0xffffffba][0xfffffff7][0xffffff8c]![0xfffffff8]=[0xffffff99][0xffffffa5][0xffffffca]gx[0x1f][0xffffffbf]4T[0xffffffc9]iJ[0xffffffa7][0xffffffdf][0xffffffc5]i[0xffffffaa][0xfffffff1][0xfffffff7][0xffffffd8]i[0x14][0xffffff91][0x7f]h[0xffffffef]4[0xffffff93]P[0xffffffa9][0xffffffd7][0xffffffc1]O[0xffffffd2]t[0xffffffce][0xffffff86]I[0xffffffea][0xffffffde][0xffffffea]n[0xffffff8c]B[0x8][0xffffffd7][0xfffffff7]b$[0xffffffe9][0xffffffb7]Z[0xfffffffb][0xffffffd1][0xffffff8f]d[0xffffffeb][0xffffff9d][0xffffffef]T[0xfffffff4][0xffffffce]%[0xffffffb2][0x1e][0xffffffe5]}J[0xffffffd3][0xffffffdb][0xffffff9d][0xffffffc6][[0xffffffae][0x1]k8[0xffffffd2]F[0xffffffa7][0xfffffff1]9[0xffffff97][0xffffffb1][0xffffff81][0xfffffff7]L1[0xfffffffb][0xffffffbf][0xffffffe0][0xffffffc0][0xfffffff8]'k[0xe][0xffffffd1]E[0xffffffa1]x[0xffffffb6][0xffffff98][0xfffffffd][0xffffffdf]>N[0xffffffda][0xffffffe1][0xffffffa4][0xe]s[0xffffff9a]tN[0xfffffff3]o[0xffffffea]1[[0xffffffb2][0xffffffff]Kl[0xffffffb6][0xffffffd6]gf[0xffffffab]T[0xfffffffb][0xffffffcc][0xb];[0xffffffbd][0xffffffe6]3[0xffffffd9]V[0xffffffb7][0xffffff87][0xffffffdf][0xffffffc7]gj[0xffffffe1][0xfffffff7][0xffffffc0]g[0xffffffac][0x12]!J[0xffffffd7][0xffffffbe]bf[0xffffffdd][0xffffffd4]Q#[0xffffffc3]i|?8[0xffffffad]G;Zc[0xffffff89][0xffffff9a][0xffffff9c][0xffffff91][0xffffffbd][0xffffffe1]~[0xfffffff6][0xffffff96][0xffffff88][0xffffffcd][0x19][0xffffffdd][0xffffffe1]T[0xffffff89]pL[0xffffffa7][0xffffffa0][0xffffffa9][0xfffffff6][0xffffffa4]N)[0x12][0xffffff9b][0xffffffa1][0xffffffc2]g$[0xffffffef]8n[0xffffffd5][\r]>c[0x7f][0x13][0x1]'x[0x12][0xfffffffe][0xffffffe0][0x8][0xffffffb8][0xfffffffc]rp[0xffffffa6]>J~[0xffffff90][0xffffffcf]h[0xffffff82][0xffffffb8]'[0xffffffa9][0xf][0xffffffc1]x[0xffffffe2][0xffffffcb][0xffffff92][0xffffffcf][0xffffffdc]=[0x1e][0xffffffa9]~[0x10][0xffffffca]5y[0xffffffcf][0xffffff9c][0xb]ff[0xffffffdd]K[0xffffffc6]_MR[0xffffffe1]0[0xffffff8b]FZt[0xffffff98][0xfffffff2][0xffffffc9]w[0xfffffff1][0xffffff97]j[0xffffffe8]=[0xfffffff0][0x17][0xffffffa3][0xffffffa5]7Q[0xffffffc8][0xffffffe6][0xffffffef][0xffffff98][0xffffffce][0xffffff99][0x10][0xffffff86][0xffffffd4]I[0xffffffa2][0xffffffaf]N[0xe]R[0xb]K[0xffffffd4][0xffffffa5][0xffffffa4][0x11]i[0xffffffb0][0xffffff93][0xffffffea]y[0xffffffa5][0xffffffc8]d[0xffffffc5]8FJ[0x4][0xffffffdd][0xffffffd4]S[\r][0xffffffc0][0xffffffa7][0x8][0xffffffe0][0xffffff88][0xffffffdf][0xffffffac]WU[0xffffffb9][0xffffff8c]R[0xffffffce]l[0xffffffaa][0xffffff97][0x1d][0xfffffff3]Z\[0xffffff86][0xffffffc0][0xffffffcc]Foo[0xffffffca][0xffffffc0][0xffffffb7][0xffffff81][0xffffffd9][0x11][0x6][0xffffffc2][0xfffffffd]&[0xffffffc8]{[0xffffffdc][0xffffff93][0xc][0x7]e[0xffffff8c][0xffffffb0][0xffffffc5]z[0xffffffd9][0xffffffdd][0xffffffe3]F{[0xffffffe5][[0xffffffbd]c[0xffffffe6][0xffffffc0],[0xffffffac][0xfffffff3][0x19]#.f[0xffffffa9][0xfffffff0][0xffffff99]EC[0xffffff95]}[0xffffffe6][0xffffffd6]X[0xfffffff3][0xffffffe9]wq[0xffffff9a]j[0xfffffffc][0xffffffbd][0xffffffe2]4[0xffffffc2]:[0xffffffdd][0xffffffdc]iF9h[0xffffff82][0xffffffb1]NvT[0xffffffc9][0xffffff8c][0xffffff93][0xffffffa9][0x17][0xffffffae]#M[0xffffffb1][0xffffffa2][0xffffffe7][0x7f][0xffffffd8]^XM)[0xffffffad][0xffffff9f][0xffffffa4][0x1d][0x12][0xffffffb5][0xffffff82]1RV[0xffffffd3]z[0x1a](MSF[0xffffff9b]r[0xffffffb1][0xfffffffd][0xffffff8d]Ef[0xffffffcd]%[0xffffffc0]{sK[0xffffff91][0xfffffff9][0xffffff88][0xffffff85][0xfffffffc][0xffffff92][0xffffff91][0x7][0x15]|[0xffffffb8][0xffffffa9]l[0x15][0xffffff9c]F[0xffffff91][0xffffffcd][0xffffff98][0x3][0xffffffd5]5[0xffffffaf][0xffffff8a]m[0xffffff99][0x1b][0xffffffa7]9=n[0xffffff8d][0xffffffa3]b[0xffffffd0][0xffffffe8]-3;[0xffffff8d]_[0xffffffe7]4[0xffffffb3]Yj[0xffffff9d][0xffffffe6][0xffffffa5][0xffffffa1]^s[0xffffff9a][0xffffff97][0xffffffa7][0xffffffdf][0xffffffc5]i[0xffffffaa][0xfffffff1][0xfffffff7][0xffffffd8]ir[0xffffff8c]D[0x18][0xffffffd3][0xffffffb8][0x4][0xffffff90][0xffffff88]o[0xffffffd2][0xffffffa0][0xfffffff4][0xffffff90][0xffffff88]tz[0xffffff91]z[0xffffffe9]|[0xffffffea],[0xffffff9d]F[0xffffffe7][0xffffffa4][0xffffffeb][0xffffffad][0x1d][0xffffff9d][0xffffffed]c[0xffffffef][0xffffffac][0xffffffe9]q[0x15][0xffffffc2]|Mz[0x13]r[0xffffffaf]F[0xfffffff4][0xffffffb9][0xfffffff6][0xfffffffd]v[0xffffffa7][0xffffffc9]%[0xffffffb3][0x10][0xfffffffc][0xffffffb6]J3[0xffffffd5] ~[0xffffffd0][0xffffff9f][0xffffffb4][0xffffffc2](C[0xfffffff5][0xfffffff8][0xffffffda][0xfffffff7][0xffffff9c]+[0xffffffcd]7^ p0}p[0xffffff8e][0xffffffb8][0xffffff96]:[0xffffffd8]r6s[0xfffffff7][0xffffffb8][0xffffffc7]eT#[0xffffff9f][0xffffffb9]&3+[0xffffffdf]3[0xffffffb3]Q[0xffffffaa]\f[0xffffffc1]L[0xffffffaf][0xffffffb9][0xffffffcc][0xffffffc9]T[0xffffffd7][0xffffffb3][0xffffffef][0xffffffe2]1[0xffffffd5][0xffffffe0]{[0xffffffe0]1[0xffffff9a]"[0xffffff95]7[0xffffffae]}[0xfffffffe][0xffffffdf][0xfffffff7]:vn[0x8]c$][0xffffff91]2[0xffffff8c][0xffffffc6][0xffffff89] [0xffffffdc][0xffffffd0][0xffffff89]>[0x4][0x13][0xffffffa4][0xffffffec][0xffffffd4]4[0xffffffba][0x8]/[0xffffff80]*[0xffffff99][0x12]q[0xffffff80][0x12]`"[0xffffff81]Q[0xffffff9c]z0[0x1b]*<[0xffffff86][0xfffffff4][0xffffff89][0xffffff97][0x5][0xffffffa5][0xfffffff3][\r][0xfffffff9][0xffffffff][0xffffffa9][0xfffffffb][0xffffffaf][0xffffffe8]OzChX[0xfffffff2][0x18][0xfffffff9]Q[0xffffff86][0xffffffdc][0xffffff9b][0xffffff91].[0xfffffff7]q[0xffffffbc][0xfffffff4][0xffffffb2]\h[0xffffffc6]c[0xffffff9e]?[0x1e]H[0xffffffec]b[0xffffffe3]dF[0xffffffaf]{[0xffffffc7][0xffffffb8][0xffffffab]M[0xffffffea][0x1c][0xffffffe6][0xffffffc8][0xffffff91]xf[0xffffffa5][0xffffff92][0xffffffc3][0xffffff94][0xffffff8e][0xffffffbe][0xffffff8b][0xffffffc7]T[0xffffff83][0xffffffef][0x15][0xffffff8f]1F[0xffffffb6][0x7f][0xffffffc7]h[0xffffff97]&[0xffffffdd][0xffffffb9]$[0xffffffa7]~[0xffffffec]:=[0xffffff8d][0xffffff89]JY[0x14][0xffffffbd][0xf][0xffffff93][0xffffff93]J[0xffffff8c]S[0xffffffe8][0xffffff89][0xffffffd2][0xffffffdc][0x14][0xfffffff1][0x1e]+([0xffffff9d][0xffffffa5]08i[0xffffff9d][0xffffffb5]f[0xffffffd0][0xffffffc9]Ud[0xffffffff]6[0x8]%U[0xffffff8e]57{[0xffffff8c]q[0x7]G[0xffffffe9]@[0x16][0xffffffb3][0xffffffff]+[0xe]H~[0xffffffc4][0xffffffc1][0xffffffc1]Z[0x12][0xffffffc5]2[0xfffffff3][0xffffffad][0xffffffc7][0xffffff9c][0x1e][0xffffff8f]T[0xffffffe3][0xffffffe6][0xffffffd7]W][0xffffffc5][0xffffffec][0xffffff9c][0xfffffffe][0xffffffab]u[0x1e]3[0xffffffdb][0xffffffa4][0xffffff81][0xffffffc7]<[0xffffffb3][0xffffffd2][0xffffffab][0x1e][0xfffffff3][0xffffffe2][0xffffffe8][0xffffffbb]xL5[0xfffffff8][0x1e]x[0xc][0xffffff84]/[0xffffffba][0xffffffff][0xffffffaa]}c[0xffffffa6][0xffffff87]Y@[0xffffffca]7[0xffffff90][0x17][0xffffff98]i[0xffffff8a][0xfffffffc][0xffffff97][0xffffffec][0xffffff84]U[0x10]bh[0xffffffd8][0xfffffff4][0xfffffffd][0x18][0xffffffd3][0xffffffe4][0xffffff9c]N=Ue[0xffffffe7][0xffffffdd][0xffffffe0][0xffffffba]II7[0xffffffe1]G[0xffffff94][0xffffffd0][0xffffff9c][0x1e]+[0x1a]3[0xffffff8e][0xffffff86][0xffffff90]#[0xffffff8d][0xffffffdf][0xffffffe6]1[0xfffffff9][0xffffffa5][0xfffffff1]$[0xfffffffd]![0xfffffff2][0xffffff8a][0xffffffc9][0xffffff91][0xffffffd6]rT&>[0xffffffaa][0xffffff90]kk[0xffffffc6]<[0x19][0xffffff9e][0xffffffa5]c[0xffffffea][0x1e][0xffffffe5][0xffffffff][0xffffffb7][0xffffff8f][0x13]>Y[0xfffffffa][0xffffffff][0xffffffad]<[0xffffffe6][0x1a][0xffffff96][0xffffffad][0xffffffcc]df[0xffffffab][0xffffffd4][0xfffffff9][0xffffffcc][0xffffffbd][0xffffff9d]J>S:[0xfffffffc].>S[\r][0xffffffbf][0x7]>#[0x2][0xffffff95]][0xffffff98]R[0xffffffcd]3[0x19][0x2]>:[0xfffffffe]d[0xffffffe1][0xffffffca][0xfffffff5]&Nd[0xfffffffd][0xffffffbd]79[0x4]SS[0xe]O|nX[0xffffffea]4[0xffffff86][0x18]z)LH[0xffffff9a][0xffffffce][0xffffff8d][0xffffffa5]!3([0xffffffc9][0xffffffab][0xffffffc8]U[0xffffffd4][0xffffffcc]t[0xffffffc8][0xffffffad][0xffffff9f][0x8]mn[0xfffffff5][[0xffffff86][0xfffffff2][0xffffffa9]~2D[0x1c][0xfffffff1][0xffffffa0]"[0x7f][0x1a][0xffffffde][0x1c]%[0xffffff9f][0xffffff91]43[0xffffffcd][0xffffff93]"@1[0x7][0x18]?Q[0x11][0xffffffc3][0x15]3[0x19][0xfffffff1][0xfffffff1][0xfffffff6]q[0xffffffa5][0xffffffc9][0xffffffb1][0xffffffda][0xffffffd7][0xffffffcc][0xffffffd6][0x11]3[0xffffffcd]l[0xffffff96][\n]"
21:15:25.888 [main] DEBUG org.apache.hc.client5.http.wire - http-outgoing-0 << "[0xffffffa7]Y4T[0xffffffd9]i[0xffffff96]O[0xffffffbf][0xffffff8b][0xffffffd3]T[0xffffffe3][0xffffffaf][0xffffffec]4[0xffffff8a][0xfffffff4][0xffffff81][0xffffffbb]2[0xffffffb6]'[0xffffff9a][0xffffff99]@[0xfffffff9]k[0xffffffea][0xffffffa8])[\r]>(h[0xffffffcd][0xffffffe4][0xfffffffa][0xffffff89][0xffffffde][0xffffffbf][0x1a]!,[0x7][0xffffffa8])}p[0xffffffb8][0xc][0x15]fC[0xffffffb8][0xffffffd6]C[0x12]H]J[0xffffffce][0xfffffff4][0xffffff83][0xffffff99]z[0xffffff82][0xffffffab][0xffffffb7]'3[0x10][\n]"
21:15:25.888 [main] DEBUG org.apache.hc.client5.http.wire - http-outgoing-0 << "[0xffffffe0]Rkj[0xffffffe7][0xffffffab][0xffffff9d][0xffffffe6]Be6[0xfffffff2]@u[0xffffffc2][0xffffffb8]R[0xfffffffa]/[0xffffffe2]G[0x15][0x7f][0x13]\[0xffffffb6][0xfffffff9][0xffffffc7][0xffffffc1][0xffffff91][0xffffff9e][0xffffffc4][0x7]N[0xfffffff3][0xffffffe2]qr,[0xffffffd1][0xffffffcc]i[0xffffffce][0xffffffa1][0x19]LR,[0xfffffff5][0x1a][0xffffff95][0xffffffd9][0xffffffcc]6[0xffffffa9][0xfffffff0][0xffffff98]E+[0x15]<[0xffffffa6]x[0xfffffff4]]<[0xffffffa6][0x1a]|[0xffffffaf]x[0xffffff8c]&[0xffffffc9]h[0xfffffffe][0xffffff9a][0xffffffc1]Gh[0xffffffed]w:[0xffffff89][0x8][0xfffffff9]3[0xfffffff2]W[0x17][0x4][0xffffffa3][0x0][0x2]n[0xffffffba][0xffffff9f][0xffffffe0]^[0xffffffc6][0xffffffd1][0xffffff8c][0xffffffbd][0xffffff96][0xffffffb1][0x13].Q'[0xffffff83]N[0x1d]&Z7}[0xffffffd2][0xfffffffc][0xffffffb2]QWx[0xffffff8c]1[0xffffffca]I[0xffffffb9][0xffffffd1]c [0xffffff8e][0x11]q[0xffffffa9][0x3]Q[0xffffffdd]-[0x7f][0xfffffff2]y[0xffffff95]y[0xffffffc6][0x1]Eiu [0x4][0x14][0xffffff8f][0xffffff92][0xffffff99][0x17][0xffffff8f][0xffffff9b][0xffffffdc][0xffffffbf]m[0xffffffc5]3[0xffffffbb][0xffffff86]f+[0xffffffdf]2[0xffffffbc][0xffffffe0][0xffffffce]V[0xffffffa9][0xfffffff3][0xffffff99]{;[0xffffffbd][0xffffffea]3G[[0xffffffcd][0xffffff87][0xffffffdf][0xffffffc5]g[0xffffffaa][0xffffffe1][0xfffffff7][0xffffffc8]g<[0xffffffc3]%[0xffffffc1][0xffffffb7]og[0xffffff86]![0xffffffd2][0xffffffd9][0xffffffef]'/[\r]wq/[0xffffffe5][0x18][0xffffff9c][0xffffffa7][0x18][0xffffffa6][0xffffff98][0xffffffce]![0xffffff89][0xffffff81]-C:LA[0xffffff80][0xffffff84][0xffffff80] [0xffffff8d][0xffffffa9][0x1d][0xffffff86]g,[0xffffffc3][0x1][0xffffffa1][0xffffffb3][0xffffff9d]T[0xffffffa3][0x7f][0xffffffbb][0xffffffcf][0xffffffc0]\[0xffffff8b]Q[0xffffffdb][0xffffffb7][0x14][0x0]l8D[0xffffffe5][0xffffff94]\[0xffffffe6][0xffffff99]e~[0xffffffee]GE;[0x13][0xffffffaa]@[0xffffffa4]vtP[0xffffffb0]K_[0xfffffff3][0xffffff99][0xffffff9b][0xffffffc7]5l[0x1]5G}u[0x5][0xffffff80][0xffffffb9]3[0xffffffb3]r[0x4]`6K[0xffffff9d][0xffffffd3][0xffffff9c]&[0xffffff8b]n[\r][0xfffffff5][0xffffffc0]i[0x16]O[0xffffffbf][0xffffff8b][0xffffffd3]T[0xffffffe3][0xffffffef][0xffffff81][0xffffffd3][0xffffffe0]/`U[0xffffffb5][0xf][0xffffffcd][0xffffffa4][0xffffff88][0xffffffd3][0xffffffa4]![0xfffffffb][0xb]Feb[0xffffffe6][0x2][0x4][0xffffff8a]c[0xffffffa2][0xffffff9b][0xfffffff8][0xffffffdd][0xffffff82][0xffffffa2][0xffffffda]L[0xfffffff3]?[0xffffff8c]p[0xffffff9d]i[0xfffffffb][0xffffffc7][0xffffffbe][0xffffff87]Y[0x16][0xffffffec]D1[0xffffff80][0xffffffe1][0xffffffb4]01lV[0xffffffe1]4[0xffffff8e][0xfffffffe])[0xffffff95][0xffffff87][\r][0xffffffa1][0xffffffd9]u[0x1c][0xffffffc4][0x1d]Ld[0xffffffe4][0xffffffa6]T[0x3][0xffffffc0]i[0xfffffff2][0xc][0xffffff80][0xffffffcd][0xfffffff3][0x2][0xfffffff0]kx[0xffffffcb][0xffffffd0]9-[0xffffffe7]3/[0x1e][0xffffff97]26[0xffffffa3][0x0][0xffffff9c]#[0xffffffb3][0xffffff95][0x3][0x0][0xfffffff0][0xffffff80][0xffffffce]&[0xffffffa9]p[0xffffff98]E#[0xffffff95][0x1d][0xffffffe6][0xffffffd6]P[0xffffffd7][0xffffff93][0xffffffef][0xffffffe2]/[0xffffffd5][0xffffffd0]{[0xffffffc5]_[0x8][0xffffff87][0xffffffda][0xfffffff3][0xffffffff]M"[0xfffffffc][0xffffff9a]<[0xffffffaf][0xffffff8e][0xffffffe4]G[0xffffffab]z[0xffffffba]-P4}[0xffffffe8][0xffffff8c][0xffffff8d][0xffffffbc]e([0xffffff8f][\r][0xffffffd3]0&7[0xfffffff6][0x3][0xfffffff5][0xffffffe6]qRf[0xffffff94]v[0xc][0xffffffa4]?[0xffffffa6][0xffffff8f][0xffffffd6][0xffffffe5][0x0][0xfffffffd][0xffffffad][0xffffffed][0xffffffff][0x10][0xffffff8d][0xfffffff2][0xffffffe1][0xffffff8d][0xfffffffe][0xffffffe2][0x2][0xffffff95][0xffffffee]R[0xffffff95][0xfffffff9][0xffffffea][0x0][0x1a]>[0xffffffb3]=[0xffffff84] sjRJ[0xffffffff]_<[0x1d]c0[0xffffff8d]3[0xffffff99][0xffffffb0][0xffffff92][0xffffffc8]L[0xffffffc6]u6I[0x1b][0x7f][0xffffff99][0xffffff8d][0xfffffff4][0xffffff9a][0xffffffbf][0xffffff9c][0xc]5[0x1f]}[0x17][0xffffff87][0xffffffa9][0xffffffc6][0xffffffde]#[0xffffff87][0xffffffa1][0x17]G[[0xffffffa6]}&3[0x19][0xffffffd9][\r][0xffffffe4][0xfffffffc]S[0xffffffec][0xfffffff8]'I[\n]"
21:15:25.889 [main] DEBUG org.apache.hc.client5.http.wire - http-outgoing-0 << "[0xffffffbf][\r])[0x2][0x14][0xffffffe6]D[0xffffffd7][0xffffffdf][0x19][0x1a]3[0x10]{[0xfffffffb][0xffffff98]'BU[0xffffff82]x[0xffffff9c][0xffffffcb][0x0][0xffffff94][0xffffffbc];-[0xffffffc7][0x1e][0xffffffba][0xffffffcb][0xffffffdb][0x1d][0xffffffc6]R[0xfffffff3][0xffffff8a]o[0xffffffc8]dxi[0xffffffe8]x0T*d[0xffffffa9][0xffffff91]yu[0x1]x[0xffffff99][0xffffff8c]<[0xffffff93][0xffffff95][0xffffffa9]Wr[0xffffffff][0xffffffd3]5[0xfffffffb][0xfffffffc][0xfffffff1]&[0xffffffac][0xffffffcc]k&[0xffffffb3]2([0xffffff9b][0xffffffad]R[0xffffffe1]3d[0xffffffff]>[0xffffffbf]\[0xffffff9f][0xffffffd9][0xffffffe9]5[0xffffff9f]yy[0xfffffff8]]|[0xffffffa6][0x1a]~[0xf]|[0xffffffc6]G[0xb][0xffffffdb][0xffffffeb][0x1d]|F2aI[0x8]F[0xffffff8f][0xffffffa5]s[0xffffffc7]|[0x6][0xffffffaa][0xffffffbf][0x1c]L"s[0x19]S[0x0]j[0xffffffc4]`[0xffffffcc]3[0xffffff93][0xffffffef]P[0xffffff86]fRf`[0xffffffc4]P[0xffffffc9][0x9]Gs[0xffffff9d][0xffffffd3]]E[0xffffffbd]L[0xffffffc2],[0xffffffc0]m[0xffffffb6]M[0xffffffcc]dr2~`[0xffffffa0][0xffffffcb][0xffffffa0][0x1a]P[0xffffffac][0xffffff97][0xffffff85][0xffffff8f][0xffffffca]g[0xffffff99][0x0]F[0xffffffff]ed[0xffffffca]L[0xfffffffa][0x1c][0xffffffc0][0x15][0xffffffdf]2[0xffffffcf][0x1f][0xffffff87][0xffffffd9]@[0x1d][0xffffffaf][0x11]_f[0xffffffce]dV[0xffffff92][0xffffff99]g[0xffffffb3][0xffffffd4]9[0xffffffcd][0xffffffbd][0xffffffa1]JNS:[0xfffffffd].NS[0xffffff8d][0xffffffbf][0x7]N[0xffffffe3][0xfffffff8] 5E[0xffffffd9][0xffffffe6]%[0xffffffb3][0xffffff90][0x4]Z[0x12][0xffffff94][0xffffffcb]`[0xfffffff7][0xffffffab]i[0xffffffa2][0xffffff8d][0xffffff87]C[0xffffffb8]~[0xffffffb4]!QE[0x1b]-[0xffffffcd][0x17][0xffffffc9]([0xffffffd0][0x10][0x7]O1`[0xffffff98]`[0xffffffaa][0xfffffff4]=[0xffffffb9][0xffffffb7][0xffffff86][0xffffffb3][0x19][0xffffff93][0xffffff8e]o[0x7f][0xffffffd1][0xffffff90][0xffffff8b][0x18][\n]"
21:15:25.889 [main] DEBUG org.apache.hc.client5.http.wire - http-outgoing-0 << "[0x9][0x1b][0xffffffbb][0xffffff99]p[0xffffffcc][0xfffffff4][0xffffff93][0xffffffa6][0xffffffc8],[0x1d][0x5][0xffffff8b]BgF[0xffffff84]#[0xffffff9b][0xffffff99].[0xe][0xfffffff7][0xffffffad][0xffffff82][0xfffffff9][0xc][0xffffffe5][0xfffffff4][0x1][0xfffffffb][0xffffffff][0xffffffc5][0xffffffe3]p[0xffffff93] }6r[0xffffff9a][0xffffffeb][0xffffff8b]f[0xffffffa5][0xffffffcf][0xffffffcc]V[0xffffffa9][0xfffffff3][0xffffff99]{;[0xffffff95]}[0xffffffe6][0xffffffd6]V[0xfffffff3][0xffffffe1]w[0xfffffff1][0xffffff99]j[0xfffffff8]=[0xfffffff2][0x19]j[0xffffff8f]|[0xffffff92][0xffffffed][0xffffffb3][0x7f][0xffffffa1][0xffffffa6]A%[0xffffff9d][[0xffffff95]L5[0xffffffd3][0xffffffc7][0x1c])[0xffffff9d][0xffffffc1][0x2]@(f[0xffffff88][0xffffffa6]'[0x1e][0xffffffc3][0xffffffa7][0xffffffa8]:3[0xffffffac][0xffffff98][0xffffffc8]o41[0x19][0xffffff83][0xffffffcd][0xffffffb0][0x5]F[0xffffffd7]+F6[0xffffffdf][0xffffffee]3[0xffffffa4]L\[0x4]r[0xb][0xffffff99][0xffffffd9][0xfffffffe][0xffffffc6]H?[0xfffffffd][0x16][0x1b][0xf][0xffffff9e][0xffffff96]c([0x6]g[0xfffffffe][0xffffffd8][0xffffff98][0x9]O9H[0xfffffff7]4q[0xffffffb4]/k[0xffffffcc]Pa{[0xfffffffe]x[0x1e][0xffffffa3][0xffffffbb]i[0xffffff94][0xffffffb6]*[0xffffff99][0xffffffad]$[0xffffff9a][0xffffffcd]f[0xffffffa9]p[0xffffff9a]EC[0xffffff95][0xffffff9c][0xffffffa6]t[0xfffffffa]][0xffffff9c][0xffffffa6][0x1a][0x7f][0xf][0xffffff9c][0xffffffc6]J[0xffffffc8]]]]><![CDATA[>[0xffffffcf]16&3[0xfffffff7]}[0xffffffdf]A[0xfffffff3][0x1f][0x18][0xffffffb7][0xffffffa4][0xffffffda]L[0x13]3[0xffffffc6]id[0xffffffd6][0xffffff8c][0xffffffc8]+[0xffffff84]D]*J[0xffffffc1]t[0xfffffff3][0x4]1[0xffffff80]J[0xffffff92][\n]"
21:15:25.889 [main] DEBUG org.apache.hc.client5.http.wire - http-outgoing-0 << "[0x3][0xc][0xffffffe4]Q[0xffffffe9][0xffffff8e][0xffffff99][0xffffffb4]~[0xffffffa0]A[0xfffffff2]v[0xffffffa7][0xffffffc9][0xffffffcd][0xffffffee][0x0][0xffffffa3]eC[0xffffffc9][0xffffff8c]H[0xffffff9d][0xffffffb7]L[0xffffff9e][0xffffff9c][0xffffffa1]7[0x3][0xffffffef][0xffffffad][0x18][0xffffff9d][0xffffff81][0xffffff83]cT[0xf][0xb][0xffffff80]~[0x3]d[0x1][0xffffffa3][0x1f][0xffffffd5][0x0][0xffffff96][0x1f]o[0xffffff9b][0xffffffd1][0xffffffac][0xfffffff4][0xffffff99][0xffffffd9]*[0x15]>[0xffffffb3]h[0xffffffa7][0x7]>[0xffffffb3]`[0xffffffab]_>[0xffffffec][0xffffffe2]3[0xffffffd5][0xfffffff0]{[0xffffffc5]g[0x2][0x12][[0xffffffcd]}[0xffffffc6][0xb][0xffffffe9][0xffffffcc][0x8]5[0x6][0xffffff8d][0xffffffb2]L[0xffffffc8][\n]"
21:15:25.890 [main] DEBUG org.apache.hc.client5.http.wire - http-outgoing-0 << "R[\r]"[0xffffffa7]6p[0xffffffcd][0xffffffa0][0xffffffe7][0xf][0xffffffb4][0xfffffffc]3[0xffffff83]y@[0xffffffdb],[0xffffffa5]^[0xffffff8d]rbT [0xffffffd1][0xfffffff8][0xffffff9c]|[0x8][0xffffffb8][0xffffffd2][0xffffffdb]}[0xffffff86][0xffffffba]9[0xffffffcc][0xfffffffc],[0xffffffe7][0xffffffb5][0xffffff99][0x1]@v[0xffffffeb]"[0xffffffe3][0xffffffd4][0xffffffc5]2[0xffffffb3][0xffffff87][0xffffffa2][0xfffffffc][0x1b][0xffffff94]v[0xffffffc9][0xffffffbb][0x6][0xffffffff]"[0xffffffa2][0xffffffcc]/[0xffffffa5]bF[0xfffffff3][0xfffffffc]q[\r]#H[0xffffffb4][0xffffff9a][0x0][0xffffff98]3[0xffffff9a][0xffffff95][0xfffffffc][0xffffffcc][0xffffffd9],uNs[0xffffffec][0xffffffcd]<3T[0xffffffd9]in[0xffffff8d]5[0xffffff9f][0xfffffffe][0x1d][0xffffff9c][0xffffffe6][0x1][0xffffffc2]sD[0xffffff8c][0xffffffe4]D[0xfffffffb][0xffffffb9]0[0xffffffa1]zx&[0xffffffce][0x9][0xffffff9a][0xffffff8b]9Z[0xffffffea][0xffffff99][0xffffffa2][0x1c]{[0xffffff8b][0xffffffa0][0xffffff90]w[0xc][0xffffff84]1_<[0x12][0xffffffe8][0xf] [0xffffffbe]'[0xffffffb6]B[0xffffff84][0xc]N[0xffffffa7][0x10][0x4]RL_[0x1a]t[0xfffffffc]j[0x10][0xffffffee]H[0xffffffff]soh5[0xffffffc2][0xffffffaf]=[0xffffff82]p@]P[0xffffffdb][0xffffff99]U[0xffffffff][0xffffffa2]c[0xffffffef]>*qD8Q[0xffffffb8]?h[0x18][0xffffff8a][0xfffffff9][0xffffffd9]"[0xffffffc2][0xffffff9f]?n[0xffffffa0][0x13][0xffffff85]V[0xffffff84][0xfffffffd][0x19][0xffffffe1]+i.[0xffffffd2]_[0xffffffcc]R[0xffffff81][0xfffffff0]EC[0xffffff95][0x10]^:[0xfffffffd][0xffffffee][0x8][0xffffffcf][0xffffffea][0x1e][0xffffffed][0xffffffa9][0xffffff8f]\n[0x8][0xffffffe9]1[0xffffffee]8z[0xffffffae]:[0x1a][0x1b][0x9][0xfffffffe]FG[0xffffffd7]#S[0xffffff99][0xffffff86][0x10]B[0xfffffff4][0xffffffa0]9[0xffffff93][0x1][0xffffff89][0xffffff8c]4[0xffffffa9][0xffffffaa]#[0xfffffff9]D[0x5][0xffffffc9][0x1b]PO'[0xfffffffa][0xffffffed][0x8]G[0xffffff90][0x2][0xffffffd6][0xffffffd2]&I[0xffffff8a][0x13][0xffffffa3]/O[0xffffffcd]#2[0xffffff89]@G[0xffffffb1][0xffffffbf]~[0xfffffffd][0xffffffd0][0x8][0xffffff93][0x8]8[0xc]I[0xffffffd0]*[0xffffff84][0x1f][0x1f][0xffffff87][0xffffff8c][0xffffffc3][0xffffff9f][0xffffffad]Q[0xffffff82]}[0xffffffea][0x15][0xffffff86][0xffffff95]3\[0xffffffb3]M[0xffffffaa][0xffffffe0][0xffffff9d]K[0xb]/[0xffffffac][0xfffffff4]*[0xffffffbc]_[0x1c]}_x[0xffffffc3]XG[0xffffffce][0xffffffe1][0x1d][0xffffffe0][0xffffffdd][0xfffffff5][0xffffff98][0x14][0xffffffd2]a[0xffffff82]`[0xffffff85]vA[0xffffff92][0xffffff84][0xffffffda][0xc][0xfffffff4][0xffffff92][0xffffffa4]"[0xffffffb3][0xffffffca][0xffffffb4][0xffffffba]AMB[0xffffffea][0xffffffc9][0xffffffe5][0xffffff99]%[0xfffffff2][0x16][0xffffffae]z[0xffffff9d][0xffffffbb]{#W[0xffffff9c][0xffffffb7]SWA[0xffffffb9]29[0xffffffda]F[0xfffffffc]m[0xffffffc3][0x5]~[0xffffff9c]pG[0x11][0x2][0xffffff85];[0xffffffd8],2[0x14][0xffffffeb]G[0xfffffff6][0xffffffa3]&D!>[0xffffffe1][0x2][0x17][0x7][0xffffff88][0xffffffcb][0xffffffd1]>[0x18][0xffffffec][0x15][0xffffffcf][0x1f]w[0xffffff8c]?[0xffffffe6]9[0xffffffe0][0xffffffb6]a[0xfffffffd][0xffffffca][0x8]e[0xffffffb6]J[0x5][0xffffffc0][0x17][0xffffffed]T[0x2]x[0xffffffe9][0xfffffff0][0xfffffffb][0x2][0x1c][0xffffff96][0x7][0xffffff8c][0xffffffd8]w[0xffffffa0]z[0xffffffe8][0x1]>kP[0xffffff84][0xffffffdb]^[0x8][0xffffff86][\n]"
21:15:25.890 [main] DEBUG org.apache.hc.client5.http.wire - http-outgoing-0 << "[0xffffff87]N[0x9][0x17]zf[0xffffffb1][0xffffffa2][0x1e][0x13]u[0x1e]H[0xfffffff3][0x14]D[0xffffff81]7[0xffffff89]32[0xffffff90][0x6][0xfffffffa][0xffffff87][0xffffffa7][0x6][0xffffffe4]mo[0xffffffe1][0xffffff86]T[0xffffffc5][0xffffffe0]YV!K[0xffffff8b]m[0xffffff89]P[0xffffffec][0x11][0xffffffb4][0xffffff81][0xffffffc1]Z2[0xffffffbc]R}[0xffffffd4][0xffffffe6][0x10]<[0xffffff8f][0x13]r[0xffffff89][0xffffff89]\[0xffffffeb]A[0xffffffcc][0xfffffff2]A[0xffffff80][0xffffffb2][0xfffffffc]x[0x13]|[0xffffffcf][0x1][0xffffffca]J[0xffffffb6][0xffffff87][0xffffffa4]By[0xffffffb2]J[0x5][0xffffffc0][0x9]P[0xffffffee][0xffffffec]T[0xffffffc6][0xfffffff7][0xffffff92][0xffffffad][0xffffffde]%m}[0x10][0xffffff81][0xffffff83]o[0xffffffe0][0xffffff97]y[0xc][0xffffff8d][0xffffffeb]2[0x1][0xfffffff1]:>~\[0x7][0x2][0x6][0xffffffba][0xffffffa6][0x3][0x13]F9[0xffffffe0]F[0x1f][N([0xffffff9a]&.[0xffffffef].uS[0xffffffc7][0xffffffac][0xffffff93]Cc[0xe]&z[0xffffffa6]:1[0xffffffcd]4![0xffffff83][0x1a]*[0xffffffc6][0xffffff99]xqDyT4[0xffffffde][0xffffff80][0xffffffef][0xffffffd3]h[0x6][0xffffffc5]L[0x12][0xffffff81]2[0xfffffffd][0xffffffef][0x4]X>b[0xffffffee]z[0xffffff94]O%[0xffffffae][0xfffffff0]([0xffffffc5]|[0xfffffffe]8[0xffffffb3][0xfffffff5]Lr5[0xffffffba][0xffffffbf][0xffffffcf][0xffffffe1][0xffffffc9]J[0xffffffc2][0xffffffec]l[0xffffff92]*p[0xffffffdf][0x1b][0xffffffe9]1[0xffffffb8]/[0xffffff86][0xffffff9a]O[0xffffffbe][0xffffffef][0xffffffe5]-[0xffffff98]f[0xffffffd0][0xffffffcc]Q4[0x7][0xfffffff7][0xffffffe4]'=[0x8][0xffffffd9][0x7][0xffffff82][0xffffffee]i[0x18][0xfffffffc][0xffffff90][0xffffff89][0xffffffe0][0xffffffa9]3[0xffffffc1]Enk[0xffffffa4][0xffffffe1]PO[0xffffffe8][0x11])C4[0x1][0x5]E![0xffffffc6][0xffffffbe][0xffffff83]3[0xffffffd8][0xffffff87]n@[0xffffffda]W[0xffffff86][0xffffff8a][0xffffffe9]V4N[0xffffff98]y[0xffffffb2][0xffffffdb][\n]"
21:15:25.890 [main] DEBUG org.apache.hc.client5.http.wire - http-outgoing-0 << "([0xc][0x12]I[0xffffff8a][0xffffff8e][0x8]#[0x1a][0xf][0x8][0xffffffcb][0xffffffb7][0xffffffb7] PwO*[0xffffff8f][0x1e][0x1d][0xffffff90][0xffffffea]%}~x{[0xffffffdf]>[0xffffff8e][0xffffff94][0xffffff84]o>[0xffffffaa][0xffffffb7]2[0xffffffb9][0xffffff9c][0xffffff8d]R[0x1]o[0xffffffd4]Y[0xffffffee][0xffffffcd]T[0xffffffc6][0xfffffff7][0xffffffe2][0xffffffd9][0xffffffdf][0x1b][0xffffffde][0xffffffbc][0xffffffb5][0x11][0xffffff82][0x6][0xffffffce][0xffffffc8][0xfffffffd][0xffffffa3][0xfffffff6][0xffffff9f][0xffffffe7]PC[0xfffffffb][0xffffff92][0xffffffba]dZ[[0xf][0xffffffc3][0x18]Y[0xfffffff1][0x0]x[0xffffff87][0xe][0xffffffad])'[0x6]:M[0xffffffe4][0xffffff8f][0x3][0x7f]u[0xffffffae][0xffffffcb]Yg0[0x3]$[0xffffffbb][0xffffff9e][0xffffffd4][0xffffff93]z"[0xffffffd4]m3RX[0xffffffd4])[0xffffffef]Vx#[0xffffffab][0xe][0x12][0x2][0xffffffcd][0xffffffaf][0xffffffbc]Xb[0xfffffff5][0xffffffd5]}[0x19]}[0xffffffb1][0xffffffa8][0xffffffb1][0xffffffd1][0x1c]+N[0xffffffd5][0x9][0xffffff83][0x18]U[0xffffff8e]M[0xffffffa0]nkb[0xffffff82][0xffffffac][0xffffffe1][0xfffffff5][0xffffffe8][0xffffffee]~[0xfffffffe]8^[0xffffffc3][0xffffff94][0xffffffeb][0xfffffffd][0xffffffdd]}[0xfffffff9]@Jb[0xffffff87][0x7f]w[0xffffff9f]?u_[0xffffffbf]|[0xfffffff9][0x3][0xffffff9b][0xffffff9c]7[0x1d]\"[0xffffff93][0xffffffb8][0xffffff92]V7[0xffffffdb][0xffffffa4][\n]"
21:15:25.890 [main] DEBUG org.apache.hc.client5.http.wire - http-outgoing-0 << "[0xffffffdc][0xffffffe7][0xffffff8d][0x10][0xffffffb7]V*[0xffffff81][0xffffffbb]t[0xfffffff4]}[0xffffffd1]M[0x11][0xffffff8d][0xffffffb1][0xffffffac][0xfffffff6][0xffffffc5][0xffffffef]i[0xffffffa4][0xffffffef][0xffffff82][0xffffffb6][0xffffff8d][0xfffffff7][0xffffff96]:[0xfffffff7][0x14][0xffffff90][0xffffffec][0x18][0xffffffb5]%[0xffffffdc][0xffffffb6]][0xffffffa6][0xffffff88][0xffffffc6][0xffffffc1]rg[0xffffffab][0xffffffce][0x13][0xffffff97][0xffffff8c][0xffffff82][0xffffffb5][0x1e])2[0xffffff87][0xffffffdd][0x7]&[0xffffffe2][0xffffff8c][0x1b][0xffffffa0][0xffffffe3][0xffffffbc][0x1d][0xffffffdd][0xffffff86]I[0xffffffa1]<[0xffffffe2][0xffffffbd][\r][0xffffffdd]tY)[0xffffffeb][0x12]x[0xffffffa3][0x4][0xffffff97][0xffffff9b]@[0xffffff8b]3[0xffffffa3]l[0xfffffffd][0xffffffd0][0xffffffc7][0xffffffd2] [0xffffffaf]h[0xffffff89][0xffffffbe]t[0xffffffee][0xffffff9a]>b&<[0x7f][0xffffffdc][0xffffff8a]l[0xffffffea]&[0xffffffe8][0xffffffbe][0xfffffff2][0x12]V[0xffffff86][0xffffffdd][0xffffffb3]M[0xffffffea][0xffffffd0]}o[0xffffffa5][0x12][0xffffffba]KG[0xffffffdf][0x13][0xffffffdd]TL[0x2][0xffffff99][0xffffffde];h;Q[0xfffffff0][0x13]0[0xffffffcf]4%n[\r]g [0xfffffff5][0xffffff93][0xffffffca]L[0xffffff9c]![0x12]^[0xffffffc7]<[0xffffffd5][0x19][0xffffff91]v[0xffffffe2]B[0xfffffff7][0xffffffac][0x16][0xffffffa0][0xffffffbe][0xffffffd2][0xf][0xffffffa3][0xffffff82][0xffffffa1][0xffffffa3][0x15][0xffffffe4]5D[0xffffffd3]\EZ[0xffffffc9][0xffffffce][\r]2Z[0xffffffb7]-[0xffffffad]<E[0xffffff94][0xffffff9a]X[0x1a][0xffffffc8][0xffffff9a]bkGg[0x15][0x1]z[0xffffffa1]LO[0xffffff93]W*[0xffffffe7]EY[0xffffffde][0x19][0xe][0xffffffc1][0xfffffff3][0xffffffc7]5[0xffffffcc]6[0xffffffdb][0xffffffe6][0xffffffee]>G[0xffffffdd]+[0xffffffc9][0xffffff9d][0xffffffb3]E*[0xffffffb0]}[0x19][0xffffff86]~f[0xffffffa3]2[0xffffffb6]o[0xffffffed]4[0x1f]|_l{z[0xffffff96][0x8][0xffffffbd]6[0xffffff8f][0xffffffba]5`[0xffffff86][0xffffff88][0x1c][0xffffffba][0xffffffcc][0xfffffff7][0x1f] [0xffffffcb][0xffffffd0][0xffffffe1][0x17]>[0xffffffa9][0xffffff91][\r]M[0xffffff92][0xffffffc1]d"[0xffffffd0][0xffffff89],[0xffffff93][0xfffffff1][0x7f]d2#[0xffffffcf][0xffffffb0]z[0x6]1@xgC[0xffffffbe][0xffffffe3]+[0xffffffd8][0xfffffffe][0xffffffd2]e[0x5][0xffffff83][0xffffff8d][0xffffffd8][0xffffffa6][0xf]i[0xffffffe9][0xffffffc6][0xffffffe5][0xffffffc1]eq[0xffffffa3][0xffffff94][0xfffffffc][0xffffffa2][0xffffffa7][0xffffffc3][0xffffffba]&[0xffffffff][0xffffff9b]`A[0x6][0x15]Dw[0xffffff80][0xffffffec][0x9][0xffffffbb][0xfffffff4]A[0xffffffd0]}[0xfffffffb]8T[0xffffffe7][0xfffffffc]NX([0x9][0xffffffd6][0xffffff84]%++[0xffffffde][0xffffffb3]I[0xffffffaa][0xffffffc0]}o[0xffffffa4]2[0xffffffb6]gC[0xffffffdd][0xffffff9e]|_lCjd|[0xffffffe9][0x1d]b[0xffffffee](3[0xffffffdf][0x1e]q16[0xffffff8b][0xfffffff5]l[0xc][0x1b][0xffffffe1][0xffffffe2]g[0xffffffe0]R[0x1d][0xffffffd1][0x6]A[0x18]F[0xffffff8b]5[0xffffffd4][0xffffffc9][0x1e]FT[0xffffffa4][\r][0xffffff8e][0xffffffbe][0xfffffff1](([0x10]fAX[0x14][0xfffffffc]*[0xffffff88][0xfffffff9][0xfffffff9][0xffffff96]0Gm[0xffffffce]-17[0x17][0xfffffff1]Q[0xfffffffd][0x15][0xffffffb7][0xffffff90][0xffffffa6][0xffffffa4]d[0xffffffc1]E[0xc][0x7]0[0xffffff97][0xffffffc4][0x18]G[0xffffffe6][0xffffffd2][0xffffff84][0xffffffde][0xffffffa9][0x1e][0xffffff91][0xffffff8c][0xffffff9f]?[0xffffffce][0xffffffde]/[0xffffffa4][0xffffffd3]ZF%kC[0xffffffee][0xffffffd9]$[0x15][0xffffffd8][0xffffffe6][0xffffffe0][0xfffffff7]F*[0xffffff83][0xfffffffb][0xffffffd6]P[0xfffffff3][0xffffffc9]w[0x6]7[0xffffffc4]vB[0xffffffe3][0xffffffe6][0x17]7[0xffffffec]DEY;1[0xffffff8b]5[0xffffffa4]a@V[0xffffff92][0xfffffffa][0xffffff89][0xc][0xffffffd0]gs[0xffffffca]H[0xffffff80][0x1d]z[0xffffffcb][0xffffffdd][0xffffffee][0x11][0xb]cq[0x1e][0xffffffff][0xffffffe8]z[0xffffffca]%<2[0xffffffa2][0xffffffb8][0xffffff87]$[0xffffffd8][0xffffffdb]Cn[0xffffffa6]&[0xffffffe9][0xfffffff8][0xffffffbf]-[0xffffffa1][0x14][0x7]H[0xffffff9e][0xffffffe6]F[0xffffffb0][0xfffffffb][0xffffffee][0xffffffe6]fy[0xffffffde][0xffffff89]o[0xffffffc2]X#[0x7f][0xfffffffa][0xffffff90][0x1d][0xffffffa1][0xffffffd8][0xffffff8d][0x7][0xffffffdc]7[0xffffff8f][0xffffffeb][0xffffffdc][0xffffffa7]Z[0xffffff90]iy[0xffffffc3][0xffffffcd]}[0xe]JV[0x12][0xffffff81]g[0xffffff8b][0xffffffd4]a[0xfffffffb]4[0x6]|k[0xffffffa3][0x7][0xffffffd8]^<[0xfffffff8][0xffffffbe][0xffffffd8]F[0xffffff80][0xffffff88][0xffffffbe]s[0xfffffffb][0xffffff89]*6vQ.1c[0xffffff84]A[0xffffff95]7qQX[0xffffffe8][0xffffff85]`[0xffffffe3][0xffffff9d][0xffffffd1]#D[0x12][0xffffffcb]8[0xffffffa2]f[0xffffffa9][0x17][0xffffffa0][0xe][0xffffff8e]YE[0x16][0x12][0xffffff8d][0xffffffce]#[0xffffffbc][0xffffffc2][0xffffffd0][0xffffffe2](t[0xffffffcd][\n]"
21:15:25.891 [main] DEBUG org.apache.hc.client5.http.wire - http-outgoing-0 << ""[0x6]Qh[0x16][0xffffff99]-[0x1][0xfffffff7][0xffffffa5]X[0xffffffa2][0xfffffff8][0xffffffdc][0xffffffe8];[0x15][0x16]C[0x12]A#^[0xffffff87]l[0x17][0xffffff8c]][0xffffffae]0[0xffffffe4][0xffffff8a][0xffffffe0];?,[0xffffff96]<[0x7f]\3[0xffffffdb][0xffffffbf]4[0xffffffe7][0xfffffffe][0x6]l_[0xffffff8b]%+E[0xffffffbb]f[0xffffff9b]4@[0xfffffff7]3+[0xffffff95][0xffffffd0]]:[0xfffffffa][0xffffffbe][0xffffffe8][0xffffffe6][0xffffffd5]J([0xffffffdc][0xffffffbe]XB[0xffffff93][0xffffffbd]g[0xfffffffc]/[0xffffff8e]H[0xffffff9b][0xc][0xffffff82][0xffffffd6]c[0x12]#do"[0xe]f[0xffffffd0][0xffffffa7][0xffffff81][0xffffff96][0x19][0xffffff8b][0xffffffb4]4[0xffffffd3][0xffffffb5][0xffffff91][[0xffffff9d]M[0xffffffa8]1OOP+[0xb]L[0xb]"N_[0xffffffa1][0xffffffaf]mM[0xffffffde][0xffffffa2]j7[0x16]Kr[0x10]Me[0xffffff94][0xffffffd1][0xc]I[0xffffff80]Z*[0xffffff96]d[0xffffff80][0xffffffe7]6|&[0xffffffe3][0xffffffc2][0x14][0xc]4Y[0x1f][\r][0xffffffa4]/?[0xfffffffe][0xffffffb2]M[0xfffffff9][0x6]t[0xffffff9f][0xffffff8b]%qe[0xffffffc8]=[0xffffff9b][0xffffffa4][0xe][0xffffffdc][0xfffffff7]F*[0xffffff83]{[0xffffffc9]P[0xffffffef][0xffffffdf][0xffffffa3][0xffffffbc][0xffffffad]sC[0xffffffa7][0x0]Q[0xffffffcc][0xffffffd6]5[0xf]K[0xffffffd8][0x14][0xffffff97]k[0xffffffdc]t[0xffffff88]@y[0xffffffa7][0x5][0xffffffbd]H[0xffffffa5]R[0x1c]r[0xffffff88][0xffffffaf][0xffffffb2][0xffffffea][0xffffffb5][0xffffff9c][0xffffffd8]R[0x1a][0x11]`cv[0x9]n[0xffffffa0][0xffffff8a][0xffffffa3]bX[0xffffffc9][0xffffffaa]1)[0xffffff8a]([0x15][0xffffff83]}[0x4]%l[0x13][0xffffffd6][T}/[0xffffffdc]7:3[0xffffffd0]`c9,aM[0xf]5[0x3]z[0xfffffff5][0xffffffac][0xffffffcd][0xffffffa2][0xffffffe3]C[0xffffff9d][0xffffffe9][0xffffffe1][0xffffff8c][0xffffffd2][0xfffffff2][0xffffffe3][\r][0xffffffc0]}[0xe]KV[0xffffffd2][0xffffffc6]g[0xffffff8b]T`{[0xffffffd1]F%l[0xffffff97][0xe][0xffffffbe][0xffffffeb][0xffffffc5]M[0xffffffc3]P[0xffffff90]m[0xffffffb4][0xffffffaf][0xffffff95][0xffffffc0][0xffffffd6]6[0x16]jkVG[0xffffff94]][0xf][0xffffff85][0xffffff84][0xffffffe5]"[0xfffffffc]MI[0x10][0xffffffe9][0x1][0xffffff90][0x1d][0x18][0xffffffb7][0xb][0xffffffa8]V[0x13][0x16]u[0xffffffe8][0xffffff87][0xfffffff4][0xffffff91]=[0xffffffa3]y[0xffffffcc][0xffffff88][0xffffffff][0xffffffc7]pkE[0x1d][0xffffff90][0xffffffe4][0xffffffe5][0xffffffa8][0xffffffed][0xffffffb3]![0xffffff9f][0xffffffe4]sc[0xffffffd3]A[0xffffff8e]6[0xe][0xffffff88]6R[0x12].][0xffffffdc][0xffffffe8][0xffffffef][0x1e]CI[0xffffff8a]%[0xffffffe4][0xffffff93][0x14][0xffffffe4]Y[0xffffffa8][0xfffffffb] [0xffffffe4]^~[0xffffffbc][0x1][0xffffffb6][0xffffffaf]a[0xffffffc9][0xffffffca][0xfffffffe][0xfffffffb]l[0xffffff93]:t[0xffffffdf][[0xffffffa9][0xffffff8c][0xffffffee]%K[0xffffffed]}sC[0xffffffb8][0xffffffa6]|[0xffffffd1][0xfffffffe][0xffffffe6][0x1e]SO[0xffffff9f]FMh[0x19]P[0xffffffba][0xffffff8e]t[0xffffffd9][0xffffffd3]@6I[0xffffffab]L [0xfffffff9][0xffffff81]ln[0x1c]G[0xffffff85][0xffffff96][0x14][0xffffffe5]B[0xffffffe3][0xfffffffa]0L22[0xfffffff8][0x3][0xffffffe7][0xffffffc4][0xffffffa4][0x1]2lE%[0x10][0xffffffce][0x7][0xffffffe5]g[0xffffffbf][0xffffff8d][0x1d]H[0xffffffe5][0xffffff9a]B[0xffffffb7][0xffffffd2][0x7]*[0xffffffc2][0xffffffb7]Y[0xffffffdf][0xffffff8b][0xffffff84]R[0x1e]urH[0xffffffac][0xffffffb8][0xffffffbc][0x15]{[0xffffffa8]`[0xffffffe5]?[0xffffffaa][0xffffff96],?[0xffffffde][0x0][0xffffffdd][0xffffff97][0xffffffb0]de[0xffffffcc]=[0xffffff9b][0xffffffa4][0x2][0xffffffdc]d&[0xfffffff7]F*[0xffffff83]{[0xffffffc9]P{[0xffffff83][0xffffff9b][0xffffff97][0xffffffb0][0xffffffa0]s[0xffffffd6]<,a[0xffffffd3] [0xffffffe5]k[0xffffff83][0xffffffde]fJ[0xffffffe4]h[0x3][0xc])[0xffffff84][0x4][\r]RO[0xffffffc4][0xffffffa9]p[0xffffffba]E[0xffffffc7]p[0xffffff83][0x18]`[0x9]"[0xffffffa7]I[0xffffffab][0xffffff92][0xffffffb5]P[0xffffff84][0xffffffe1]}[0xffffffc7]([0xf]L[0xffffffae][0xffffffbe][0xffffff82]9[0x5][0xffffffd1][0x16][0xffffffa9][0xffffffd9]\[0xffffffb9][0xffffffdf]R[\n]"
21:15:25.891 [main] DEBUG org.apache.hc.client5.http.wire - http-outgoing-0 << "[0x4][0xffffffb0][0xffffffd0][0xfffffffd][0xfffffffc][0x1][0xffffffb2]6[0xffffffd5][0xffffff96][0xffffffc5][0xffffffab][0xffffff9b][0xffffff8b][0xffffff98]<[0xffffffe9]H[0xffffffff]4[0xffffffec][0xffffff8d]&&[0xffffff80][0xffffff8f]^[0xffffffd6][0xffffffe8](>[0xffffffde][0x0][0xffffffdc][0xffffffd7][0xffffffab]{e[0x13]g[0xffffffb6]I[0x1d][0xffffffba][0xffffffef][0xffffffad][0xffffffb4][0xffffff88][0xffffffee][0x7]G[0xffffffdf]70A'[0xffffff99][0xffffff98][0xffffffa1]}F)[0xffffffa9]| [0xfffffffb][0xffffffa7][0xffffffb3][0xffffffba][0x19][0x18][0xffffffb6][0xffffffac]n[0xe][0x1d][0xffffffea][0x7f][0xffffff8c][0xffffffe9] n[0xffffffa6][0xffffffb8][0xffffffae]i[0xffffffec][0x4][0xfffffff6][0x6]2'[0xc][0xffffffe3][0xffffff95][0xfffffffd][0x0][0xfffffff0][0x2]![0xe][0xffffffc2][0xffffffd7][0xffffff80]Zm+[0xffffffc8]%0ye[0xffffff96][0xffffffb9][0xffffffd8][0xffffff8c]n[0xffffff9a]8Y[0xffffff8b][0x1c][\n]"
21:15:25.892 [main] DEBUG org.apache.hc.client5.http.wire - http-outgoing-0 << "[0xfffffff4][0xffffffb2]d[0xffffffd3][0xfffffff1]3[0xffffffcb]7[0x12]7[0xffffff98][0xffffffcb][0x1b][0xffffff9b][0xffffff88][0xffffffee][0xffffffe9][0x11][0xffffff94][0x2][0xffffff93][0xffffffe2][0xffffffe3][\r][0xffffffd0]}[0xe][0xffffffba]W[0xffffff92][0xffffffba]g[0xffffff8b]Tc[0xfffffffb][0xffffff85][0xffffff8d][0xffffffca][0xffffffd8]^[0xffffffb2][0xffffffd3][0xffffffce]77[0xffffffa5]/[\n]"
21:15:25.892 [main] DEBUG org.apache.hc.client5.http.wire - http-outgoing-0 << "T[0xffffffb2][0xfffffffd]LN[0xffffff96][0xffffff8e]Dk|[0xffffff8a]}[0xffffffc7][0xffffffb8]Y[0xffffffa7][0xffffffbb][0x14][0xffffffa8][\r]2[0xffffff81]#G[0xffffffd7][0xfffffff1];[0xffffff86][0xffffffc8][0x8][0xffffff9a][0xffffffa7][0x9]?A[0x7][0xffffffb4][0xfffffff0]`Q[0xffffff91][0xffffff85][0xffffffd2][0xffffffef][0xffffff99][0xffffffb0][0xfffffff4][0xffffff94][0xffffffc6]+[0xffffffa8]%[0xffffff90][0xfffffff5][0xffffffa8]nnZy[0xffffffc9][0x1b][0xffffff97][0xffffffad]JP[0xffffffde][0xffffff90][0x18][0xffffff93][0xffffffe8][0xffffff91][0x17][0xffffffb1][\r]^[0xffffffe9]P[0x1e][0xffffffb1][0xffffff8d][0xffffff84]?[0xffffffd3][0xfffffffb][0xffffffa2]8[0xffffff8a][0xffffffcc][0xffffffa3][0xffffff8b]O7@[0xfffffff6]%(Y[0x19]q[0xffffffcf][0x6][0xffffffa9][0xffffff83][0xfffffff6][0xffffffbd][0xffffff89]J[0xffffffd0].[0x1c]|[0xffffffd7][[0xffffffdb]3[0xffffffc5]Ho[0xffffffb0][0xfffffffd]<[0xffffffe5]dXA[0xffffff81][0x18][0xffffff98][0xffffffa7][0xffffffdf][0xffffffcc][0xffffff94][0x19][0xb]*[0xffffffa1][0xffffff97][0xffffffc0][0xffffff9c][0xffffffe2]N[0xffffffcc][0xb][0xffffff97][0xfffffff2]j[\n]"
21:15:25.892 [main] DEBUG org.apache.hc.client5.http.wire - http-outgoing-0 << "[0xffffff8a]%[\n]"
21:15:25.892 [main] DEBUG org.apache.hc.client5.http.wire - http-outgoing-0 << "[0xffffff85][0xffffffe4][0xffffff8e][0x10][0x2][0xffffffdd]![0x6][0x19][0xffffff81][0xfffffffc][0xffffffc4][0xffffffe4][0xfffffff0][0xffffffe8][0x7]]qkK[0x6]s[0xffffffe9][0xffffff8a]oQ@6[0xffffffc7]){[0xffffff95]5[0xffffff90]XQ[0xffffffa4][0xfffffff3][0xffffff88][0xffffffcd][0x2]i[0xffffffea][0xffffff88]UA[0xffffff95];[0xffffff8b]%e[0x19][0xb]L[0xffffffc7]o[0xfffffff6][0xffffffe0][0xffffffd6]^~[0xffffffbc][0x1][0xffffffb6][0xffffffaf]1[0xffffffc9][0xffffffca][0x1e][0xffffffce]l[0xffffff93][\n]"
21:15:25.892 [main] DEBUG org.apache.hc.client5.http.wire - http-outgoing-0 << "p/Z[0xffffffa9][0xc][0xffffffee]%K[0xffffffed]}o3[0xffffffcf]H[0xffffff80][0xffffffd0][0xfffffffe][0xffffffde][0xffffffa6]}3[0xfffffff4][0xffffff81][0xffffff96][0xfffffffb][0xffffffa8][0xffffff87][0xffffffc8]j[0xffffffef]q[0x1a][0xffffffa0][0xffffffbc][0xffffffe6][0xffffffed]x[0xc][0xffffffe8][0xffffff8c][0xffffffa6]G+/[0xffffff84][0xffffffc9][0xe][0xffffff8c][0xffffffc7][0xffffff93]=*[0xffffffb4]_[0xffffffbd]c_q4[0x3][0xffffffbb][0x19][0xffffff83][0xffffffa9][0xffffffb8][0xffffffb7][0xffffff99][0xffffffef][0xffffffc9]*][0xffffffdb]#n[0xffffffd6]H[0xffffff98][0xffffff9c]N[0xfffffff2]'y[0xffffff80]n[0xffffffee][0xffffffed]@9<[0xffffff8b][0x15][0xffffffd1][0xfffffffd][\n]"
21:15:25.892 [main] DEBUG org.apache.hc.client5.http.wire - http-outgoing-0 << "[0xffffffb6]Hx=9[0xffffffc3][0xffffffc2][0xffffffe3][\r][0xffffffd0]}[0xffffff8e]IVr[0xffffffb9]g[0xffffff8b]T`[0xfffffffb][0xffffffda][0xffffffe7][0xffffffba][0xffffffb5][0xffffffd1][0x3]l/[0x1e]|[0xffffffdf][0xffffff9b];o[0xffffff9d][0x16]Y[0xffffffe8][0xffffffbd][0xfffffff1][0x1c][0xe][0xffffffbd]I[0xffffffa5][0xffffffb3][0xffffffbc][0xffffffa3][0xffffffce][[0xffffffe9],[0x3][0x8][0xffffffc8][0xffffffd3][0xffffffb3][0xffffffe1][0x1][0xffffffc1]z[0x6][0xffffffe1][0xffffffd9][0xffffffb5][0xffffffed][0xffffffe0]A#[0xffffff97][0xffffffcd][0x3][0x3][0xffffffbd][0xfffffff6][0xffffff91][0xffffffed]v[0xfffffffc][0xffffff93]u[0xffffff88]c?Q[0xffffffc7][0xffffffab]X[0xffffff91]b[0xffffffe8][0xffffffeb][0xffffffd3][0xfffffff4][0xffffffdc]H[0xffffffe6]>[0xffffffae][0xffffffe1]&[0xffffff86][0xffffffe6]=[0xffffffc3]p\[0x9][0xffffffdb][0xffffffac][0xffffffca]9[0xffffffae]H[0x11][0xffffffc7][0xfffffff5]RPsM[0x1e][0xffffffda]Y[0xffffffee][0xffffffbd][0xffffff83][0xffffffed][0xffffffe5][0xffffffc7][0x1b]`[0xfffffffb][0x12][0xffffff95][0xffffffac]L&g[0xffffff93][0xffffffd4][0xffffff81][0xfffffffb][0xffffffde]H%p[0xffffff97]N[0xffffffbe]/[0xffffffb8][0x19][0xffffffa9][\n]"
21:15:25.893 [main] DEBUG org.apache.hc.client5.http.wire - http-outgoing-0 << "\[0xffffff9b][0xffffffcd][0xffffffc1][0xffffff8d][0xffffffe2][0xffffffaf][0x1a][0xffffffc3][0xffffff80][0xffffff84]I[0xffffffcf]V_[0xffffffd4][0xffffff9a])6[0xffffffe6][0x11][0xffffffc9][0xffffffa8]:[0xffffffe8]#[0xffffffbd][0xffffffa7][0xffffff8e]B[0xffffffeb][0xffffff9d][0xffffffcd][\r]hcS[0xffffffe9]f[0xffffffd9][0xffffffa9]gu[0x3][0x13];[0xffffff90][0xffffffc0][0xffffffc7][0xffffffc1]V[0xffffff80];[0xffffff8f])[0xffffff90][0xffffffe4]m[0x9]K[0xffffff8e][0xffffffeb][0x7f]5u@fk[0xffffff88]Kr[0xfffffff9]c9,a[0xffffffa1][0xf]/g[0xffffffda][0xffffff93]GJ [0xffffffaa]I[0xffffffac][0xffffffc1]z[0x8][0xffffffee][0xffffffa5][0xffffffc7][0x1b][0xffffff80][0xfffffffb][0x1a][0xffffff96][0xffffffac][0xffffffec][0xffffffe1][0xffffffcc]6[0xffffffa9]B[0xfffffff7][0xffffff82][0xffffff95][0xffffffca][0xffffffe8]^>[0xfffffffa][0xffffffbe][0xffffffe8]F[0xffffffda][0xffffff8a];[0xffffffb4]=[0xffffffba]I[0x17][0xffffffd1][0xffffffe1]a[0xfffffff0]w[0xffffffd2]l[0xffffffb7][0xffffff8e]n[0xffffffea]$[0xffffff8a]V\[0xffffffcc]11[0xffffffe1][0xffffff98]2[0x2]G[0x15][0xffffffd0][0x18][0xffffffe5]_[0xffffff84]+[0xffffff94][0x6][0xffffffdd][0xffffffa4]M[0xffffff8f][0xffffff98][0xc][0xffffffb1]K4[0x15][0xffffffcd]w[0xffffffc5][0xffffffa4][0x1][0xffffffbd][0xfffffffd]mSf[0xffffffe7][0x9][0x13]F(Q./l[0xffffff84];[0xffffffde][0xffffffc5][0xffffff84][0xffffff92][0xffffff99][0xffffffcb][0xffffffcd]([0xe]\n[0xffffff9a]8[0xffffffe5])[0xffffffb3][0xffffffe2][0xffffffe3][\r][0xffffffd0]}[0xe]KV[0xffffffce])[0xffffffcc][0x16][0xffffffa9][0xffffffc2][0xfffffff6][0xffffff82][0xffffff8d][0xffffffca][0xffffffd8]^[0xffffffb2][0xffffffd3][0xffffffce]!7[0xfffffff3][0xffffff8c]([0xffffff89][0xffffffbc][0x3][0xffffff97][0xffffff9b][0xffffffca][0x7][0xffffffa0]f.![\r][0xffffff90]/[0xffffffe8][0xffffffdb]0[0xffffff86]l[0xfffffffb][0xffffff9e]Q[0x1b][0xffffffe4][0xe][0xffffffed][0x8][0xfffffff9][0xffffff83]E[0xffffffa1][0xfffffff4][0xffffffae][0xffffff91]<`w[0xffffff88]A[0xe][0xffffff82]Q[0x6]z:[0xffffff94][0xe][0xffffffc7][0x1][0xffffffde][0xffffffc9][0xffffffdb])[0xffffff81](a[0xfffffff2]R[0xffffffd8][0xffffffb4][0xffffffb9][0xffffffed]D[0xffffffe5][0xffffffa4]T[0xffffffa2][0xe]D[0xfffffffb][0xc][0xfffffff1][0x14]n[0xffffffee][0xffffffbc][0x1e][0x4]Q][0x14]u[0x9][0xffffffb9][0xffffff91][0xffffffab][0xffffffd2][0xffffff91]rO[0xfffffff9][0xffffffe6].<[0xffffffde][0x0][0xffffffdb][0xffffff97][0xffffffb0]de>9[0xffffff9b][0xffffffa4][0xe][0xffffffdc][0xffffffc7]![0xffffff9c]gF*[0xffffff80][0xffffffbb]x[0xfffffff2]]/[0xffffffee][0xffffffbc][0xfffffff3];[0xffffffcf]86[0xf]K[0xffffffc0])[0xffffff83][0xffffffc7]L[0xffffff90]Q)[0xffffffb1][0xffffff8e][0xfffffffe]:[0xfffffff3][0xffffffe8][0xffffffd4][0xffffffd3]'m[0xfffffff9][0xffffff92][0x1d][0x12][0xffffffeb][0xffffffa3][0x19][0xffffff84]Gp-o[0xffffff9b][0xffffffed][0x11]W[0xffffffa3][0xffffffe2][0xffffff8d][0xffffff94]'[0xffffff94]W4[0xffffffcb][0x10][0xffffffc6]};[0xffffffb8][0x19][0xffffff83][0xffffffa0]\b7[0xffffffc6][0xffffffdc]G.'[0xffffffe2]%L[0xffffffef][0xffffffc4][0xffffffb0][0xffffffdc]|[0xffffffcf][0xffffffcd][0xffffffc6][0xffffff8f][0x12]b[0xffffffc9][0xffffffa9]K[0xffffffa7]X[0xffffffe5][0xffffffc9][0x18][0xffffffdd][0xffffff83]B`[0xffffffe1][0xfffffff1][0x6][0xffffffe0]>][0xffffffdc]~[0xffffffed][0xfffffff8][0xffffffe4][0xffffffd5]"u[0xffffffd8][0xffffffbe][0xffffffb7]Q[0x19][0xffffffdb]Kv[0xffffffda][0xfffffffb][0xffffffe2]Ff[0xffffff8f][0xffffff8d][0xffffff9b][0xffffffed][0xffffff89]%[0x3][0xffffff82]m[0xffffffd4][0x1][0xffffffb9][0xffffff8c][0x19][0xffffffb1][0xffffff81][[0xffffffe2][0xffffffba].c\![0x19]H?[0xffffff87]ia[0xffffffe8]Z([0xffffff97]0AL{4[0xffffffb7]2[0xffffff99]c[0xffffffb0][0x14][0xffffffd6]r[0xffffff9f][0x12][0xffffff86]lM%[0xffffff90]t[0xffffff92])[0xffffffcd]-[0xffffffba][0xe][0xffffffc7][0xffffff8b][0xffffffdb][0xffffffc4]'[0xffffffcb]d[0xffffff8d][0xffffffca][0xffffffcb])[0xffffffca][0x17][0xffffffb7]d|[0xffffff92]J [0xfffffff5]^[0xffffff9a]'Pd[0x1e][0xffffffb4]o2[0xffffffb4][0xffffffef][0xffffff9f]n[0xffffff80][0xffffffec]k[0xffffffc0][0xffffffbd][0xffffffb2][0x7f]CVu[0xffffffb6]H[0x1d][0xffffffb6][0xffffffef]m[0xfffffff4][0x0][0xffffffdb]K'[0xffffffdf][0xfffffff7][0xffffffda][0xffffffce][0xffffffd0][0xffffff86]Y[0xffffffd2][0xfffffffc][0xffffffda][0xffffff9e][0x12][0xffffffbb][0xffffff97]c[0xffffffca]S[0xffffffed]f[0xffffff82]=[0xffffff82]$2[0xffffffbb][0xffffff96][0xffffffb5]F[0xfffffff5][0xffffff9f][0xffffff88][0x4]A5[0xffffffc7][0xffffff86]Y4[0xffffffa8][0xffffffd8]l[0xffffffee][0xffffffc7][0x1][0xffffff91]5G[0xffffffd1][0x4][0xffffffba][0x9]j[0x10]Y[0xffffffcd][0xffffffa4]"&[0xffffffd1][0xffffffbc][0xffffff85]P[\r][0xffffffdc][0xffffffd6][0xffffff9a][0xffffffcc]u=[0x14]bE[0xffffffd6]=+[0xfffffff6][0xffffffdd]g[0xffffffac]f1[0xffffff8e][0xffffff83][0xffffffa4][0xffffff8d][0xffffff99][0xffffffd7][0xfffffff6][0xffffff95]*%[0xffffff85][0xffffffc7][0x1b]`[0xfffffffb][0x12][0xffffff92][0xffffffac][0xffffffcc]%g[0xffffff8b]TA[0xfffffffb][0xffffffde]F[0xffffffaf]"[0xfffffffb][0xffffff99][0xffffff9d]v[0xffffffbf][0xffffffb5]E[0xffffffde][0xffffffc7][0xffffffd7]^[0xffffffb0]$[0xffffffb1]5<N[0xfffffff9][0xfffffff5][0xffffffee]@[0xffffffeb][0xffffffc8][0xffffffdc][0xffffffbb][0x19]$e[0xffffffef][0xffffffa4]%[0x17]7[0xffffffc5][0xffffff92]q@S-[0xfffffff5]r[0xffffffb4],y%[0xffffff84][0xffffff90][0xffffffcc][0x9]{[0xffffff81][0xffffffe4][0x1a][0xffffffeb],[0xffffffb8][0xffffffd5][0xffffffab]"[0x12][\n]"
21:15:25.893 [main] DEBUG org.apache.hc.client5.http.wire - http-outgoing-0 << "[0xffffffdc]Y-}5[0xffffffa7][0xffffffe4]J[0xffffffe3]d,[0xffffff98]u[0xffffffc6][0xffffffea][0xffffffc1][0xffffffad]-[0xffffff8e][0xffffff95][[0xffffffa2]N[0xffffffb0][\r]?[0x17]9[0xfffffff4][0xffffff87][0xffffffd8]^z[0xffffffbc][0x1][0xffffffb6][0xffffffcf][0x11][0xffffffc9]J[0x1a]71[0xffffffda][0xffffffd9]"[0x15][0xffffffd0]^[0xffffffb4]Q[0x19][0xffffffdb][0xffffffcb][0x7][0xffffffdf][0xfffffff7][0xffffffda]f[0x10][0xffffff8b][0xffffffae]a[0xfffffffb][0xffffffd1]I[0x18][0xffffffd9]&[0xffffffb0][0xfffffff6][0xffffffbb][0xffffffb3][0xffffffb4]#[0xffffffc9]![0xffffffe9]LZ[0xffffff8f][0xffffffc6]+[0xffffff92][0xfffffff8]t[0xffffffd8]][0x18][0xffffffa8]=[0xffffffb2]g'L[0xffffff88]L[0xffffffb1][0xffffffa5][0xe][\r][0xffffff93]N[0xffffffa3][0xffffffd8][0xffffffc3][0xffffffdc][0xffffffce]$&B[0xffffff99][\n]"
21:15:25.893 [main] DEBUG org.apache.hc.client5.http.wire - http-outgoing-0 << "l3[0xffffff9f](t[0x1e][0xffffff98][[0xffffff8d][0xffffffed]kg[0x2][0xffffffaa]+[0xffffff93][0xffffff9c][0xffffffa5][0xffffffd6]$[0xffffffab]#[0x8]"[0xfffffff3][0xffffffce]<[0xffffffc8][0xffffffae][0xffffffec][0x0][0xffffff87]X[0xffffff95][0xffffffa7][0xffffffc5][0xffffff8a][0xffffffd7][0xfffffff6][0xfffffff2][0xffffffe3][\r][0xffffffa0]}[\r]IV[0xffffffb6]o[0xffffffa0]K[0xffffff9d]MR[0x1][0xffffffee]%#[0xffffff95][0xffffffb0]]:[0xfffffff9][0xffffffae][0xffffffd8]&[0x1a][0xffffffe1][0xffffffc2][0xffffffcc][0xffffffca][0x1e][0xffffff8d][0xffffffbb]7hJ[0xffffff8d][0xffffff94][0xfffffff2][0x10][0xb]d[0xffffff93]0"[0xe][0xffffffdd][0xffffff80][0xffffffa8][0x1a]j$[0xffffff84]*t)[0xffffffd9]v[0xffffffd7]1,[0xffffff9c][0x18]rG&[0xffffff90]/qo+[0xffffffe6][0xffffff80][0xffffff90][0xffffffbc]"[0xffffff8d][0xffffffe4][0xffffffa6][0xffffffaf][0xffffffa0]q+[0xffffffb2]HMw[0x7f][0x1b][0xffffffb6][0xffffffd9][0xffffffa8]{T[0xffffffb7][0xffffffe7]&f[\n]"
21:15:25.893 [main] DEBUG org.apache.hc.client5.http.wire - http-outgoing-0 << "[0xffffffac][0x14]m_>[0xffffffb3][0xffffffac][0xffffffd4]}[0xffffff94][0x9][0xffffff8c][0xffffff8f][0xffffffa2][0xffffffed][0xffffffc5][0xffffffa7][0x1b]@[0xfffffffb][0x12][0xffffff91][0xffffffac][0xc][0xffffffb6]g[0xffffff83][0xffffffd4]![0xfffffffb][0xffffffde]D[0xffffffaf]A[0xfffffffb][0xffffff99][0xffffff99]v[0xffffff8e]H[0xffffffd0]q[0xffffffa0][0xffffff94]a[0xffffffda][0xfffffff7]%;T[0xffffff89][\r] E[0xffffffcd][0xffffff81][0xffffffe9]vB[0x13][0xffffff87][0xffffffc6][0xffffffab][0x12][0xfffffffd] [0xffffffd4][0xffffffc8][0xffffffbf][0xffffffb3]T[0x1e][0xffffff93]f[0xffffffac][0x6]F[0xffffffab]$[0xffffffab][0x1a][0xffffffdb][0xffffff91]E[0xfffffff5][0xffffff83][0xffffffef]P[0xffffffe8]Fg$V[0x14][0xffffffb7]aO[0xfffffff0]"[0xfffffff2][[0xffffff8a][0xffffffdb]*/;[0xffffffa1]v[0xb]W[0xffffffca]2[0xffffff96]&[0xffffff8b]5[0x12]D[0xffffffe5][0xffffff8f]9g[0xffffffbe][0xffffffb9][0x5]=wg[0xfffffff3][0x14]Z[0xfffffff1][0xffffffda]^~[0xffffffbc][0x1][0xffffffb6][0xffffffaf][0xffffffd7][0xfffffff6][0xffffffca][0xfffffff2][0xfffffff6]l[0xffffff93][\n]"
21:15:25.894 [main] DEBUG org.apache.hc.client5.http.wire - http-outgoing-0 << "p/Z[0xffffffa9][0x4][0xffffffee][0xffffffd2][0xffffffd1][0xfffffff7][0xffffffbd][0xffffffb7][0xffffffb3][0xffffffec][0xc][0x1d][0xffffff88][0xffffffe6][0xfffffff7]6[0xffffff95]l[0xffffff96]Z[0xffffffb3][0xffffffcd]'[0xffffffeb][0x4][\n]"
21:15:25.894 [main] DEBUG org.apache.hc.client5.http.wire - http-outgoing-0 << "k;[0xffffffa8]"B[0xfffffff3]7[0xffffffaa][\r][0xffffffba][0xffffffe3][0x1f][0xffffffcc]'[0xc][0xffffff8c][0x4][0xffffffc3]yu,[0xffffffbb][0xffffff9e]"r<[0xffffff8c][0xfffffff3][\n]"
21:15:25.894 [main] DEBUG org.apache.hc.client5.http.wire - http-outgoing-0 << "~[0x19][0xffffffcc][0xffffffd1][0xffffffa9]B[0xffffffce][0xffffff81][0xffffffb1]G[0xffffff84][0xffffffc0]7[0xffffffb2]\O[0xfffffff2][0xffffffc5][0xfffffff0][0xffffffa5][0x18]V.[0xffffffb7]n[0x4][0xffffffea][0xffffffdc]t[0xffffffdd]Q[0xffffff98][0xffffffa2][0xffffffa2][0xffffffc2][0xfffffff8]M[0xffffffd6]t/j[0xffffff95]P0\~[0xffffffbc][0x1][0xffffffba][0xffffffcf][0xfffffff1][0xfffffff6][0xffffffca][0xfffffff9][0xffffff84][0xffffffd9]"[0x15][0xffffffd8][0xffffffbe]H[0x17]?[0xffffffb3]Q[0x9][0xffffffdb][0xffffffa5][0xffffff83][0xffffffef][0xffffff8b]mj[0xffffffce][0xffffffb9][0xffffffb3][0xffffffd2][0x1c][0xffffffdb][0xc][0xffffffd6][0xffffffb0]=g[0xffffff8a][0x2]z+[0xffffffaa]:4"[0xffffff95][\r][0xffffffb1][0xffffffd3]|[0xffffff89][0xfffffff2][0xffffffb5]pLI[0xffffff8e]C[0xffffffc7]~[0xffffffc4][0xfffffffc]ed[0xffffffa5]X[0xffffff91][0xffffffc2][0x4][0xffffffe5]q[0xffffffcd]|[0xffffffdf]9S[0xffffffd1]t[0xffffffe7]=[0xffffff94]s[0xffffffd2][0xffffff8d]l)[0xffffffa6]il[0xffffffde][0xffffffd6][0xffffff9e]ex[0xffffffca][0xffffffb9][0xffffffa4];[0xffffffde][0xffffffdc][0xfffffff9][0xffffff8a][0xffffffcf][0xfffffff3][0x9][0x11][0xffffffca]a"
21:15:25.896 [main] DEBUG org.apache.hc.client5.http.headers - http-outgoing-0 << HTTP/1.1 200 OK
21:15:25.897 [main] DEBUG org.apache.hc.client5.http.headers - http-outgoing-0 << date: Thu, 16 Mar 2023 21:15:25 GMT
21:15:25.897 [main] DEBUG org.apache.hc.client5.http.headers - http-outgoing-0 << content-type: application/json
21:15:25.897 [main] DEBUG org.apache.hc.client5.http.headers - http-outgoing-0 << transfer-encoding: chunked
21:15:25.897 [main] DEBUG org.apache.hc.client5.http.headers - http-outgoing-0 << x-ratelimit-limit: 180
21:15:25.897 [main] DEBUG org.apache.hc.client5.http.headers - http-outgoing-0 << x-ratelimit-reset: 1679001385
21:15:25.897 [main] DEBUG org.apache.hc.client5.http.headers - http-outgoing-0 << x-ratelimit-remaining: 180
21:15:25.897 [main] DEBUG org.apache.hc.client5.http.headers - http-outgoing-0 << x-trace-id: f407f11621448abb05a2fde3d328d81c
21:15:25.897 [main] DEBUG org.apache.hc.client5.http.headers - http-outgoing-0 << server: nginx
21:15:25.897 [main] DEBUG org.apache.hc.client5.http.headers - http-outgoing-0 << x-frame-options: deny
21:15:25.898 [main] DEBUG org.apache.hc.client5.http.headers - http-outgoing-0 << x-content-type-options: nosniff
21:15:25.898 [main] DEBUG org.apache.hc.client5.http.headers - http-outgoing-0 << x-xss-protection: 1; mode=block
21:15:25.898 [main] DEBUG org.apache.hc.client5.http.headers - http-outgoing-0 << content-encoding: gzip
21:15:25.898 [main] DEBUG org.apache.hc.client5.http.headers - http-outgoing-0 << strict-transport-security: max-age=31536000
21:15:25.902 [main] DEBUG org.apache.hc.client5.http.impl.classic.MainClientExec - ex-0000000001 connection can be kept alive for 3 MINUTES
21:15:25.923 [main] DEBUG org.apache.hc.client5.http.wire - http-outgoing-0 << "^[0xffffff96]P[0xffffffbc][0xffffffb9][0xffffff97][0x1f]o[0xffffff80][0xffffffed]KT[0xffffffb2]2[0xffffffde][0xffffff9e]MR[0x5][0xffffffee][0xffffffbc]Q[0xffffffe2][0xffffff85][0xffffff91][0xffffffca][0xffffffe0]^2[0xffffffd4][0xffffffde]a[0x9][0xfffffff9][0x1c][0xffffffdc][0xffffffbb][0xfffffff6][0xffffffad][0x1b][0x9])[0xffffff8a][0x9]I?[0xffffffa4][0x1e]e[0x1b]+z[0xffffffda][0xffffff91][0xffffffce]+"[0xf]z[0xffffff90]hI[0xffffffb1][0xffffff94][0x17][0xffffffee][0xffffff9f]pST[0x14][0xffffffb3][0xffffffc1][0xffffffa2][0xffffffe2][0xffffffcb][0xffffffa8]^B[0xfffffff4]f[0xffffffd5][0xffffffe1]P[0xffffffa1][0xffffffec][0xffffffca]&[0xffffffb7]H5wcy[0xfffffffb]4V[0xffffffc2][0xffffffee][0xffffff83][0xffffffe8]BA[0x1d][0xfffffff0]x[0x13]S[0x0]` X[0xfffffff3][0xffffffb8]#[0xffffff9b]D[0xffffffed][0xffffffb0]87Y|[0xffffffbc][0x1][0xffffffb8]/a[0xffffffc9][0xffffffda][0xffffff95][0xffffffd2][0xffffffb3]M[0xffffffea][0xffffffd0]}o[0xffffffa5]2[0xffffffba][0xffffff97],[0xffffffb5]3[0xffffffba]Y[0xffffffc2][0x4][0xfffffff4][0xffffffde]![0xffffff9d][0xffffff84][0xffffffc3][0xffffff8a]&w[0x8]JL[0xffffff81][0xb][0x1a][0xffffffd6][0xffffffb6][0x18][0xffffffa8][0xffffffaf][0xffffff85]ad[0x4]`@R[0xffffffcd][0xffffffd1]R[0xffffffc8]J[0xffffff97]T[0xffffffc0][0xffffff99][0xffffff80][0xffffffb7]LUBm[0xfffffff1][0xffffffec] [0xffffff84][0xffffff8b]B[0xffffffef][0xffffffbd][0xffffffa2]T[0xffffffe2][0x18]D[0xffffffb6][0x1b][0xffffffb7]*\[0xffffffd9][0x12][0xffffffac]4a[0xb]z)[0xffffff9d][0xffffffb4]GtS[\r]g@[0x1][0xffffffe9][0x7][0xffffffc3][0x1f][0xfffffff4]Q[0xffffffad]d[0xfffffff9][0xfffffff1][0x6][0xffffffe8]>[0xffffff87]%+'[0x14]0[0xffffffc7][0xffffffd9]"[0xffffffd5][0xffffffd8][0xffffff86][0xffffffea][0xffffff9e][0xffffffe9][0xffffffeb][0x17][0x1b][0xffffff95][0xffffffb0]]:[0xfffffff8][0xffffffae]a[0x9]C[0xffffff8a][0xffffffac][0x1b][0xb][0xffffffef][0xffffffc0][0xffffff96][0xffffff82][0xffffffaf]:e[0xffffffee][0xffffff88][0xffffff86][0xffffffcd][0xffffff9d][0xffffffc6][0xffffffc9][0xfffffff8][0xffffffd1]S[0xfffffff4][0x1b]b[0x18][0x13]2j[0xffffffcc]TN9[0xffffffda][0x6][0xffffffc6][0x8][0x3]Z[0xffffffe4]y[0x10]4[0xffffff9e][0xffffff88][0xffffffc4][0xffffff87][0xffffffbc]k[0xffffff81][0x5][0xffffffcf][0x15][0xffffffd8][0xffffffc6][0xfffffff4][0xffffffda][0xffffffe7]y[0xffffffa2][0xffffffd5]e@[0xffffff94][0xffffff88][0xffffff91][0xfffffffc][0xffffff83][0xffffffe2][0xffffffe7][0xe][0xffffffb4][0xffffff99][0xffffff98][0xffffffb3]+a[0xffffffdb][0x1c][0x17][0x1][0xffffff92]P[0xffffffd2][0xffffffa3][0xffffffa3][0xffffffd3]c[0xffffff88][0xffffffb5][0x1e][0xffffffb5]o[0xffffff96][0x1f]o[0xffffff80][0xffffffed][0xffffffeb][0xffffffcd][0xffffffbd][0xffffffb6][0xffffffc8]}[0xffffffb5]I[0x5][0xffffffba][0x17][0xffffffad]TBw[0xffffffe9][0xffffffe8][0xfffffffb][0xffffffa2][0x1b][0xfffffff9]It[0xffffffdf][0xffffffdb][0xffffffa3]{[0xffffffc8]W[0xffffffb7]H[0xffffffec]LfP,[0xb][0xffffffe3] [0x5]h[0xffffffd8]0[0xffffffce][0xfffffff8][0x18][0xffffff92][\r][0x1d][0xffffff89]$-I[0x12][0xffffffce]<[0x1c][0xffffffdc][0xffffff91]Rr[0xffffffa1][0xffffffb3][0x1c]*[0xffffffc7][0xffffffe5]S^[0xffffffda]WQ[0xffffffe4]F[0xffffff8f][0xffffff92][\r][0x11]rc[0xffffffd0]}[0xc][0xffffffa4][0x19][\n]"
21:15:25.924 [main] DEBUG org.apache.hc.client5.http.wire - http-outgoing-0 << "[0xffffffa6][0xffffff95][0xffffffe4][0xffffff8b]L[0xffffffd7][0xffffffac][0xffffffc9][\r][0xffffffba][0xffffffa9][0xffffff88][0xfffffff9][0xffffffdc][0xffffffa2][0xffffff97]P[0xffffffe0][0xffffffcb]k.[0xffffff89]K[0xffffff96][0x1f]o[0xffffff80][0xffffffee]K[0xffffffd0][0xffffffbd][0xffffffb2]Z2[0xffffff9b][0xffffffa4][0x2][0xffffffdc][0xffffff97]l[0xffffffe3][0xffffff99][0xffffff91][0xffffffca][0xffffffe0]^2[0xffffffd4][0xffffffde]a[0xffffff89][0xffffffa6]b[0xffffff87]@i[0xfffffff3][0xffffff8c]R[0xfffffff4][0x9][0xffffffa2][0xffffff94][0xffffffd5][0xffffffc9][0xffffffb1]|R'[0xffffffc4][0x1b][0xffffffe8][0xffffffa9][0xf]r[0xffffff84][0x6][0xffffffc8][0xffffffe2]pB[0xffffffdb]!u[0x10][0xffffffa6]5[0xffffffff][0xf][0xffffffb2][0xffffffc9][0xffffffd0]u[0x1][0xffffffbd]JZ>HN[0xffffffd1][0xffffff91][0xffffffb7]U[0xffffffd5][0x12][0xffffffc3][0xfffffff7][0xffffffda][0x14][0xffffff96][0xffffffb0][0xffffffcf]W>Y[0xffffff8a] [0xfffffffa]`[0xffffffe0]#[0x16][0xffffffb9][0xffffff80][0xffffff88][0x10][0x1f][0xfffffff7][0x1e][0xffffffb3][0xb]G[0xffffffb9],%H@[0xfffffff7] [0xffffffa1]\~[0xffffffbc][0x1][0xffffffb6][0xffffffcf]Q[0xffffffc9][0xffffffca][0x9][0x5][0xffffff84][0xffffffee][0xffffffcf][0x6][0xffffffa9][0xffffff80][0xfffffff6][0xffffff92][0xffffff89]J[0xffffffc8].[0xffffff9d]{[0xffffffdf]k[[0xffffffd3]9[0xffffff81]j[0xffffffda][0x1c][0xffffffd9][0x3][0xffffffc2]R[0xffffffe8][0xffffffcd][0xffffffcb][0xffffff81][\r]!V[0xffffffb3][0xffffff9e][0xffffffaf]c[0xffffffeb][\r][0xffffff94][0xffffffda][0xffffff81]5[0xffffffd8][0xffffff99][0xffffffd1]MfI[0xffffffad][0xffffff9b][0xffffffd1][0x1c]4^)[0xffffffa6]x[0xffffffb8][0xffffffdd]=q![0x1b][0xffffffcd][0x10][0xffffffe8]f;fMPb[0xffffff98][0xffffffe4][0xffffffd9]X+[0xffffffc9][0xfffffffa][0xc][0xffffff80][0t[0xffffffc0][0xffffffee][0xffffffbd]eYW[0xffffffee]a>3[0xffffffea]a[0xffffffa7]iw[0xffffffa6][0xffffff87][0xffffffc9]([0xffffffcc][0xffffff83][0x1][0xffffff85][0xffffffc2][0xffffffe3][\r][0xffffffa0]}[\r]J[0xffffffd6]V[0x2][0xffffffd5][0xffffffc5]&[0x15][0xffffffe0]>[0xffffffa9]X[0xffffffbc][0xffffffb0][0xffffffd2][0x3]t/Xj[0xffffffef]{[0x1b][0xffffffd1][0x19][0xffffff8a][0xffffffb5][0xffffffef][0x10][0xffffff94]8[0xffffffee]b[0xffffffc4]IL[0xffffffb2][0xffffff88][0x17][0xfffffff3][0xffffff83]><[0x15][0xffffffc7][0xe][0xffffffc5][0x6][0xffffffd8]%r [0x6][0xffffff87][0xfffffff6][0xffffff8a]V[0xffffff9a]a[0xffffffbd]S[0x7][0xffffffff]N[0xffffff87][0xffffffce][0x12][0xffffff9f]0k[0xffffffd9][0xffffffe5]E[0xffffffab][0x15][0xffffffe8]f[0xffffffc4][0x0][0x5][0xffffffd9]m[0xffffffe3]7[0xffffffe8]Y[0xffffff9e]V)[0x10][0xffffffae][0xffffff97][0x14][0xffffffb9][0xffffff8f][0xffffffe8][0xffffffce][0xffffffec]>[0xffffffb6][0xffffff84][0xffffff9c][0xffffff94][0x4][0xffffff89][0xffffffb5][0xffffffca][0xffffffea][0xffffff80][0xffffffc5][0xffffffc7][[0xffffffa2]{mBy[0xffffffb5]I[0x1d][0xffffffba][0xffffffef][0xffffffad]TF[0xfffffff7][0xffffff92][0xffffffa5]vF7[\r][0xb][0xffffffb2][0xffffffa2]wX[0xfffffff2][0xffffff84]6[0x3]t[0xffffff92]L_Ey[0x1b][0xffffffb6][0xffffff9f][0xffffff95][0x1d][0xffffffd3][0x7][0xffffffdd][0x14]P[0xffffffff]C[0xffffffc4][0xffffffd8]t[0xffffffec][0xffffffe1][0xffffff83][0xffffffc1]1i[0xffffffb4]xX[0xffffffab][0xffffff94][0xfffffffc][0xffffff88]^[0x9]+r&;[0x11][0xffffffb7][0xffffff8c][0x15];[0xffffff84][0x19]}D[0xfffffffd]Dm[0xc][0xffffffb9]s[0xc][0xffffff9d]%[0xffffffd4]2[0x3]#[0xffffffaf]%;C[0xfffffff0]Vd[0xffffffea][0x8]Wq[0xffffff9c][0xffffff9c][0xffffffd4]D[0xffffffdd][0xffffff86]:7[0xffffff95][0xffffffee]G[0xffffff9c][0xffffffa9][0xffffffe5][0xffffffc7][0x1b][0xffffffa0][0xfffffffb][0x1c]r[0xffffffaf][0xffffffad][0x4][0xffffffce]&[0xffffffa9][0x2]7[0xffffffb9][0xffffffc6]K#[0xffffff95][0xffffffc1][0xffffffbd]d[0xffffffa8][0xffffffbd][0xffffffc1][0xffffffcd][0xffffffac]9[0x1c][0xffffffeb][0xfffffff6]W7[0xffffffdb]&[0xffffff95]e-[0x2];[0xfffffff8][0xffffffa8][0xffffff97][0xffffffb1][0xffffff8e][0xffffff8f][0xffffffc1][0xffffffc8][0xffffffbc]n[0x17][0xffffff95][0x12]v[0xffffffbd][0xfffffff7][0x1][0x1d]z[0xffffffbe][0xffffffc8][0xffffffcc][\r][0xffffffef][0xfffffff6][0x9][0xffffffa9]@[0xffffffa8]U[0xffffff81][0xffffffb1]`[0xffffffc9][0xffffff88][0xffffffb2][0xffffffa2]UY3[0xffffffa2][0x0][0xffffffa3][0xffffff8f][0xffffffdf]q[0xffffff8b][0xffffff82][0xffffffda]e[0xffffffad]"[0xffffffbb][0x14]P[0xffffffdc][0xffffff82]!Y[0x2]7"SLNr[0xffffff81]A[0xffffffe2][0xffffffa4][0xfffffffd][0xffffffce]@[0xffffffa2]x[0x14]s/?[0xffffffde][0x0][0xffffffdc][0xffffffe7][0xffffff98]{[0xffffffe5][0xfffffff8][\r][0xffffffeb][0xffffff98][0xffffffcf][0x16][0xffffffa9][0xffffffc0][0xfffffff6][0xffffffa2][0xffffff8d]J[0xffffffd8].[0x1d]|[0xffffffd7][0xffffffa0][0xfffffffb]8[0xfffffff7]EW[0xffffffb0]y[0xffffffd0][0xffffffcd][0xfffffffc][0xffffffba]7=W[0xffffffb5]G[0xffffff98][0x4]yy[0xffffff86][0xffffff82]-a6[0xffffffab][0xffffffb2][0xffffffb9][0xffffffb0]a[0xffffffb3][0xffffffd0][0xffffffaa]aq[0xffffffc2][0xffffffc4][0xfffffffe]>T[0x1c]X[0x1c][0xffffffcc][0x12]3[0xffffff82][0xffffff95][0xffffffc0][0xffffffd2][0x1c]tLR[0xffffff95][0xfffffff6]%{i[0xffffffb8]~[0xffffffb7][0xffffffec]R[0xffffffb8][0x12]9[0xffffffe3]![0xffffffbb][0xffffffd6][0xffffffcd][0x1a][0xffffffa6][0x17][0x17][0xfffffff7][0xffffffe9]3C[0xffffffd8][0xffffff84]V]<h[0xffffff96][0xffffffb9]?[0xffffff9c]-[~[0xffffffbc][0x1][0xffffffb6][0xffffffaf]A[0xfffffff7][0xffffffda][0xffffff8c][0xfffffff2]j[0xffffff93]:t[0xffffffe7][0xffffffd5]?[0x8][0x7f][0xffffffde]X[0xffffffe9]1[0xffffffba]_Zj[0xffffffef][0xffffff9b][0x1b][0x5][0x1c]*[0xffffff81][0xffffffed][0xffffffdb][0xffffffef][0x1]T[0xffffffa3][0xffffffb1]#{[0x6]p[0xffffff98]=00L[0xffffffd8][0xffffffd0][0xffffff97][0x15][0xffffffe6]Q.f[0xffffffe3][0xffffffe5][0xffffffd8][0xffffffd1][0xffffffb6]a.[0x18]qcJ[0xffffff80]([0xffffffa9][0xffffffb1]qA[0xffffffc8]q[0xffffff80]V[0xffffffae][0x15][0xffffffa3]fo[0xe][0xffffffba]Q[0xffffffa8][0x0]u([0xffffffc9]n[0xffffffa8]s_[0xffffff98][0xffffff9c]VR[0x9]$8*][0xffffffdc][0xffffff88][0xfffffff1][0xffffff8a][0xffffffdc][0xffffffc2][0xffffffc9][0xffffffb3][0xffffff93][0xffffff9a][0xffffffec][0xfffffff3][0xffffffb4]w[0xffffffa1][0xffffffd8]}_~[0xffffffbc][0x1][0xffffffb8]/Q[0xffffffc9][0xffffffba]*[0xfffffff7][0xffffff8d]E*[0xffffffb0][0xffffffbd]d[0xffffffa3][0x12][0xffffffb4]K[0x7][0xffffffdf][0xfffffff7][0xffffffe2]f[0xffffffb3]/[0xffffff95][0xffffffba][0xfffffff6]lWH[0x7f]`;[0xffffffaf][0xffffff8d][0x1e]Yr[\r][0xffffffbd]H[0xffffffa1][0xffffffef]j[0xffffff9d][0xfffffff0][0xffffff9a][0x11]J[0xffffffc1][0xffffff84][0xffffffa4]d[0xffffffdb]*b[0xffffff81][0xffffffae]7[0xffffffd4][0x7][0x15][0xffffffb5]mi [0xb][0xffffffda][0xe][0xffffffd1][0xffffffee][0xffffff9e]Y[0xffffffce][\n]"
21:15:25.924 [main] DEBUG org.apache.hc.client5.http.wire - http-outgoing-0 << "h[0x13][0xffffffdd][0x8][0xffffffbf]i[0x0][0xffffffe7][0xffffffb2][0xffffff98][0xb]&[0x14][0x7f].[0xffffffca][0xffffffa2]elK}[0x14][0xffffffe4][0xffffffa6][0xffffff85][0xffffff83][0x1b]d'z[0xffffffd4][0xffffff9e]d[0xffffffe6]}[0xffffffe1][0xfffffff1][0x6][0xffffffd8]>[0x7]%[0xffffffeb][0x6]p4d[0xffffff99][0xffffffb3]E*[0xffffffa0][0xffffffbd]h[0xffffffa3]2[0xffffffb6][0xffffff97][0xf][0xffffffbe]/[0xffffffb6])[0xffffffc7]Q[0xffffff90]{[0x7]F[0xffffffe0][0xffffff88] [0xffffffda][0xffffff84][0xffffffd2][0xe]]uj[0xffffffd9][0xffffffb4][0xffffffd4][0x9]F2e[0x1b]E[0xffffff87][0x4]_[0xffffffdb][0xffffffe7][\n]"
21:15:25.924 [main] DEBUG org.apache.hc.client5.http.wire - http-outgoing-0 << "M[0xffffffe8])[0xffffff81][0xffffffd3][0xfffffffd][0xffffff87][0x0][0xffffff9b][0xffffff98][0xffffff9e][0xffffffa4]F[0xffffffa2][0x4][\n]"
21:15:25.924 [main] DEBUG org.apache.hc.client5.http.wire - http-outgoing-0 << "[0x10][0xffffffba][0xffffffb3]o[0xffffffaf][0x4]"wL[0xffffffc7][0x15][0xffffffc1][0xffffff9f][\r][0xffffffd7]6[0x5]\[0x4][0x1d]y[0xffffff83][0xfffffffa][0x3][0xffffff8a][[0xffffff99][0xffffffe4][0xffffffb7][0xffffff9c]L[0xffffff92]O[0x12][0xffffffbf][0x1c][0xffffffdf][0xffffffb4][0xc][0xffffffe0]D6[0xffffffc2][0xffffffbe][0x2][0xffffffed][0xffffffa5][0xffffffc7][0x1b]@[0xfffffffb][0x1a][0xffffff93][0xffffffac][0xffffff8b][0xffffffb8]oLR[0x5][0xffffffee]{#[0xffffff95][0xffffffb1][0xffffffbd]|[0xfffffff2]][0xffffffb1][0xffffffad] ,!%[0xffffffd3][0xfffffffe][0xffffffde][0xffffff86]"[0x2][0xfffffffb][0xffffffcf]$[0xffffffc4][0x11][0xffffffa0][0x1c]2[0xffffffe0][0xffffffee];t[0xffffffb8][0xffffffd9]R[0xffffff86][0xffffffe0][0xe][0xffffff85][0xffffff93][0xffffffa9]G{[0x7][0x1d][0xffffffb5][0xffffffc0]p[0x19][0xffffffc4]Xb[0xffffff90]0I[0xffffff82][0xffffff94][0xffffff9e]ba[0x1e][0xffffffd1][0xffffffa9][0x8]I[0xffffffd8][0xffffffc5][0xffffffc6][0xffffffea]?[0xffffffbf]m[0xffffffba][0xffffffec][0xffffffbc][0xffffffc6][0xffffff9c]v:S[0x1b]y![0xffffffd9][0x2][0xffffffb8][0xffffffd1][0xffffffe0][0xffffffe1]]K2[0xffffffe9][0xfffffff2]"[0x5][0xffffffc4][0x1c] -0[0xf]Zj[0xffffffe0][0x14][0x1f]o[0x0][0xffffffee][0xfffffff3][0xffffffbd][0xffffffbd]nLA[0xffffffcf][0x16][0xffffffa9][0xffffff82][0xfffffff6][0xffffff82][0xffffff8d][0x16][0xffffffb1][0xfffffffd][0xffffffe0][0xffffffe0][0xfffffffb]b[0x1b]r[0xffffff91]z[0xffffff8f][0xffffff98][0xffffffa4]Si[0xc]H^[0xffffffc2][0xfffffff5][0xffffff93][0xffffffc3]h[0x11][0xffffffe0][0xffffffb1]RM[0xffffffe8]^[0x6][0xffffffd6][0xffffff85][0xffffffd0][0xffffffa3]1}[0xffffffe8])[0x6][0x6][0xffffffb4][0x1b][0x6]1I[\n]"
21:15:25.924 [main] DEBUG org.apache.hc.client5.http.wire - http-outgoing-0 << "[0xffffffdb][0xffffff94]M[0xffffffc4](dV.fT[0xffffffbe]"&!?FVs[0xb][0xffffffb6][0xffffffe9]5[0xffffff90]#[0x11]g[0xffffffb8][0xffffffbc][0xffffff8f][0xffffff8c]Y[0xffffffb7]2[0xffffffb6][0xffffffd9][0xffffffef]D[0x15][0xffffff90][0xfffffffd]N$[0xffffff93]([0xffffffd4][0xffffffb2][0xffffffba][0xfffffff5]![0xffffffb6][0xffffff97][0x1e]o[0xffffff80][0xffffffed]K[0xffffffbc][0xffffffbd][0xffffffae][0xffffff81][0xffffff93][0xffffffc9][0xfffffffa]g[0xffffff93]T[0xffffff80]{[0xffffffd1]Hep/[0xffffff9f]|op[0x1b]Zl[0xffffffed][0xffffff83][0x12]&[0xffffff81][0x19][0xffffffad]Qp[0xffffffa2][0x2][0xffffffbc]@o[0x10]"[0xffffffa1][0xffffffd8]G*i[0xffffffa7][0x1e]r[0x14][0xffffffdb](I[0x19][0x1]t[0xffffffde]z[0xffffffc3]<[0xffffffa5][0xffffffef][0xffffff87]^[0xffffffb2]3[0xffffff87][0xffffffc9][0xffffff9d][0xffffffc0][0xffffffca]'[0xfffffff5]v[0xffffffce][0xffffff94][0xffffffce][0xffffffa3]1p[0xffffffb0][0xffffffb6][0xffffff8c]N^*%T[0xfffffff6][0xffffffe0][0xffffffba][0x16]F'[0xffffff8f][0xfffffff7][0xffffffd1][0xffffffe9]#C[0x1]V[0x10][0xffffff9b][0xffffffb3][0xffffffe8][[0x15][0xffffffc9][0xffffffae][0xffffffc5][0xffffffc7][0x1b]`[0xfffffffb][0x1a][0xffffff94][0xffffffac][0xffffff8c][0xffffffb8]g[0xffffff93]T[0xffffff80]{[0xffffffc9]H[0xffffffaf]a[0xfffffffb][0xffffffb9][0xffffffa1]v[0xffffffae][0xffffff93][0xffffffa8][0xffffffbc][0xffffffcb][0xffffff88][0x11][0xfffffff3][0xffffffe6]U[0xffffffc0]i@[0xffffff87][0xffffffcc]2[0xffffff93][0xffffffc0]j4^[0xffffffdd][0x4][0xffffffdf][0xffffff89][0xffffff8a] [0xffffffaa][0xffffffc5]\[0xffffffd2][0xffffffa8]^[0xffffff8e]H[0xffffff80]O[0x8][0xffffff93]$[0xffffffa9][0x11]o`*[0x18][0xffffff9c]OA[0x13]oC[0x8][0xffffff94]5#8`[0x1b][0xffffffcd][0x8]& 7[0x4][0xffffffdc][0xffffffdc]I[0xffffffa7][0xffffffb6][0x1b][0xffffffc2]:P[0x11][0xfffffff2][\n]"
21:15:25.924 [main] DEBUG org.apache.hc.client5.http.wire - http-outgoing-0 << "[0xffffffe0][0xffffffe5][0xffffffa0][0xffffffe4][0xffffffa4][0xffffffe7]H[0xffffff95][0xffffff84][0xffffffed]Nl_[0xffffffa5]C[0xfffffff5][0xffffffe0][0xffffffda]^z[0xffffffb8]%[0xffffffb0]W[0xffffff86]$[0xffffffb3]=*[0xffffff80][0xffffffbd]h[0xffffffa1][0x12][0xffffffb2][0xffffff97][0xf][0xffffffbe][0xffffffef][0xffffff9d]-I$m.[0x5]7[0x1e][0x9][0xffffff86])[0xffffff82]f[0x14]7[0xfffffff1][0xffffffc4]\$1[0x7][0xffffff82][0xffffffdf][0xfffffff0]JX[0xffffff94][0xffffff80][0x6]&[0x14]X7[0xffffffd2]9[0xffffffe4]~[0xffffff96][0xffffffb1][0x1b][0x7]&[0xffffffdc]][0x7]{[0xf]! [0xffffffdb][0xffffff83]x[0xffffffc9][0xfffffffe][0xffffff9b][0xffffffb7][0x7]$[0x16][0xffffff89]*[0xffffffbe][0xffffffef]6\g[0xe]7[0xffffffeb]A[0x18][0xffffff9c][0xfffffff4][0xffffff81]ZN[0x19][0xffffffd7][0xfffffff2][0xffffffc8][0xfffffff6][0xffffffb4]([0xffffff9a][0xffffffa0]y[0xffffff99]e[0x1][0xffffff8b][0xffffffa3]e\[0xffffffda][0xfffffffc]Xx[0xffffffbc][0x1][0xffffffb6][0xffffffcf][0xffffffc1][0xfffffff6][0xffffffba][0xffffffe9][0x1b]J[0xffffffaa][0x17][0xffffff8b]T!{[0xffffffc1]Fed/[0x1f]|ol3[0xfffffff1].[0xffffffda][0xb]qS[0xffffff9f][0xffffffa6][0xffffffea][0xffffffc7][0xffffffea]H[0xffffffc6][0xe][0x10]i[0xffffffa5][\n]"
21:15:25.925 [main] DEBUG org.apache.hc.client5.http.wire - http-outgoing-0 << "[0xc][<Q[0xffffffdd][0xffffff83][0x18]E|M[0xfffffff9]$[0x13][0xffffffb6]Q,A[0x19]s[0x12][0xffffffbd][0xffffff82]xb[0xffffffba][0xffffff94][0xffffffba]4[0x18]va[0xfffffff7]o[0x1f][\n]"
21:15:25.925 [main] DEBUG org.apache.hc.client5.http.wire - http-outgoing-0 << "F[0xffffffc4][0xffffffc1][0xffffffc2][0xffffffa5][0xffffffdd][0xffffffa8][\n]"
21:15:25.925 [main] DEBUG org.apache.hc.client5.http.wire - http-outgoing-0 << "[0xffffff98][0xffffffdb][0xffffff8c][0x19][0xffffffb2][0x7][\n]"
21:15:25.925 [main] DEBUG org.apache.hc.client5.http.wire - http-outgoing-0 << "[0xffffffc1][0xffffffbc]k^[0xffffffc3]6BT[0xffffff92][0x2] JBYAp[0xffffffb9][0xffffffb8]}[0xffffff83][0xffffffed][0xffffffe7][0xffffff8f]7[0xffffffc0][0xfffffff6]%[0xffffffd8]^[0xffffffc7]'[0xffffffb9]1I[0x15][0xffffffb8][0x17][0xffffff8c][0xfffffff4][0x1a][0xffffffb8]_[0xffffff9e]|wp[0xffffffe7][0xffffffe5][0xffffffcc][0xffffffcd]/n;[0xffffff8c]][0x18][0xffffffdd] [0xffffffad]b[0xffffffe1][0xffffff9e][0xffffffa2]b2%[0xffffffc5][0xffffff80][0xffffff8d][0xfffffff1]9[0xffffff9d]T[0xffffff96][0x4][0xffffffb6]#w[0xffffff94][0xffffffda]v[0xffffffdc][0xffffffd5][0xffffff8c]0$[0xffffffe2]p[0x1a][0xffffffef]:P[0xffffffea][0xffffffe6][0xffffffef][0xffffffb7]_[0xffffffdc][0xffffff94]e[0xffffffc0][0xffffffe7][0xffffffa6][0xffffffc6][0xffffffcd]5[0xffffff8e][0xffffff94][0x7][0xffffffca][0xfffffff0]l.y[0x15][0xffffffdc]D[0xffffffdb]P[0xffffffb8][0xffffffa1][0xffffff93][0xffffff88]G[0xffffffd1][0xfffffff6][0xffffffe5][0xffffffe2]6[0xffffffcf][0x1e]o[0x0][0xffffffee]k[0xffffffb4][0xffffffbd][0xfffffff2][0xffffffea][0xffffff9e]mR[0xffffff81][0xffffffee]E+[0xffffffbd][0xffffff8a][0xffffffee][0x17]G[0xffffffdf][0x15][0xffffffdd][0xffffff80][0xffffff8f][0xffffff80][0xfffffffb][0x1d][0xffffffc2]m[0xffffffa6][0xffffffd7]Q!N[0xffffffac][0xffffffbb][0xffffffa6][0xffffffe5][0xffffffce]([0xffffffb0][0xffffffed][0xfffffff4][0xffffff84]0[0x19][0x8][0xffffffe7][0xffffff8a][0xffffffa6][0xffffffd6][0xffffff8d][0xffffffd0][0xffffffab]aP2[0x1a][0xffffffb6][0xffffffdd]0[0xffffffe8][0xffffffae][0xffffffc7][0x0][0xffffffea][0xffffff91]t[0xffffffa0][0xffffff89][0xffffff83]P[0xffffffa6][0xf]oG[0xffffffb7]C,[0xffffff96][0xfffffff7][0xffffffc4]F[0xffffffa5][0xffffff92][0xffffffd3][0xffffffc0]+W7[0xffffffbd][0xffffff9b][0xffffff82]R[0x9]J[0xffffffc5][0x8][0xffffffba]R[0x3]dT[0xffffffe7][0xffffffb8][0xffffffe1][0xffffff8c][0xffffff8c]U[0xffffff85][0x7]aI[0xffffffe1][0xfffffff1][0x6][0xffffffe8][0xffffffbe]\[0xffffffdd][0xffffffeb]z[0xffffffee]z6I[0x5][0xffffffb8][0xffffffe9]K[0xffffffde][0x1b][0xffffffa9][0x0][0xffffffee][0xffffffe2][0xffffffc9]w[0x6]7[0xffffffd7][0x1c]Qq[0xfffffff3][0xffffffab][0x1b][0xffffff82]_B[0xc][0xffffff87]m6[0xffffffec][0xffffffdb][0xffffffd3][0xffffff93]@P[0xffffff9e]u{[0x3][0xffffffbb][0x15][0xffffff98][0xffffffba]A`[\n]"
21:15:25.925 [main] DEBUG org.apache.hc.client5.http.wire - http-outgoing-0 << "Q[0xfffffff9][0xffffffd4][0xf][0xffffffb4][0xffffffad]=[0xffffffcf]E9[0xffffffb2][0xb][0xffffff87][0x12][0xffffffe0]4x[0xffffffd9][0xffffffb1]\![0xffffffbc]][0xffffff86][0xffffff87]@[0xffffff9e]AL[0xffffffaf][0xffffffb6][0xffffffb0][0xffffffa5][0xffffffc8][0xffffff94][0xffffffd8][0xf][0xffffffc0][0xf]}@[0xffffffb9][0x5]![0xffffff9e][0xffffffbb][0xffffffab][0xfffffffb][0xfffffff3][0xffffffcf]?[0xffffffff],[0xffffff85][0x1f]|[0xffffff92][0xffffffec]|[0xffffffce][0xffffff83][0xfffffff0]2/[0xffffffd2]&[0x1c]CO[0xfffffff6][0xfffffffa][0x1d]~~[0x1d][0xffffffbb][0x1f][0xffffffe9][0xffffffdb][0xffffff87][0xffffffa7]7l[0xffffffbb][0xffffffbe][0xffffffde][0xffffffd0][0xffffffeb][0xffffffa6]ln[0xffffff8e]^[0x5][0xffffffe2][0x5]c[0xffffff94]A[0xffffffbc]|[0xfffffff4][0xffffff9d]A[0xffffff9c][0xffffffe3]P[0xfffffff7][0xe][0xffffffb4](IZ[0x5][0x15]D1;[0xffffff83][0xfffffff8]H[0xffffff92][0x13][0xffffffc5]j[0xffffff96]C[0xffffffb3][0xffffffb5][0xc][0x6][0xffffff89]J[0xffffffec]w[0xffffffa7]XF[0x14][0xffffffcc][0xfffffff8]{L[0xffffffac][0x13][0xffffff83]E[0xffffffc5]&`[0xffffffca][0xffffff81][0xffffff94][0xfffffffe][0xffffff90][0xffffffbb]|[0xfffffffb][\r][\r][0xffffff81][0x16][0xffffff82][0xffffffdb][0xffffffd6][0xffffffa5][0xffffffa9]ycj[0x6]1[0xffffffcb]-[0xfffffffd][0xffffffc2][\r][0xfffffffd][0x10][0xffffffc4][0xffffffe1]8|[0xffffff93][0xffffff99]R[0xffffffb4]1[0xf][0xffffffc2][0xffffffb3][0xffffffc2]~V[0x11][0xffffffac][0x1][0xfffffff1]9?\[0x9][0xffffffe1][0xfffffff9][0xffffffe0]U[0x10][0xffffffa6][0xffffffc3][0xfffffffa][0xffffffd2][0x14]%[0x8][0xffffff97][0xe][0xffffffbe]/[0xffffff84][0xffffffe9][0xffffff95][0xffffffa1]AF[0xffffffc7][0xffffffb9]q[0xffffffed]c4[0x14][0xfffffff1][0x18][0x13][0xfffffff3][0xfffffff0][0xffffff9d][0xffffffba]<4[0xffffffd6][0xfffffff7]^[0xffffffdb][0x1e][0xffffffed]UD[s+[0xffffff90][0xffffffc5][0xffffffd6]ZA[0xffffff80][0xffffffa2]6[0xffffffcd][0x12]`[0xffffffa4]G[0xffffff86][0xffffff94][0x7]|[0xffffffb5][0xffffff81][0x3][0x5][0xffffffcf][0xffffffef][0xffffffed][0x10]&l[0xffffff91]L[0xffffffc4]l[0xffffffe1]>[0x11][0x1c][0xffffffb2][0xffffffc0][0xffffff83][0xffffffc0][0xffffff81]A1X[0xffffffb4][0xffffffe1]~~[0xfffffffd]![0xffffff84][0xfffffffd]G-3%*7[0xffffff99]y[0xffffffed]s[\r][0xffffffe7]1[0xffffff84][0x6][0xffffffb1][0xffffffc4][0xffffffe5][0x1e]^[0xffffffa9][0xffffffa0][0xffffffcd]+[0xffffffe4]r[0xfffffff4][\n]"
21:15:25.925 [main] DEBUG org.apache.hc.client5.http.wire - http-outgoing-0 << "[0x10]/[0x1a][0xffffffa3][0x4][0xffffffe2][0xffffffd2][0xffffffd1]w[0x5]1eX[0xffffffda][0x1f][0xffffff99][0xffffffa7][0xffffffdc][0x18][0xffffffc4]h[0xfffffff9][0xffffff91][0xffffffd4][0xffffffb1][0xffffff96][0xe]H %[0xffffffe6]P[0xfffffff0][0xffffff8b][0xfffffff4]W[0x18]z4[0xffffffc2]9[0xffffffab][0x11]a[0xffffffa5]=[0xffffff8e][0xffffffee]j@[0x14]*NL[0xffffffcd][0xffffff98]L[0xffffff87][0xffffffeb]z[0xffffffc7].`6[0xffffff98][0xffffffbe][0x1d][0xffffffc4][0xffffff8e][0xffffffab][0x1f][0xffffff82][0xffffffea]Fz*E[0xe].R[0x18]q[0xffffffc4][0xffffffbe][0xffffffee][0xffffffbe][[0xfffffffe][\n]"
21:15:25.925 [main] DEBUG org.apache.hc.client5.http.wire - http-outgoing-0 << "[0xffffff88]O[0xffffffbb]#s[0xffffff8b][0xffffff81]]\[0xfffffff4]|n[0x8][0xffffffae]5[0xfffffff7][0xfffffff0]% ^I[0xfffffff8][0xffffff98]O^[0xffffff87][0xffffffe1]{[[0xffffff94]1[0xffffffbc]|[0xfffffff2]}1[0xffffffcc]@5[0xffffffb9]Q{[0xfffffff5]>[0xffffffb2]<6u[0x0]Q[0xffffffee]X[0xffffffee][0xffffffde]H[0xffffffc7][0x1b][0xffffffe0][0x1a]:z[0x11][0x1d]3[0xfffffffa][0xffffff85][0xfffffff9][0xffffffca][0xffffffed] [0xffffffa1]*[0xffffffdf][0xffffff8f]L[0xffffff84][0x19]6[0xffffffd9][0xffffffa0][0xffffff9e][0x3][0xffffffbd][0xffffffc9]z6[0xffffff8f][0xffffffd5][0xffffffb0][0xffffff99][0xffffffb2][0xffffffac][0xffffffd4]q[0xffffffed][0xfffffff6]j[0xffffffb1][0xffffff85][0xb][0xffffffc1][0xffffff92][0xfffffff1][0x1]hm[0xffffffb0][0xffffffbb][0xffffffb6][0x5][0xffffffc4][0xfffffffe][0xffffffb8][0xffffffb0][0x6][0xffffff89]af~[0xffffffe5][0xffffff81]i[0xffffff8c][0xffffffb9][0xffffffab]^[0xffffff83][0xffffffe0]S$[0xffffffe1][0xffffffd6][0xffffffad]1[0xffffffd0][0xfffffff6]z[0xffffffec][\n]"
21:15:25.925 [main] DEBUG org.apache.hc.client5.http.wire - http-outgoing-0 << "[0x0]/[0x1a][0xffffffa2][0xc][0xffffffe0][0xffffffa5]c[0xffffffef][0xc]_Zx[0xfffffff4][0xffffffe9][0xffffff9a]_[0xffffffc1]=+[0xfffffff1]([0xffffffc3][0xffffffa2][0xffffffba][0xffffff9e],[0x19]\B[0xffffffbc][0xffffff95][0xfffffff9][0xfffffff3]H[0xfffffff6][0xffffffc6][0xffffffdd][0xffffff8b][0xffffffc4][0x18][0x8][0x1b]b[0x17]G[0x1][0xffffffac]Y[0xffffffdb]![0x15]2[0xffffff94][0x1e]~5[0xffffffa5]8&[0x19]}M)[0xffffff8e]1vFz[0xffffffb6][0xffffffc1]7[0xfffffff7][0x6][0xffffffc5]q[0xffffff9d])/[0xffffff83][0xffffffed]W[0xffffffb0]8f[0xffffff84][0x1a][0xffffff81][0x1c][0xfffffff6]-[0xffffffe5][0xffffff97]I[0x1b][0x0]_[0xffffffe3][0xffffff88][0xffffff95]di6w[0xffffff9e][0xffffff8f]^[0x5][0xffffffe1][0x5]c<[0xffffff80][0xfffffff0][0xffffffe2][0xffffffd1][0xfffffff7][0x5]1[0xffffffeb][0xffffffdb][0xffffffa0]V[0xffffffb4]o[0xffffff96][0x10][0xffffff98][0xffffffc1][0xffffff84][0xffffff86]/[0xffffffdd]C[0x1c]M[0xffffff8c][0xffffff99];[0x14][0xffffffae][\r][0xffffffd3][0xffffffe3][0xffffff8a][0xffffff99][0x0]z[0xffffff8f]q0[0x10][0xfffffff1][0xffffff98]$g#[0xffffff9e][0xffffffa0]@[0x1][0xffffffb3][0x15][0xffffff82][0xffffffe6][0xffffffd8][0xffffffb3] 8/[0xffffffa9]~[0xfffffffb]|"[0x1d]H[0x4][0xffffffc4]X/[0xffffffb2][0xffffffe9][0xe]F[0xffffff8a][0xffffffff]$[0x9]b[0x1d][0xffffffaf][0xffffff8d]{f[0xffffffd2][0xffffffc3]8[0x2][0xffffffb9]=[0xffffff82]a.`[0xffffffb8]M[0x1e]n[0x13]3[0xffffff9f]s+[0xffffffb1][0xffffffe6][0x16][0xffffffbe][0xffffff82]x%[0x3]i>z[0x15][0xffffff88][0x17][0xffffff8c]Q[0x2]q[0xffffffe9][0xffffffe8][0xfffffffb][0xffffff82]8[0xffffffaf][0x1c][0xffffff96][0xffffffb6]}e[0xffffff8d][0xffffff8a][0xfffffff0][0xffffff80]`[\r][0xe][0xffffff82][0xffffff8a][0xffffff80][0x10][0xffffff88][0xffffffda][0xffffff8c][0xffffff96][0xffffffd5]2[0xc][0xffffff92][0xffffffb3][0xffffffbe][0xffffffb1]'o[0x7]jQv[0xffffffc3]8N[0xffffffcc][0xffffff91][[0xffffffba]%N1[0xfffffffe][0xffffff82]X[0x8]M[0xffffffbf][0xffffffb1][0xffffffaf](J[0xffffffb0]*;[0xffffffd7]s[0xffffffb7][0xffffffd0][0xffffffa2][0xffffff8f][0x1b][0x1c]-[0x2][0xffffffd7][0xffffffe8][0xffffffda][0xffffffe4][0xffffffd5][0xffffffa6][0x1b][0x3][0x9][0xffffff9b][0xffffff87]\[0xfffffff2]`y[0xffffffd6][0x7]>[0xffffffa0][0xffffffd3][0xffffffcd][0xffffffec]Y[0xffffff93][0xffffff8c][0xffffffee][0x12][0xc][0xffffffaf]$[0x1a][0xffffffcd]'[0xffffffaf][0xffffffc5][0xfffffff0]K[[0xffffff94]0\:[0xfffffff9][0xffffffbe][0x18][0xffffffa6][0xc][0xffffffc4][0xffffffa0][0xfffffff8];02[0xffffffc8][0xffffffaa][0xffffffc0][0xffffffb0][0x1b][0xfffffff2][0xe][0xfffffff4][0x1e]R[0xffffffdb][0xffffffd8][0xffffff8f][0x14][0xffffff86][0xffffffd9][0xffffffec][0xffffffcc]D-[0x3]S,[0x1d]pI[0xffffff84][0xffffff9e][0xffffffc6][0x1e][0xffffffd4][0xffffffe7],[0xffffffed][0xffffffc7]Lm`}z[0xffffffee][0xfffffff0][0xffffffb1][0xffffff8d][0xffffffe3][0xffffffed][0x9][0x1d][0xffffffca][0x4][0xffffffc8][0xffffff87][0xffffff89]-,:0[0xc]#[0x3][0xc]#r[0xffffffea][0xffffff91]<[0xffffffb9]gd<[0xffffffbc][0xffffff88]m&[0xffffffd7][0xffffffe5][0xffffff92]*[0xfffffffc]#[0xffffff8a]`H6[0xffffffcd]s/5[0xfffffff7][0xfffffff0]9[0x1a]^[0x19]J[0xffffffcc][0xffffffe7][0xffffffae]C[0xfffffff0][0xffffffbd]%[0xffffffca][0x8]^<[0xfffffff7][0xffffff9e][0x0][0xffffff8e][0xffffff99][0xffffff83]L[0x1d][0xffffffb5]y4l[0xffffffa8]*[0xffffffe4][0xffffffa5]0[0x8].[0xffffff85][0xe][0xffffffe5]^HsHvXC[0xffffff95][0xffffff82]M1][0xffffffca]hv[0xffffffec][0xffffff90][0xe][0xffffffb6][0x1b]<RyD[0x10][0xfffffffc]{[0xffffffcc][0xffffffbb][0x18][0xffffff93][0x1b][0xffffffc4][0xffffffdb][0xffffffe5][0xffffff97][0x8]$<[0xffffffeb][0xffffffd4][0xffffffc5][0xffffffe6][0xffffffbd]G\[0xffffffc3][0x8][0xfffffffa]B[0xffffff8e]& [0xffffffde][0xffffff96][0xffffffcc][0xffffffa1][0xffffff81]H2G(L>[0xffffffc7][0xffffff9a][0x2][0xffffffda][0x1b]7[\n]"
21:15:25.926 [main] DEBUG org.apache.hc.client5.http.wire - http-outgoing-0 << "N5[0x0][0xffffffbe][0x6][0x12]+[0xffffffd9][0x15][0xfffffff3][0xffffffd1][0xffffffeb] L[0xffffff81][0xfffffff0][0xffffff85]1[0xffffffca][0x10]^>[0xfffffffa][0xffffffae][0x18][0xffffffce][0xfffffff1])[0xffffff94][0xffffffb5][0xffffffe6][0x18][0xffffff9e][0x18]v[0xffffff85][0xffffffe2][0xffffffd9][0xffffffe7][\r][0xffffffdb][0x1d][0xffffff92][0xffffffd4],;" [0xfffffff6][0x8]R[0xffffff8f][0xffffffdc][0xffffffbc][\n]"
21:15:25.926 [main] DEBUG org.apache.hc.client5.http.wire - http-outgoing-0 << "[0xffffffe9][0xffffff8e][0xffffffc0][0xffffffea].[0xfffffff6][0xffffffc3]H[0xf]{[0xffffffc8][0xffffff89][0xffffffce][0xffffffa7])w[0xffffffe8][0x10]B[0xffffff85][0xfffffff7][0xffffffe9]m[0xffffffc5][0x1d]L[0xffffffb3][0xffffff86][0xffffff8d]d[0xffffffdb]2[0xffffffba][0xffffffac][0xffffffa0][0xffffff8e][0x6][0x7][0xffffffcd][\r][0x1a].[0xffffffdb]!|[0xffffff94];e-[0x4][0x14]P[0xffffff8d][0xe]r^[0xffffffa0][0xffffffdb][0xffffffa0]0|[0x9]#V2([0xffffffec][0xfffffff5][0xffffffe0]U[0x8][0xffffffbe]7[0xffffffc5][0x3][0x0]/[0x1e]|W[0x0][0xffffffe7]U[0xffffffcf][0xffffffc7]~l[0xffffffe3][0xffffffaa][0xfffffff0]He[0xffffff81][0xffffffcb][0xffffff96][0x1d][0xffffff8a]D[0xf][0xffffff91][0xffffffc1]V[0xffffff96]b[0xffffff8c]l[0x3][0xffffff80]s?[0xffffff84][0xffffff94][0x1b][0xffffffc9]h>[0xffffffd2]cF[0x0][0xffffff92][0xffffffc1][0xe]A[0xfffffffc];[0x10][\n]"
21:15:25.926 [main] DEBUG org.apache.hc.client5.http.wire - http-outgoing-0 << "[0xb]Zc2[0xffffffb7]6*[0x0]l[0xffffffa8]h[0xffffffa0][0xffffffc7][0xffffffb1]%[0x10][0xffffffbe][0xffffffce]uJ4[0xfffffff0][0xffffffb2]V[0xffffffcd][0xffffffb6]K[0x18][0x1d]G[0x2][0xffffffe1]cI[0x2][0x4]C[0xffffffa1]$[0xffffff98]n[0xffffff82][0xffffffe0][0xffffffeb]%[0xffffffbc][0xffffff92]'1[0x1f][0xffffffbd][0x2][0xffffffc2][0xffffff8b][0xffffffc6](a[0xffffffb8]t[0xfffffff4]]1[0xffffffcc][0xfffffff8]6[0xffffff92]`[0xffffffed][0xffffff93]9[0xffffffe0][0xffffffdb][0x13]-x[0xffffff96][0xffffff81]"[0xfffffffe][0xffffff85][0xffffffee][0x7f]H[0x1a]!98[0x13][0x8][0x14][0xffffffa0]r[0xffffffc7][0xe]+[0x8][0xfffffff7][0xffffffc0][0xffffff8d]n[0xffffff98][0xffffff86][0x17][0xffffffe4]&[0xffffffe8]nFgA0[0xffffffa4][0x1d]UE2G[0xffffff80]bPa[0xffffffdf][0x16][0x8][0xffffff9f]i[0xffffffb7][0xffffffc7]d[0xffffff8e][0xffffffa5].[1[0xffffff9c][0xffffffcb]j$s[0xffffffe8]([0xffffff85][0x3]B&tu[0xffffffda]bxekc>z[0x5][0xffffff86]O[0xffffff95][0xffffffe1]#[0xffffffc9]i6F[0x19][0xffffffc3][0xffffffcb]G[0xffffffdf][0x13][0xffffffc3][0xffffff81][0xfffffffe][0xffffffb2]u[0xffffffb9][0x4][0xffffffd5][0xfffffff8][0x1e][0xffffff86][0xffffffdd][0xffffff93][0xffffffb5][0x6]`[0xffffffb3][0x5][0xffffff8b]n[0xffffffae][0x19][0xffffff81]4[0xffffffb2][0xffffffa7][0xffffffa3][0xb][0xffffffa4]l)[0xffffffa4]1[0x6]f[0xffffffa1]h[0xffffffc4]!q[0xffffffd7][0xffffff8d]][0xffffffa6][0xffffffdc]#[0xffffffcb][0xffffffcb][0xffffff96][0x17]f[0x3]G;V[0xffffff94][0xffffff86][0xffffffa9]?[0xffffff93][0x1c][0xffffffe6][0xffffffae][0xfffffff9][0xffffffea][0xffffffce][0xffffffc6][0xffffffe5][0xffffffea]aw3zN*[0xffffffcf][0xfffffff0][0xffffffbd][0x18][0x1b]y[0xffffff98][0xffffffcc][0xffffff9d][0xffffff94][0xffffffee]H[0xffffffe6][0x8]&21[0xffffff99][0xffffffb9][0xffffff98][0xffffffa6][0xffffffd9][0xffffffdc][0xffffffca][0xffffff9a][0xffffffda]|[0xfffffff0][\n]"
21:15:25.926 [main] DEBUG org.apache.hc.client5.http.wire - http-outgoing-0 << "[0x4]/[0xffffff9a][0xffffffa2][0xffffff84][0xffffffe0][0xffffffd2][0xffffffc1]wE0[0xffffffe2]0d?[0xffffffed]o[0xffffffe1][0xffffffc0][0xffffff9e][0xffffffc3]!7[0xffffffe2][0x6]D[0xffffffd0][0x3][0xffffff89][0x1d]0fQEOy[0xffffff98][0xfffffff5]B[0x0][0xffffff9a]p"[\r][0xffffff81]m[0xffffffb6]([0xffffffc9][0xc][0xffffff9a]&[0x1d]K[0xffffffb7]l[0xf][0x3][0xffffff88]E[0xffffffb7][0xffffffb0][0xffffffdc]*Ba[0xffffffda][0xffffff8d][0xffffffc4][0xffffffb3][H[0x12]\<47[0xffffff88]d[0xffffff99]%b[0xffffffcf][0xffffffdd][0xffffffc2][0xffffff80][0xffffffc8]+[0x8][0x16]&[0xffffffdf][0xffffffc2] 8[0xffffffef]m[0xffffffa6][0x1a]q[0xffffffb3][0xffffff9b][0xffffffab]&[0xffffff9d][0xffffffbb][0xffffffc4][0xffffffc2]k[0xffffff89]>[0xffffffd7][0xffffff93]W@x[0xffffffd1][0x16]e[0x8]/[0xffffff9f]|W[0x8]{[0xffffffe4][0xffffffe0]X[0xffffffee][0xffffffda][0xfffffffc][0x12]F[0xffffffdc][0xffffff85][0x1e]r[0xffffffdf][0xffffffc3][0xffffffe2][0xffffff91][0xffffffac]|[0xfffffff3]lY[0xffffff8e]P[0xffffffe2][0xffffff89][0xffffff80][0xffffffd1]>G[0xffffffa4][0xffffff8e].]G`12[0xffffffb0][0xffffffa7][0xffffff8f][0xffffffad]fX[0x12]r[0xffffffec][0xffffff98][0xffffff83][0xffffff82][0x1a][0xffffffd4][0xffffff9b][\n]"
21:15:25.926 [main] DEBUG org.apache.hc.client5.http.wire - http-outgoing-0 << "[0xffffff9e][0xffffff8f]fy([0xffffffc1][0xfffffff5][0x16][0xffffff8a][0xffffffc4][0xffffffe5]cS[0x4][0xffffff9d][0xffffffbc][0x1b]n[0xffffff92][0xffffffb1][0xffffff8b][0xffffff82][0xffffffd7]C[0x8]#[0xffffffd4][0xffffffc5][0x12][0xffffffdb]<[0x1a][0xffffff92]kr0[0xfffffff0][0x18][0xffffffdf]j[0x1b]H[0xffffffac],[0xb][0xffffffcf]Go[0xffffff80][0xffffffe1]g[0xffffffc6](a[0xffffffb8]t[0xfffffff4]]1[0xffffff8c][0xffffffb2]dn[0xffffffe9]6[0xffffffc7]p[0xffffffec][0xfffffff1][\r][0x15]Q}a[0xffffffe3][0x1b]?aEP[0xffffffa6][0xffffffa6][0xffffff8d][0xffffffdc]QC[0x1e]s[0x2][0xffffffc6][0xffffffce]M[0x3]_B[0xffffffc4][0x1c][0xffffffd5]g9e[0x16]1[0xffffffc2]^[0xfffffff9]i[\n]"
21:15:25.927 [main] DEBUG org.apache.hc.client5.http.wire - http-outgoing-0 << "[0x13][0x15][0xffffffd7]0k[0xffffffae]X[0xffffff82][0xffffffbb]eN[0xffffff8f][0xffffffd5]}[0xffffffa8][0xffffffb8][0xffffffb0]G[0x4][0x15][0x17][0xffffffb4][0xffffffb0][0xfffffff3][0xffffff8e][0xffffff89]-[0xffffff81][0x4]#[0xffffffd7]'[0xc][0xffffffa3][0xffffff96]a[0xe]D1[0xffffffdc][0xb]M0|.[0xb][0xffffffaf][0xffffffac][0xffffffa9]1[0xffffffa3]~>x[0x5][0xffffff82][0x17]MQBp[0xffffffe9][0xffffffe0][0xffffffbb]"[0xffffff98][0xffffffa8]M[0x1f]s[0xffffff9f][0xffffffc6][0xffffffa1][0xfffffff0][0xffffffe0]FE[0xffffffc7]-[0xffffff8d][0xffffffde]1[0xffffffa6]D[0xffffff86]48g[0x14][0xffffffcd]:v[0xffffffbb][0xe]6[0xffffffb7]<r[0xffffffd7][0xffffff83]k[0xffffff98][0xffffffa7]x[0xfffffff5]R[0xe]bDO[0xffffffa3]h[0xffffffde]ei[0xffffffae][0xffffffb1]B[0xfffffffa][0xffffff82][0x1d][0xffffffb7][0x8][0xffffffd1][0xffffffc7][0xffffff8d][0xffffff81][0x4][0x17](\I[0xffffffcf][0xfffffff4][0xffffffa8]c[0xffffffcc]e3[0xffffff82][0x11][0xffffffa0]c[0xffffff98][0xf][0xffffffd6];[0xffffff81][0xffffff84][0xffffffcc][0xffffff95][0xffffffc3]&[0x8][0xffffffbe][0xffffff96]$V[0xe]K[0xffffffcf]G[0xffffffaf][0xffffffc0][0xfffffff0][0xffffff95][0xffffffe8]sk[0xffffff8c][0x7][0x18]^<[0xfffffffa][0xffffff9e][0x18][0xffffffa6][0x0][0x5]C[0xfffffffb][0x1d][0x16][0xffffffdf][0xf]L,[0xffffffa3]34)f[0xfffffffa][0xffffffd9]H[0xffffffcc]F[0x9][0xffffffd4][0xffffff88][0x18][0xffffffb3]#[0xffffff9f][0x3][0xffffffb2][0xffffff9a][0xffffffd9][0xffffffd1]L~[0xffffff87][0xffffffff][0x3]EB[0xffffffb1](([0xffffff93][0xffffffde]5[0x5][0xffffffe4][0x11]1P[0xffffffe4][0x1b]+&7[0xffffff98]'[0xffffff85][0xffffffa6][0xffffff90]y[0xfffffffc][0xffffffab][0xffffffd3][0xffffffb9][0xffffffe3][0xffffffc4][0xffffff8d][0xffffffa6].f[0x10]qF[0xffffffb7]`C[0x7f]YF&[0xffffffa2][0xffffff8f][0xffffffdb]T[0xffffffe0][0xffffff8a][0xffffffa3][0xffffffcc][0xffffffcf][0x1e][0xffffffac][0xffffff88][0xffffffb6]Q[0xffffff9b][[0xfffffff8][0x1c][0xc][0xffffffaf]%[0xc][0xffffffcf]'[0xffffffaf][0xffffff83][0xfffffff0][0xffffffbd]-[0xffffff96] [0xfffffffc][0xffffffe8][0xffffffe4][0xffffffef][0x1][0xffffffe1][0xffffffff][0xfffffff8][0xffffffe7][0xffffffff][0xfffffffa][0xffffffff];r[0x1e][0xffffff91][0x4]%[0x1][0x0][\r][\n]"
21:15:25.927 [main] DEBUG org.apache.hc.client5.http.wire - http-outgoing-0 << "0[\r][\n]"
21:15:25.927 [main] DEBUG org.apache.hc.client5.http.wire - http-outgoing-0 << "[\r][\n]"
21:15:25.932 [main] DEBUG org.apache.hc.client5.http.impl.classic.InternalHttpClient - ep-0000000001 releasing valid endpoint
21:15:25.932 [main] DEBUG org.apache.hc.client5.http.impl.io.PoolingHttpClientConnectionManager - ep-0000000001 releasing endpoint
21:15:25.933 [main] DEBUG org.apache.hc.client5.http.impl.io.PoolingHttpClientConnectionManager - ep-0000000001 connection http-outgoing-0 can be kept alive for 3 MINUTES
21:15:25.933 [main] DEBUG org.apache.hc.client5.http.impl.io.PoolingHttpClientConnectionManager - ep-0000000001 connection released [route: {s}->https://hub.docker.com:443][total available: 1; route allocated: 1 of 5; total allocated: 1 of 25]
21:15:25.933 [main] DEBUG org.apache.hc.client5.http.impl.classic.InternalHttpClient - ex-0000000002 preparing request execution
21:15:25.934 [main] DEBUG org.apache.hc.client5.http.impl.classic.ProtocolExec - ex-0000000002 target auth state: UNCHALLENGED
21:15:25.934 [main] DEBUG org.apache.hc.client5.http.impl.classic.ProtocolExec - ex-0000000002 proxy auth state: UNCHALLENGED
21:15:25.934 [main] DEBUG org.apache.hc.client5.http.impl.classic.ConnectExec - ex-0000000002 acquiring connection with route {s}->https://hub.docker.com:443
21:15:25.934 [main] DEBUG org.apache.hc.client5.http.impl.classic.InternalHttpClient - ex-0000000002 acquiring endpoint (3 MINUTES)
21:15:25.934 [main] DEBUG org.apache.hc.client5.http.impl.io.PoolingHttpClientConnectionManager - ex-0000000002 endpoint lease request (3 MINUTES) [route: {s}->https://hub.docker.com:443][total available: 1; route allocated: 1 of 5; total allocated: 1 of 25]
21:15:25.935 [main] DEBUG org.apache.hc.client5.http.impl.io.PoolingHttpClientConnectionManager - ex-0000000002 endpoint leased [route: {s}->https://hub.docker.com:443][total available: 0; route allocated: 1 of 5; total allocated: 1 of 25]
21:15:25.935 [main] DEBUG org.apache.hc.client5.http.impl.io.PoolingHttpClientConnectionManager - ex-0000000002 acquired ep-0000000002
21:15:25.935 [main] DEBUG org.apache.hc.client5.http.impl.classic.InternalHttpClient - ex-0000000002 acquired endpoint ep-0000000002
21:15:25.935 [main] DEBUG org.apache.hc.client5.http.impl.classic.MainClientExec - ex-0000000002 executing GET /v2/repositories/selenoid/vnc/tags?page=2&page_size=1024 HTTP/1.1
21:15:25.935 [main] DEBUG org.apache.hc.client5.http.protocol.RequestAddCookies - ex-0000000002 Cookie spec selected: strict
21:15:25.935 [main] DEBUG org.apache.hc.client5.http.impl.classic.InternalHttpClient - ep-0000000002 start execution ex-0000000002
21:15:25.935 [main] DEBUG org.apache.hc.client5.http.impl.io.PoolingHttpClientConnectionManager - ep-0000000002 executing exchange ex-0000000002 over http-outgoing-0
21:15:25.935 [main] DEBUG org.apache.hc.client5.http.headers - http-outgoing-0 >> GET /v2/repositories/selenoid/vnc/tags?page=2&page_size=1024 HTTP/1.1
21:15:25.936 [main] DEBUG org.apache.hc.client5.http.headers - http-outgoing-0 >> user-agent: Apache-HttpClient/5.0
21:15:25.936 [main] DEBUG org.apache.hc.client5.http.headers - http-outgoing-0 >> accept-encoding: gzip, deflate, br
21:15:25.936 [main] DEBUG org.apache.hc.client5.http.headers - http-outgoing-0 >> cache-control: max-age=0
21:15:25.936 [main] DEBUG org.apache.hc.client5.http.headers - http-outgoing-0 >> connection: keep-alive
21:15:25.936 [main] DEBUG org.apache.hc.client5.http.headers - http-outgoing-0 >> Host: hub.docker.com
21:15:25.936 [main] DEBUG org.apache.hc.client5.http.wire - http-outgoing-0 >> "GET /v2/repositories/selenoid/vnc/tags?page=2&page_size=1024 HTTP/1.1[\r][\n]"
21:15:25.936 [main] DEBUG org.apache.hc.client5.http.wire - http-outgoing-0 >> "user-agent: Apache-HttpClient/5.0[\r][\n]"
21:15:25.936 [main] DEBUG org.apache.hc.client5.http.wire - http-outgoing-0 >> "accept-encoding: gzip, deflate, br[\r][\n]"
21:15:25.936 [main] DEBUG org.apache.hc.client5.http.wire - http-outgoing-0 >> "cache-control: max-age=0[\r][\n]"
21:15:25.936 [main] DEBUG org.apache.hc.client5.http.wire - http-outgoing-0 >> "connection: keep-alive[\r][\n]"
21:15:25.936 [main] DEBUG org.apache.hc.client5.http.wire - http-outgoing-0 >> "Host: hub.docker.com[\r][\n]"
21:15:25.936 [main] DEBUG org.apache.hc.client5.http.wire - http-outgoing-0 >> "[\r][\n]"
21:15:26.065 [main] DEBUG org.apache.hc.client5.http.wire - http-outgoing-0 << "HTTP/1.1 200 OK[\r][\n]"
21:15:26.065 [main] DEBUG org.apache.hc.client5.http.wire - http-outgoing-0 << "date: Thu, 16 Mar 2023 21:15:26 GMT[\r][\n]"
21:15:26.065 [main] DEBUG org.apache.hc.client5.http.wire - http-outgoing-0 << "content-type: application/json[\r][\n]"
21:15:26.065 [main] DEBUG org.apache.hc.client5.http.wire - http-outgoing-0 << "transfer-encoding: chunked[\r][\n]"
21:15:26.065 [main] DEBUG org.apache.hc.client5.http.wire - http-outgoing-0 << "x-ratelimit-limit: 180[\r][\n]"
21:15:26.066 [main] DEBUG org.apache.hc.client5.http.wire - http-outgoing-0 << "x-ratelimit-reset: 1679001385[\r][\n]"
21:15:26.066 [main] DEBUG org.apache.hc.client5.http.wire - http-outgoing-0 << "x-ratelimit-remaining: 179[\r][\n]"
21:15:26.066 [main] DEBUG org.apache.hc.client5.http.wire - http-outgoing-0 << "x-trace-id: 88cf90c31a7e83a2615742c778373406[\r][\n]"
21:15:26.066 [main] DEBUG org.apache.hc.client5.http.wire - http-outgoing-0 << "server: nginx[\r][\n]"
21:15:26.066 [main] DEBUG org.apache.hc.client5.http.wire - http-outgoing-0 << "x-frame-options: deny[\r][\n]"
21:15:26.066 [main] DEBUG org.apache.hc.client5.http.wire - http-outgoing-0 << "x-content-type-options: nosniff[\r][\n]"
21:15:26.066 [main] DEBUG org.apache.hc.client5.http.wire - http-outgoing-0 << "x-xss-protection: 1; mode=block[\r][\n]"
21:15:26.066 [main] DEBUG org.apache.hc.client5.http.wire - http-outgoing-0 << "content-encoding: gzip[\r][\n]"
21:15:26.066 [main] DEBUG org.apache.hc.client5.http.wire - http-outgoing-0 << "strict-transport-security: max-age=31536000[\r][\n]"
21:15:26.066 [main] DEBUG org.apache.hc.client5.http.wire - http-outgoing-0 << "[\r][\n]"
21:15:26.066 [main] DEBUG org.apache.hc.client5.http.wire - http-outgoing-0 << "2588[\r][\n]"
21:15:26.066 [main] DEBUG org.apache.hc.client5.http.wire - http-outgoing-0 << "[0x1f][0xffffff8b][0x8][0x0][0x0][0x0][0x0][0x0][0x0][0x3][0xffffffc5][0xffffff9d][0xffffffeb]n\[0xffffffb9]v[0xffffffad][0xffffffff][0xffffffe7]1[0xfffffff4]7v5[0xffffffef][0xffffff97][0x2][0xffffff82][0xfffffff3][0x12][0xfffffffe]uN[0x2][0xffffff83][0xffffffe4]"[0xffffffd3][0xffffffca]q[[0xffffff86]$[0x1b]{gc[0xffffffbf]{>[0xffffff96][0xffffffa5]*uY[0xffffffea],i[0xffffff91][0xffffffa5][0xffffffa4][0xffffffb1][0xffffffe1][0xffffffb6][0xffffffdd][0xffffff96][0xffffffa7]449/c[0xffffff8c][0xfffffff9][0xffffff8f][0xffffffab]r[0xfffffff3][0xfffffffd][0xffffffeb][0xfffffffd][0xffffffd5]^i[0xfffffff5][0xffffffe1][0xffffffea]k[0xfffffffd][0x1b]?[0xffffffbc][0xfffffffa][0xfffffffd][0xfffffffe][0xfffffffe][0xffffffdb][0xffffffdd][0xfffffffe][0xffffffb7][0xffffffdf]~[0xffffffff][0xffffff9e]w[0xffffffcb]M[0xfffffff9][0xffffffff][0xfffffff5]vWn[0xfffffffe][0xfffffff8][0xffffffed][0xffffff87][0xfffffffa][0xffffffed][0xffffffb6]~[0xffffffbb][0xffffffb9][0xffffffbb][0xffffffbe][0xffffffbf][0xffffffb9][0xffffffbd][0xffffffae]w[0xffffffbf][0xffffffdd][0xffffffd5]/[0xfffffff5][0xffffffeb][0xffffffcd][0xfffffff5][0xfffffff2][0xffffffdb][0xffffff8f][0xffffffaf][0xffffffe5][0xffffffb7][0xfffffffb][0xfffffff4][0xffffff9f]w[0xffffffff][0xffffffe7][[0xfffffffa][0xffffffcf][0xfffffffa]o[0xfffffffa][0xffffffdf][0xffffffbf][0xb][0xffffffa1]\[0xffffffff][0xfffffff1][0xffffffe7][0xffffffbb][0xffffffeb][0xffffffff][0xffffffae][0xffffffff]&[0xffffff85]2W[0x1f][0xffffffae][0xffffffbe][0xffffffdd][0xffffffd6][0x1f][0xffffffd7]7[0xffffffdf][0xffffffef]6[0x7f][0x0][0xfffffff9][0xffffffc2][0x7][0xffffffb8][0xffffffad]w[0xffffffdf][0xffffffbf][0xffffffdc][0xfffffff3][0xffffffe7][0xffffffff][0xffffffbf][0x7f]\[0xffffff95][0xffffffdb][0xffffff9a][0xfffffff8]k^[0xffffffed][0xffffffbd][0x16].[0xffffffc4][0xf]W[0xffffffd7][0xb]?[0xffffff8e][0xffffffde]y#%[0xffffffff][0xfffffff6][0x7][0x7f][0xffffffbb][0xffffff9f][0xffffffbf]3[0xffffffdd][0xffffff96][0xffffffdf][0xffffffaf][0xffffffef]k[0xffffffb9][0xffffffff]~[[0xfffffff9][0xffffffab][0xffffffa5]?[0x16][0xffffffd7][0xffffffff][0xffffffb6][0xffffff8d][0xffffffff][0xffffff9e][0xffffff9f][0xffffffe9][0x7f][[0xfffffffe][0xffffffed]G[0xffffffba][0xffffffbd]N[0xfffffffd][0xffffffd3][0xfffffff4][0xfffffff5][0xfffffffb][0xffffff97]/[0x1f][0xffffffae][0xffffff96]k[0xfffffffe][0xffffffeb][0xfffffffe][0xffffff99][0xffffffba][0xfffffffb]=)[0xffffffeb][0xfffffff6]2f[0xffffffa9]$Q[0xffffff9b][0xffffffea]ck[0xffffffb6][0xffffff88][0xffffffdc]j[0xffffffd5][0xffffffbe]Z[0xffffffad][0xffffff9c][0xffffff91]*[0xffffff98][0xffffffa5]&~=[0xffffffc5][0xffffff90]J[0xfffffff3]>[0xffffffd6]%X[0xffffffa5][0xffffffab][0x17]2[0xffffff85][0x1c][0x5][0x1f][0xffffffe1][0xffffffa6][0x7f][0xffffffa4]/[0xffffffd7]_[0xffffffbf][0xffffffff][0xffffffed][0xfffffff0]/[0xffffff9f][0xffffffff][0xfffffffc][0xfffffff1][0xfffffff9][0xffffff89][0x1f][0xfffffff5][0xfffffff6][0xffffffee][0xfffffffa][0xffffffe6][0xffffffeb][0xffffffe3]_[0xffffffa1][0x7f]f[0xffffffaf][0xfffffff6]Z[0xb]/[0xffffffa3]q[0xfffffffa][0xffffffc3][0xffffffd5][0xffffffdd]=[0x7f][0xffffffe1][0xfffffffe][0xffffff87][0xffffffa4]r[0x7f][0xfffffffd][0xffffffa3][0xfffffff2][0xffffffa7]|Iw[0xfffffff7][0xffffff9f][0xffffffbf][0xfffffff1][0x17][0xffffffae][0xffffffc4]~[0xffffffa5][0xffffff84][0xffffffd2][0x1f][0xffffff85][0xfffffffe]([0xffffffdd]')[0xfffffff7]B[0xffffffed]u[0xffffffd8][0x5]c[0xffffffa2][0x9][0xffffffff][0xfffffff7][0xfffffff4]{[0xffffffef]~[0xffffffef][0xffffffbf][0xffffffb7][0x7][0xfffffff9][0xffffffcf][0xffffffff]x[0xfffffff8][0x3][0xffffffbe][0x7f][[0xffffffd2][0xfffffffd][0xffffffc3][0xffffff9f] [0xffffffe3]G[0xffffffa9]>J[0xfffffffd]I[0xffffffaa][0xffffffbd][0xffffffb4]{ew1[0xffffffc4]([0xfffffff4][0xfffffff1]O[0xfffffff8][0xfffffff9][0xffffff9b][0xffffff9f]|[0xffffffda][0xf][0x7f][0xffffff87][0xffffff87][0xffffff9f][0xfffffffd][0xfffffffc][0xfffffffd][0xffffffae][0xffffffde]~M[0x7f][0xfffffff4]O[0xfffffff3][0xffffff8f][0xfffffff4][0xfffffff5]:}[0xffffffbb][0xffffffb9][0xfffffff9][0xffffff9d][0xffffff8f][0xfffffffd][0xfffffff0]S[0xffffffed][0xfffffffa][0xffffffb6][0xffffffb6][0xffffff9b][0xffffffbf]}[0xfffffff6]r[0xffffffd7]?!G[0xffffffa8][0xfffffffd][0xfffffffd][0xffffff8a][0xffffff8f]%5[0x1f][0xffffff89][0xffffffaf][\n]"
21:15:26.066 [main] DEBUG org.apache.hc.client5.http.wire - http-outgoing-0 << "[0x7f][0xffffffb3][0x3][0xffffffa8][0xfffffffe][0x14][0xfffffffa][0xf]u[0xffffffb5][0xffffffbf][0xffffffbf][0xfffffffd]^?\[0xffffff81][0xffffffc2][0xffffffcf][0xffffffbf]~"[0xfffffffa][0xffffffcf][0xffffffbe][0xffffffe6][0xffffff93][0xfffffff1][0xffffffe4][0xfffffff7][0xffffffff][0xfffffffc][0xffffff84][0xfffffff0][0xffffffc9][0xfffffffb][0xffffffab][0xffffffd0][0xffffffff][0xffffffa8][0xffffffcb]u[0xfffffffa]|[0xffffffff][0xfffffff7]o[0x7][0x0]}[0xfffffffb][0xfffffff6][0xffffffe5][0xffffffba][0xffffffa4]{[0xffffffbe]V|c,[0xffffffa7]o[0xffffffa0][0xffffffaf][0xfffffff7][0xffffffe9][0xfffffffa]+[0xffffffdf]J[0x7][0xffffffec][0xffffffed]~[0xffffffc8][0x7f][0xfffffffd][0xffffffaf];[0xffffffbe][0xffffff9c][0x1f][0xfffffff8][0x6][0xfffffffc]z_[0xffffffbf][0xffffffde]?[0xfffffffe][0xfffffff7][0xffffff87]_[0xffffffbe][0xfffffffa][0xffffffe7][0xffffff87][0xffffff97]0[0xffffffec][0xffffffbc][0xffffff93]*[0xfffffff2][0xffffffcd]:[0x18][0xffffffc3][0xffffffb5]V[0x1b][0xffffff8d][0xc][0xffffffb9]Y[0xffffffe5][0xffffffc1][0xffffffb3][0xffffffce][0xffffffc2][0xffffffbb]V\.j[0x11][0xffffffb6].6+[0x1f][0xffffff8c][0xf][0xffffff8b][\n]"
21:15:26.066 [main] DEBUG org.apache.hc.client5.http.wire - http-outgoing-0 << "J[0x5][0xffffffeb][0xffffff84][0x9]2[0xffffffb4][0x14]U[0x14][0xffffffc1]T[0xffffffb3][0xffffffbc][0x1d][0xffffffc3]N([0xffffffa9][0xffffffb5][0x13][0xffffffaf][0xffffffc0][0xffffffb0][0xffffffe9][0x8][0x14]bo[0xfffffffd][0xffffffce][0xfffffff0][0xffffffd7]5[0xfffffff1]u[0x18][0xffffff96][0x1f]e[0xfffffffc]$[0xffffffdc]^[0xffffff8b][0xffffffbd]1;'[0xffffffac]|[0xfffffff2]][0xffffffb0][0x5][0xffffffc3]7[0xffffffdf][0xffffffea]m[0xfffffffa][0xffffffec][0xffffffec]:[0x4][0xffffff9f][0x2][0xffffffdf][0xffffff80][0xffffffe0]g?[0x15]/![0xfffffff8][0xffffffa5][0xffffffc0]/[0xffffff8a]`[0xffffffed][0xffffff82][0xffffffd5][0xffffffb6][0xffffffe7][0xffffffe4][0xffffffb1]Yx[0x9]1[0xffffff99][0xffffff90][0xffffff92]i",[0xffffffd6]UoBk[0xffffffc6][0xffffffc7][0xffffffc5][0xffffff89][0x16][0xffffff83]I[0xffffffd1]WW[0xffffffab]q))[0xffffff91]cJ>[0xffffffc7][0xffffffa8]l[0xfffffff4][0xffffffd9][0x1b][0xffffff9d]r[0xffffff8a]oG[0xffffffb0][\r][0xffffff91][0x4]e_[0xffffff83][0xffffffe0][0xffffff9f]YX[0xffffffef][0xffffff85][0xffffffdd][0xffffffc9][0xffffffa8][0xffffff9c]:[0xffffffe5][0xffffffd0]o[0xffffffdf]Wda[0xfffffff9]Q<[0xffffffe6]q#wF[0xffffff85]`[0xffffffe5][0xffffff90],\~[0xffffffbf][0xffffffbd][0xfffffff9][0xffffffa3]~[0xfffffff6]a[0x1d][0xffffff84]O[0xffffff91]o[0xffffff80][0xfffffff0][0xffffffb3][0xffffff9f][0xffffff8b][0xffffff97]![0xfffffffc]|[0xffffffe4][0x17][0xffffff85][0xffffffb0]!7[0x6][0xffffffed][0xffffff87]C[0xffffffd8][0xffffff92]w[0xffffff8b][\n]"
21:15:26.066 [main] DEBUG org.apache.hc.client5.http.wire - http-outgoing-0 << ")[0xfffffff3]-[0xffffffe2][0xffffffe4][0xffffffb2]x[0xffffff97]js[0xffffffb9]j[0xffffff91]\[0xffffffb3][0xb][0xffffffbf][0x16][0xffffff83][0x4][0xffffffaf]!/[0xffffffd2];[0x15][0x16][0xffffffb3]Xm[0xffffff84]J&Y[0xffffffef]t[0xffffffda][0x4]a[0xffffffcd]3Km[0xfffffff4][0xffffffeb][0xfffffffb][0xfffffff9][0xffffffc2][0xffffffdb]i[0x1f][0xffffff92][0xffffffb0][0xfffffff6][0x14][0x12][0xffffffd2][0xffffff87]W&a[0xfffffff1]Q[0xffffff85]OT[0x11][0xfffffffc]#[0xffffffcc]N{o[0x7][0x15][0x12][0xf]I[0xffffffd8][0xffffffac]F[0xfffffff0]C[0xffffffe0][0x1b][0x10][0xfffffffc][0xffffffec][0xffffffa7][0xffffffe2]%[0x4][0xffffffbf][0x14][0xfffffff8]E[0x11]L[0x12]VAS7[0xe]N[0xffffffc2]@2[0xffffffb5]Z|[0xffffffb2]K[0xffffff92][0xffffffca]Y[0x13]}[0xffffff92]Uz[0xffffff9f]U[0x12])9_[0xffffff8a]S[0xffffffc5][0xffffffb9][0xffffff9a][0xffffff92][0x10]1[0xffffffe5]h[0xffffffb3][0xffffffe5]W[0xffffff82][0xffffffa3][0xffffffc0][0xffffffab]Y[0xfffffff7][0xffffffba][0xfffffff5][0xffffffcd][0xffffffa5]0[0xffffffef]8[0xffffff89][0xfffffff4]u[0x8][0xffffffb6]{[0x1d][0xfffffff7][0xffffffca][0xffffffed][0xffffffa4][0xffffffb3]6[0xffffff98][0xffffffd7][0xffffff95][0x11]|![0xf][0xffffffaf][0xffffffaf][0xffffffa5][0xffffff8c][0x8];[\n]"
21:15:26.066 [main] DEBUG org.apache.hc.client5.http.wire - http-outgoing-0 << "z[0x11][0xfffffffd][0xffffff90]$|,[0xffffff85][0xffffffc5]:[0xc]k[0xfffffff1][0x18][0xfffffffa]6[0xc][0xffffffff][0xfffffffa][0xffffffc9][0xfffffff8][0xb][0xc]?[0x1b][0xfffffffa]%1[0xffffffec][0xffffffa2]2[0xffffff9a]48[0x1c][0xffffffc3][0xffffffb2][0x15][0xffffffdf]l[0xffffffcd][0xffffff82]zX[0xffffff94][0xffffffd2][0xffffff9c][0xffffffcd]:[0x18][0xffffffed]s[0xffffffa5][0xffffffde]m[0xffffffba]8![0xffffffc4]b[0xffffffc1]ln[0xffffff8b][0xffffff8d][0xffffffcd][0xffffffd0][0xffffffcc][0x9][0x0]o[0xffffff8d]-[0xffffffa6][0x4][0xffffffe9][0xffffffdf][0xffffff8e]a+[0xffffff95][0xffffff96]:[0xffffffbc][0x6][0xffffffc3][0xffffffc7][0xfffffffa]/[0xffffffec][0xffffff8c][0xffffffb7][0xfffffffc]=_[0xffffff85]aAGG[0x16][0xffffff96]{I1M)Lm?[0xffffffb6][0x14][0xffffffd6][0xffffffeb][0x10]|[\n]"
21:15:26.066 [main] DEBUG org.apache.hc.client5.http.wire - http-outgoing-0 << "|[0x3][0xffffff82][0xffffff9f][0xfffffffd]T[0xffffffbc][0xffffff80][0xffffffe0][0x17][0x3][0xffffffbf]([0xffffff82]C[0xffffff90]N:3[0x1c][0xffffffc1]@[0xffffffd5]P[0xf],B-[0xffffffa6]PE[0x14][0xffffffd0]*[0x13][0xffffffb5][0xffffffb0]6[0xffffffc1]6[0xffffffea]M][0xffffffaa])[0xffffffca]V[0xffffffaa][0xffffff8c]hr`[0xffffff88][0xffffffe1]ki[0x14][0xffffffc3]F[0xffffffd9][0x16][0xfffffff4][0x6][0x4][0xffffffbb] $[0xffffffc9][0xfffffff4][0x15]Y[0xffffff98][0xfffffff2]O[0xffffffef]-[0xffffff85][0x0]u[0x4][0xffffff9d][0xffffff98]x=[0xffffff82]uo[0xffffffe6][0xffffff8c]d[0xffffff88][0xffffffb5][0xffffffb3][0xffffffd4]Cfl)[0xffffffec]WB[0xfffffff8][0x18][0xfffffff9][0x6][0x8]?[0xfffffffb][0xffffffb9][0xfffffff8][0xb][0x8]?[0x1b][0xfffffff9]e![0xffffffac]][0xffffff8c]~|![0xffffff91][0xffffffb5]`[0xffffff98][0xffffffa6][0xffffff93]+[0xffffff91][0xffffffd1][0xffffffc4]b\6Q[0xffffffc6][0xffffffc8]x"[0xffffff87]lAu[0xffffffd1][0xffffffb2]he[0xffffffb2]NfYR[0xffffffa4][0xfffffffd][0xffffffd2]-[0x2]a[0xffffffca][0xffffffe2][0xffffffb2][0xffffffa8]M35[0xffffffcb][0xffffff88][0xffffffce][0xffffff86]WAXP[0xffffffc5]R[0x6][0xfffffff8][0xffffff9d]R[0xffffff8a]4[0xfffffffc][0xffffffda]$,[0xffffffe2]'[0xffffffc9]<"[0x1e][0xfffffffe][0xffffff84][0x10][0xffffffc3][0xffffffd8][0xffffff91][0xffffff9a][0xffffff8b][0xffffffeb] [0xffffffac][0xffffffc5]c[0xffffffe4][0xffffff9b] [0xfffffffc][0xffffffcc][0xffffffe7][0xffffffe2]e[0x8]?[0x1b][0xfffffff9]E[0x11]lH[0xffffff8a]:[0xffffffd0][0xffffffbc][0xf].[0xffffff85][0xffffff8b]][0x14][0xfffffff5][0xffffff82]/V[0xffffffb6][0x1c][0xffffffbd][0x14][0xffffff8b]s-T[0xffffffe7][0xffffff97][0xffffffda]2[0xffffffbd][0xffffff9b]KZ[0xffffffc7][0xffffffd4][0xffffffc8][0xffffffd0]!01f[0xffffff8e]Z[0xfffffffc][0xffffffb2][0x14][0xffffffe9][0xffffffb2]/[0xffffffa2][0xffffffe5][\r][0x8]v[0xffffffb4][0xffffffa7]B[0xffffff8b][0xffffffd7]5sB[0xffffffef][\r][0xfffffff3][0x8][0xffffffa6][0x9]Nj[0xfffffff7][0xffffffca]$[0x1c][0x18]-[0x7f][0x12][0xffffff81]:x[0xffffffaf][0xffffffe5][0xffffff8e]FR[0xffffffe9][0xffffffd3]\y[0xffffffc0]DM[0xffffffad][0x3][0xfffffff0])[0xfffffff0][\r][0x0][0xffffffb6][0xffffff9f][0xffffff9e][0xfffffff9]T[0xffffffbc][0x4][0xffffffe0][0xffffff97][0x2][0xffffffbf],[0xffffff82][0xffffffa5]g[0xffffff84]4[0xffffffbe][0x10][0x16][0xffffffc2][0xffffff97]Z3K[0x13]Q[0xffffffbc]X[0xffffffbc][0xfffffff1][0xffffffd9][0xffffff99][0xffffff94][0xffffff9a][0xffffffd2][0xffffff94][0xffffff9a][0xffffffc6][0xfffffff0]K[0xffffffb1][0xffffff98][0xffffffc5]k[0xffffffc3]T"5I[0xffffffcf][0x17][0xffffff99][0x14]Wc[0xffffffb2]`[0xfffffff2][0xffffffd6]64s[0xffffff96][0xffffffd2][0xffffff9e][0xffffff92][0xfffffffb]5[0x8][0xffffffe6][0xffffffe9][0xffffff8c]=[0x7][0xffffffb3][0xffffff95][0xffffffa0][0x1f]r[0xfffffff1]T[0x4][0xffffffac][0xffffff99][0xffffffa8][0x9][0xffffffbe][0xffffff90][0xffffffb2][0x17][0xffffffc2][0xffffffca][0xfffffff7]f[0xffffff8e][0xffffffd6][0xfffffff8][0xffffffe9]Ln[0xb][0xffffff82][0x1f]'jn[0x1d][0xffffff84]O[0xffffff91]o[0xffffff80][0xfffffff0][0xffffffb3][0xffffff9f][0xffffff8b][0xffffffbf][0xffffff80][0xfffffff0][0xffffffb3][0xffffff91]_[0x14][0xffffffc2]<[0xffffffed]J[0xffffffc5][0xfffffff1][0xffffffab]9Z5-[0xffffffb4][0xffffff8a][0xc][0xffffffd1][0xffffffbc]o[0xffffffa1][0xfffffff5]jX[0xffffff94][0xffffffca][0xfffffff0][0x1][0xffffff90]0V[0xb]U+[0xffffffd5][0xffffffe8][0xfffffff8][0xffffffa4][0xfffffff4]l-u[0x8][0xfffffffc]V[0xffffffd6]jvYX[\n]"
21:15:26.066 [main] DEBUG org.apache.hc.client5.http.wire - http-outgoing-0 << ",[0x1b][0xffffff92][0xffffffb0][0xffffff8a][0xffffff91][0xffffffed][0xffffff9c][0xffffffa6][0xffffffb8]_=Q{[0x1c][0xffffffe9]*[0xffffffb1][0xffffffb3][0xffffffce]x[0xffffffe3]^WFx[0xffffffb6]s[0xffffff9f]h[0xffffffe4]H[0xffffffe3][0xffffffc6][0xffffffee][0xffffff94][0xffffff93][0xffffffa3]&j[0xffffff8f][0xfffffff3][0x8][0xffffffb7]r*|[\n]"
21:15:26.067 [main] DEBUG org.apache.hc.client5.http.wire - http-outgoing-0 << "}[0x1b][0xffffff86][0xf]{[0xffffffca]?}2^[0xffffffc2][0xfffffff0]K[0xffffffa1]_[0x12][0xffffffc3]60[0xffffff85]a[0x8]4[0xffffffbc][0xffffff90][0x8].[0xffffffba]ea[0xffffff8f]]Z[0xffffffd5][0x15]`[0xffffffda][0x5][0x4][0xffffffd7][0xffffffcc][0xffffff94]-[0xffffffdb][0xffffffb8][0xffffff98][0xffffffbc],L,[0x16][0xffffffc3][0xffffffba]9[0xffffff8a]l[0xffffff93]e[0xffffff9f]A:[0xffffffd6][0xffffffd5][0xffffffd2][0xffffffce]Q[0xffffff9c]o[0xffffffe8][0xffffffe6]$[0xffffffb3]f/[0xffffffd8][0xffffffd5][0xffffffbc][0x12][0xffffffc3][0x14][0x12]qg[0xffffffa4][0xffffff89][0xffffffce][0xffffffbe][0x16][0xffffffc3][0x2][0xc]3[0xffffff8f][0xfffffff0]{[0xffffffcb]D[0xffffffc3]2[0xffffffdf][0x19][0xffffffdb][0xffffffcd][0xffffffad][0xffffffdc][0xffffffcd][0xfffffff1][0xffffff81][0x1f]"[0xffffffdf][0xc][0xffffffe1][0xffffffb3][0xffffffcf][0xffffffc5][0xffffffcb][0x10]~>[0xfffffff2][0xffffff8b]B[0xffffff98][0xffffffac]C)1~[0xffffffb1]Q[0xffffff81]$[0xffffffd5][0xffffff83][0xffffffb4][0xffffffb4]s[0xffffffb6]i[0xffffffa5][0x19][0xffffffb7][0xffffff96][0xffffff92][0xffffffc8][0xffffffc9][0xffffff8b]mI[0xffffffb0][0xffffffc4][0xffffff95]Y[0xffffffe7][0xffffffa5]y[0xffffffcb][0xffffffb0][0xffffffad][0xffffffc2][0xffffff97]([0xffffffd6]3[0x1f]n%[0xffffffba][0xffffff98][0xffffffad][0xffffffdc][0xffffffb0][0xffffff9b]S^[0xffffffd2][0xffffffa0][0x6]B:B[0xfffffff8][0xfffffffa][0xffffffeb][0xfffffff3][0x1c][0xffffff89][0xffffff9f][0xffffffe4][0xffffff8e][0xffffff87]m[0xffffffc7][0xffffffff][0xffffffbe][0xffffff84][0x13][0xfffffff6][0xffffffa3]R[0xffffff9f][0xffffffc4][0xffffffa1][0xffffffe8][0x10]Lj[0xffffffa5][0xffffffb5]qp[0xffffffdf][0xffffffb6]r[0xfffffff4]p[0xffffff8a][0xfffffff1][0x5][0xffffffb0]>[0xffffff89][0xfffffff8][0x9][0xfffffffc]~2C~F[0xfffffffd][0x12]*_[0xffffff8a][0xfffffff1][0xffffffa2][0xffffffa8][0xffffffa4][0x14][0xffffffb4][0xffffffc1][0xffffff8f][0x1f][0xffffff93]%MU[0x1b]5C[0xffffffb8]X[0x1d]c[0xffffffb1]V[0xffffff9d]][0x2]l[0xffffff9e][0xffffffdc]"c[0xffffff87][0xffffffa4][0xffffff8c][0x1][0xffffff9b][0xffffff8b]v[\r][0xffffffa0]fW[0xffffff94]NVEF[0x12]B[0x9][0xffffffba][0xffffffb6][0xfffffffc][0xfffffff6][0xffffffc4]j[0xffffffa0][0xffffffcd]P[0xfffffff0]<-[0xe][0xffffffc6][0xffffffa1]R[0xffffffb2][0xffffff8e][0xffffffd2]{M[0x6]5;[0x1f][0xffffff94]q[0xffffffa7]:bD![0xffffffbb]r[0xffffffb1]v[\n]"
21:15:26.067 [main] DEBUG org.apache.hc.client5.http.wire - http-outgoing-0 << "q[0x2]([0xffffff9f][0xf][0xfffffff1][0xffffffb2][0xffffffa0][0xffffffd4][0xffffffd2]A.[0x1b][0xfffffffe][0xffffffda][0xffffffb3][0xffffffd7][0xffffffcd]M[0xffffff85]J[0xfffffff9][0x18][0xffffff9d][0xffffff88]q[0x9]5x[0xffffffd5][0xffffff92][0xffffffca],[0xffffff84][0xb][0xffffffdf][\n]"
21:15:26.067 [main] DEBUG org.apache.hc.client5.http.wire - http-outgoing-0 << "[0xffffffa5]E[0xffffffe9][Q[0xffffffb2][0x16][0xffffffd5][0xffffffa0][0xffffffe1][0xffffff90]<YT$[0xffffff98][\r][0xffffffc1]d[0xffffffa3][0xffffffde][0xe][0xffffffca][0xffffffc8][0x1f] [0xffffff82]z[0xffffffda]t[0xffffff8d][0x2][0xffffffa5][0xfffffff9][0xffffffa8][0xffffffe8]1:[0xffffffe9]lo[0xffffffe9][0xffffffe5][0xffffffc9][0xfffffffe]b[0xffffffcc][0xffffffb3][0xfffffffe][0xffffffb0][0xffffffec]][0xffffffb9](;E8[0x1c][0xffffff93]/ExQLJ[0xffffffb8][0xffffff96][0xffffffb0][0xffffffc3][0xffffff86]c2&[0x19][0xffffff97][0xffffffa6][0x1c][0x19]1[0xffffffa5][0xc][0xffffffe8]`;j[0xffffffeb]Cq[0xffffff8c][0xffffffce][0xffffffa4][0xffffffc9]E[0xfffffff3]j[0xfffffff3][0xffffff82][0xffffffd3][0xfffffffb]'[0x19][0x14]S[0xffffff82]Vm5[0xffffffca][0xfffffff8][0xffffffb6]h[0xffffffbd]%Q:[0xffffff96][0xfffffff3]&[0xffffffaa][0x19][0xffffffcf][0xffffffb7][0xffffffee][0x4][0x4][0xffffff9e]oV[0xf][\n]"
21:15:26.067 [main] DEBUG org.apache.hc.client5.http.wire - http-outgoing-0 << "[0x1e][0x19][0x13]_;fful[0xffffff97]V[0xffffffb6][0xfffffffc][0xffffffa7][0x18][0xffffff87][0xffffffa3][0xfffffff2][0xffffffa5][0x18]/[0xffffff89]J[0xffffff9a][0x0]a[0xffffffc8]d[0xffffffc3]Q[0xffffffd9][0xffffffa2]PLR![0xffffffc6][0x18][0xffffffb5][0xffffffb4] [0xffffffe1][0xffffffc4]H[0xffffff96]O[0xffffffc2]H:[0xffffffa2][0xffffff94][0xffffffe8][0xffffff93][0x4][0xfffffff4][0xffffffd4]Xri[0xb][0xffffffb4]I[0xffffffd3][0xfffffffc][0xffffffa2]d`[0xffffffa2][0x15][0xffffffda][0xffffff81][0xffffffad][0xfffffffb][0xfffffff6]L[0x19][0xffffffa8][0xffffff91][0xfffffff9]8sP[0xffffffd9][0xfffffff9][0xffffffb5]no%/[0xfffffff8][0xffffff8e]o3r[0xffffffd6][0x10]R[0xffffffc1][0xffffffe3][0x1c]j[0xffffffe5]F[0xfffffff6][0x14][0xffffffe2][0x4]P>[0x1f][0xffffffe2]EAy[0xffffffe8][0xffffff8d][\r]K[0xffffff9e][0xffffffc1]S[0x7f][0x3]A@[0xffffffc2][0xffffffde][0xffffffd6]<[0xffffffe0][0xffffffa5][0xffffffc1][0x1e][0xffffff80][0xffffffeb]][0xfffffffd][0xffffffc2][0xc][0xffffffaa][0xfffffff9][0xffffffe4][0xffffffa4]pL[0xffffff9b][0xffffffa4][0xffffffcd][0xffffffc2]e>[0xffffffbc][0xffffffc8][0xb][0xffffff85]g#[0xffffffc5][0xffffffb1]y1[0xffffff89][0xfffffffe]hC[0xffffffb3]N&[0x16][0xffffffb4][0xfffffffe]O[0xffffff9b][0xfffffff5]Q[0xffffffcf]7[0xffffffcc]q[0xffffffff]I[0xffffff9a][0xffffffbd][0xffffffa5][0xffffffac][0x14];[0x16]\[0xffffff83][0x1a][0xffffff9d]GL[0xffffffae][0x1c][0xffffffef][0xffffff9f]"[0xffffff9c][0xffffff80][0xffffffc9]g#[0xffffffbc],$m[0xc]P[0xfffffff2][0xffffff87]CR[0xffffffd2][0xffffffd1]T[0xffffff96]KP`[0xffffff8b][0xfffffff0]VZ[0xffffffda]l/H[0xffffff9c][0xffffffbe]H6[0xffffffee]y[0xfffffff1][0xffffffde][0xffffffb3]p[0xffffffca][0xffffffda][0xffffffba][0x1c]5[0xffffffec]Y[0xffffffbf]8[0xffffff98][0xffffff85][0xffffffaa][0xffffff96]*[0x4][0xfffffffb][0xffffffd6][0xffffffb7][0xffffffe7]I[0xffffff86][0xffffffba][0x1e]>[0xffffffc0]S6[0xffffffc0](H[0xffffffaa][0xffffff8f][\n]"
21:15:26.067 [main] DEBUG org.apache.hc.client5.http.wire - http-outgoing-0 << "H2[0xffffffee][0xffffffe7][0x1][0xfffffff7];V[0x13]R[0xffffff8e][0xffffffac]([0x19]>[0xffffffad]R![0xffffff9c]"[0x1c][0xe][0xffffffc9][0xffffff97]"[0xffffffbc],&#[0x13][0xfffffff4]0~.[0xffffff9f]s [0x17]R([0x16][0x17][\r]8+[0x5]>-[0xfffffffc][0xffffffc0]Z[0xffffff8c][0xffffffa3][0x12][0xffffffcb][0xffffff8e]r[0xffffffd2]*[0x1a][0xffffff9e][0xffffffcc]B[0xffffffbd]0[0xffffffc2][0xffffff87][0xffffffd8][0xffffffbd][0xffffffb8][0xffffffe6][0xffffffa1][0xffffffc0][0xffffffc2]R[0xfffffff1][0x1b][0xffffffe6][0xfffffff2][0xffffffae][0xffffff93]]X[0xf]M[0x18][0x8][0xffffffa9][0xffffffc3][0xe][0xffffff89][0x1c][0x9][0x1b]E[0xffffffed][0x2][0xfffffffc][0xffffffb1]1O[0xfffffff7][0xffffffb1][0xffffffa0]\9[0xffffffbc]<[0xffffff85]8[0x1][0xffffff94][0xffffffcf][0xffffff86]xQL[0xffffffb2](R[0xc][0xffffff84][0xffffff86][0xffffffe7]I'[0x2]D[0xffffffea]F:[0xffffffd4][0xffffff82]Z[0xffffff92][0xfffffffc][0x17][0xffffff96][0xffffffce]7[0xfffffff1][0xffffff9a][0x7f][0xffffff98][0x13]I[0xffffffc5][0xffffffb3][0xe];[Jh[0xffffffd7]$J%z[0xfffffff3][0xffffffc3][0xffffffda]S[0xfffffff9],l[0xffffffde][0xffffffc0][0xffffffbe][0xffffff86][0xffffff85]E[0xffffffa6][0xffffffec][0xffffffd5][0xffffffc8][0xfffffff0]!%J[0x1][0xffffffb8]%`[0xffffff92][0xffffffa5]P[0xffffffe8]4W6[0xffffffb7]C[0xffffffea][0xffffffc9]#(W[0xffffffce][0xffffff83]N1[0xe][0x7][0xffffffe5]K1^[0x14][0xffffff95][0xffffffd2][0xffffff92][0xffffff99][0xfffffffa]S7[0xffffffb8][0xffffffa0]\h[0xffffffe8][0xffffffe9][0xffffffa2]E3[0xffffffd2]9[0xffffff92]a[0x2][0xffffff94][0xffffffbd][0xffffffbd]6[0xffffffb2]@[0x1b][0xffffffb1],5[\r][0xffffffa4]'[0xffffff98]}[0xffffff91][0xffffffff]-[0xffffffd5][0xffffff93]@![0xfffffff6]A+a[0x7f][0xffffffd8]5[o[0x7f][0xffffffbd][0xffffffbb][0xffffffca][0xffffffc1][0xfffffff3][0x11]G[0xffffffa3]2t[0x15][0xffffffa1][0xffffff80]f[0x11][0xe][0xffffffe4][0x7f][0xffffff96][0xffffff9d][0xffffff88][0x13][0xffffff9f]p[0xffffffa6]F[0xc])W[0xffffff8a][0x8]O![0xffffff8e][0x5][0xffffffe5]_[0xffffff84]xaP[0x2]K=>UBf[0xffffffca]][0xffffffda][\n]"
21:15:26.067 [main] DEBUG org.apache.hc.client5.http.wire - http-outgoing-0 << "[0xffffffd8]xJ[0xffffffd9][0xffffff98]7[0xffffffdb]r-[0xffffff99]nF1[0xffffffdd][0xfffffff3][0xffffffe8]SXJ[0x4][0xffffff88]M[0xe][0xffffff91]`K[0xffffff88][0x9][0xffffffa1]5[0xffffffc7]d3[0xffffffef]yk[0x1b][0xffffffba][0x1c][0xffffffeb]%[0xffffff8a][0x17]?[0xf][0xffffff94][0xffffffa4]J[0xffffffb8][0xffffffa8]q[0xffffffe7][0xffffffa3]c[0xffffffcc]5$U[0xfffffffe][0x1c]RR[0xffffffa6][0xffffffae]*)O[0x11]N[0xffffffc2][0xffffffe4][0xffffffaf][0x11]^[0x12][0xffffff93](}[0xffffffc8]L[0x13][0xfffffff8]vh[0xfffffffb][0xffffff8c][0xffffff82][0xffffffce]Q[0x17][0xffffff97][0xfffffff9]G[0xffffffb4][0xffffff82]^[0xffffff95][0xffffffc4]i[0x1d][0xfffffff5][0xffffff9e][0xffffff86][0xffffff8a]W[0x12]Z[0xffffff94][0xffffffe8][0xffffffbc]`[0xffffffd7][0xffffffc3][0xffffffa2][0xffffff91][0xffffff95]#[0x14]&[0xffffffd7](pU[0x10]E[0xffffffbe]=QR[0xffffffe9]Ev[0xffffffdd][0xffffffc3][0xffffffdb][0x1c][0xffffffb2][0xffffff88][0xfffffffc][0xffffffa8]E[0xffffffe7][0xffffffa3])[0xffffffd8][0xffffffa1][0xffffff8e]6[0x7]^[0xffffffc8][0xffffff98][0xffffffe7][0xfffffffb][0xffffffb1][0xfffffff5]^99?[0xffffff85]8[0x1c][0xffffff94]/[0xffffff85]xQP[0xffffffb2]^T[0xfffffff0][0xffffff81][0xffffff86][0xffffffbf][0xffffffde]H[0xffffffa3][0x19]G[0xffffff92][0x5][0xffffffe1][0xffffffd9][0xb][0x4]}lh[0xffffff8a][0xffffff93][0xffffffb2][\n]"
21:15:26.067 [main] DEBUG org.apache.hc.client5.http.wire - http-outgoing-0 << "D[0xffffffa8][0xffffffba]i[0x6][0xffffff97][0xffffff85]=`[0xffffffdf]92[0xffffff8e][0xffffffaa][0xffffffa5]X[0xffffffcd];[0xffffffdf]X,[0xffffffc9][0xffffff9c][0xffffff93][0xffffffd8][0xffffffa2]%[0xffffff81][0xfffffffe][0xffffffe3][0xffffffb5][0xffffff94]O[0xffffffb5]$Czo@)[0xe][0xffffffa0][0xffffff8c][0xffffffbd][0xffffffcf][0xffffffb1]n[0xffffffe7][0xffffffe0][0xffffffea]=a[0xffffffdb]my[0xffffffbd][0xffffff8f]5[0xffffffe5][0xffffffca]![0xffffffe5])[0xffffffc6][0xffffffe1][0xffffffa8]|)[0xffffffc6][0xffffff8b][0xffffffa2][0xffffffd2][0xffffffa0])[0xffffff82][0x10]8[0x1c][0xffffff95]2[0xffffffc2][0xffffffa1][0xffffffcf][0xffffff87][0xffffffa9][0xf]d"[0xffffffc1]":[0xffffff99][0xffffffc3][0xffffffb3][\n]"
21:15:26.067 [main] DEBUG org.apache.hc.client5.http.wire - http-outgoing-0 << "[0xffffffd9][0x13][0xffffffa3][\n]"
21:15:26.067 [main] DEBUG org.apache.hc.client5.http.wire - http-outgoing-0 << "Xp)A[0xffffffbf][0xc][0xffffffa9]S'[0xffffff90][0xffffff92]Xd[0xffffffff][0xffffff95]Mc[0xffffffa2][0xffffffeb][0xffffff89][0xc][0xffffffbe][0xffffffdf][0xffffff9e]*[0xffffffa9]([0x5][0xffffffc4][0xffffffba][0xffffffa7]R[0xffffffe9]q[0xffffffa8][0xffffffec]5[0xffffffe5][0xffffff81][0xffffff8e][0xffffffd1][0xffffff9f]o[0xfffffff8]oQ[\r]y[0xffffffbe][0x1f]R[0xffffffe5]Z[0x16][0xfffffffd])[0xffffffc4][0x9][0xffffffa0]|>[0xffffffc4][0xffffff8b][0xffffff82][0xffffff92][0xffffffb7]T[0xffffffc8][0x9]#[0xffffffa1][0xffffff96][0xffffffd8][0x15][0xffffffba]j[0x5][0xffffffb9][0xffffff90]<[0xffffff89]B[0x14][0xffffffb6]&[0xffffffc3][0x1a][0xfffffff4][0x1c]FQF[\n]"
21:15:26.067 [main] DEBUG org.apache.hc.client5.http.wire - http-outgoing-0 << "v:Y[0xffffff95][0xffffff90]D[0xffffffa5][0x15][0xffffff8f][0x1a][0xffffffff][0xffffff94]P[0xffffffbc][0xffffff86]a[0xffffffcf][0xffffffa2]Q[0xffffffc5][\r]cJ[0xf][0x19][0xffffff83][0xffffffd6]mx[0xfffffffb][\r][0xffffffa7]8[0x1e][0xffffff96][0xffffff8c]l[0xffffffbd][0x3][0xffffff93][0xffffffca][0xffffffde]~K=F#[0xfffffffa]PS[0xffffffae]\1[0xffffff9e]"[0x1c][0xffffff8d][0xffffffc9][0x17]#[0xffffffbc](&[0xffffffd9]{[0x4][0xffffffde][0xffffffd1][0xffffffe1][0xffffff89][0xffffffb2][0xffffff96][0xffffffb4]T[0x19]av[0xffffffa1][0x7][0xffffff85][0xffffffd7][0xffffffce]"[0x11][0xffffffaa][0xffffffbb][0xffffffac][0xffffff81]R[0xffffffb2][0xffffffda]%'Yh[0xffffffc8]+[0xffffffed]7\[0xc][0xffffffeb][0xffffffe8][0xffffffd3][0xffffffe1]gTV[0xffffff8d][0x1a]~f[0x10][0x1b][0xffffff9a][0xffffffef][0xffffffde][0x5] )[0xffffff9d][0xffffffd0][0xffffffe7]t[0xffffffe9]#[0xffffffa3][0xfffffff3][0xffffff80][0xffffffd6]c/[0xffffffc3][0xe][0xfffffffa][0xffffff93]pc0y|[0xffffffbe]W[0xffffffee]sN1N@[0xffffffe5][0xfffffff3]1^[0x14][0xffffff95][0xffffffc8][0xffffffde][0xffffffb1][0xffffff9c][0x1a]_TvP[0xffffffc2][0xffffffeb][0xffffffcd]hu[0xffffffc9][0xffffff81][0xffffffa8][0xffffffe4][0xfffffff0][0xffffff8a]`[0xffffffc3]N_[0xffffffd5][0xffffffd4][0xffffff92][0xffffffe0][0xffffff9c]k+[0xffffff8a].[0xffffffa5][0xffffffc8][0xffffff82][0xffffffc2][0xffffff9e]]N[0xffffff92]Z[0xffffff84][0x16]1EQ[0xffffff8c]-[0xffffffcb][0xffffff86][0xffffffe7][0x1b][0xffffff9f][0x1e][0x18][0x19][0xffffffc3]w[0xffffff8c]dJ[0xffffffea]J[0xffffff94][0xffffffc8]z[0xffffffdf][0xffffffc5][0xffffffa0][0x1a][0xffffffde][0x1a][0xffffff9f][0xffffffb9][0xffffffa1][0xffffffaf][0xfffffff7][0xffffffca][0xffffff85][0xffffff8e]?F8[0x1c][0xffffff93]/DxQHj[0xffffffcd][0x2][0xffffffb0][0xffffffb3]a[0x7]O)[0x3][0xffffffcb][0xffffff9c][0xffffffa4]Ab`[0xfffffff0]c[0x18]A[0xffffffd6]*[0xffffffb2]0"[0x15][[0xfffffff0]{[0xffffffd0]).e[0xffffff89][0x2][0xffffff9b][0xffffff87]Z[0xffffffe8]zZ[0xfffffff6][0x15][0xffffffcb]4[0xb][0xffffffa5][\r].[0x18][0xffffff9a][0xffffffcd][\r][0xffffff90][0xffffff84][0xffffffd9]a[0xffffff90]m[0xffffff8c][0xffffff9f]R[0xfffffffe][0xffffff84]$[0x15][0xffffffa5]B[0xffffff88]`w[0xffffff8c][0xc][0xffffffa4][0x18][0xffffffb3][0xffffffd0]yx[0xffffffbc]W[0xffffffae]s[0xfffffffc]1[0xffffffc2]9[0xffffff90]|&[0xffffffc2][0xffffff8b]bRX[0x1e] 9[0xffffff9e][0x1f][0xffffff84]F[0xffffff82]W[0x19][0xffffffa9][0xf]5ea[0xfffffffc][0xffffffe3][0x16]Qx[0xffffffbf]Y2J[0xffffffbc]H[0xffffffe0][0x6]U68-[0xffffffe0]a[0xffffffc6][0xffffffbe][0xffffff91]l[0xffffffa9][a[0xffffff84])[0xffffffd0][0xffffffba][0xffffffe1][0xffffffb6][0xffffffe3][0xffffffe3][0xffffff86]}N[0xffffffa7][0xffffffac][0xffffffe1][0xffffffee]5[0xffffffa3][0xffffffa0][0xfffffff4][0xffffffdd][0xfffffff9]I R[0xffffff83]t[0xffffffae]w[0xffffffd4][0xffffffe1]aL[0xffffff9a]<[0xffffffbe][0xffffffdd]+'[0xffffffe7][0xffffffa7][0x10][0xffffff87][0xffffff83][0xfffffff2][0xffffff85][0x10]/[0xffffff8d]Id[0x7][0xffffffe3][0xffffffb7]9[0xffffffb1][0xffffff84]H[0xffffffa2][0xffffffac][0xffffff80][0xffffffb0]+[0xffffffd7][0xffffffa3][0xffffffc2]Z[0xffffffc4]#[0xffffff8d][0xffffffc0][0xfffffff9][0xffffffa9]QKf$[0xf],[0x13][0xffffff9d][0xffffffe3][\r][0x17][0xfffffff0][0xffffffce][0x5][0x4]t[0xffffffe6][0xffffff96][0xffffffda][0xffffffb8][0xffffffda][0xffffffb0],k[0x1b][\n]"
21:15:26.068 [main] DEBUG org.apache.hc.client5.http.wire - http-outgoing-0 << "J[0xffffff92]Hw[0xffffff8b][0x1c]N9[0xffffffe7][0xffffffe9]~[0xfffffffc][0xffffff82][0xfffffff5]>Gt[0xffffffd1]N<[0xffffffa9]~[0xffffffb6][0xffffff8c][0xffffff83][0x1e][0xffffffd2][0xffffffe4][0xffffffca][0x5][0xffffffe3])[0xffffffc0]i[0xffffff88]<[0xb][0xfffffff0][0xffffff92][0xffffff88]d[0xffffff9d][0xffffffc2]Hc[0xffffff82]cS.H[0xffffffcb]D[0x8][0xffffffba][\n]"
21:15:26.068 [main] DEBUG org.apache.hc.client5.http.wire - http-outgoing-0 << "[0xffffffcd][0xfffffff2]0[0xffffffc0]W[0xffffff83][0xffffffe8][0xffffffab]E[0xffffffee][0xffffff96]6[0xffffff8b]l[0xb]6[0xffffff8f]:uq[0xffffffba][0xffffffd5][0xffffffd0]2[0xffffffc8][0xffffffa6])[0xffffffe6][0x5]K=[0xffffffc9]T[0xffffff93]-[0xffffffd0][0xffffffdb]_n[0xffffffe4]j[0xffffff9d][0xffffffdc];[0xffffff9c][0xffffff89][0x1]"[0xffffffdd]A[0xffffff9a][0xffffffc3][0xffffffca][0xffffff9b][0xffffffb1]9[0xffffff85][0xffffff9f][0xffffffa2][0xffffff91][0x1a][0xffffff9c]&W[0xffffffce][0xffffffcd]O1[0xe][0x7][0xffffffe5]K1^[0x14][0xffffff95][0xffffffa1][0xffffffa7])7~[0xffffffc1][0xffffff98][\n]"
21:15:26.068 [main] DEBUG org.apache.hc.client5.http.wire - http-outgoing-0 << "[0xffffff86][0xffffffaf][0xffffff81]I[0xfffffff8][0xffffff92]iuL[0xffffffdf][0xffffffdd]@Y+[0xfffffff0]z+[0xffffff9d][0xfffffff7][0xffffffe2]k[0x3][0xffffff91]l[0xffffff91]:c#4D[0xffffff82][0xffffff89][0xffffff9d]`i[0xffffffd9][0xfffffff0][0xffffffb3]P86[0x8][0xffffffc6][0xffffffd8]g[0xffffffb2].[0xffffffea];[0xffffffd3][0xffffffb1]\[0xc]Pi?j[0xffffffd9][0xffffffdf][0xffffffee]N[3[0xffffffdd][0xffffffb9]T[\r]b[0xffffff9c]?N(Wn[0x18]O![0xe][0x7][0xffffffe5]K!^[0x16][0xffffff94][0xffffff88] [0xffffffd8]>[0xf]orteZ[0xffffff8e][0xb]#[0xfffffffa][0x1c]I[0xffffff9f][0xffffff8d]MF[0xffffffd2][0x8]m[0xffffff8d][0xffffffce][0xfffffff8]?gQ,&[0x1e]][0xffffffd7]UT[0xffffffed][0xffffffd4]t[0xfffffffc]k('[0x3][0xffffffe2][0xffffff88]V[0x0][0xffffffa6][0xffffffdb][0xffffffe0][0xffffff91][0xffffffeb]5[0x1c][0x9][0xffffff9c][0xffffffc1][0xffffffe6][0xffffff80][0xfffffff2][0xffffffe7][0xffffff86]Qu[0xffffffd5]8^[0xf]8[0xffffff9d][\r]i[0xffffffbc][0x1f]^[0xffffffef][0xffffff95][0xffffffab][0xffffff9c]S[0xffffff84]30[0xfffffff9]l[0xffffff84][0x17][0xffffffc5]d[0x1f]+8;^.[0xffffffb6][0xffffffb4][0xffffff86][0xfffffff9][0x1c][0xffffffa2][0xffffffb0]J{[0x13][0xffffff94]/M/8"1=1[0x19]k/[0xfffffff4][0x11]&B[0x19][0xffffff8a]0}[0xffffffe9]v[\n]"
21:15:26.068 [main] DEBUG org.apache.hc.client5.http.wire - http-outgoing-0 << "[0x16]vl[0xffffffdf]5Z[0xffffff88]T[0xffffffe3][0xffffff92][0xfffffff2][0x6][0xffffff8f][0xe]l[0xffffff97][0xffffffa1]~[0xfffffff4][0xffffff90][0xffffff86]'J[0xffffffc4]T[0xffffffe2]D[0xffffffee][0xffffffc5][0xffffff92][0x1][0xffffff9b][0xffffffe9]![0xffffff98]|L[0xffffff94]k;[0xffffffef]c[0xffffff88][0xffffffc3]A[0xfffffff9]R[0xffffff88][0x17][0x5][0xffffffa5]E[0xffffffed][0xffffffe7]fL[0xffffff83][0xffffffc0][[0xffffffc3][0x4]_[0xffffffd3][\n]"
21:15:26.068 [main] DEBUG org.apache.hc.client5.http.wire - http-outgoing-0 << "t[0xfffffffa].[0xffffff80]T[0xffffffa2][0x16]W[0xffffff99][0xffffffd3][0xffffffe0]vd[0x3]/[0xffffffb7][0xffffffee](T[0xc][0xffffffd4]1[0xffffffe0](1[0xffffffab][0x1a]p[0x1a][0xffffff8f]H[0xffffffcb]L[0xffffffd8]PS[0xffffffba][0x0][0xfffffffb][0xffffff88]?|&([0xffffffbb]g-ro8[0xffffffa8]cA[0xffffffb9]r[0xffffff97]s[\n]"
21:15:26.068 [main] DEBUG org.apache.hc.client5.http.wire - http-outgoing-0 << "q[0x1e]([0xffffffcf]B[0xffffffbc](([0xfffffff1][0xffffffd0]@[0xffffff9e]0[0xffffffde]QNPQ6[0xfffffff6][0xffffff88][0xffffffae][0xffffff99][0xffffffd4][0x9][0x19][0xffffff8b][0xffffffc5]g[0xb][0x13][0x18]E[0xffffffb9][0xffffff87][0xffffffaf][0x6][0xffffffc3]rH[0xffffffe9]!,[0xffffffb2][0xffffffe2][0x8]oq[0xfffffff5][0xffffffe4][0xffffffef]!kM[0x18]x19[0xffffffcf][0x1b]8k[0xffffffcc][0xffffff94]e[0xffffffd4][0xffffffdd][0xffffffa9]tB[0xffffffa6][0xffffff94]P[0xffffffce][0xfffffffd][0xffffffc1][0xffffffb6][0xffffff88]s[0xc]|S[0xffffff8d][0xffffffa1][0xffffffac]=&[0xffffffca][0xffffffb5][0xffffffbd][0xfffffff7]1[0xffffffc2][0x9][0xffffff98]|6[0xffffffc2][0xffffffcb]B2[0xffffffe2][0xffffff9d]9[0xffffff83][0xffffff87][0xffffffd1]aa[0xffffff98][0xfffffffd][0xffffffc0][0xffffff89][0xffffff94][\n]"
21:15:26.068 [main] DEBUG org.apache.hc.client5.http.wire - http-outgoing-0 << "q[0xe][0xffffffb4][0xffffff8c][0xffffff92]-CI[0x9][0xffffffab][0xffffff97][0xffffff83]!i[0xffffffa1][0xffffff96]4[0xffffffd8][0x1a][0x1a][0xffffff9f][0xffffffa0][0xffffffbd]g[0xfffffffc][0xffffffec]1#@6[0xffffff86][0x1b]L[0xffffffad]o[0xffffffa7][0xffffffac][0xffffffe1][0x18][0xffffffef]a[0x13][0xffffffcf][0xffffffe0]a[0x8][0x3]k[0xffffffed][0x1][0xffffff92][0xffffffd2][0xffffffec][0xfffffff8]nV[0xffffff83]F[0xffffff94][0xf][0x5][0xffffffe5][0xffffffba][0x1][0xffffffe5][0xffffff93][0x8]gB[0xfffffff2]O[0x11]^[0x14][0xffffff93][0xffffff98]][0xfffffff7][0xffffffa2]nx[0xffffff93]#[0xffffffa8][\r]a[0x0][0xffffffb9][0xffffffae]l[0x8][0x18][0xffffffbd]i[0x19]KA[0x13][0xffffff86][0xffffffb9][0x1b]6C5B[0xffffffa4][0xffffffb4][0x1a][0xffffffa1][0x18]:[0x9][0xffffffcc]k[0xffffffd1][0xffffffe2]P[0x7]";g[0x17][0xffffff8e]ul[0xffffffd6][0xffffff9b][0xffffffb8]AV[0xffffffa3][0x14][0xffffff9e][0xffffffd1][0xffffffe4][0x1c]1[0xffffffc9]<HuU-;[0xffffffa7]![0x5][0xffffffe5][0x3]&W.[0xffffffbc][0xffffffbd]{[0xffffff8c]p[0x1e]&[0xffffffcf]"[0xffffffbc](&[0xffffffe9]PQ[0xffffffe2][0xffffff8d][0xffffffc7]$[\n]"
21:15:26.068 [main] DEBUG org.apache.hc.client5.http.wire - http-outgoing-0 << "[0x1b]4[\r]R`/[0xffffff80]u[0xffffff90][0xffffffee]6-p[0xffffffcd]s'[0xfffffff4][0x1a][0xffffffca]K[0xffffffcc][0xffffffb8]#[0xffffffc2][0x1d][0xffffffbc][0xffffffb3][0xffffffbd]M[0xffffff92]S[0x1e][0xffffff9c][0xfffffff3][0xffffffc0][0xffffffa0][0xffffff85];6[0xffffffc5]c[0xfffffffd]S6lrxO[0x15][0xffffffe3][0xffffffec][0xffffffe1]Jo[0xffffffa6]AO0)U7[0xffffffcb][0x12]z[0xffffffac]}[0xffffffd0]Z[\r][0xffffffe3])[0xffffffc6][0xffffff99][0xffffffa8][0xfffffffc]S[0xffffff8c][0x17]E%[0xffffff96][0xffffffd2][0xffffff8e]3E[0xffffffc3]3%[\n]"
21:15:26.068 [main] DEBUG org.apache.hc.client5.http.wire - http-outgoing-0 << "[0xffffff81],[0xfffffffa] [0x8]SL[0x16][0xffffffdb]I[0xffffffd0][0xfffffff2]04[0xffffffd7][0xfffffff8][0x7]a[0xffffffc7][0xffffffc2][0xffffffa3]mKb[0xf][0xffffffde][0xffffffd0]Gt[0xffffffee]Z[0xffffffc3][0xffffffd7]*[0xffffffe4][0xffffffec]t[0xffffffe6][0xfffffffc][\r][0xffffffdd][0xffffffce][0xffffff96][0x19]%[0xe]Z,[0xffffffda][0xffffffe7]t9[0xf][0xffffffaf][0xfffffff7]O[0xffffffbd][0x18];[0xfffffffa]A;[0xffffffef][0xffffffc7][0x5][0xffffffa3]]iFL_[0xfffffff8][0x10][0xffffffe3]<T[0xffffff9e][0xffffffc5]xITb[0xffffff93][0xffffffc2]][0xffffffb8]0~ [0xffffffe4][0xffffffa9][0x1f]5w6[0xffffffb0][0xffffffc8][0xffffffa6][0xffffff9d]nN[0xffffffd4][0xffffffc0][0x1a]g[0xffffffa1][0xffffffcf]o[0xffffffdd]:[0x8]g![0xffffffee]r[0xffffffe0][0x12][0xffffffc8][0xfffffff2]Q[0xffffffb2][0xfffffff3][0xffffffae][0xffffffe0][0xffffffd2]A[0x19][\n]"
21:15:26.069 [main] DEBUG org.apache.hc.client5.http.wire - http-outgoing-0 << "[0xfffffff1]p=#[0xffffffbb][0xffffffb7][0xffffffef]s[0xffffffe0][0x5]q[0xffffffb6]&[0xffffffce]`bp[0xffffffb8][\n]"
21:15:26.069 [main] DEBUG org.apache.hc.client5.http.wire - http-outgoing-0 << "S+[0xffffffd3][0xffffffad]-[0xffffffbb][0xffffffbf]0[0xffffff84]s1f[0xffffffc5]xD[0xffffffe5][0xffffffca][0xffffffd1][0xfffffff9])[0xffffffc6][0xffffffe1][0xffffffa8]|)[0xffffffc6][0xffffff8b][0xffffffa2][0xffffffd2][0xffffffb1]{[0xffffffc6]sdx[0xffffffae][0xc][0xffffffe8][0xffffffc4]0[0xffffffab][0xffffffc4][0x2][0xffffffb0]X[0xffffff9b][0xffffffb0]W[0xffffff8f]<[0xffffffab][0xffffff89]f[0xffffffc7] 0T[0xffffffdc][0xffffff85][0xfffffff1],uP5B[0xfffffff8][0xffffff85]?[0xffffffc4].|[0xffffffe9]\[0xffffffb5][0xffffffcc]a[0xffffff8d]n[0xffffffff].[0xffffffda][0x6]T:[0xffffff8a].[0xc]`'4[0xffffffdf]O[0xffffffbe]bR[0xffffffc0][0xffffffc5]`Q5[0xffffffa6][0xffffffaa]<[0xffffffa2]r[0xffffffe5]H[0x8]e[0xffffffe8]C[0xffffff8c]3Q[0xfffffff9][0xffffffa7][0x18]/[0xffffff8a]J[0xffffffc3][0xffffff9e][0x18][0xffffffc7][0xffffffb0][0xffffffe1][0xffffffa8][0xffffffc4]k[0xffffff8d][0xffffff93]qp[0xffffffca][0xffffff99][0xfffffff5][0xffffff88][0xffffffb4][0xffffffa0][0xfffffffa]nT[0xffffff8e]x[0xffffffb2]p[0xfffffffb][0x5][0xffffff86][0xffffff90][0xffffff87]-W[0xffffff95][0xffffffeb][0xffffffdc][0xffffffa1][0xffffffb4]pZ[0x0][0xffffff8d][0xffffff84]Z[0xffffffaa]n[0xffffffa8]u4][0xffffffad][0xffffffdd]@[0xffffffa4][0xffffffe4]O[0xffffffc2]l[0xffffffb8][0xffffffdf]M[0x18]>[0x12]:[0xffffffa2][0xffffff92][0xffffffcb]D[0xfffffff4][0xffffffca]|[0xffffffa4]A[0xffffff87][0xffffffb5][0xffffff8e][0xffffffa8]\9=?[0xffffffc5]8[0xf][0xffffff95]g1^[0x14][0xffffff95][0xffffffa8]h8[0xffffffaa]:[0xffffff9e]K[0xffffff89][0xffffff90][0xffffffbb]a[0xffffffc4][0xffffffc7][0xffffff8e][0xffffffdb][0xffffffe1]hE[0x1a]d[0xffffff99][0xffffffb9][0xffffffa0][0xffffffed]N[0xffffffc2][0xffffffaa]\[0xffffffa4]Nr[0x11][0x15][0x1b]![0xffffffcd] [0xffffff9d][0xb][0x18][0xffffffa8][0xffffffc7][0xfffffffa]>[0xffffff9c]k[0xffffffb3][0xffffffec]yT3[^p6[0xffffffed][0x1a][0xffffffa5][0xffffffee]\Tj[0xffffffa6]Bp[0x6][0xfffffffc][0x18]u[0xffffffce][0x11][0xffffff95]+G[0xffffff95][0x8][0xfffffff1][0x1e]b[0xffffff9c][0xffffff89][0xffffffca]?[0xffffffc5]xYTrM5[0xffffffda][0xfffffff1]R[0x8][0xffffff85][0xffffffe0][0x1b]K[0xc][0xffffffb6][0xffffff8c][0x18][0xffffffb3] wH[0x10][0xffffffcc][0xfffffff9]![0xffffff86][0xffffffbe][0x9][0xffffffea]9[0xffffffcd]wF[0xffffffb6][0xffffffc3][0xffffffe0]|[0xffffffc1][0xffffffda][0xffffffd4]V[0x7]WVv[0xffffffea]/[0xfffffff3][0xffffffa2][0xffffffa4]{^[0xffffffdd][0xfffffff0][0xffffff82][0xfffffff7]Y(,[0xffffff93][0xffffffb9][0xffffffa8]D3[0xffffff86][0xffffffd6]n[0xffffffcc][0xffffffea][0xfffffffb][0xffffff88][0xffffffc9][0xffffff95][0xffffffcb][0xffffffef][0xffffffc3][0xffffffb4][0xfffffff7][0x10][0xffffffe1]LL>[0xffffff89][0xfffffff0][0xffffffb2][0xffffff88][0xffffffe4]V[0x4][0xffffffdc][0xffffffb2][0xffffffe1][0xffffffaf]7T[0x1f]Da\Va[0xffffff9a][0xffffffe7]Y{[0xffffffdb][0xffffffc5][0xffffffe2][0xffffffb0][0x16][0xffffffc0]hC=[0xffffff80][0xffffff83]ta[0x5][0xffffff9e][0xffffff98][0xffffff9d][0xffffffab][0xffffff84][0xffffff8f]K[0xffffffe9]'3[0x3]Nk[0xffffff8b][0xffffffcf][0x1c][0xffffff86]-[0xffffffc9]n@$[\r]S?[0x1a]3[0x17][0xffffff91][0xffffffdc]bq[0xffffffdd][0xffffffa9]k0&W[0xffffffce]*[0xffffffe5]1[0xffffffc6][0xffffff99][0xffffff98][0xfffffffc]S[0xffffff8c][0xffffff97]D%[0xffffff96]#8MM[0xffffffb0]![0xffffff80][0xffffff8b][0x1][0xffffffc3]7[0xffffffbb]FB[0xffffffa4]!^[0x4][0xffffffca][0x7]xA[0x10][0xffffffd1][0xffffffb9][0xfffffff4]&[0x17]Z[0x11][0xffffffee]\[0x4][0xffffffea]HD[0xffffff94][0x14][0xffffff95][0xffffff85][0xffffffd3][0xffffffda]B6[0xffffff96][0xffffffd6][0xffffffa9]{[0xffffffb4][0xffffffc9][\r][0xffffffce]V[0xffffffc8]jY[0x8][0xffffffd8][0x19][0xc][0xffffffdf][0xffffffc3][0xffffffbd][0xffffffe1][0xffffffee][0xffffffd7][0xffffffc2][0xffffffc4]D[0xffffffed][0xffffff9c]e?5f[0xfffffff7][0xfffffffd]0?_[0xffffffc9][0xffffffa6]<E8[0x1][0xffffff93][0xffffffcf]GxIL[0xffffffca][0xffffffd8][0xf]7[0xfffffff5]#[0xffffffbc][0xffffff83][0xffffffd5]9[0x9]_ [0xffffffcf]I[0x1e][0xffffffc6]<[0x5][0xfffffff7][0x15][0xfffffff4][0xffffff8a][0xffffff8b][0xffffff90]l[0x11]q[0x16][0xffffff82]2[0xffffffc9][0xffffffcf][0xfffffffb][0xffffff84][0xffffffc6][0xffffff9b][0xffffff8c][0xffffffa6][0x4]o:lY[0xffffffbc]~-[0xffffffc7]Q[0x10][0xffffffab][0xffffffd6]h[0xffffffcc][0xffffff96]>[0xffffff87]x0[0xfffffff7][0x1f][0xffffff8e][0xffffffc9]~[0xfffffff0][0xffffffa3][0xffffff9b]R[0xffffffa2]]1[0xffffff90][0x15]$'[0xffffff88][0xffffffd9][0xffffffd6][0xffffff8f][0xffffffe9][0xffffffbe][0x1f]w[0xffffffdf]k[0x1f][0xffffffef]c[0xffffff88]cA[0xfffffff9][0x17]!^[0x14][0xffffff94][0xfffffff4][0xffffffde]8[0x3][0xffffff8c][0x7f][0xffffffbe][0x5]s[0xffffff9e][0xffffffde][0xffffffc5]T[0xffffffa8][0xffffff9a]\[0xffffffb7][0xffffff86]w[0xffffff98]q[0xffffffe8]E][0xffffff9b][0xffffff99][0x12]qV[0x15]Oi[0xffffffd6][0xffffffdf][0xffffffb8][\n]"
21:15:26.069 [main] DEBUG org.apache.hc.client5.http.wire - http-outgoing-0 << "[0x15][0xffffffc4][0xffffff8d]8[0xffffffa9]*[0xffffffbc][0x0]M1[0xffffffdc]\ml{[0xffffffb6][0x1c][0xffffffa9]D[0xffffffa1][0xffffff80][0xffffffd3][0xffffffb9][0x1b][0xffffffde]|[0xffffffff][0xfffffffc][0xffffff8a]q[0xffffffbf][0x4]W+[0xffffffa4][0x10][0xffffffd8][0xfffffff7][0xffffffa2][0xffffffb6][0x1b][0xffffffea]![0xffffffc4][0x12]E[0xfffffff6][0xfffffffe][0xffffffee][0xffffffb6]~[0xffffffbb][0xffffffb9][0xffffffbb][0xffffffbe][0xffffffbf][0xffffffb9][0xfffffffd][0xfffffffb][0x15]d$[\n]"
21:15:26.069 [main] DEBUG org.apache.hc.client5.http.wire - http-outgoing-0 << "[0xfffffffe][0xffffffae][0x7f]k[0xffffffdf][0xffffffbf]|[0xfffffff9]|w[0xfffffffd][0xffffffdf][0xfffffff5]j[0xffffffaf]O![0xffffffce][0x0][0xffffffe5][0xffffffb3]!^[0x1e][0xffffff94]z[0xfffffffc][0xfffffff4][0xffffff9c][0x6][0xffffff86][[0xffffff80]\[0xffffffb0]^4[0xffffff96]|\4[0xfffffff3]@P/[0xffffffdc]d[0xffffffe4][0x14][0x9][0xfffffff4]_(B6[0x19][0xffffff87][e[0xffffffc3]>[0xffffffc8]cY[0x9][0xffffffe9][0xffffffd2]0[0xffffffcc][0xfffffff1][\n]"
21:15:26.069 [main] DEBUG org.apache.hc.client5.http.wire - http-outgoing-0 << "~[0xffffffba]y;#[0x3][0xfffffff3]^[0xffffff83]n[0xffffffb2]7nc'BGPB:[0xffffffe7][0xffffffbc][0x19]~-[0xffffff9d][0xffffffd8]4x[0xffffffd3][0xffffffb8][0xffffff8e][0xffffff93][0xfffffff1]$[0xffffffc6]I[0xffffffa8][0xfffffffc]5[0xffffffc6]w@[0xffffffe5][0xfffffff8][0xffffffde][0xffffff9b][0xffffffd3]R[0xffffffb9][0xffffffe0]Oo[0xffffff92][0xffffff87][0xffffff9c][0xffffff81]S[0x11][0xfffffff7][0xffffffd3][0xfffffffb][0x1c]#[0xffffffb3][0xffffffcc]Y$K[0xffffff9e][0xffffffd4]7=[0xffffff98][0x15]`,[0xffffffa4][0xffffffd8]G[0xfffffff6][0xffffffa1]P#KB[0x1b]Bb&6P[0xffffffd7][0xffffffe8][0xffffffe2]a[\n]"
21:15:26.069 [main] DEBUG org.apache.hc.client5.http.wire - http-outgoing-0 << "[0xffffffe9][0xffffffe1][0xffffffd6]VOP[0xffffffc9]Z[0xffffff87]cQ[0x12][0xffffffe6][0xffffffb9][0x1a][0xffffff8c][0xffffffca][0xffffff95]U[0xffffffe5])[0xffffffc6]i[0xffffffa8]<[0xffffff8f][0xfffffff1][0xfffffff2][0xffffffa8][0xffffff9c]q[0x15][0xffffff82]i[0xffffffe3][0xffffff82]t[0xffffffac][0xfffffff1]$[0xffffffe3][0xffffffaa]/[0x12][0x12]E|[0xffffff82]"=y[0xffffffe9][0xffffffec][0xffffffde][0xffffff83][0xffffff8b]/[0xffffff92][0xffffffdb][0xffffff85][0xfffffff1]}[0xffffffca]9[0xffffffb2][0xffffff8f][0xfffffff4],[0xffffff81]Z[0xffffff83][0xffffff8e][0xffffffae][0xffffffc4][0xffffffb2]A[0xffffffcb]H[0xffffffe9][0xffffffc0][0xffffffec][0xffffffd3][0xe]W[0xffffff8e]=A%[0xf]8[0xfffffffa][0xffffffda][0xffffffce][0xfffffffa][0x1b][0xffffffbb]h4+[0xffffffd7][0xffffffdf][0xffffffa7][0x10][0xffffffa7][0xffffff81][0xfffffff2],[0xffffffc4]w[0xffffffc0][0xffffffe4][0xfffffff8][0xffffffa2][0x12][0x1a]%M[0xffffffb6]5[0xffffffb4].[0xffffffa1]Y[0xffffffac][0xffffff83][0xffffff90]3[0xfffffff2][0x7f][0xffffff8c][0xffffffd2][0xfffffff1][0x5][0xfffffff4]2[0xffffffa3]'[0xffffffe3][0xffffffd0]cUA[0xffffff81][0xffffffd7]~[0x15]",[0xffffff90].9@FE[0xffffffc8][0xffffffe9][0xffffff88][\r][0xffffffef]7[0xffffffba][0x1f]n[0xffffff86][0xffffff8e]?[0xffffffe9][0xfffffff4][0x14][0xffffff93][0xffffffbc][0xffffffdf]\7[0xffffff85][0xffffffed][0x14][0xffffffc6][0xffffff98][0x0]>[0xffffffce])q[0x6]^eMy[0xffffff8a]q[0x1e]([0xffffffcf]b|[0x7]T[0xffffff8e][0xffffffa7][0xffffff9e][0xfffffffb][0xffffff9c][0x10][0xb] [0xffffff81][0xffffff90][0xffffff9a][0x5][0xfffffff8][0x2][0xffffffcf][0x17][0xffffffeb][0xffffffb5]%c[0xffffff97][\n]"
21:15:26.069 [main] DEBUG org.apache.hc.client5.http.wire - http-outgoing-0 << "[0xffffffdd][0x11]z[0x6][0xffffffb7][0xffffffee][0xfffffff8][0x17]:[0xfffffff2][0xffffff92]0[0xffffffd2][0xffffffa8][0xffffff96][0xffffffea]Sr[0xfffffff2]1#*[0x13]0[0x6]7dJZ[0xfffffffa]> [0x1d][0xffffffce]_[0xfffffffb][0xffffff89]Jx[0xffffffbe][0xfffffff8]Z[0xffffffa9]~5[0x1a]7[0xffffffd8][0xffffffc1]W[0xffffffcb]9[0xffffff85][0xffffffbe][\n]"
21:15:26.070 [main] DEBUG org.apache.hc.client5.http.wire - http-outgoing-0 << "[0xffffff94][0xffffffa7][0x10]g[0xffffff80][0xfffffff2][0xffffffb9][0x10]/[0xffffff8c]I[0xffffffc8].[0x13]^o[0xffffffc5][0xffffffca][0x6]Cs[0xffffff84][0xffffffb3]01t[0xffffffd2][0xffffff81][0xffffff93][0xffffffe4]\"[0xffffffe9][0xffffffae][0xffffffa9],[0x18][0x19][0xffffff93]k[0x8][0xffffff96]t[0xfffffffe][0xfffffff8]Y[0xffffff81]M[0xffffffb3][0xffffffb0][0xffffffd4])[0xffffff99][0xffffffb3][0x10][0xffffff90]68[0xffffff94][0xffffff9b]7[0xffffffec]s[0xfffffffa]I:\1[0xffffff87][0xfffffff3][0xffffff84][0xffffff9e]`[0xffffff92][0x3]:*[0xffffffec][0xffffffe0]&C3[0x19][0xffffffc2][0xfffffff3]=f[0xffffffca][0xffffff95][0xffffff8c][0xffffff8c]S[0xffffff8c][0xffffffd3]@y[0x1e][0xffffffe3];[0xffffffa0]r|[0xffffffff][0xffffff9d]][0xffffffd0][0x5][0xffffffb4]A[0xffffffc0][0xffffffe8][0xffffffb3]ln8e[0xffffffee][0xffffffd8][0xffffff92][0x2]y[0xffffff9f]s[0xffffffc4][0xffffff8d][0xffffff9c][0x1d]8'[0x18][0x13][0xffffffee][0xffffffbd][0x18]J#[\r][0xffffffcf][\r][0xffffff98][0xffffffea][0xffffff84][0xffffffec][0xb]p[0xffffffba]-[0xffffff99]R`)x[0xffffffb8][0x8]4[0xffffffa3][0xffffffff]>[0xffffffa4][0x11]t[0xffffffdf][0xffffffdd][0xffffffc4][0xffffff97][0xffffffbe],[0xffffff8c][0xfffffff1][0x11]:[0xffffffa2]r%#[0x3][0x17][0xffffffdf][0xffffff87][0x18][0xffffffe7][0xffffffa1][0xfffffff2],[0xffffffc6]w@[0xffffffe5][0xfffffff8][0xfffffffe]{[0xffffffe9][0x17][0xffffffee]15[0xffffffa7]qqK[0xffffffe2]*[0x9]`[0x14][0x19][0x12][0x1b][0xffffff9e][0xffffffa9][0x5][0x5]8[0xffffffbb]E[0xffffffab][0xffffffc9][0xffffff99]H[0xffffffc3]YF[0xffffff86][0xffffffc6][0xffffff9d]1&C[0xffffffc6]-X[0xffffffb7]8[0xffffff97]7[0xffffffcc][0xffffffcf];S[0xffffffae]S%&[0xffffffa2]R[0xffffffd0][0x7f]SUv[0xffffffbb][0xfffffff6][0xffffffc1][0xffffffad][0xffffffce]JF[0xffffffc6])[0xffffffc6]i[0xffffffa8]<[0xffffff8f][0xfffffff1][0x1d]P9[0xffffff9e][0x7f][0xffffff8e][0xffffffe3]8}5s[0x1e][0xffffff9a]T[0xffffff8c]PU[0xffffffe5][0xffffffd6]X,[0xffffff8a][0xffffffdb]v[0x18][0xffffffa4][0xffffffd2][0xffffff93]+[0xffffff84];}8[0xffffff8c]!?[0xffffffb2][0xc][0x1c][0xffffff85][0x14][0xffffffd3][0xffffffcb]TP[0xfffffff1],P[0xffffffd1][0xffffffdd][0xffffff86]M#~[0xffffffd5][0xfffffffc][0xffffffb1][0xffffffdd][0xffffff8c]fR[0xffffffae][0xffffffec][0xffffffd7][0xffffffbf]9Y[0xffffff82]z[0xc][0x1][0xffffffd2][0xffffff98]M[0xffffffe3]1W[0xffffffae]\[0xffffffeb][0xffffff9c]b[0xffffff9c][0xffffff84][0xffffffca]_c[0xffffffbc]<*[0xffffffe5][0xfffffff8][0x17][0x1c];?[0xffffff85][0xffffffb1][0xffffffbe]c[0xffffff99][0xffffff83][0xf]j[0xffffff86][0xffffffbf][0xffffff80][0xffffffb4][0xffffff96][0xffffff8c][0xffffff99]q@@8[0xffffffc6]f[0x1c][0xffffffd3]J[0xffffffbe][0xffffffaa][0xe][0xffffffa1]#f[0xffffffd3]4<[0xfffffff4][0xffffffcd][0xffffff90][0xffffff8e]=F[0xffffffd3][0xffffff8a]=[0xffffffe5][0xffffffdb]Y[0x19][0x1][0xffffffe2][0x11]Gs[0xffffffe7][0xffffffd5][0xffffff95]|[0xffffffc5]D[0xffffffe7]Tv;[0x2]7vV[0xffffffc9]V}][0xffffffb3]s[0xffffff8c]q[0x1e]*[0xffffffcf]b|[0x7]T[0xffffff8e][0xffffffdf][0xffffff80][0xfffffff3][0x1e]s[0xffffffec];Y[0xe][0xffffffe6]p[0xffffffc4][0xffffffe9] [0xffffffeb]f[0xffffffe3][0xffffff88]S[0x10][0xe]z[0xffffffb2][0xffffffa2]"[0xffffff8b]4A[0x6]s[0xffffff97]e[0xffffffa1][0xffffffcf]1[0xffffffec][0xffffffc4]-[0xffffffa7]#B[0xffffffb5][0xffffff9e][0xfffffff3][0xffffff8d][0xffffffdc][0xffffffe0]|;*[0xfffffff1][0xffffffc8][0xffffffe8]j[0xffffffc3]y/8[0xffffffca]o^p[0xffffffb3]CU4[0xffffffba][0xffffffd9]Y[0xffffffb9][0xffffffd6]9[0xffffff85]8[\r][0xffffff94]g!^[0x1e][0xffffff93][0x13][0xffffffee][0xffffffd7]v_[0xc][0x15][0xffffffb9][0xffffffb5][0xffffff98][0xffffff90][0xffffffcd][0xfffffff0]C[0xffffff92]d[0xffffffe2]V-g[0xffffffc6][0xffffffc8][0xffffff8c]\[0xfffffff7]&CrG[0x7][0xfffffffd]C[0x1f]N&[0xffffff8b]%[0x16][0xfffffff7][0xffffff9d]X[0x3][0xffffffe1]h[0xffffffd9]*[0x1b][0xffffffdf][\r][0xffffff98][0x14][0x16][0xffffffbb][0xffffffec][0xfffffff1][0xffffffe6][0xffffffd2][0xffffffc7][0xe][0xffffffdc][0x1f][0xffffffce][0xffffffcf][0xffffffa3]j[0xffffffa4]o[0x1b][0xffffffcc]_3+[0xffffffb7]:$[0xffffffca][0xffffff87][0x18][0xffffffa7][0xffffff81][0xfffffff2]<[0xffffffc6]w@[0xffffffe5][0xfffffff8][0xfffffff7][Xd8t[0xffffffd9]|[0xffffffdd](*+[0xffffffcb][0x1d][0xffffffc8][0xffffffe7][0x19][0xffffffa7]?[0xffffffdd]<[0x7][0x19]9[0xffffffab][0xffffff8c][0xffffff9d]/%$[0xfffffff2]F[0xffffff8f]`[0xffffff82][0x19]Q[0xffffffc5]A[0xffffffc3]0AZ[\n]"
21:15:26.070 [main] DEBUG org.apache.hc.client5.http.wire - http-outgoing-0 << "[0xffffff92][0xffffff9e][\r][0x13][0xfffffff4][0xffffffae][0xffffff9f]A[0x14]7[0xffffffaf][0x3][0x7][0xffffff95][0xffffffb2][0xffffffbf][0xffffffdf][0xffffffa4]c[0x1c][0xffffff83][0xffffff87][0xffffffce][0xffffff85][0xfffffff4][0xffffffca][0xffffffb5][0xffffffce])[0xffffffc6]y[0xffffffa8]<[0xffffff8b][0xfffffff1][0x1d]P9[0xfffffffe]bI[0xffffffc0]x[0xffffff92][0xfffffff1][0xe][0xffffffda][0xffffffee]~[0xffffffaa][0x4][0xffffffd7]?[0xfffffffc][0x8][0xffffffd8]L[0xffffffc3][0xffffffff]eZ[0xffffffce][0xffffff88];u[0xffffff97]![0xffffffae][0xffffff96][0xffffffc8][0xffffff9a][0xffffff9b][0xfffffff4][0x1c][0xffffffd0][0xffffffe1][0xffffffcd][0x16][0x1c][0x6][0xffffffd7][0xffffffb0][0xffffffc2][0xfffffff4][0xffffffe2]78[\n]"
21:15:26.070 [main] DEBUG org.apache.hc.client5.http.wire - http-outgoing-0 << "aY[0xffffff84][0xffffffd0][0xffffffb7][0xfffffff3][0xffffff9f][0xffffffa6][0xfffffff5]:[0x1c]w[0xffffffe2][0xfffffffd][0xffffffc6][0xffffffde][0xffffff93][0x18][0xffffffc7][0xffffffa2]r[0xffffffe5]^[0xffffffe7][0x14][0xffffffe3]4T[0xffffff9e][0xffffffc7][0xfffffff8][0xe][0xffffffa8][0x1c]?[0x17][0xffffffaa][0xc][0xffffffc5]#[0xffffffce]~[0xffffff92][0xffffffd6][0xffffffdb]U[0xffffff96][0xffffff89]5a[0xffffffd2][0xffffff82][\r][0xffffffa0][0xffffffe2]6=[0xffffff86][0xffffffe8]4[0xffffffd9]8[[0xffffffdb][0xffffffcc][0x3][0xffffff9e][0xffffff92][0xffffffe2][0xffffffdc]wJU%[0xc]U[0xffffffd1][0xffffff92]U[0xfffffffc];[0xffffffde][0xfffffffe][0xffffff82][0xfffffff3][0x15][0xffffffc3][0xffffffe5]j[0xffffffe2]\[0x8][0xffffff97]J.+[0xffffffa3][0xffffff89][0xffffffd0]|[0xffffff9b][0xffffff8d]U[0xffffffea]p[0xffffffd7]~][0xffffffaf]s[0xffffff8c]q[0x1a]*[0xffffffcf]c|[0x7]T[0xffffff8e][0xffffffef]ux[0xffffff92]S[0xffffffbf][0xffffffb1][0xffffff84][0xffffffb3]9[0xfffffff2]Z[0x3][0x1][0xffffffbd]*[0xffffffa4][0x11][0x1]1[0x4][0xffffffd7]r [\n]"
21:15:26.070 [main] DEBUG org.apache.hc.client5.http.wire - http-outgoing-0 << "9[0xffffff88][0xffffffe8][0xc][0xfffffffb][0xffffffe8][0xffffff84][0xe][0xffffffb7]B[0xffffffb9]mk[0x4]YS[0xffffffc2][0xfffffffa]E[0xffffff91][0xffffffbe]A[0x17]A[0x7][0xffffffae]4[0xffffff86]1[0x13]s%[0xc]t[0xffffffa5]@%S[0xffffffad][0xffffffc1][0xffffffb9]r[0xffffffed]f[0xffffffe7][0x18][0xffffffe3]<T[0xffffff9e][0xffffffc5]xiTR[0xffffffa4][0xffffff8c]W[0xffffff80]s59E[0xffffffd6][0xffffffde][0xffffffe5]@[0xffffffe3][0xffffffb5][0x9][0x13][0xffffff97],[0x17][0xffffffee][0xffffffd5]v[0xffffffc9]"-[0x10][0xffffffb6][0xffffffa9][0xffffffe8][0xffffffbe]5[0xffffffea]F[0xffffffd4]<[0xffffffb0][0xffffff87][0xfffffff2][0xffffffc2][0xffffffd5][0xffffffb1][0x12][0xfffffff9][\r][0xffffffb8][0x0]'[0xffffffb5][0xffffffa5][0xffffffae][0xc]J[0xffffffe0]Y4sZ)[0xffffffb8][0xfffffff8][0xffffffcd][0xffffffb4][0xffffff92]ZC[\r][0xffffffce][0xffffff95]k7;[0xffffffc7][0x18][0xffffffa7][0xffffffa1][0xfffffff2][0xffffffcf]1[0xfffffffe][0xfffffff3][0xffffffc3]?[0xffffffae][0xffffffca]mMp[0xffffff90][0xffffffaf][0xfffffff6][0x1c][0xffffffcc]v[0xffffff9d][0xffffff81]|[0xffffffbd]@Gf[0x15][0x2][0xffffff80]&[0xffffff98][0x0][0xffffffb5][0xffffffa0]lip"[0xffffff90]I[0xffffff80][0xf][0xfffffff4][0xb][0xffffffe4]-([0xffffff8e][0xffffffb8][0xfffffff3]9[0x6]:9b[0xffffff81][0xffffffba]p[0xfffffff8][0x18]o?[0xffffff9c][0xffffffa0][0x1b][0x17][0xffffffc3]xv[0x11][0x5]d[0xffffff8f][0xffffff99]t[0xffffffd8][0xffffffe0][0xffffffbe][0x1b][0xffffffb8][0x8][0xffffffce][0xffffffc9][0xfffffff8][0xffffffa9][0x0][0xffffffe2]h[0xffffff9d][0xffffffdf][0xffffffd9][0xffffffee]}8[0x18]@+[0xffffff97]0[0xffffffa7][0x18][0xffffffe7][0x1][0xffffffe8],[0xffffffc6]wHk[0xffffffe3][0x1f][[0xfffffffa][0xb]<[0xffffffc9][0xffffff8b]s[0x1c][0xffffffb2][0xffffffa1][0xffffffb6][0xffffff83][0xffffffba][0xffffffc3][0xffffffba][0xffffff9a]C[0xe][0x1a][0xfffffff2]NC#[0xffffffcb]|;-[0xffffffb8]V[0xfffffff9] me[0xffffffef][0xffffff8b][0xffffffdf]_Y[\n]"
21:15:26.070 [main] DEBUG org.apache.hc.client5.http.wire - http-outgoing-0 << "[0x7][0xffffffc4][0x4][0xffffffec][0xffffffc8]&7XS[0x5][0xfffffff8][0xffffffe2][0xffffff9d][0xffffffde];[0xffffffed][0xffffffb1][0xffffffe5][0xffffffba][0xffffffe7][0xffffffc1]n[0xffffff85]e[0xffffffa6][0x1f]du[0xfffffffa][0xffffffb8][0xffffff84]a[0xffffffb5][0xffffffb3][0xffffffae][0x4]<[0xffffffc6]8[0x9][0xffffff95][0xffffffbf][0xffffffc6]xyTN0[0xffffffe0][0xffffffcd]P[0x1a][0x15][0xffffffe6]h[0xffffffd6]d$[0xffffffa4]B[0x3]N[0xffffffac][0xfffffff4][0x17]*[0xffffffc0]B[0xffffffc7][0xffffffc2][0xffffffb1][0xfffffff5][0x0][0x8]A.w[0xffffff8f][0xffffff99][0xffffffdf][0xffffffe0]([0xffffffd9][0xffffffcf][0xffffffe3][0xffffffc0][0xffffff86][0xffffffc4]a[0xffffff8d]^[0xffffffd7]nY[0xffffffc2][0xffffffe0][0xffffff8c][0xffffffe1]YAND[0xffffffa5][0xffffffa1]7a[0xffffff88]#[0xffffffa9]X[0xffffffc7].[0xffffffac][0xffffffb1][0x6]\[0xffffff87][0xffffffca]c[0xffffff8c][0xffffffd3]Py[0x1e][0xffffffe3][0xffffffe5]Q[0xffffffe9][0xffffffc7][0xfffffffb][0xffffffe7]+|[0x9][0xffffffa4]1[0xb]Gd[0xffffff8b][0xffffffc3]M[0xffffff80][0x1d]a[0xffffffe5]ee[0xffffffd4]M[0xffffffe9][0xffffff87]:[0xffffffdb]%[0xffffffcf][0xfffffffc][0xffffffdb]"[0x1][0x13][0x16][0xffffff9d][\r][0xffffffad]5?[0xffffffc6]v[0xffffffc0][0xffffffe3]6[0xffffffc9][0xffffffbb][0xffffffb8]e[0xffffff88]#h[0xffffff87][0xffffffe8][0xffffffd4]'[0xffffffa2]R[0xffffffc7]=f[0xffffffa0][0xffffffc1]Q[0xffffff8f][0xffffff8c][0x15]l[0xffffff93][0xffffff81][0xffffffd7][0xffffffa1][0xfffffff2][0x18][0xffffffe3]4T[0xffffff9e][0xffffffc7][0xfffffff8][0xe][0xffffffa8][0x1c]?[0xfffffff0]n[0x6][0xffffffd2][0xffffff8e]@z[0xffffffa8][0x18]{[0xffffffe3][0xc][0xffffffca][0x11][0xffffffa6]D[0xffffffa7][0xffffff82][0xffffffd8][0xffffff86]cu[0xffffffd2]sh[0xffffff91][0xffffff85]6[0xffffffdc]3DSt&[0x8]l[0xfffffff0]1[0xffffffa7][0xffffff81]fO[0xffffff83]M[0xb][0xffffffb5][0xffffffe5][0xffffffdb][0xffffff87]8[0x18][0xffffff95]3[0xffffff89][0xffffff9e]%[0xffffffae][0xffffff81]r[0xffffffd6][0xffffffbd]@[0xfffffffb][0xffffff8d]O[0xffffffea][0x4]1[0xffffffd8][0xffffffc6]O[0xffffffaf]\[0xffffffc3][0xffffff9c]b[0xffffff9c][0xffffff87][0xffffffca][0xffffffb3][0x18][0xffffffdf][0x1][0xffffff95][0xffffffe3][0xffffffbb][0xffffff9d][0xffffffae]xE[0xfffffff9][0xffffffca][0x15]Y[0xffffffc9][0xffffff91][0x11]-[0xffffffb9][0xffffffe4][0xffffff80][0xffffffff][0xf][0x1e]+[0xffffff91][0xffffffc6][0x7]'?[0xfffffff4][0xb][0xffffffe8]h[0xffffff8a][0xffffff83][0xffffff99]V$W[0xffffffe5][0x1b][0xffffff97][0x1f][0xffffff9a][0xf][0xffffffba][0xffffffff]nK3[0xffffffb4][0x1][0xffffff95]^`[0xffffffde][0xffffffe2][0xffffffe6][\r]q[0xffffffe0][0xffffffe6][0x1a][0xfffffff6][0xffffff83][0xffffffbb][0xffffff9f]l[0xffffffc4][0xffffffa1][0x3]on,[0xffffffaf][0xffffffca][0xffffff95][0x1c][0x13]z[0xffffff88]q[0x1a]*[0xffffffcf]c|[0x7]T[0xffffff8e][0xffffffef]v[0x2]>[0xffffffaa]x[0xffffffad]d[0xffffffd9][0xffffffcd][0xffffffee]|j[0xfffffffc]?[0xffffffbe]S[0xffffffbd][0xffffff94]D[0xffffffdd][0xffffffa5][0xffffff84][0xffffffc9][0xffffffd6]V$[0xffffffdc]q[0xffffff89]X[0xfffffffb]%[0xffffffe5][0x1b]n[0x7f][0xffffff96]L[0xffffff89]y[0x10]^[0xffffff93][0xffffff9b]P)[0x2]N[0xffffffa4]][0xfffffff1];i[\r][0xffffffe3][0xfffffff6]=][0xffffffda][0x1d][0xffffffaf][0x0]|[0xffffff86][0xffffffb1][0xffffffa8]\[0xffffffb9][0xffffff86][0xfffffff1][0xffffffc7][0x18][0xffffffa7][0xffffffa1][0xfffffff2]<[0xffffffc6][0xffffffcb][0xffffffa3]r[0xffffffc2][0xffffffb1]0[0xffffffca]q[0xffffffee]/[0x5]`[0xffffffc9]U0L-[0xffffff96]~@[0x1e]7[0xffffffe8]X[0xffffffb3][0xffffffe2][0xffffffd4][0x3][0xfffffff2]C[0xffffffb4][0xffffffb0][0xffffffd4][0xffffff92][0x1c][0x1c]1[0xffffffb1]r[0x5]B[0xffffffe1][0xffffffec][0xffffffc7][0xffffff84][0x1c][0xffffffef]?N[0xffffffe4][0xffffffa8][\r][0x3]o[0xffffff9c][0xffffffd2][0x11][0xffffff81][0xffffff87][0xffffff99]=8[0xffffffa4]q[0x3]i[0xffffff9c]][0xffffff8f][0x1d][0xffffff8c][0xffffffca][0xffffff95]k[0xffffff98]S[0xffffff8c][0xfffffff3]Py[0x16][0xffffffe3];[0xffffffa0]r[0xffffffbc][0x14][0xffffff91][0xffffffa7]:[0xffffffb6][0xffffff88]M[0xffffffb9][0xffffffc8][0xffffffa1][0xb][0xb][0xffffff92][0xffffffc1][0x13][0x1a][0xffffff9d]v3[0xffffff98]Oe[0xfffffff4][0xffffffb2][0xffffffb8][0xfffffffb]A[0xffffffea][0xffffffe1][0xffffffd4][0xffffff9c][0xffffffa3][0xffffff98]D[0xffffff85][0xffffff98][0xffffffd0][0xffffffde][0xffffffb4][0xffffffc2][0xffffffde][0xffffffb0][0xffffffd0][0xffffffb6][[0xfffffffd][0xfffffff6][0x17][0x1c][0xf]^[0xffffffd4][0x13][0x13][0xffffffd7]0[0xffffffec][0xffffffab][0xfffffff5]^`[0x4][0x4]*[0x7]K[0x11]1(X[0xfffffff5][0xffffff82][0xffffff9f]b[0xffffff9c][0xffffff86][0xffffffca][0xfffffff3][0x18][0xffffffdf][0x1][0xffffff95][0xffffffe3][0xffffff89][0x14][0xffffffb2][0xffffffb2]s[0xffffffd1]e[0xffffffb1][0xffffffd0]x`[0xffffff97]e[0xc][0xffffff81]X[0xffffffb7][0xfffffff4][0xffffffc3]a[0xfffffff8][0xffffff91][0x16][0xffffff8e][0x16][0xffffffc3][0xffffffac][0xffffff80][0xffffffa9][0xffffffdb][0xffffffb0][0xffffff81][0xffffffc4]T[0xffffff96][0xffffffc1][0xffffffbe][0xffffffe5][0xffffff8b][0xffffffcc][0xffffff9b][0xffffff8e][0xffffff8d]O[0xffffffe0][0xffffffbc][0xffffffcc][0xffffff86][0x1e][0xffffffdc][0xffffffe1][0xffffff9f][0xffffff8a][0xffffff9d][0xffffffef][0xffffffbc]\i;=W[0xffffffba][0xffffff9d]:\ [0x1f][0xfffffffb][0xffffff82][0xffffffaf]\[0xffffffc3][0xffffff9c]b[0xffffff9c][0xffffff84][0xffffffca]_c|[0x7]T[0xffffff8e][0xffffff97]2HL[0xffffffd3][0xffffffba][0xffffffd5]O[0xffffff84][0x7f][0xffffffdb]*[0xffffffae]9[0x1c]H[0xffffffd6][0xffffff99]'[0xffffff8f][0xffffffa3]8[0xffffffb0]|[0x2]#[0xfffffff6]P9V[0xffffffd6][0x1c][0xffffff9d][0xe]f[0xfffffffe]6)[0xffffffee]0[0x16]lO[0xffffffc9][0xffffffa8]u[0xffffffd9][0xffffffd0][0xffffffed]pM[0xffffff8b][0xc]l&[0x19]T[0xffffffd1][0xffffff83][[0x1c][0xffffffd3][0xfffffff0]"
21:15:26.071 [main] DEBUG org.apache.hc.client5.http.headers - http-outgoing-0 << HTTP/1.1 200 OK
21:15:26.071 [main] DEBUG org.apache.hc.client5.http.headers - http-outgoing-0 << date: Thu, 16 Mar 2023 21:15:26 GMT
21:15:26.071 [main] DEBUG org.apache.hc.client5.http.headers - http-outgoing-0 << content-type: application/json
21:15:26.071 [main] DEBUG org.apache.hc.client5.http.headers - http-outgoing-0 << transfer-encoding: chunked
21:15:26.071 [main] DEBUG org.apache.hc.client5.http.headers - http-outgoing-0 << x-ratelimit-limit: 180
21:15:26.071 [main] DEBUG org.apache.hc.client5.http.headers - http-outgoing-0 << x-ratelimit-reset: 1679001385
21:15:26.071 [main] DEBUG org.apache.hc.client5.http.headers - http-outgoing-0 << x-ratelimit-remaining: 179
21:15:26.071 [main] DEBUG org.apache.hc.client5.http.headers - http-outgoing-0 << x-trace-id: 88cf90c31a7e83a2615742c778373406
21:15:26.071 [main] DEBUG org.apache.hc.client5.http.headers - http-outgoing-0 << server: nginx
21:15:26.071 [main] DEBUG org.apache.hc.client5.http.headers - http-outgoing-0 << x-frame-options: deny
21:15:26.071 [main] DEBUG org.apache.hc.client5.http.headers - http-outgoing-0 << x-content-type-options: nosniff
21:15:26.071 [main] DEBUG org.apache.hc.client5.http.headers - http-outgoing-0 << x-xss-protection: 1; mode=block
21:15:26.071 [main] DEBUG org.apache.hc.client5.http.headers - http-outgoing-0 << content-encoding: gzip
21:15:26.071 [main] DEBUG org.apache.hc.client5.http.headers - http-outgoing-0 << strict-transport-security: max-age=31536000
21:15:26.072 [main] DEBUG org.apache.hc.client5.http.impl.classic.MainClientExec - ex-0000000002 connection can be kept alive for 3 MINUTES
21:15:26.076 [main] DEBUG org.apache.hc.client5.http.wire - http-outgoing-0 << "M[0xffffffa3][0xffffffdb][0xffffff81][0xffffffdf]3v^[0xffffffc9][0x11][0xffffffd1]u[0xffffffb9][0xfffffff2][0x18][0xffffffe3]4T[0xffffff9e][0xffffffc7]xyT[0xffffffda][0xfffffff1][0xfffffff3]J<[0xfffffff1][0x5][0xffffffce]T^J[0xfffffffa]o[0xffffffcb]%[0x7]\[0xffffff80]Pw[0xffffffb9][0xffffff83][0xfffffffa]P[0xffffffd3][0xffffffd1][0xffffffb8]b[0xffffffe2][0x2][0xffffff8d]<[0xffffff83]F[0xffffffcb]dS,8[0xffffffb4][0xffffffe0][0xffffff97][0xffffffb6]@,G[0xffffffc2][0xffffffbd][0xffffffe1][0x5][0xffffffe7]][0x15]b"i[0x1c][0xffffffcf]4[0x1e]q[0xffffffb1]#[0xffffffbf][0xffffffc7][0xffffffb1]J[0x6][0xffffffb5]r[0xffffffb5][0xffffff83]c[0xffffffd2]C[0xffffff88][0xffffffd3]@y[0x16][0xffffffe2];`r[0xfffffffc]\(@-[0xffffffb3][0xffffff82]3[0xffffffc7][0xffffff99]I%[0xffffffc3][0xffffffa0][0xffffff8c][0xffffffce][0xffffff86].[0xffffffc6] [0xffffffe7][0xffffffc6][0xffffffaf][\n]"
21:15:26.076 [main] DEBUG org.apache.hc.client5.http.wire - http-outgoing-0 << "[0xffffffdb]>[\n]"
21:15:26.076 [main] DEBUG org.apache.hc.client5.http.wire - http-outgoing-0 << "Ml[0x4] ?[0xfffffff3]n7[0xffffff8c][0xffffffaa][0x1c][0xffffffe4]3[0xffffffe8]?[0xffffff86][0xffffff95]c[0xfffffff7][0xffffff89][0xffffffde][0xffffff82]I[0xffffff84][0xffffff88][0xffffff94][0x5][0xffffffd3]:p[0xffffffce];[0xffffffc8].E[0xffffff84][0xffffffd9][0xffffff86][0xffffffc1][0xffffffe4][0xffffffd8][0xfffffff7]{[0xffffffe5]f[0xffffffa7][0x1b][0xffffff82][0xfffffffc][0xffffff8c]q[0x12]([0x7f][0xffffff8d][0xfffffff1][0x1d]P9[0xffffffbe][0xffffffaa]d[0x4]D[0x17][0xffffffc3][0xffffffb5][0xffffffe3][0xffffffc4]!;[0xffffffa8]=[0xfffffffd][0xffffffb8][0x9][0xffffff87]H[0xffffffb8][0xffffffd5][0xffffff8d]-oI[0xffffffdc]P[0x4][0xffffffa3]\f[0xffffffc2]4[0xffffffbf][0xffffffa2]z[0xffffffe0][0xffffffc2][0x4][0xffffffed]7[\r];[0xffffffab]F[0xffffffa0][0x19]7t[0xffffffe0][0x18][0xffffff89][0x1b]<[0xffffffdb][0xffffffe6]M+[0xffffffcd]^bp[0xffffffc1][0xffffffb4]RG=[0xffffffba][0x3]_[0xffffffb9][0xffffffd9]9[0xffffffc5]8[\r][0xffffff95][0xffffffe7]1[0xffffffbe][0x3]*[0xffffffc7][0xffffffd3]s[0x17]\[0xffffffa2][0xffffff8a]n[0xffffff99]F[0x7]>8[0xffffffab][0x1c][0xffffff9c]:[0xffffffd1]h[0xffffff8b][0xffffffea]8[0xffffff8b][0xffffffcc][0xffffff89][0xffffffda][0xffffff88][0xffffffd6]+[0xffffff97][0xffffffae]``b[0x4]_[0xffffff83][0xffffffd1][0xfffffff9][0xffffff82][0xffffff83]tf<d[0xfffffff1][0xfffffff0][0xffffffdd]p[0xffffffca][0xffffff8e][0xffffffb3][0xffffffc8][0xfffffff4]Of[0xffffffde][0x16][0xffffffbc][0xffffffdf]=[0xffffffe8][0xffffffef]7C-[0xffffffae][0xfffffff0][0xffffff8d][0xffffffcd][0xffffff95]+7;[0xffffffa7][0x18]'[0xffffffa1][0xfffffff2][0xffffffd7][0x18]/[0xffffff8f][0xffffffca][0xffffffee][0x7]1[0xffffffd8][0xffffff8c]WVF3[0xfffffff8]J[0xffffffd2][0xffffffc3]`a[0xffffffc1][0xffffffb5][0x1d][0xffffff81][0xfffffff9])lGZpd[0xffffffd5][0xffffffe0]R5F[0xffffffd0]XF3[0xffffff9d]l[0xfffffff8][0xfffffff1][0xffffffc2][0xffffffc7]0:[0xffffffc0][0xffffffe0][0xffffffe0][0xffffffcc]"[0xffffff80][0xffffffde][0xffffffd2][0xffffff81][0xffffffb3][0xffffffe0]tq[0xffffffbc][0xffffff91][0xfffffffe]Q[0xfffffff6][0xffffffa5][0xfffffffa][0x1d]Z[0xffffffb8]=}r0[0xffffff96][0xffffff9d][0xffffff8b]w[0xfffffffd][0xffffffba]V[0xffffffe7][0x18][0xffffffe2]4P[0xffffff9e][0xffffff85][0xfffffff8][0xe][0xffffff98][0x1c]_UV#+[0xffffffe6]h[0xffffffc1]-[0xfffffff8][0xffffffdd][0xfffffff9][0xffffff86][0xffffffab])[0xffffff83]t[0xffffffa8]B[0xb]pl[0xffffff99][0xfffffff6][0xffffff98]%[0xf]~[0x17]XB[0x7]6[0xffffff91][0x18][0xffffffa4]Ry[0xfffffff2][0x1b]8[0xffffffd3][0xffffffb4][0xffffffe0][0xffffffd7][0xffffffbb][0xffffffa9][0xffffffff]F[\n]"
21:15:26.077 [main] DEBUG org.apache.hc.client5.http.wire - http-outgoing-0 << "[0xffffffae][0xffffffa2][0xffffff9e]d[0xffffffe5]G[0xffffffff][0xffffffcd][0xffffffe3][0xffffff8d]i[0xffffffb9][0xffffffdb][0xffffffe1]g[0xffffff8f][\r][0xffffffc2][0xffffffd0]L[0xffffffc9]f}[0x1d]([0xffffff8f]1N[0x3][0xffffffe5]y[0xffffff8c][0xffffffef][0xffffff80][0xffffffca][0xfffffff1][0xffffffef][0xffffffb7][0xffffffd2][0xffffff88]b[0xf]`[0xffffff94]l[0x1d]Q[0xffffffd6]p+YpR[0x11][0xffffff88]v[0xffffffed]W[0xffffffe9][0xffffffbf][0xffffff84][0xffffffd1]~[0xffffffbf][0x6][0xffffffda][0xfffffff0][0xffffffeb]u}[0xffffff88][0xffffffa9][0xe][0xfffffff2][0xffffffc4][0xffffffa8][0xffffffb0]8[0xffffffdf][0xffffffc0][0xffffffcc][0xffffffe8]G[0xffffffe9][0xffffffbd]u[0xfffffff3][0xffffffde]o[0xffffffb9]7[0xfffffff8][0x1]9[0x4][0xffffffb2][0xffffff94][0xffffffca]c[0x19][0xffffffbf][0xfffffff0][0xffffff88][0xffffffd7][0xffffffa1][0xfffffff2][0x18][0xffffffe3]$T[0xfffffffe][0x1a][0xffffffe3][0xffffffe5]Q9[0xffffffe1][0xffffffec][0xffffff88][0x0]`z[0x11][\r][0xfffffffd]4[0xffffffa9][0xffffffb1]i[0x1a]o[0xffffff8c][0xffffffc6]d[0xfffffff2][0xffffffb0][0xffffff84][0xffffffd0][0xffffffce]VL[0xffffffcb][0xffffff99][0xfffffffe]t[0x12]za[0xffffffc0][0xffffff81][0xffffffc1][0xffffff85]#q[0xffffffd6][0xffffffaa][0xffffffba]g[0xffffffb9][0xffffffc4][0xffffffad]jC[0x7][0xffffffce][0xffffff8d]XnV[0xffffffcc][0xffffff9b]U[0xfffffff2][0x15][0xffffffc3]A[0xffffff99][0xffffffac][0xffffffc6]u[0x13]7V [0xb][0xffffffd6][0xffffffd7][0xffffffa1][0xfffffff2][0x18][0xffffffe3]<T[0xffffff9e][0xffffffc5][0xfffffff8][0xe][0xffffffa8][0x1c][0xffffffff][0xffffff82][0xb].[0xffffff81][0xffffffe1][0x6][0xffffff8d]o>S[0xfffffff1]ni[0xffffffea][0xffffffe8][0xffffffbd]I[0xffffff91][0x2][0x12][0x6]'q[0xffffff8a]C[0x1b][0xffffff8b][0xffffffc7][0xffffffb2]D[0xfffffff5][0xffffffc5]co[0xffffff94][0xffffff94]-[0xffffffc2][0xffffffbe][0xffffff84][0xffffffa8][0xffffffc1][0xffffff85]1[0xe][0xffffff8c]m@%[0xffffff98][0xffffff94][0x7][0xffffffc5][0xffffffd0]$f[0xffffff86][0xffffff84][0xffffffc2][0xffffffd6][0x19][0xffffffbf][0x1a]e[0xffffff89][0x1f][0xffffffdb][0xffffffeb][0xffffffc8][0xffffffb5]{[0xffffff9d]c[0xffffff8c][0xffffffd3]Py[0x1e][0xffffffe3];[0xffffffa0]r[0xfffffffc][0xb][0xffffff8e][0xffffffc6][0xffffffa1][0x16]8[0xffffffbf]8[0xffffffe7]c$[0xffffff90]a[0x8][0xfffffff5]#7[0xffffffa5][0x1f][0xffffffa4]]R?[0xffffffb9][0xffffffa8][0xffffffb1]F[\r][0xfffffff8][0xffffff98][0xffffff87][0xffffff90][0xffffffb9]P[0xffffffc2]yE[0x6][0xffffffd2][0xffffffa8][0x8]i[0xffffffd7]-N[0xffffff80][0x1b]x[0xffffffe8]h[0xfffffffc]5[0xffffff9a][0xffffffa4]yu%[0xffffffed]7[0xffffffb6]+[\n]"
21:15:26.077 [main] DEBUG org.apache.hc.client5.http.wire - http-outgoing-0 << "u[0xffffff84]B69[0xffffffb6][0xffffffae]\[0xffffffb9][0xffffffd7]9[0xffffffc5]8[\r][0xffffff95][0xffffffe7]1[0xffffffbe][0x3]*[0xffffffc7]o[0x1b][0xffffffa9][0xe]=.[0xffffffbb][0xffffff96]k[0xffffffdc]p[0xffffffcf]M_3[0xffffffb2][0xffffffbb][0xffffffc1][0x4][0x15][0x9]"[0xffffffe4][0xb]L[0xfffffff6][0xffffff99]U2[0xffffffc0][0xffffffc4][0xffffff9b][0xffffff97][0xffffff9e][0xffffff88][0xfffffffe][0x6]7[0xffffffa0][0xffffff80][0xffffffa5]>"[0xffffffb7][0xffffff82][0xffffffbf][0xffffffd4][0x6][0xffffff93]Izx|5[0xfffffffa][0xffffff85][0xffffff9f]I[0xffffffb9][0x12][0xffffffef]&[0xffffffd4][0x11]f[0xffffff87]A[0x15][0xffffff8c][0xfffffff7][0xffffffb1][0xffffffa8]\[0xffffffb9][0xffffffd8]9[0xffffffc5]8[0x9][0xffffff95][0xffffffbf][0xffffffc6]xyT[0xffffffaa][0xfffffff1]s![0xffffffd4][0xffffffd7][0xffffff89]<I[0xffffff96][0xffffffc4][0xb][0xffffff88][0xffffffb9][0xffffffb8]O[0xffffff85][0xffffff92][0xffffff92][0xffffffb3]M[0xffffffac][0x1c][0xfffffff9][0xffffffa5][0xffffffc6]m([0xffffffa6][0xffffffe9][0xffffffcc].9[0xffffffd2][0x14][0xffffffc8][0xffffff98][0x9][0xf]+[0xfffffff4][0xffffffb2].6[0xffffffae]+R[0x16][0xffffffbe][0xfffffffd][0x5][0xffffffc7][0xffffffb1][0xffffff8d]o[0xffffff81].[0xffffffd9][0xffffff9c][0xffffff86]J[0xffffffba][0x1d],.[0xffffffb8][0xfffffff1][0xffffffc3][0xffffffb7][0xffffffcf]XT[0xffffffae][0xffffffdc][0xffffffec][0xffffff9c]b[0xffffff9c][0xffffff86][0xffffffca][0xfffffff3][0x18][0xffffffdf][0x1][0xffffff95][0xffffffe3][0xffffffd5][0x11][0xffffffb9][0x3][0x12][0xffffff87][0xffffffc9][0x12][0x17][0xe][0xffffff87][0xffffff81]>[0xffffffc8]kxH[0xffffff9a][0xffffffea]3[0x1b]pL[0xffffffa2]a[0xffffffa8]s[0xffffff86][0xffffff84][0xffffffb2]S[0x8][0xffffff85][0xffffffba][0xffffffbb][0xfffffffb][0xffffff99][0xffffffc3].[0xffffffe2][0xffffff84]S5hx6L+[0xffffff99][0xffffffd6]Xd[0xffffffdb][0xfffffff3][0xffffffba][0x1d][0xffffff9c]jA[0xffffffa5][0xffffffd8]![0xffffffa2][0xffffff84][0xf]:[0x16][0xffffff95]+7;[0xffffffa7][0x18][0xffffffa7][0xffffffa1][0xfffffff2]<[0xffffffc6]w@[0xffffffe5]xC[0xfffffffd]~[[0x11]9[0xe]>~=[0xfffffff3][0x1]?\[0xffffffcc][0x19][0xffffffff]$T[0xffffffb6][0xfffffffc][0xc][0xffffffd7]r8[0xffffffc6]$9M[0xffffffa2][0x1b]o<>[0x3]NB/R[0xffffff9e][0x1f];*K[0xffffffb9]%W[0x6][0xffffff9a]'V;[0x13]s%[0xffffff9a][0x1d]l[0xffffffa2]U[0xffffffc0][0xe]h[0xfffffff0][0xffffffbc]r[0xffffffe5]f[0xffffff87][0xffffffed][0xfffffffb]C[0xffffff8c][0xfffffff3]Py[0x16][0xffffffe3];[0xffffffa0]r|]i[0xffffff92][0xffffffc3][0x1d][0xffffff8d]![0xffffffa4][0xffffff85]d[0xffffff8e][0xffffffcc][0xffffffd1]agj[0xffffffb8]%[0xffffff8f]0[0xffffff8f]Oi[0xffffff8e]8[0x2]qe[0xffffff84][0xffffffa3]9[0xfffffffd][0xffffff8e][0xffffffb7]Z hPN[0xffffffe2][0xfffffffd]g[0xffffffa1]p[0xffffffc0].[0xffffffea][0xfffffff3][0xffffff91][0xffffff9b][0xffffffbb][0xffffffab][0xfffffffd][0xffffffd5][0xffffff97][0xffffffeb][0xffffffaf][0xffffffdf][0xffffffff]v[0xfffffff8][0xffffff97][0xffffffcf][\r][0xffffff87][0xffffff85][0xffffffef][0xffffffb7][0xffffffb5][0xffffffff][0xffffffec][0xffffffcf][0xffffff9f][0xfffffff8]Qo[0xffffffef][0xffffffae]o[0xffffffbe]^[0xffffffed][0xffffffbf]r[0xffffffed][\r][0x10][0xfffffffe]<[0xfffffff7]f1[0xc][0xffffffc4]-g^[0xf][0xffffffce][0xffffffc8][0xffffffe4][0xfffffff0][0x15][0xffffffe3]T[0x1f]iyh[0xffffffae]\[0xffffffb9][0xffffffd9]9[0xffffff85]8[\r][0xffffff94][0xffffffe7]!^[0x1e][0xffffff94][0x13][0xfffffffc]xY"[0x6][0xffffffce][0xffffffc9][0x1b][0xffffffc1][0x9]Pz[0x1a][0xffffff86]=[0xffffffcc][0xffffff88][0xfffffff0][0xffffffff][0xffffffe9]:[0x9],[0xffffffcb]c]R[0xffffffbf]r[0x14][0x5]+[0x1f]\[0xffffffce]YKVx[0xffffff96][0x5]{*[0xffffffbc][0xffffffcd][0xffffffeb][0xffffffb2]a[0x9]n[0xffffffbb][0xffffffe4][0xffffff82][0xffffffc6]ib[0xffffffaa][0xffffffec][0xfffffff7]h[0xffffff91][0xffffffec][0xffffffc0][0x1][0x19],[0xffffffd9]Y[0xffffffb9][0xffffffd9]9[0xffffff85]8[\r][0xffffff94][0xffffffe7]![0xffffffbe][0x3]([0xffffffc7][0xffffffbf][0xffffffdf][0xffffff8d][0xffffffdb][0xffffffdd]8[0xffffffe7]w[0xffffffd1]w[0xfffffff3][0x9]3[0xffffff82][0xffffff8a]7Z[0xfffffff3][\r]>[0x6]:G[0x4][0xffffff8d][0x6]?[0xfffffffd]\@*[0xffffffde][0xffffff92]Xf[0xfffffff0][0xffffffcb][0xffffffb8][0xffffffb9][0xffffffe0]w[0xffffffc1][0xffffffd1][0x12][0xffffffc0][0xffffffba][0xffffffc1][0xffffff8e][0xffffff97][0xffffff82][0xffffff92]Y[0xffffffa5][0xffffff98]g[0xffffffe7]'[0xfffffff6][0x18][0xffffffe5]h[0xffffffc3][0xffffffed]O.Q[\r]M[0xffffff94]+[0xfffffff7]:[0xffffffa7][0x8][0xffffffa7]a[0xfffffff2],[0xffffffc2][0xffffffcb]CR[0xffffff8c][0xffffff87]$[0xffffffb7][0xffffffea][0x16]Q(!Y[0x14][0xffffffb3]h[0xffffff94][0xffffffd8][0xffffffb8][0xffffffd4][0xffffffc5][0x15]<[0xfffffff6][0xffffffb1][0x17]R[0xffffff8c]'[0xffffffd1]CT[0xffffffa3]e[0xffffffc1][0xffffffde][0xffffff8f][0xffffffc1][0xffffffa5][0xffffffaa]$N[0xffffff8e]m[0xffffffeb][0xffffffdc][\r][0xffffffab][0xffffffa2][0xffffffda]@[0xffffffac][0xffffffb4]}[0x1][0xffffffce][0xffffffd0]sV[0xffffff9e][0xffffffe4]F[0xfffffff2][0xffffff83][0xffffff9b][0xffffffbe][0x16]~0[0x5]}[0xffffffe5]V[0xffffffe7][0x14][0xffffffe2][0x1c]L>[0x13][0xffffffe2][0xffffffc5]AI[0xfffffffd]5[0xffffff9c]+[0x4]U[0x8][0xfffffff3]*[0x8][0xffffffe6][0xffffff9a]"R;[0xffffffee][0xffffff84][0x15][0x16][0xffffffde][0xffffff86]Gz[0xffffffe1][0x0]"[0xffffff92][0x2][0xffffff9c][0xfffffffe][0xffffffb8][0xffffffaf][0xffffffbd]4l[0x4][0xffffff8a]G[0xffffffcc][0xffffff83][0xffffffdb][0x10][0xc][0xffffffb7]n_[0xffffffc0][0xffffff89][0x12][0xffffffb7]e~[0xffffffde][0xfffffff7][0xffffffdf]\[0xe][0xffffff9b][0x8]J[0xffffffd8][0xffffffbe]0(8[0xffffff99][0xffffffc7][0xffffffd9][0xffffffbc][0xffffffa1][0xffffff89]r[0xffffffe5]R[0x7][0xffffffc6][0xffffffd5]C[0xffffff88][0xffffffd3]@y[0x1e][0xffffffe2];[0xffffff80]r[0xfffffffc][0xffffffaa][0xffffffd1]f[0xffffffce]xVZ[0x19][0xffffffb4][0xffffffe0]4[0xffffffe2]X[0xffffff92]C[0x9]"WBi[0xffffff83][0xffffffdb]V[0x19][\r][0xfffffff1]k[0x10]5[0xffffff90]H[0x4]n3q[\n]"
21:15:26.077 [main] DEBUG org.apache.hc.client5.http.wire - http-outgoing-0 << "[0xb][0xffffff8d][0xe].[0xfffffffa][0x8]I5[0xffffffc7][0xffffff8f]6,[0xffffffc0][0xffffffe9][0xffffffdc]I`}[0xfffffff6]:gPI[0x1a][0xffffffd1]X^[0xffffff85].ldS:[0x14][0xffffff94]kw:[0xffffffc7][0x10][0xffffffa7][0xffffff81][0xfffffff2]<[0xffffffc4]K[0xffffff83][0xffffff92][0xffffffea]k|[0xffffffef][0xffffff8d][0xffffffd8][0xffffff9b][0xfffffff3]u[0xffffffb0]2[0x4]^A[0xffffff9e][0xfffffff3]6[0xfffffff4][0xffffffd3][0xffffff9d][0xffffffa4][0xffffff91][0x5][0xffffffe6][0x4]][0xffffffe2]e[0x5][0xb]o`[0xffffffa9]z[0xffffff8b][0xffffffce](3[0xffffffb9][0xffffff98]*[0xffffffe4][\r][0xffffff98][0xffffff97]U[0xffffff9a][\r]j[[0xffffffc3][0xffffffa2][0x8]#[0xffffffc2]i[0xffffffce][0x4][0xffffff80]R[0x1]J[0xffffff8f]V[0x7][0x1f][0xffffffc2][0xffffffb1][0xffffffc7]p[0xffffffa0]j2V[0xfffffff8][0xffffffdf][0xffffffaf][0xffffffc9][0x1f]C[0xffffff9c][0x6][0xffffffca][0xfffffff3][0x10]g[0xffffff80][0xfffffff2]?[0xfffffffe][0xfffffff9]/[0xffffffff][0x3][0xffffffd3][0x1f]I[0xffffffc6][0xfffffff1][0x4][0x1][0x0][\r][\n]"
21:15:26.077 [main] DEBUG org.apache.hc.client5.http.wire - http-outgoing-0 << "0[\r][\n]"
21:15:26.077 [main] DEBUG org.apache.hc.client5.http.wire - http-outgoing-0 << "[\r][\n]"
21:15:26.078 [main] DEBUG org.apache.hc.client5.http.impl.classic.InternalHttpClient - ep-0000000002 releasing valid endpoint
21:15:26.079 [main] DEBUG org.apache.hc.client5.http.impl.io.PoolingHttpClientConnectionManager - ep-0000000002 releasing endpoint
21:15:26.079 [main] DEBUG org.apache.hc.client5.http.impl.io.PoolingHttpClientConnectionManager - ep-0000000002 connection http-outgoing-0 can be kept alive for 3 MINUTES
21:15:26.079 [main] DEBUG org.apache.hc.client5.http.impl.io.PoolingHttpClientConnectionManager - ep-0000000002 connection released [route: {s}->https://hub.docker.com:443][total available: 1; route allocated: 1 of 5; total allocated: 1 of 25]
21:15:26.079 [main] DEBUG org.apache.hc.client5.http.impl.classic.InternalHttpClient - ex-0000000003 preparing request execution
21:15:26.080 [main] DEBUG org.apache.hc.client5.http.impl.classic.ProtocolExec - ex-0000000003 target auth state: UNCHALLENGED
21:15:26.080 [main] DEBUG org.apache.hc.client5.http.impl.classic.ProtocolExec - ex-0000000003 proxy auth state: UNCHALLENGED
21:15:26.080 [main] DEBUG org.apache.hc.client5.http.impl.classic.ConnectExec - ex-0000000003 acquiring connection with route {s}->https://hub.docker.com:443
21:15:26.080 [main] DEBUG org.apache.hc.client5.http.impl.classic.InternalHttpClient - ex-0000000003 acquiring endpoint (3 MINUTES)
21:15:26.080 [main] DEBUG org.apache.hc.client5.http.impl.io.PoolingHttpClientConnectionManager - ex-0000000003 endpoint lease request (3 MINUTES) [route: {s}->https://hub.docker.com:443][total available: 1; route allocated: 1 of 5; total allocated: 1 of 25]
21:15:26.080 [main] DEBUG org.apache.hc.client5.http.impl.io.PoolingHttpClientConnectionManager - ex-0000000003 endpoint leased [route: {s}->https://hub.docker.com:443][total available: 0; route allocated: 1 of 5; total allocated: 1 of 25]
21:15:26.080 [main] DEBUG org.apache.hc.client5.http.impl.io.PoolingHttpClientConnectionManager - ex-0000000003 acquired ep-0000000003
21:15:26.080 [main] DEBUG org.apache.hc.client5.http.impl.classic.InternalHttpClient - ex-0000000003 acquired endpoint ep-0000000003
21:15:26.080 [main] DEBUG org.apache.hc.client5.http.impl.classic.MainClientExec - ex-0000000003 executing GET /v2/repositories/selenoid/vnc/tags?page=3&page_size=1024 HTTP/1.1
21:15:26.080 [main] DEBUG org.apache.hc.client5.http.protocol.RequestAddCookies - ex-0000000003 Cookie spec selected: strict
21:15:26.080 [main] DEBUG org.apache.hc.client5.http.impl.classic.InternalHttpClient - ep-0000000003 start execution ex-0000000003
21:15:26.080 [main] DEBUG org.apache.hc.client5.http.impl.io.PoolingHttpClientConnectionManager - ep-0000000003 executing exchange ex-0000000003 over http-outgoing-0
21:15:26.080 [main] DEBUG org.apache.hc.client5.http.headers - http-outgoing-0 >> GET /v2/repositories/selenoid/vnc/tags?page=3&page_size=1024 HTTP/1.1
21:15:26.080 [main] DEBUG org.apache.hc.client5.http.headers - http-outgoing-0 >> user-agent: Apache-HttpClient/5.0
21:15:26.080 [main] DEBUG org.apache.hc.client5.http.headers - http-outgoing-0 >> accept-encoding: gzip, deflate, br
21:15:26.080 [main] DEBUG org.apache.hc.client5.http.headers - http-outgoing-0 >> cache-control: max-age=0
21:15:26.081 [main] DEBUG org.apache.hc.client5.http.headers - http-outgoing-0 >> connection: keep-alive
21:15:26.081 [main] DEBUG org.apache.hc.client5.http.headers - http-outgoing-0 >> Host: hub.docker.com
21:15:26.081 [main] DEBUG org.apache.hc.client5.http.wire - http-outgoing-0 >> "GET /v2/repositories/selenoid/vnc/tags?page=3&page_size=1024 HTTP/1.1[\r][\n]"
21:15:26.081 [main] DEBUG org.apache.hc.client5.http.wire - http-outgoing-0 >> "user-agent: Apache-HttpClient/5.0[\r][\n]"
21:15:26.081 [main] DEBUG org.apache.hc.client5.http.wire - http-outgoing-0 >> "accept-encoding: gzip, deflate, br[\r][\n]"
21:15:26.081 [main] DEBUG org.apache.hc.client5.http.wire - http-outgoing-0 >> "cache-control: max-age=0[\r][\n]"
21:15:26.081 [main] DEBUG org.apache.hc.client5.http.wire - http-outgoing-0 >> "connection: keep-alive[\r][\n]"
21:15:26.081 [main] DEBUG org.apache.hc.client5.http.wire - http-outgoing-0 >> "Host: hub.docker.com[\r][\n]"
21:15:26.081 [main] DEBUG org.apache.hc.client5.http.wire - http-outgoing-0 >> "[\r][\n]"
21:15:26.207 [main] DEBUG org.apache.hc.client5.http.wire - http-outgoing-0 << "HTTP/1.1 200 OK[\r][\n]"
21:15:26.207 [main] DEBUG org.apache.hc.client5.http.wire - http-outgoing-0 << "date: Thu, 16 Mar 2023 21:15:26 GMT[\r][\n]"
21:15:26.207 [main] DEBUG org.apache.hc.client5.http.wire - http-outgoing-0 << "content-type: application/json[\r][\n]"
21:15:26.207 [main] DEBUG org.apache.hc.client5.http.wire - http-outgoing-0 << "transfer-encoding: chunked[\r][\n]"
21:15:26.207 [main] DEBUG org.apache.hc.client5.http.wire - http-outgoing-0 << "x-ratelimit-limit: 180[\r][\n]"
21:15:26.208 [main] DEBUG org.apache.hc.client5.http.wire - http-outgoing-0 << "x-ratelimit-reset: 1679001386[\r][\n]"
21:15:26.208 [main] DEBUG org.apache.hc.client5.http.wire - http-outgoing-0 << "x-ratelimit-remaining: 178[\r][\n]"
21:15:26.208 [main] DEBUG org.apache.hc.client5.http.wire - http-outgoing-0 << "x-trace-id: 0ad3c4d33d5d3b5cadd8a1382aedb0d4[\r][\n]"
21:15:26.208 [main] DEBUG org.apache.hc.client5.http.wire - http-outgoing-0 << "server: nginx[\r][\n]"
21:15:26.208 [main] DEBUG org.apache.hc.client5.http.wire - http-outgoing-0 << "x-frame-options: deny[\r][\n]"
21:15:26.208 [main] DEBUG org.apache.hc.client5.http.wire - http-outgoing-0 << "x-content-type-options: nosniff[\r][\n]"
21:15:26.208 [main] DEBUG org.apache.hc.client5.http.wire - http-outgoing-0 << "x-xss-protection: 1; mode=block[\r][\n]"
21:15:26.208 [main] DEBUG org.apache.hc.client5.http.wire - http-outgoing-0 << "content-encoding: gzip[\r][\n]"
21:15:26.208 [main] DEBUG org.apache.hc.client5.http.wire - http-outgoing-0 << "strict-transport-security: max-age=31536000[\r][\n]"
21:15:26.208 [main] DEBUG org.apache.hc.client5.http.wire - http-outgoing-0 << "[\r][\n]"
21:15:26.208 [main] DEBUG org.apache.hc.client5.http.wire - http-outgoing-0 << "BD8[\r][\n]"
21:15:26.208 [main] DEBUG org.apache.hc.client5.http.wire - http-outgoing-0 << "[0x1f][0xffffff8b][0x8][0x0][0x0][0x0][0x0][0x0][0x0][0x3][0xffffffc5]\[0xffffffdb]r*[0xffffffc9][0x11]|[0xfffffff7]g[0xfffffff0]j-[0xffffffaa][0xffffffee][0xffffffaa][0xffffffbe][0x11][0xffffffb1][0xffffffe1][0xffffff9f][0xfffffff0][0xffffff93][0xffffffed][\r]E_W[0xffffffd8]:[0xffffffa0][0x0][0xffffffa4][0xffffffd8][0xfffffff5][0xffffffc6][0xfffffff9]w[0xffffffe7][0xffffffe8][0x1c][0x9][0xffffffa1]8[0x1b][0xffffff9e][0xffffff80]n[0xfffffff4]&F0[0xffffff90]LR[0xffffffdd][0xffffff95][0xffffff99]5[0x7f],[0xfffffff2][0xfffffff6]isX[0xffffffac]4[0xffffffeb][0xffffff9b][0xffffffc5][0xffffffa6][0xfffffffe][0xffffff86]?7O[0xf][0xf]7[0xffffff8b][0xffffffc7]]}^o[0xffffff9f][0xfffffff6][0xffffff8b][0xffffffd5][0xffffffe2][0xfffffffe]px[0xffffffdc][0xffffffaf]no[0xffffffef][0xffffff9f][0xffffffd2][0xffffffb2]l[0xfffffff3][0x7f][0xffffffea]n[0xffffff99][0xffffffb7]_n[0xffffff9f][0xfffffff5][0xffffffed][0xffffffae]>n[0xfffffff7][0xffffffeb][0xffffffc3]v[0xffffffb7][0xffffffae][0xfffffffb][0xffffffdb]}}[0xffffffa8][0xffffff9b][0xffffffed][0xffffffba][0xffffffdc]>o[0xfffffff2][0xffffffed]![0xfffffffe][0xffffffba][0xffffffff][0xffffffdb]c[0xfffffffc][0xffffffb5][0xfffffffe][0xffffffac][0xffffffff][0xfffffff5]D[0xffffffa4][0xffffffed][0xfffffff4][0xfffffff7][0xffffffdd]~[0xfffffffd][0xffffffdf][0xfffffffa][0xffffffb3]"-[0xffffff8b][0xffffff9b][0xffffffc5][0xffffffae][0xffffffee][0xffffff9f][0x1e][0xe]8[0xffffffff]?[0xffffffff]X[0xffffffe4]][0xffffff8d]8[0xffffffcb]b[0xffffffe5][0xffffff98][0xffffffac][0xf]7[0xffffff8b]uY[0xffffffac][0xffffff94]g[0xffffffa5][0xffffff82]Rx[0xfffffff4][0x5]/[0xfffffffe][0xfffffff6][0xffffffcc][0xffffffb8][0xffffffcb][0xfffffff7][0xffffffeb]C[0xffffffcd][0xffffff87][0xffffffa7]][0xffffffc5]G[0xffffff8b]_[0xffffff8a][0xffffff9d]N[0xffffffd6][0xfffffff0]z[0x1c][0xffffff99]>-[0x1e]=[0xffffffc7][0xffffffdd]:N[0xffffffa8][0xffffffbe]A)k[0xffffffbc][0x1a][0xffffff8f][0x16][0xfffffffb][0xfffffffb][0xffffffa8][0xffffff8d]][0xffffffb1][0xe]A[0xffffff99][0xffffffea][0xffffffaa][0xffffffb6][0xffffffba][0xffffffb4],AE[0xffffffe7][0xffffff8a][0x12]e"st[0xffffffd4][0xffffff8a][0xffffffd7]J[0xffffff92][0xffffffd2]![0xffffffdb]V[0xffffffd9]P[0xffffffd0]QBf[0xffffffb1][0xffffffd1][0xffffffc4]*[0xffffff84]w[0xffffffd8]N[0xffffffef][0xfffffff4][0xffffffb0][0xffffffde]<[0xfffffffd][0xfffffff6][0xfffffff2][0xffffffe0][0xffffffee][0xfffffff4][0xfffffffd]q[0xffffffe0][0xffffffb9][0xffffffee][0xfffffff6][0xffffffeb][0xffffffed][0xffffffe6][0xfffffff5]#L[0xffffffc0][0x17]+V[0xffffff81][0x15][0xffffff89][0xffffff92][0xffffff9b][0xffffffc5][0xfffffffe][0xffffff80][0xf]<[0xffffff9d]d[0xffffffbd][0xffffff89][0xfffffff9][0xffffffb0]~[0xffffffae]8[0xffffffcf]C[0xffffffdc][0x1f][0xffffffee][0x1e][0xfffffff1][0xffffffed]W[0xffffffa0][0xffffffff][0xfffffff6][0xffffffd1][0xffffffbf][0x1f][0xffffffda][0xffffffdf][0xffffffbf][0x1e][0xfffffffa][0xfffffffa][0xffffffcb][0xfffffff7][0xffffffe7]==[0xffffff96]x[0xffffff98][0xffffff8e].4)[0xfffffff7][0xffffff93]R?i[0xfffffff7]w%+[0x1d]p-[0xffffff97]L[0xffffffda]x[0xfffffff7][0xffffff8f][0xffffffd7][0xffffff93]~{[0xfffffff2][0xffffffbb][0xffffffef][0xfffffff7][0xffffffe5][0xffffffbc][0xffffffdf][0xffffff8f][0xffffffde]=[0xffffffed][0xffffffeb]n[0x13][0xffffffbf]L[0xffffffdf][0xffffffe7]s[0xffffffdc][0xffffffac][0xffffffe3][0xffffffe3]v{[0xffffff8f]W~?[0xffffffb4]}[0xffffffac][0xffffffbb]x'a9[0xffffffe1]~[0xffffffbb][0xffffffe0][0xffffffbf][0xffffffe3][0xfffffffa][0x18][0xffffffc5]a[0xffffffba]X[\r][0x1f][0xfffffff9][0xffffffe5][0xffffffd2][0xffffff9e] |[0xffffffd6][0xffffff8b][0xffffffd5]a[0xfffffff7]To[0x16][0xffffffe0][0xffffffc2][0xffffffdd][0xffffff8f][0xfffffff0]N[0xffffffc7][0x7f][0xffffff80][0xfffffff9][0xffffffdd][0xffffffe1]o[0xffffffb8][0xffffffff][0xf][0xffffffc2]/[0xffffffb5][0xffffffac][0xffffffe3][0xffffffdd][0xffffffe1][0xfffffff7][0xffffffc7][0x17]B<>>[0xffffffac]s<[0xffffffe0][0xffffffbb][0x7][0xf][0xffffffcb][0xffffff91][0xffffffaf][0xffffff9b]C\o[0xffffffc0][0xffffffdc][0x17].-[0xffffff9f][0xffffffd5]_[0xffffffff][0xffffffbd][0xffffffc7][0xffffffe5][0xffffffb9][0x1][0xffffffff]7[0xffffff87][0xffffffba]9[0xffffffbc][0xffffffbe][0xfffffffe][0xffffffe5][0xffffffdf][0xffffff8b][0xffffffaf]7[0x7f][0xffffffc6]I[0xffffffab][0xffffffbc][0xffffffb2][\n]"
21:15:26.208 [main] DEBUG org.apache.hc.client5.http.wire - http-outgoing-0 << "[0xffffffbf][0xffffff95][0xffffffce][0xffffff9c]TB[0xffffffa1]D[0x17][0xffffff8c][0xffffffb4][0x10][0xffffff8d][0xb][0xffffffda][0xffffff90][0xffffffcf]I[0xffffffe5][0x12][0x3][0xffffff8e]rU[0xffffffad][0xffffffb8] %[0x19][0x13][0x4][0xffffffd7][[0xffffff82][0xffffffd8][0xffffff96])H[0x8][0xffffffc4][0x12][0xffffff8c]:[0xffffff9f][0xffffff93][0xffffffd6][0xffffff85][0xffffffc0][0xffffffda][0xffffffe0]:[0xfffffffe][0xffffffe8][0x1a][0xfffffffd][0xffffffe0][0xfffffffa][0xffffff9c][0xffffffc5]I[\n]"
21:15:26.208 [main] DEBUG org.apache.hc.client5.http.wire - http-outgoing-0 << "Kg[0xffffffad][0x15][0xffffffdd][0xffffff93][0xffffff93]~[0x1e]'[0xffffff8f][0x8]Gr[0xfffffff2][0x4][0xffffffe1]U9[0xffffffc9][0xffffffc1][0xffffff91][0xffffffd2][0xffffffd4][0xffffff9d][0xffffff93][0xffffff95][0xffffff92][0xffffff94][0x1c]u[0xffffffa8]Rl[0xffffff89]YI[0x1]O$[0xffffff8b][0xffffffd4],[0xffffffd4][0x14][0xffffffd9]@[0xffffffd1][0xffffffb6][0xffffffa6][0x3][0x17][0xffffffa3][0xffffffbc]FAe[0xffffffad]Zv[0xffffffce]x[0xffffffd4][0xffffffd5]v[0x1]'[0xffffffad]V[0x1a][0xffffffb5][0x7f]$'[0xfffffffd][0xffffffca][0xffffffd8][0xffffffa5]3b[0xffffffb8]+'[0xffffffdd]LN[0xffffffbe]![0x1c][0xffffffc7][0xffffffc9][0xf][0x8][0xffffffaf][0xffffffca]I0!x[0xffffff8f][0xffffff85][0xffffffae]s[0xffffff9d][0xffffffb4]J[0x19][0xffffffc9][0xffffffda]i[0xffffffa2][0xffffffc4][0xffffffe4][0xffffffa9]&[0xffffffc9]$[0xffffffde][0x1b][0x17]c[\n]"
21:15:26.208 [main] DEBUG org.apache.hc.client5.http.wire - http-outgoing-0 << "1'[0xffffffcb]A5Q[0xffffffad][0xffffffea][0xffffff94][0xffffff9d][0xffffffd5][0xffffffda]'[0x11]_[0xffffffac]U9Tg[0xffffffec]%[0xffffff9c][0xffffffb4][0x16][0xfffffffb][0xffffff98][0xffffffa1]u[0xffffffd2][0xffffffaf][0xffffff84][0xffffff97][0xffffffd8][0xffffff87]X[0xffffffd5][0xffffffb3]L[0xffffffda][0xffffffb9][0xffffff94]|[0x5]8[0xffffff92][0xffffff92][0xffffffef][0x1]^[0xffffff95][0xffffff91][0xffffffe0][0xffffff8d][0xffffff80]=[0x3][0x18]IY[0xffffff99]D[0xffffffb9][0x4][0x13])j[0xffffffa6][0xffffffaa][[0xffffffae][0xffffffcd][0x18]-[0x15]G[0xffffff8c])[0x16][0xffffffe5]9[0xffffff9b][0x16][0x12][0xffffff9b][0xffffff94][0xffffffc9])[0xffffffdb][0xc][0x9]G<?Zw>#[0xffffff8d]2[0xffffffd8][0xffffffe7][0xffffff91][0x1d][%[0xffffff99][0xffffff96][0xffffffd8]f[0xffffffa0][0x1e][0xfffffff7][0xffffffa4][0xffffffa4][0xffffff99]G[0xffffffc9]#[0xffffffc2][0xffffff91][0xffffff94]<AxuN2[0xffffffb9][0xffffffee][0xffffff9c]T[0xffffffba]V[0xffffffc7][0xffffffbe]j[0xffffff9f]s[0xffffffc1]J[0xffffff83][0xffffffee]F{[0xffffff94][0xffffffc1][0xffffffa0]Q[0xc]%[[0xffffffd5]LjRj[0xffffffce]-+[0xffffff90][0xffffffd3][0xffffff94][0xffffff94][0xffffff9a][\n]"
21:15:26.209 [main] DEBUG org.apache.hc.client5.http.wire - http-outgoing-0 << "[0xe]%[0xffffff95][0xffffffbd]5[0xfffffffe][0x2]NZ[0xfffffff6][0xc][0xffffffbe][0xffffff8c][0xffffffe5][0xffffffa4][0xfffffff2][0xffffffcb][0xffffffe0][0xffffff84][0xffffff8c][0xffffffed][0xffffffc9]I[0xffffff99][0xffffffc9][0xffffffc9]7[0xffffff84]#9y[0xffffff82][0xfffffff0][0x13]8[0xffffffd9][0xffffffbf]N[0xfffffffa]j<[0x1a][0xffffffe8]BE[0xffffff95]6U[0xffffffca][0xffffff80]/R[0xffffffc4]d[0xffffffab][0xffffffa9][0xffffffe6][0x16][0xffffffc1]J[0xffffffec]1-ErA9[0xffffff94]I[0x17]Z@?TlC/[0x1b][0xffffffd2][0x5][0xffffff9c][0xffffffc4]V[0xffffffd2][0xffffffb0][0xfffffff1]c9If[0xffffffe9]U[0xfffffff0][0xffffffd2][0xffffff93][0xffffff92]<[0xffffff93][0xffffff92]o[0x0]GR[0xfffffff2]=[0xffffffc0][0xffffffab]3R[0x7][0xffffffd3][0xffffffbd]J2[0xffffffb3]M[0xffffffa9][0xffffffe4][0xffffffea][0xffffffd1][0xffffffc3][0x10][0xffffffe5][0x8][0xffffff95][0xffffffc7][0xffffffa0][0xffffff97][0x11][0xffffffa3][0xffffffb1]zg2[0xffffff99]5[0xffffffab]\[0xffffff8d][0xfffffff5]5[0x17]6[0xffffffcd]+E![0xffffff96][0xffffff92]<[0xffffff97]F[0x17][0xfffffff4]7F[0xffffffa1][0x10][0x1b][0xffffff82][0xffffff8c]0[0xffffffae][0xffffffe7]v+[0x3][0x1d][0xffffffc8][0x13][0xffffffeb][0xffffffae][0xffffff94][0xffffffd4]3)[0xfffffff9][0xffffff86]p[0x1c]%? [0xfffffffc][0x4]N[0xfffffff6][0xffffffef][0xffffffb9]S[0xffffffc4][0xffffffa6]N[0xffffffc7][0x4][0xffffffe9]'A[0x2][0xffffff8a]hq&[0xfffffff9]'YS[0xffffff9b][0x16][0x8]59[0xffffff95][0x16][0xffffff9b]-[0xffffffaa]E[0xffffff8d][0xffffffa7]z[0xffffff9d]|f'[0xffffffd9][0xffffff81][0xffffffa7]%\[0xffffffd0][0xffffffdf][0xffffff88]C[0x17]E[0x16]?[0xffffffb3][0xffffff91][0xffffff9c][0x14]Zz[0xffffff88][[0xffffffd2]U[0xffffff9b]T[0xfffffff3]8yD8[0xffffff92][0xffffff93]'[0x8][0xffffffaf][0xffffffcf][0xffffffc9][0x1]=w[0xffffff8e][0xffffffde]D[0xffffffe3][[0xfffffff5][0xffffff9e]bk[\n]"
21:15:26.209 [main] DEBUG org.apache.hc.client5.http.wire - http-outgoing-0 << "[\n]"
21:15:26.209 [main] DEBUG org.apache.hc.client5.http.wire - http-outgoing-0 << "=J`Bg[0x3]m[0x12][0xffffffc5]1*[0xffffffe5][0xffffffa5]5[0xffffffc2][0xffffffc6][0xffffffcf]qC[0xffffff8d]l[0xffffffc5]:'[0xffffff93][0xffffffc2]![0xffffffa9][0xffffff84][0xb]v[0xffffff93]"[0xffffff9a]<[0xffffffb6][0x3]c9[0xffffffa9]=zn[0xffffffe5][0xffffff9d][0xffffffe9][0xffffffb9]t[0xffffffd3]LN[0xffffffbe]![0x1c][0xffffffc9][0xffffffc9][0x13][0xffffff84][0xffffff9f][0xffffffc0][0xffffffc9][0xfffffffe]u[0xffffffd2][0xffffff86][0x1c][0xffffffab][0xffffffd7]VJ[0xffffffb1][0xffffffd1]C[0x11]Gw[0xffffffcf][0xffffffd0][0xffffffc2][0x1d][0xffffffb6][0xffffff90][0xffffffa8][0xffffffa1][0xffffffb9][0x11]g[0xffffffc5]VG]([0xffffffd4]h4[0xfffffffe]S[0x2][0xffffffea]j[0xffffff8d][0xffffffbe]Y[0xffffff8e][0x17][0xffffffed]&=[0xffffff9b][0xffffffd1][0xffffff9c]T[0xffffffb2]4[0xffffffca][\n]"
21:15:26.209 [main] DEBUG org.apache.hc.client5.http.wire - http-outgoing-0 << "[0xfffffff5][0xffffffec][0xffffffba]y[0xffffffa6][0xffffff87]c4[0xffffffac][0xffffffb7][0x17][0xffffff84]#9y[0xffffff82][0xfffffff0][0xfffffffa][0xffffff9c]t[0xfffffffd][0xffffffbb]n.I[0xffffff85]TH[0xffffff81][0xffffff9a][0x9][0xfffffffa]x[0xffffffcd][0x1e][0x1e][0xe][0xffffff96]f[0xffffffcb][0xffffffd9]p@[0xffffffb9][0xffffffac][0xffffffd6][0x15][0xffffffe3][0xffffff94]n[0xffffff8a][0x15]*[0xffffffa3][0xffffffa6]B[0xffffff95][0xffffffa3]*5J[0xffffffe6][0xb]<[0x1c]C[0xffffff84]B[0xffffffcc][0xffffff83][0xffffffeb]$a[0xffffffed]&[0x18][0x0]]99[0xffffffd3][0xffffffc3]9"[0x1c][0xffffffc9][0xffffffc9][0x13][0xffffff84][0xffffff9f][0xffffffc0]I[0xffffffee][0xffffffde][0xffffffe3]x[0xffffffd8][0xffffff84]-P3zZ[0xffffffc4]U[0x8][0xffffff9a][0xffffff8d]-I([0xffffffc1]j[0xffffff87]P[0xffffffe9]][0xffffffc1][0xffffffce][0xffffff91][0xffffffbc]f[0xffffffe1]\[0xffffff8a][0xffffffe4][0x6]E]X[0xffffff88][0xffffffaa][0xffffffc9]Z][0xffffffc0]Iq[0xffffffce]*h[0xffffff9d]#[0xffffffd7]n[0xffffffbb][0x12][0xffffffbf][0xffffffb4][0xffffffe2][0xffffff8d][0xfffffff4][0x14][0xffffffcc]y[0xffffffa6][0xffffff87]sD8[0xffffff8e][0xffffff93][0x1f][0x10]~[0x2]'[0x7][0xffffffac][0xffffffdd]:[0xffffff97][0xffffffd4][0xffffffb8][0x1a][0xffffffae]Z[0xffffffeb][0x10]-V[0xffffffba][0x10][0xffffffb0][0xffffff88]k[0xffffff8b][0xffffffd5][0x19][0xffffffdd]L[0xffffff84]H[0x9][0x5][0x13][0xffffffa4]$[0xffffff8f][0x12]J[0x1a][0xfffffffd][\r][0xffffffc3][0xffffffe6]v[0xffffffaa]$N[0xffffffe1][0xfffffffc][0xffffffb5][[0xffffffcc][0x14][0xffffffbf][0xfffffff0][0xffffff80]4[0xffffffae][0xffffffc7]A[0xffffffbe][0xffffffc4].!l1[0xffffff85][0xffffff8e][0xfffffffb]I[0xffffff9c]sV[0xfffffffe][0xffffffe2][0xffffff88]p$'O[0x10]^[0xffffff9f][0xffffff93][0xffffffb6][0xffffffbf][0xffffffaf]h|[0xffffffae][0xffffffa8]|[0xffffffd8])b[0xfffffffb][0x18][0xffffffa9]6d[0xffffff96][0xffffffb4][0xffffff81]z[0xe][0xffffffe1][0xffffffc9][0xffffff92]O[0x1a]rMsE[0xffffffe3][0xffffffa8]S[0xffffffe8]I[0xffffffac][0xfffffff5][0xe][0xffffff9b]$[0xffffffcf][0xffffffd8][0xffffff88]2[0xffffff8e]^[0xffffffc0][0xffffffc9])[0xffffffce][0x1]R[0xffffff8e][0xffffffe5][0xffffffa4][0xffffff96][0xffffffa5]%[0xffffff84][0xffffffab]zRr[0xffffffa6][0xffffff89][0xfffffff3][0xffffff92]Wy[0x1]8[0xffffff92][0xffffff92][0xffffffef][0x1]~[0x2]#[0xfffffffb]W[0xffffffc9][0xffffffc0][0x1];GH>F[0x17]F*[0x8][0xffffffa9][0xffffff8b][0xffffffc2][0xffffffd1][0xffffff90][0xffffffd3][0xffffff91][0xffffffa9]dQ[0xffffffb5][0xffffff96][0x1c]b[0xffffffc5][0xffffffff](`[0xffffffb3][0xffffffe9],[0xffffffb6][0xffffff92]Y[0xffffffc1][0xfffffff5]v[0xffffffcd]8wA[0xffffffd7][\r][0x7][0x1d].:[0xf]M[0xffffffa9][0xffffffd9][0xffffff95][0xffffffd2]KX[0xffffffb2][0xffffffe8][0xffffffd1]zRr[0xffffffa6][0xffffff87]sD8[0xffffff92][0xffffff92]'[0x8][0xffffffaf][0xffffffcf]I[0xffffffd3][0xffffffbf][0xffffffc3]y[0xffffffb1][\r]Y[0xffffffa1][0xffffff99]feZD[0xffffff9a][0xffffff92][0xffffffa8]Y[0xffffffd8][0xffffff88]p[0x18][0xffffff93][0xffffff8b]-VG[0x6]i[0xffffff8c][0x4][0xffffffb7]17[0x9]>[0xfffffffb] [0xffffffce][0xffffff92][0xffffffd4][0xffffff84]l%[0xffffffe5][0xfffffff3][0xffffffab]$[0xffffffa3][0xffffffe0]j[0xffffffb1]Cw[0xffffff93]fe[0xffffffc2][0x12][0xe][0xffffff8e][0xffffffb3]]W[0xffffffee][0xffffff99]&[0xffffffce][0x11][0xffffffe1]8N~@xUNZ[0xffffffaf][0xc][0xfffffffc][0xffffffbc][0xffffffee][0x1d][0xe][0xffffffc2]@[0xffffffd1]1T H?-{[0xffffff98][0xffffff85][0xfffffff8]#`[0x1][0x17]x;nj[0xffffffb2][0xffffff95]B[0xffffff8e][0x17][0xffffffb9]bD[0xffffff87][0xffffffd0]q[0xffffffa7][0xffffff98][0xc]R[0xffffffbe]EB[0xffffffc1][0x16][0xffffffad]^[0xffffffa0][0x4][0xffffffa1]|9[0xffffff84][0xffffffd4]F[0xffffffae][0xffffffdc][0xffffff8a]V[0xffffff9a][0xffffff96]PS[0xffffffb5][0xffffffe9][0xffffffd3][0xffffffe1][0xffffffe4][0xfffffffb][0xffffffdd][0xfffffff6]K[0xffffffbd][0xffffffb3]3m[0xffffff9c]#[0xffffffc4]a[0xffffffa4][0xfffffffc][0x8][0xfffffff1][0xffffffaa][0xffffffa4]D~[0x16][0x1a][[0xffffffff][0xffffffb6][0x1b][\n]"
21:15:26.209 [main] DEBUG org.apache.hc.client5.http.wire - http-outgoing-0 << "ZM[0xffffff85]][0xfffffff6][0x11][0x16]cM[0xffffffb1]8Sj[0xffffffe0]4[0xffffffa9][0xffffff92]X[0xffffffbd][0x11][0xfffffffa]px[0xffffffc2][0xffffffe4][0xffffffda][0xffffffa4]ZC[0xffffff8b][0xffffffaa][0x5][0xffffffdb][0xffffff94]Ku[0xffffff8a][0xffffff9c][0xffffffd3][0x5][0x11]s[0xffffffc1][0x6][0xffffff81]I[0xffffff8d]lq(L[0xffffff85][0x12][0xffffffd9]:[0xffffffa4]=[0xffffffbb],[0xffffffde][0xffffffaf][0xffffffa4][0xffffff9c][0xffffffeb][0xffffffe3][0xffffffbc]A[0x1c]F[0xffffffca][0xffffff8f][0x10][0xffffffaf]JJ[0xffffffb6][0x10]_[0xffffffa7]@v[0xffffffe7][0xffffffec]$[0xffffffd2]bEU[0xffffffaa][0xffffffd8][0xffffff8d][0xb][0xffffffb2][0xffffffbb]1;[0xffffffe5]q[0x15]AKJX][Fo#mJ[0xffffff9d][0xffffffc3][0x17]oH[0x14][0xffffffa3]Zf[0xfffffff6]`e[0xfffffff0][0x8][0xffffffaf]][0xffffffd0][0xffffffe3]@OB[0xffffffad][0xffffff94][0xffffff91];J\18o[0x8][0xffffffc3][0xffffff9b]N>[0xffffffce]+)g[0x1a]9G[0xffffff88]#Iy[0x2][0xfffffff1][0xffffffaa][0xffffffa4][0xffffffc4][0xffffffdc][0xffffff83]G[0xffffffa9][0xffffffec]N[0xffffffca]RP[0x15]Q[0x8]-C[0xffffff91]D*[0x2]"[0xffffffa4][0xffffffd2]%[0xffffff90]e[0x7];[0xffffff87][0xffffff9d][0xffffffc5]r[0xffffff8d][0xffffff85][0xffffffda][0xffffffc6][0xffffff80][0xffffffd2]XHbK[0xfffffff0][0xffffff8f][0x1b]B[0xffffffc0]HjD=[0xffffffcd][0xffffffcd][0xffffff9c]9[0xffffff8c][0xffffff83][0xffffffea][0xffffffc5]V[0xffffffcc]`R*[0xc]>h[0xffffffeb]:[0x19][0xffffffde][0xffffffdf]I[0xffffff89][0xfffffff2];K[\r]:B[0x1c]I[0xffffffca][0x13][0xffffff88][0xffffffd7]%%.a[0xffffffb0][0xfffffffd]I[0x9][0xffffffe1][0x7][0x6][0xffffffa2]Fc-[0xffffffcc]-2[0xffffff94][0x1f]l[0x1c]5[0xffffffa7][0xffffff8c][0xffffff96][0x6][0xfffffffb][0xffffffcd][0xffffffd2][0xffffffb4][0xffffff8d]`'[0x12][0x1a][0xffffffc5][0x1b][0xffffff88][0xffffff8a][0xffffffc5];[0xffffffc7][0xffffff92]s[0xfffffff2][0xffffff94][0xffffffb9]^[0xffffff90][0xffffffc2]P0[0xfffffffd][0xfffffff0][[0x18]JJ[0xffffffcc][0x5] ?[0x19][0xffffffb0]u[0xffffffed][0xffffff93][0xc]z%[0xffffffe5]L+[0xffffffe7][0x8]q[0x1c])?@[0xffffffbc].)[\r][0xffffffda]c[0xffffffee][0xffffffdf][0xffffffe8]$l%'[0xffffffc9]QbT[0xffffffb5]@[0x6][\n]"
21:15:26.209 [main] DEBUG org.apache.hc.client5.http.wire - http-outgoing-0 << "[0xffffff98][0xffffffb8][0xffffff89][0xffffffd6][0xffffffb6][0xffffffd2]|Bg[0xffffff83]M[0xffffffa4][0xffffffcd][0x1][0x6]][0xfffffff0][0x9]IK[0xffffff84]1LDLH[0xffffffb0][0xffffff98]#[0xffffffb7]Q[0xffffffcf][0x17][0xffffff84]0[0xffffffc9][0x1]9[0xffffffdb]L[0xffffffbf][0xffffffb3]a[0xffffffb2]9[0xfffffff9][0xffffffd5]dO[0xb]F[0xffffff8a][0xfffffffa]D[0xffffff83]^I9[0xffffffcf][0xffffffcb]y[0x7]q$)O ~[0x2])[0xfffffffb][0xffffffab][0xffffff94][0xffffff9c][0x1d][0xffffffb6][0xffffff89][0xffffff82]0y[0xffffffae]6C[0xffffff9d][0xffffff84][0xfffffff6][0xffffffa3]=[0xffffff92][0xffffffe5][\n]"
21:15:26.209 [main] DEBUG org.apache.hc.client5.http.wire - http-outgoing-0 << "[0xffffff95]Y[0xffffffeb][0x4][0xffffff81][0xf][0xfffffff5]2bN[0x14][0xffffffda]d[0xffffffa6][0xffffff8a][0xffffffd4]oK[0xe][0xffffffab]xa[0xffffff8d][0xfffffff9][0xffffff88][0xfffffff3][0xfffffffd]E[0x1d][0xffffffa6]B[0xffffffe9][0xfffffffc]H[0xffffffcf][0x1b][0xffffffa4]T[0xfffffff0]r[0xffffff90][0xffffff90][0xf]}[0x14][0xffffffa1]WR[0xffffffce]3s[0xffffffde]A[0x1c]I[0xffffffca][0x13][0xffffff88][0xffffffd7]'[0xffffffa5][0xffffff86][0xffffffa6][0xffffffd7][0xffffffb9][0xffffffd1]AV[0xffffffd7]A[0xffffffdd][0xffffffa9]z[0xffffffda] [0xffffff92][0xffffffd5][0x18][0xffffff94][0xffffffc5]$[0xffffff84]iX[0xffffffc9]kr[0xffffffd5][0xffffffb8][0x4]E[0x12][0xffffffae]7&[0xffffffc2]\#[0x10]V'[\r]s[0x1c]S[0x13]0[0xffffffc1][0xffffffeb][0x5][0xffffff8d][0xe][0xffffffae]X[0xffffffc0][0xffffff8c][0xffffffd8][0xffffffd0] [0x6]![0xfffffff6]j[0xffffff97]*`[0xffffff8c][0xffffffbc]o[0xffffffa5][0xffffff9c]g[0xffffffe7][0xffffffbc][0xffffff83]8[0xffffff8e][0xffffff94][0x1f] ~[0x2])[0xfffffffb]KB[0xffffffa5][0xffffff95][0xffffffaa]J[0xffffffc1]L[0xffffffad][0x9][0xffffff98][0x16][0xffffff93][0xffffffc6][\r]}v[0xffffff9d][0xffffff94]Ix[0xffffffc5][\r][0xffffff91][0xffffff8c]&T[0x4]s[0xffffff93]1g[0xffffff8c][0xffffffee][0x18][0xffffff8d]i5[0xffffff89]8[0xffffffd6][0x1c][0xffffffc6][0x1c][0xffffffcf][0xffffff9f][0x7f][0xffffff80][0xffffff83][0x19][0xffffffc4]@?[0x1f][0xffffffb9]|[0xffffffbb][0x15][0xfffffff3][0xffffffd2][0xffffffb0][0xfffffff8][0xffffffd0][0xffffff97][0xffffff94][0xfffffff3][0xc][0xffffff9d]w[0x10]G[0xffffff92][0xfffffff2][0x4][0xffffffe2][0xfffffff5]I9)[0xffffffcd][0xffffff9d]+%[0xffffffba][0xffffff9b][0xffffff9c][0xffffffe0][0xffffffde]Lw[0xffffffda][0x10]D+[0x8]Ysoj[0xffffffc2][0x1a][0xffffff8d]:[0xffffff98]9 [0xffffffbe][0xffffffeb]0>[0xffffff9b][0xffffff9b][0xffffffcd][0x18][0xffffffd0][0xffffffb1][0xffffffb8][0x1d][0x7]c[0xffffff9e][0x11][0xffffff93][0xffffffe0]>[0xffffffb5][0xffffff9a][0xffffffcd][0xfffffff9][0xffffffdd]7Lapeh[0xffffff8c][0x12][0xffffff95][0x12]![0xffffffc3])[0xffffff96][0xffffffdc]y[0xfffffff9][0xffffff9e][0xffffffe9][0xffffffe8][0x1c]![0xffffff8e]$[0xffffffe5][0x9][0xffffffc4]O e[0xffffffff]J[0xffffffe9]*[0xffffff92]g-[0xffffffd4][0xffffffe4]![0xfffffffa]T[0xffffff8b]y[0x1c][0xffffff81][0xffffffde][0xffffff93]2[0xffffff94][0x1f]_[0x15][0xffffffc1][0xffffffc9][0xffffff99][0xffffffb4]D[0xffffffa8][0xffffff99][0xe][0x2]{,[0xffffffd5]W[0xffffffb0][0x13][0x1a]fm[\r]3[0xffffffe7]t[0xffffff81]$D$[0x18][0xffffff9b][0xffffff9c]n[0xffffff85]3[0xffffffae][0xffffffd1][0xffffffb1]+c[0xffffff96]P[0xffffffe9]}[0xffffffa7]l[0xffffffef][0xffffffeb][0xffffff9e]r[0xffffffa6][0xffffffa3]s[0xffffff84]8[0xffffff8e][0xffffff94][0x1f] ^[0xffffff9f][0xffffff94][0xffffffd3]Lt[0xffffffe7]Ji=[0x16]g$)[0xffffffab]DX;[\r][0xffffffda][0xffffffa3]`[0x12][0x2][0xffffff81][0xc][0xfffffff4][0xffffffdb]l1[0xffffffa4][0x13]LQ)[0xffffffa2]-[0xffffff8f] (4J[0xffffff87][0xffffffbc]e([0xffffffe2][0x13]V[0xfffffff8][0xffffffe2].[0xffffffb0][0x19][0xffffff89]p[0xffffff9b][0x1d][0xffffffeb]G[0xe][0xffffffe6][0x10]Bk[0xffffffbc][0xffffff84][0xffffffc7]hB[0xffffff9f]p[0xffffffef]+)g::G[0xffffff88]#Iy[0x2][0xfffffff1][0x13]H[0xffffffd9][0xffffffbf]R[0x6]]c[0xffffffc6][0xffffffb0][0xffffffa2][0xffffffc0]Dl0[0xffffff8d]\-[\r]S[0xffffffdc]& v[0xffffff8e][0xffffffc9][0x19]L<h[0xffffff90][0x15]*7r[0xffffffbe][0xffffffb8]yK[0x0]-[0xfffffff1][0xfffffffb]/X[0xffffffc5]5*[0xffffffa6][0xffffff9c]?[0xffffffc1][0x8][0xffffffbd][0xffffff84][0xffffff9d][0x1]-[0xffffffc7]VJEK[0xffffffc1][0xffffffd4]V[0xffffffe8]3[0xffffff99][0xfffffff3]J[0xffffffca]y[0xffffff8e][0xffffffce];[0xffffff88]#Iy[0x2][0xfffffff1][0xffffffea][0xffffffa4][0x4][0xffffffc8][0xffffffee][0xffffff95][0x12][0xffffff99]H[0xffffffe8][0xffffff8d][0xffffffb8]i[0xffffff90]g[0xfffffff4][0xffffffd7][0xffffffb8][0xffffff97][0x1a]5[0xffffff94]I[0xfffffff8][0xffffff87]Pl[0xffffffb8]B[0x1e]g[0xc]8[0xffffff82][0xffffff8f][0xfffffff8][0xffffffd1][0xffffffc3]v[0xffffff9c][0xffffff86]i[0xffffffeb][0xffffffd4][0xffffffad][-[0x1a][0xffffffd3][0x11][0xfffffff1]|[0xffffff9b][0x11]`[0xc][0xffffff96]o[0xffffffc2][0xffffffef]l[0xffffffdc][0xfffffff2]mV[0x2]Iq[0x1a][0xffffff90][0xffffffe9][0xffffffea]}[0xffffffcf][0xffffffbc][0xffffffbf][0xffffffda];[0xffffff88][0xffffffe3]H[0xfffffff9][0x1][0xffffffe2]'[0xffffff90][0xffffffb2][0x7f][0xffffffa5][0xffffffc4][0xffffffba][0xffffff9c][0xffffff88]m[0xffffffc1]p[0xffffffad][0xffffffe2]I<[0xffffffc7][0xffffffbd][0x6] [0xfffffff5][0xffffffe0][0xfffffff6][0x2][0xffffffc8][0xffffffa9][0xffffffd5][0x2];[0xffffffc7][0xffffffea][0xffffffea][0xffffff90]W[0xffffffc3]hm[0xffffffc5][0x3]L0F[0xffffffdc][0x1][0x10][0xffffff82]%[0xffffffe6]j[0xffffffb5]-g7:[0x1a]2<[0xffffffee][0xffffffd6]FC[0x3][0x19]f5[0xffffffc5]_=[0xffffffee]O[0xffffffc4]=[0x3][0x19][0x18][0xffffffae][0xffffff98]c3[0xffffffbe][0xffffff83]8[0xffffff92][0xffffff94]'[0x10]G[0xffffff90][0xfffffff2][0xffffff97][0xffffffaf][0x7f][0xfffffff9][0x1f]f[0xffffffdd][0xf][0x1f][0x10]S[0x0][0x0][\r][\n]"
21:15:26.209 [main] DEBUG org.apache.hc.client5.http.wire - http-outgoing-0 << "0[\r][\n]"
21:15:26.209 [main] DEBUG org.apache.hc.client5.http.wire - http-outgoing-0 << "[\r][\n]"
21:15:26.209 [main] DEBUG org.apache.hc.client5.http.headers - http-outgoing-0 << HTTP/1.1 200 OK
21:15:26.209 [main] DEBUG org.apache.hc.client5.http.headers - http-outgoing-0 << date: Thu, 16 Mar 2023 21:15:26 GMT
21:15:26.210 [main] DEBUG org.apache.hc.client5.http.headers - http-outgoing-0 << content-type: application/json
21:15:26.210 [main] DEBUG org.apache.hc.client5.http.headers - http-outgoing-0 << transfer-encoding: chunked
21:15:26.210 [main] DEBUG org.apache.hc.client5.http.headers - http-outgoing-0 << x-ratelimit-limit: 180
21:15:26.210 [main] DEBUG org.apache.hc.client5.http.headers - http-outgoing-0 << x-ratelimit-reset: 1679001386
21:15:26.210 [main] DEBUG org.apache.hc.client5.http.headers - http-outgoing-0 << x-ratelimit-remaining: 178
21:15:26.210 [main] DEBUG org.apache.hc.client5.http.headers - http-outgoing-0 << x-trace-id: 0ad3c4d33d5d3b5cadd8a1382aedb0d4
21:15:26.210 [main] DEBUG org.apache.hc.client5.http.headers - http-outgoing-0 << server: nginx
21:15:26.210 [main] DEBUG org.apache.hc.client5.http.headers - http-outgoing-0 << x-frame-options: deny
21:15:26.210 [main] DEBUG org.apache.hc.client5.http.headers - http-outgoing-0 << x-content-type-options: nosniff
21:15:26.210 [main] DEBUG org.apache.hc.client5.http.headers - http-outgoing-0 << x-xss-protection: 1; mode=block
21:15:26.210 [main] DEBUG org.apache.hc.client5.http.headers - http-outgoing-0 << content-encoding: gzip
21:15:26.210 [main] DEBUG org.apache.hc.client5.http.headers - http-outgoing-0 << strict-transport-security: max-age=31536000
21:15:26.210 [main] DEBUG org.apache.hc.client5.http.impl.classic.MainClientExec - ex-0000000003 connection can be kept alive for 3 MINUTES
21:15:26.212 [main] DEBUG org.apache.hc.client5.http.impl.classic.InternalHttpClient - ep-0000000003 releasing valid endpoint
21:15:26.212 [main] DEBUG org.apache.hc.client5.http.impl.io.PoolingHttpClientConnectionManager - ep-0000000003 releasing endpoint
21:15:26.212 [main] DEBUG org.apache.hc.client5.http.impl.io.PoolingHttpClientConnectionManager - ep-0000000003 connection http-outgoing-0 can be kept alive for 3 MINUTES
21:15:26.212 [main] DEBUG org.apache.hc.client5.http.impl.io.PoolingHttpClientConnectionManager - ep-0000000003 connection released [route: {s}->https://hub.docker.com:443][total available: 1; route allocated: 1 of 5; total allocated: 1 of 25]
21:15:26.215 [main] DEBUG io.github.bonigarcia.wdm.docker.DockerService - The latest version of Firefox in Docker Hub is 110.0
21:15:26.220 [main] INFO io.github.bonigarcia.wdm.docker.DockerService - Pulling Docker image selenoid/vnc:firefox_110.0 (this might take some time, but only the first time)
21:15:26.298 [docker-java-stream-926242780] DEBUG org.apache.hc.client5.http.impl.classic.InternalHttpClient - ex-0000000004 preparing request execution
21:15:26.298 [docker-java-stream-926242780] DEBUG org.apache.hc.client5.http.impl.classic.ProtocolExec - ex-0000000004 target auth state: UNCHALLENGED
21:15:26.298 [docker-java-stream-926242780] DEBUG org.apache.hc.client5.http.impl.classic.ProtocolExec - ex-0000000004 proxy auth state: UNCHALLENGED
21:15:26.298 [docker-java-stream-926242780] DEBUG org.apache.hc.client5.http.impl.classic.ConnectExec - ex-0000000004 acquiring connection with route {}->unix://localhost:2375
21:15:26.298 [docker-java-stream-926242780] DEBUG org.apache.hc.client5.http.impl.classic.InternalHttpClient - ex-0000000004 acquiring endpoint (3 MINUTES)
21:15:26.298 [docker-java-stream-926242780] DEBUG org.apache.hc.client5.http.impl.io.PoolingHttpClientConnectionManager - ex-0000000004 endpoint lease request (3 MINUTES) [route: {}->unix://localhost:2375][total available: 0; route allocated: 0 of 2147483647; total allocated: 0 of 2147483647]
21:15:26.298 [docker-java-stream-926242780] DEBUG org.apache.hc.client5.http.impl.io.PoolingHttpClientConnectionManager - ex-0000000004 endpoint leased [route: {}->unix://localhost:2375][total available: 0; route allocated: 1 of 2147483647; total allocated: 1 of 2147483647]
21:15:26.298 [docker-java-stream-926242780] DEBUG org.apache.hc.client5.http.impl.io.PoolingHttpClientConnectionManager - ex-0000000004 acquired ep-0000000004
21:15:26.298 [docker-java-stream-926242780] DEBUG org.apache.hc.client5.http.impl.classic.InternalHttpClient - ex-0000000004 acquired endpoint ep-0000000004
21:15:26.298 [docker-java-stream-926242780] DEBUG org.apache.hc.client5.http.impl.classic.ConnectExec - ex-0000000004 opening connection {}->unix://localhost:2375
21:15:26.298 [docker-java-stream-926242780] DEBUG org.apache.hc.client5.http.impl.classic.InternalHttpClient - ep-0000000004 connecting endpoint (null)
21:15:26.299 [docker-java-stream-926242780] DEBUG org.apache.hc.client5.http.impl.io.PoolingHttpClientConnectionManager - ep-0000000004 connecting endpoint to unix://localhost:2375 (3 MINUTES)
21:15:26.299 [docker-java-stream-926242780] DEBUG org.apache.hc.client5.http.impl.io.DefaultHttpClientConnectionOperator - localhost resolving remote address
21:15:26.299 [docker-java-stream-926242780] DEBUG org.apache.hc.client5.http.impl.io.DefaultHttpClientConnectionOperator - localhost resolved to [localhost/127.0.0.1]
21:15:26.306 [docker-java-stream-926242780] DEBUG org.apache.hc.client5.http.impl.io.DefaultHttpClientConnectionOperator - localhost:2375 connecting null->localhost/127.0.0.1:2375 (3 MINUTES)
21:15:26.307 [docker-java-stream-926242780] DEBUG org.apache.hc.client5.http.impl.io.DefaultManagedHttpClientConnection - http-outgoing-1 set socket timeout to 0 MILLISECONDS
21:15:26.308 [docker-java-stream-926242780] DEBUG org.apache.hc.client5.http.impl.io.DefaultHttpClientConnectionOperator - localhost:2375 connected null->localhost/127.0.0.1:2375 as http-outgoing-1
21:15:26.308 [docker-java-stream-926242780] DEBUG org.apache.hc.client5.http.impl.io.PoolingHttpClientConnectionManager - ep-0000000004 connected http-outgoing-1
21:15:26.308 [docker-java-stream-926242780] DEBUG org.apache.hc.client5.http.impl.classic.InternalHttpClient - ep-0000000004 endpoint connected
21:15:26.308 [docker-java-stream-926242780] DEBUG org.apache.hc.client5.http.impl.classic.MainClientExec - ex-0000000004 executing POST /images/create?fromImage=selenoid%2Fvnc%3Afirefox_110.0 HTTP/1.1
21:15:26.308 [docker-java-stream-926242780] DEBUG org.apache.hc.client5.http.protocol.RequestAddCookies - ex-0000000004 Cookie spec selected: strict
21:15:26.308 [docker-java-stream-926242780] DEBUG org.apache.hc.client5.http.impl.classic.InternalHttpClient - ep-0000000004 start execution ex-0000000004
21:15:26.308 [docker-java-stream-926242780] DEBUG org.apache.hc.client5.http.impl.io.PoolingHttpClientConnectionManager - ep-0000000004 executing exchange ex-0000000004 over http-outgoing-1
21:15:26.309 [docker-java-stream-926242780] DEBUG org.apache.hc.client5.http.headers - http-outgoing-1 >> POST /images/create?fromImage=selenoid%2Fvnc%3Afirefox_110.0 HTTP/1.1
21:15:26.310 [docker-java-stream-926242780] DEBUG org.apache.hc.client5.http.headers - http-outgoing-1 >> accept: application/octet-stream
21:15:26.310 [docker-java-stream-926242780] DEBUG org.apache.hc.client5.http.headers - http-outgoing-1 >> content-type: application/json
21:15:26.310 [docker-java-stream-926242780] DEBUG org.apache.hc.client5.http.headers - http-outgoing-1 >> Accept-Encoding: gzip, x-gzip, deflate, br
21:15:26.310 [docker-java-stream-926242780] DEBUG org.apache.hc.client5.http.headers - http-outgoing-1 >> Host: localhost:2375
21:15:26.310 [docker-java-stream-926242780] DEBUG org.apache.hc.client5.http.headers - http-outgoing-1 >> Connection: keep-alive
21:15:26.310 [docker-java-stream-926242780] DEBUG org.apache.hc.client5.http.headers - http-outgoing-1 >> User-Agent: Apache-HttpClient/5.2.1 (Java/17.0.6)
21:15:26.310 [docker-java-stream-926242780] DEBUG org.apache.hc.client5.http.wire - http-outgoing-1 >> "POST /images/create?fromImage=selenoid%2Fvnc%3Afirefox_110.0 HTTP/1.1[\r][\n]"
21:15:26.310 [docker-java-stream-926242780] DEBUG org.apache.hc.client5.http.wire - http-outgoing-1 >> "accept: application/octet-stream[\r][\n]"
21:15:26.310 [docker-java-stream-926242780] DEBUG org.apache.hc.client5.http.wire - http-outgoing-1 >> "content-type: application/json[\r][\n]"
21:15:26.310 [docker-java-stream-926242780] DEBUG org.apache.hc.client5.http.wire - http-outgoing-1 >> "Accept-Encoding: gzip, x-gzip, deflate, br[\r][\n]"
21:15:26.310 [docker-java-stream-926242780] DEBUG org.apache.hc.client5.http.wire - http-outgoing-1 >> "Host: localhost:2375[\r][\n]"
21:15:26.310 [docker-java-stream-926242780] DEBUG org.apache.hc.client5.http.wire - http-outgoing-1 >> "Connection: keep-alive[\r][\n]"
21:15:26.310 [docker-java-stream-926242780] DEBUG org.apache.hc.client5.http.wire - http-outgoing-1 >> "User-Agent: Apache-HttpClient/5.2.1 (Java/17.0.6)[\r][\n]"
21:15:26.310 [docker-java-stream-926242780] DEBUG org.apache.hc.client5.http.wire - http-outgoing-1 >> "[\r][\n]"
21:15:27.345 [docker-java-stream-926242780] DEBUG org.apache.hc.client5.http.wire - http-outgoing-1 << "HTTP/1.1 200 OK[\r][\n]"
21:15:27.346 [docker-java-stream-926242780] DEBUG org.apache.hc.client5.http.wire - http-outgoing-1 << "Api-Version: 1.41[\r][\n]"
21:15:27.346 [docker-java-stream-926242780] DEBUG org.apache.hc.client5.http.wire - http-outgoing-1 << "Content-Type: application/json[\r][\n]"
21:15:27.346 [docker-java-stream-926242780] DEBUG org.apache.hc.client5.http.wire - http-outgoing-1 << "Docker-Experimental: false[\r][\n]"
21:15:27.346 [docker-java-stream-926242780] DEBUG org.apache.hc.client5.http.wire - http-outgoing-1 << "Ostype: linux[\r][\n]"
21:15:27.346 [docker-java-stream-926242780] DEBUG org.apache.hc.client5.http.wire - http-outgoing-1 << "Server: Docker/20.10.21 (linux)[\r][\n]"
21:15:27.346 [docker-java-stream-926242780] DEBUG org.apache.hc.client5.http.wire - http-outgoing-1 << "Date: Thu, 16 Mar 2023 21:15:27 GMT[\r][\n]"
21:15:27.346 [docker-java-stream-926242780] DEBUG org.apache.hc.client5.http.wire - http-outgoing-1 << "Transfer-Encoding: chunked[\r][\n]"
21:15:27.346 [docker-java-stream-926242780] DEBUG org.apache.hc.client5.http.wire - http-outgoing-1 << "[\r][\n]"
21:15:27.346 [docker-java-stream-926242780] DEBUG org.apache.hc.client5.http.wire - http-outgoing-1 << "3d[\r][\n]"
21:15:27.346 [docker-java-stream-926242780] DEBUG org.apache.hc.client5.http.wire - http-outgoing-1 << "{"status":"Pulling from selenoid/vnc","id":"firefox_110.0"}[\r][\n]"
21:15:27.347 [docker-java-stream-926242780] DEBUG org.apache.hc.client5.http.wire - http-outgoing-1 << "[\r][\n]"
21:15:27.347 [docker-java-stream-926242780] DEBUG org.apache.hc.client5.http.headers - http-outgoing-1 << HTTP/1.1 200 OK
21:15:27.347 [docker-java-stream-926242780] DEBUG org.apache.hc.client5.http.headers - http-outgoing-1 << Api-Version: 1.41
21:15:27.347 [docker-java-stream-926242780] DEBUG org.apache.hc.client5.http.headers - http-outgoing-1 << Content-Type: application/json
21:15:27.347 [docker-java-stream-926242780] DEBUG org.apache.hc.client5.http.headers - http-outgoing-1 << Docker-Experimental: false
21:15:27.347 [docker-java-stream-926242780] DEBUG org.apache.hc.client5.http.headers - http-outgoing-1 << Ostype: linux
21:15:27.347 [docker-java-stream-926242780] DEBUG org.apache.hc.client5.http.headers - http-outgoing-1 << Server: Docker/20.10.21 (linux)
21:15:27.347 [docker-java-stream-926242780] DEBUG org.apache.hc.client5.http.headers - http-outgoing-1 << Date: Thu, 16 Mar 2023 21:15:27 GMT
21:15:27.347 [docker-java-stream-926242780] DEBUG org.apache.hc.client5.http.headers - http-outgoing-1 << Transfer-Encoding: chunked
21:15:27.348 [docker-java-stream-926242780] DEBUG org.apache.hc.client5.http.impl.classic.MainClientExec - ex-0000000004 connection can be kept alive for 3 MINUTES
21:15:27.379 [docker-java-stream-926242780] DEBUG org.apache.hc.client5.http.wire - http-outgoing-1 << "47[\r][\n]"
21:15:27.379 [docker-java-stream-926242780] DEBUG org.apache.hc.client5.http.wire - http-outgoing-1 << "{"status":"Pulling fs layer","progressDetail":{},"id":"d19f32bd9e41"}[\r][\n]"
21:15:27.379 [docker-java-stream-926242780] DEBUG org.apache.hc.client5.http.wire - http-outgoing-1 << "[\r][\n]"
21:15:27.379 [docker-java-stream-926242780] DEBUG org.apache.hc.client5.http.wire - http-outgoing-1 << "47[\r][\n]"
21:15:27.379 [docker-java-stream-926242780] DEBUG org.apache.hc.client5.http.wire - http-outgoing-1 << "{"status":"Pulling fs layer","progressDetail":{},"id":"1c1198b7f899"}[\r][\n]"
21:15:27.379 [docker-java-stream-926242780] DEBUG org.apache.hc.client5.http.wire - http-outgoing-1 << "[\r][\n]"
21:15:27.379 [docker-java-stream-926242780] DEBUG org.apache.hc.client5.http.wire - http-outgoing-1 << "47[\r][\n]"
21:15:27.379 [docker-java-stream-926242780] DEBUG org.apache.hc.client5.http.wire - http-outgoing-1 << "{"status":"Pulling fs layer","progressDetail":{},"id":"10d9f5627df6"}[\r][\n]"
21:15:27.379 [docker-java-stream-926242780] DEBUG org.apache.hc.client5.http.wire - http-outgoing-1 << "[\r][\n]"
21:15:27.380 [docker-java-stream-926242780] DEBUG org.apache.hc.client5.http.wire - http-outgoing-1 << "47[\r][\n]"
21:15:27.380 [docker-java-stream-926242780] DEBUG org.apache.hc.client5.http.wire - http-outgoing-1 << "{"status":"Pulling fs layer","progressDetail":{},"id":"58e4d9631bb6"}[\r][\n]"
21:15:27.380 [docker-java-stream-926242780] DEBUG org.apache.hc.client5.http.wire - http-outgoing-1 << "[\r][\n]"
21:15:27.380 [docker-java-stream-926242780] DEBUG org.apache.hc.client5.http.wire - http-outgoing-1 << "47[\r][\n]"
21:15:27.380 [docker-java-stream-926242780] DEBUG org.apache.hc.client5.http.wire - http-outgoing-1 << "{"status":"Pulling fs layer","progressDetail":{},"id":"27904742a1ee"}[\r][\n]"
21:15:27.380 [docker-java-stream-926242780] DEBUG org.apache.hc.client5.http.wire - http-outgoing-1 << "[\r][\n]"
21:15:27.380 [docker-java-stream-926242780] DEBUG org.apache.hc.client5.http.wire - http-outgoing-1 << "47[\r][\n]"
21:15:27.380 [docker-java-stream-926242780] DEBUG org.apache.hc.client5.http.wire - http-outgoing-1 << "{"status":"Pulling fs layer","progressDetail":{},"id":"609040a14272"}[\r][\n]"
21:15:27.380 [docker-java-stream-926242780] DEBUG org.apache.hc.client5.http.wire - http-outgoing-1 << "[\r][\n]"
21:15:27.380 [docker-java-stream-926242780] DEBUG org.apache.hc.client5.http.wire - http-outgoing-1 << "47[\r][\n]"
21:15:27.380 [docker-java-stream-926242780] DEBUG org.apache.hc.client5.http.wire - http-outgoing-1 << "{"status":"Pulling fs layer","progressDetail":{},"id":"cc2e5657153e"}[\r][\n]"
21:15:27.380 [docker-java-stream-926242780] DEBUG org.apache.hc.client5.http.wire - http-outgoing-1 << "[\r][\n]"
21:15:27.380 [docker-java-stream-926242780] DEBUG org.apache.hc.client5.http.wire - http-outgoing-1 << "47[\r][\n]"
21:15:27.380 [docker-java-stream-926242780] DEBUG org.apache.hc.client5.http.wire - http-outgoing-1 << "{"status":"Pulling fs layer","progressDetail":{},"id":"cef47928a8bc"}[\r][\n]"
21:15:27.380 [docker-java-stream-926242780] DEBUG org.apache.hc.client5.http.wire - http-outgoing-1 << "[\r][\n]"
21:15:27.380 [docker-java-stream-926242780] DEBUG org.apache.hc.client5.http.wire - http-outgoing-1 << "47[\r][\n]"
21:15:27.380 [docker-java-stream-926242780] DEBUG org.apache.hc.client5.http.wire - http-outgoing-1 << "{"status":"Pulling fs layer","progressDetail":{},"id":"2a1f3cb1db98"}[\r][\n]"
21:15:27.380 [docker-java-stream-926242780] DEBUG org.apache.hc.client5.http.wire - http-outgoing-1 << "[\r][\n]"
21:15:27.380 [docker-java-stream-926242780] DEBUG org.apache.hc.client5.http.wire - http-outgoing-1 << "47[\r][\n]"
21:15:27.380 [docker-java-stream-926242780] DEBUG org.apache.hc.client5.http.wire - http-outgoing-1 << "{"status":"Pulling fs layer","progressDetail":{},"id":"44e49441abf7"}[\r][\n]"
21:15:27.380 [docker-java-stream-926242780] DEBUG org.apache.hc.client5.http.wire - http-outgoing-1 << "[\r][\n]"
21:15:27.380 [docker-java-stream-926242780] DEBUG org.apache.hc.client5.http.wire - http-outgoing-1 << "47[\r][\n]"
21:15:27.380 [docker-java-stream-926242780] DEBUG org.apache.hc.client5.http.wire - http-outgoing-1 << "{"status":"Pulling fs layer","progressDetail":{},"id":"851db030709a"}[\r][\n]"
21:15:27.380 [docker-java-stream-926242780] DEBUG org.apache.hc.client5.http.wire - http-outgoing-1 << "[\r][\n]"
21:15:27.380 [docker-java-stream-926242780] DEBUG org.apache.hc.client5.http.wire - http-outgoing-1 << "47[\r][\n]"
21:15:27.380 [docker-java-stream-926242780] DEBUG org.apache.hc.client5.http.wire - http-outgoing-1 << "{"status":"Pulling fs layer","progressDetail":{},"id":"061490423c2a"}[\r][\n]"
21:15:27.380 [docker-java-stream-926242780] DEBUG org.apache.hc.client5.http.wire - http-outgoing-1 << "[\r][\n]"
21:15:27.380 [docker-java-stream-926242780] DEBUG org.apache.hc.client5.http.wire - http-outgoing-1 << "3e[\r][\n]"
21:15:27.380 [docker-java-stream-926242780] DEBUG org.apache.hc.client5.http.wire - http-outgoing-1 << "{"status":"Waiting","progressDetail":{},"id":"58e4d9631bb6"}[\r][\n]"
21:15:27.381 [docker-java-stream-926242780] DEBUG org.apache.hc.client5.http.wire - http-outgoing-1 << "[\r][\n]"
21:15:27.381 [docker-java-stream-926242780] DEBUG org.apache.hc.client5.http.wire - http-outgoing-1 << "3e[\r][\n]"
21:15:27.381 [docker-java-stream-926242780] DEBUG org.apache.hc.client5.http.wire - http-outgoing-1 << "{"status":"Waiting","progressDetail":{},"id":"cc2e5657153e"}[\r][\n]"
21:15:27.381 [docker-java-stream-926242780] DEBUG org.apache.hc.client5.http.wire - http-outgoing-1 << "[\r][\n]"
21:15:27.381 [docker-java-stream-926242780] DEBUG org.apache.hc.client5.http.wire - http-outgoing-1 << "3e[\r][\n]"
21:15:27.381 [docker-java-stream-926242780] DEBUG org.apache.hc.client5.http.wire - http-outgoing-1 << "{"status":"Waiting","progressDetail":{},"id":"cef47928a8bc"}[\r][\n]"
21:15:27.381 [docker-java-stream-926242780] DEBUG org.apache.hc.client5.http.wire - http-outgoing-1 << "[\r][\n]"
21:15:27.381 [docker-java-stream-926242780] DEBUG org.apache.hc.client5.http.wire - http-outgoing-1 << "3e[\r][\n]"
21:15:27.381 [docker-java-stream-926242780] DEBUG org.apache.hc.client5.http.wire - http-outgoing-1 << "{"status":"Waiting","progressDetail":{},"id":"27904742a1ee"}[\r][\n]"
21:15:27.381 [docker-java-stream-926242780] DEBUG org.apache.hc.client5.http.wire - http-outgoing-1 << "[\r][\n]"
21:15:27.381 [docker-java-stream-926242780] DEBUG org.apache.hc.client5.http.wire - http-outgoing-1 << "3e[\r][\n]"
21:15:27.381 [docker-java-stream-926242780] DEBUG org.apache.hc.client5.http.wire - http-outgoing-1 << "{"status":"Waiting","progressDetail":{},"id":"2a1f3cb1db98"}[\r][\n]"
21:15:27.381 [docker-java-stream-926242780] DEBUG org.apache.hc.client5.http.wire - http-outgoing-1 << "[\r][\n]"
21:15:27.381 [docker-java-stream-926242780] DEBUG org.apache.hc.client5.http.wire - http-outgoing-1 << "3e[\r][\n]"
21:15:27.381 [docker-java-stream-926242780] DEBUG org.apache.hc.client5.http.wire - http-outgoing-1 << "{"status":"Waiting","progressDetail":{},"id":"609040a14272"}[\r][\n]"
21:15:27.381 [docker-java-stream-926242780] DEBUG org.apache.hc.client5.http.wire - http-outgoing-1 << "[\r][\n]"
21:15:27.381 [docker-java-stream-926242780] DEBUG org.apache.hc.client5.http.wire - http-outgoing-1 << "3e[\r][\n]"
21:15:27.381 [docker-java-stream-926242780] DEBUG org.apache.hc.client5.http.wire - http-outgoing-1 << "{"status":"Waiting","progressDetail":{},"id":"851db030709a"}[\r][\n]"
21:15:27.381 [docker-java-stream-926242780] DEBUG org.apache.hc.client5.http.wire - http-outgoing-1 << "[\r][\n]"
21:15:27.381 [docker-java-stream-926242780] DEBUG org.apache.hc.client5.http.wire - http-outgoing-1 << "3e[\r][\n]"
21:15:27.381 [docker-java-stream-926242780] DEBUG org.apache.hc.client5.http.wire - http-outgoing-1 << "{"status":"Waiting","progressDetail":{},"id":"44e49441abf7"}[\r][\n]"
21:15:27.381 [docker-java-stream-926242780] DEBUG org.apache.hc.client5.http.wire - http-outgoing-1 << "[\r][\n]"
21:15:27.381 [docker-java-stream-926242780] DEBUG org.apache.hc.client5.http.wire - http-outgoing-1 << "3e[\r][\n]"
21:15:27.381 [docker-java-stream-926242780] DEBUG org.apache.hc.client5.http.wire - http-outgoing-1 << "{"status":"Waiting","progressDetail":{},"id":"061490423c2a"}[\r][\n]"
21:15:27.382 [docker-java-stream-926242780] DEBUG org.apache.hc.client5.http.wire - http-outgoing-1 << "[\r][\n]"
21:15:27.789 [docker-java-stream-926242780] DEBUG org.apache.hc.client5.http.wire - http-outgoing-1 << "b5[\r][\n]"
21:15:27.790 [docker-java-stream-926242780] DEBUG org.apache.hc.client5.http.wire - http-outgoing-1 << "{"status":"Downloading","progressDetail":{"current":758,"total":1422},"progress":"[==========================\u003e                        ]     758B/1.422kB","id":"10d9f5627df6"}[\r][\n]"
21:15:27.790 [docker-java-stream-926242780] DEBUG org.apache.hc.client5.http.wire - http-outgoing-1 << "[\r][\n]"
21:15:27.790 [docker-java-stream-926242780] DEBUG org.apache.hc.client5.http.wire - http-outgoing-1 << "48[\r][\n]"
21:15:27.790 [docker-java-stream-926242780] DEBUG org.apache.hc.client5.http.wire - http-outgoing-1 << "{"status":"Download complete","progressDetail":{},"id":"10d9f5627df6"}[\r][\n]"
21:15:27.790 [docker-java-stream-926242780] DEBUG org.apache.hc.client5.http.wire - http-outgoing-1 << "[\r][\n]"
21:15:27.848 [docker-java-stream-926242780] DEBUG org.apache.hc.client5.http.wire - http-outgoing-1 << "bc[\r][\n]"
21:15:27.849 [docker-java-stream-926242780] DEBUG org.apache.hc.client5.http.wire - http-outgoing-1 << "{"status":"Downloading","progressDetail":{"current":310612,"total":30426136},"progress":"[\u003e                                                  ]  310.6kB/30.43MB","id":"d19f32bd9e41"}[\r][\n]"
21:15:27.849 [docker-java-stream-926242780] DEBUG org.apache.hc.client5.http.wire - http-outgoing-1 << "[\r][\n]"
21:15:27.880 [docker-java-stream-926242780] DEBUG org.apache.hc.client5.http.wire - http-outgoing-1 << "bd[\r][\n]"
21:15:27.880 [docker-java-stream-926242780] DEBUG org.apache.hc.client5.http.wire - http-outgoing-1 << "{"status":"Downloading","progressDetail":{"current":539944,"total":257828120},"progress":"[\u003e                                                  ]  539.9kB/257.8MB","id":"1c1198b7f899"}[\r][\n]"
21:15:27.880 [docker-java-stream-926242780] DEBUG org.apache.hc.client5.http.wire - http-outgoing-1 << "[\r][\n]"
21:15:27.955 [docker-java-stream-926242780] DEBUG org.apache.hc.client5.http.wire - http-outgoing-1 << "bc[\r][\n]"
21:15:27.955 [docker-java-stream-926242780] DEBUG org.apache.hc.client5.http.wire - http-outgoing-1 << "{"status":"Downloading","progressDetail":{"current":932211,"total":30426136},"progress":"[=\u003e                                                 ]  932.2kB/30.43MB","id":"d19f32bd9e41"}[\r][\n]"
21:15:27.955 [docker-java-stream-926242780] DEBUG org.apache.hc.client5.http.wire - http-outgoing-1 << "[\r][\n]"
21:15:27.981 [docker-java-stream-926242780] DEBUG org.apache.hc.client5.http.wire - http-outgoing-1 << "be[\r][\n]"
21:15:27.981 [docker-java-stream-926242780] DEBUG org.apache.hc.client5.http.wire - http-outgoing-1 << "{"status":"Downloading","progressDetail":{"current":1068274,"total":257828120},"progress":"[\u003e                                                  ]  1.068MB/257.8MB","id":"1c1198b7f899"}[\r][\n]"
21:15:27.981 [docker-java-stream-926242780] DEBUG org.apache.hc.client5.http.wire - http-outgoing-1 << "[\r][\n]"
21:15:28.055 [docker-java-stream-926242780] DEBUG org.apache.hc.client5.http.wire - http-outgoing-1 << "bd[\r][\n]"
21:15:28.055 [docker-java-stream-926242780] DEBUG org.apache.hc.client5.http.wire - http-outgoing-1 << "{"status":"Downloading","progressDetail":{"current":1558899,"total":30426136},"progress":"[==\u003e                                                ]  1.559MB/30.43MB","id":"d19f32bd9e41"}[\r][\n]"
21:15:28.056 [docker-java-stream-926242780] DEBUG org.apache.hc.client5.http.wire - http-outgoing-1 << "[\r][\n]"
21:15:28.090 [docker-java-stream-926242780] DEBUG org.apache.hc.client5.http.wire - http-outgoing-1 << "be[\r][\n]"
21:15:28.091 [docker-java-stream-926242780] DEBUG org.apache.hc.client5.http.wire - http-outgoing-1 << "{"status":"Downloading","progressDetail":{"current":1599815,"total":257828120},"progress":"[\u003e                                                  ]    1.6MB/257.8MB","id":"1c1198b7f899"}[\r][\n]"
21:15:28.091 [docker-java-stream-926242780] DEBUG org.apache.hc.client5.http.wire - http-outgoing-1 << "[\r][\n]"
21:15:28.168 [docker-java-stream-926242780] DEBUG org.apache.hc.client5.http.wire - http-outgoing-1 << "bd[\r][\n]"
21:15:28.168 [docker-java-stream-926242780] DEBUG org.apache.hc.client5.http.wire - http-outgoing-1 << "{"status":"Downloading","progressDetail":{"current":2181491,"total":30426136},"progress":"[===\u003e                                               ]  2.181MB/30.43MB","id":"d19f32bd9e41"}[\r][\n]"
21:15:28.168 [docker-java-stream-926242780] DEBUG org.apache.hc.client5.http.wire - http-outgoing-1 << "[\r][\n]"
21:15:28.192 [docker-java-stream-926242780] DEBUG org.apache.hc.client5.http.wire - http-outgoing-1 << "be[\r][\n]"
21:15:28.192 [docker-java-stream-926242780] DEBUG org.apache.hc.client5.http.wire - http-outgoing-1 << "{"status":"Downloading","progressDetail":{"current":2140487,"total":257828120},"progress":"[\u003e                                                  ]   2.14MB/257.8MB","id":"1c1198b7f899"}[\r][\n]"
21:15:28.192 [docker-java-stream-926242780] DEBUG org.apache.hc.client5.http.wire - http-outgoing-1 << "[\r][\n]"
21:15:28.269 [docker-java-stream-926242780] DEBUG org.apache.hc.client5.http.wire - http-outgoing-1 << "bd[\r][\n]"
21:15:28.269 [docker-java-stream-926242780] DEBUG org.apache.hc.client5.http.wire - http-outgoing-1 << "{"status":"Downloading","progressDetail":{"current":2804083,"total":30426136},"progress":"[====\u003e                                              ]  2.804MB/30.43MB","id":"d19f32bd9e41"}[\r][\n]"
21:15:28.269 [docker-java-stream-926242780] DEBUG org.apache.hc.client5.http.wire - http-outgoing-1 << "[\r][\n]"
21:15:28.313 [docker-java-stream-926242780] DEBUG org.apache.hc.client5.http.wire - http-outgoing-1 << "be[\r][\n]"
21:15:28.313 [docker-java-stream-926242780] DEBUG org.apache.hc.client5.http.wire - http-outgoing-1 << "{"status":"Downloading","progressDetail":{"current":2681159,"total":257828120},"progress":"[\u003e                                                  ]  2.681MB/257.8MB","id":"1c1198b7f899"}[\r][\n]"
21:15:28.313 [docker-java-stream-926242780] DEBUG org.apache.hc.client5.http.wire - http-outgoing-1 << "[\r][\n]"
21:15:28.403 [docker-java-stream-926242780] DEBUG org.apache.hc.client5.http.wire - http-outgoing-1 << "b5[\r][\n]"
21:15:28.403 [docker-java-stream-926242780] DEBUG org.apache.hc.client5.http.wire - http-outgoing-1 << "{"status":"Downloading","progressDetail":{"current":758,"total":1408},"progress":"[==========================\u003e                        ]     758B/1.408kB","id":"58e4d9631bb6"}[\r][\n]"
21:15:28.403 [docker-java-stream-926242780] DEBUG org.apache.hc.client5.http.wire - http-outgoing-1 << "[\r][\n]"
21:15:28.404 [docker-java-stream-926242780] DEBUG org.apache.hc.client5.http.wire - http-outgoing-1 << "b6[\r][\n]"
21:15:28.404 [docker-java-stream-926242780] DEBUG org.apache.hc.client5.http.wire - http-outgoing-1 << "{"status":"Downloading","progressDetail":{"current":1408,"total":1408},"progress":"[==================================================\u003e]  1.408kB/1.408kB","id":"58e4d9631bb6"}[\r][\n]"
21:15:28.404 [docker-java-stream-926242780] DEBUG org.apache.hc.client5.http.wire - http-outgoing-1 << "[\r][\n]"
21:15:28.404 [docker-java-stream-926242780] DEBUG org.apache.hc.client5.http.wire - http-outgoing-1 << "49[\r][\n]"
21:15:28.404 [docker-java-stream-926242780] DEBUG org.apache.hc.client5.http.wire - http-outgoing-1 << "{"status":"Verifying Checksum","progressDetail":{},"id":"58e4d9631bb6"}[\r][\n]"
21:15:28.404 [docker-java-stream-926242780] DEBUG org.apache.hc.client5.http.wire - http-outgoing-1 << "[\r][\n]"
21:15:28.404 [docker-java-stream-926242780] DEBUG org.apache.hc.client5.http.wire - http-outgoing-1 << "48[\r][\n]"
21:15:28.404 [docker-java-stream-926242780] DEBUG org.apache.hc.client5.http.wire - http-outgoing-1 << "{"status":"Download complete","progressDetail":{},"id":"58e4d9631bb6"}[\r][\n]"
21:15:28.404 [docker-java-stream-926242780] DEBUG org.apache.hc.client5.http.wire - http-outgoing-1 << "[\r][\n]"
21:15:28.420 [docker-java-stream-926242780] DEBUG org.apache.hc.client5.http.wire - http-outgoing-1 << "bd[\r][\n]"
21:15:28.420 [docker-java-stream-926242780] DEBUG org.apache.hc.client5.http.wire - http-outgoing-1 << "{"status":"Downloading","progressDetail":{"current":3737971,"total":30426136},"progress":"[======\u003e                                            ]  3.738MB/30.43MB","id":"d19f32bd9e41"}[\r][\n]"
21:15:28.420 [docker-java-stream-926242780] DEBUG org.apache.hc.client5.http.wire - http-outgoing-1 << "[\r][\n]"
21:15:28.429 [docker-java-stream-926242780] DEBUG org.apache.hc.client5.http.wire - http-outgoing-1 << "be[\r][\n]"
21:15:28.429 [docker-java-stream-926242780] DEBUG org.apache.hc.client5.http.wire - http-outgoing-1 << "{"status":"Downloading","progressDetail":{"current":3221831,"total":257828120},"progress":"[\u003e                                                  ]  3.222MB/257.8MB","id":"1c1198b7f899"}[\r][\n]"
21:15:28.429 [docker-java-stream-926242780] DEBUG org.apache.hc.client5.http.wire - http-outgoing-1 << "[\r][\n]"
21:15:28.553 [docker-java-stream-926242780] DEBUG org.apache.hc.client5.http.wire - http-outgoing-1 << "bd[\r][\n]"
21:15:28.553 [docker-java-stream-926242780] DEBUG org.apache.hc.client5.http.wire - http-outgoing-1 << "{"status":"Downloading","progressDetail":{"current":4368755,"total":30426136},"progress":"[=======\u003e                                           ]  4.369MB/30.43MB","id":"d19f32bd9e41"}[\r][\n]"
21:15:28.553 [docker-java-stream-926242780] DEBUG org.apache.hc.client5.http.wire - http-outgoing-1 << "[\r][\n]"
21:15:28.592 [docker-java-stream-926242780] DEBUG org.apache.hc.client5.http.wire - http-outgoing-1 << "be[\r][\n]"
21:15:28.592 [docker-java-stream-926242780] DEBUG org.apache.hc.client5.http.wire - http-outgoing-1 << "{"status":"Downloading","progressDetail":{"current":3762503,"total":257828120},"progress":"[\u003e                                                  ]  3.763MB/257.8MB","id":"1c1198b7f899"}[\r][\n]"
21:15:28.592 [docker-java-stream-926242780] DEBUG org.apache.hc.client5.http.wire - http-outgoing-1 << "[\r][\n]"
21:15:28.703 [docker-java-stream-926242780] DEBUG org.apache.hc.client5.http.wire - http-outgoing-1 << "bd[\r][\n]"
21:15:28.703 [docker-java-stream-926242780] DEBUG org.apache.hc.client5.http.wire - http-outgoing-1 << "{"status":"Downloading","progressDetail":{"current":4991347,"total":30426136},"progress":"[========\u003e                                          ]  4.991MB/30.43MB","id":"d19f32bd9e41"}[\r][\n]"
21:15:28.703 [docker-java-stream-926242780] DEBUG org.apache.hc.client5.http.wire - http-outgoing-1 << "[\r][\n]"
21:15:28.746 [docker-java-stream-926242780] DEBUG org.apache.hc.client5.http.wire - http-outgoing-1 << "be[\r][\n]"
21:15:28.746 [docker-java-stream-926242780] DEBUG org.apache.hc.client5.http.wire - http-outgoing-1 << "{"status":"Downloading","progressDetail":{"current":4299079,"total":257828120},"progress":"[\u003e                                                  ]  4.299MB/257.8MB","id":"1c1198b7f899"}[\r][\n]"
21:15:28.746 [docker-java-stream-926242780] DEBUG org.apache.hc.client5.http.wire - http-outgoing-1 << "[\r][\n]"
21:15:28.838 [docker-java-stream-926242780] DEBUG org.apache.hc.client5.http.wire - http-outgoing-1 << "bd[\r][\n]"
21:15:28.838 [docker-java-stream-926242780] DEBUG org.apache.hc.client5.http.wire - http-outgoing-1 << "{"status":"Downloading","progressDetail":{"current":5921139,"total":30426136},"progress":"[=========\u003e                                         ]  5.921MB/30.43MB","id":"d19f32bd9e41"}[\r][\n]"
21:15:28.838 [docker-java-stream-926242780] DEBUG org.apache.hc.client5.http.wire - http-outgoing-1 << "[\r][\n]"
21:15:28.880 [docker-java-stream-926242780] DEBUG org.apache.hc.client5.http.wire - http-outgoing-1 << "be[\r][\n]"
21:15:28.880 [docker-java-stream-926242780] DEBUG org.apache.hc.client5.http.wire - http-outgoing-1 << "{"status":"Downloading","progressDetail":{"current":4835655,"total":257828120},"progress":"[\u003e                                                  ]  4.836MB/257.8MB","id":"1c1198b7f899"}[\r][\n]"
21:15:28.880 [docker-java-stream-926242780] DEBUG org.apache.hc.client5.http.wire - http-outgoing-1 << "[\r][\n]"
21:15:28.952 [docker-java-stream-926242780] DEBUG org.apache.hc.client5.http.wire - http-outgoing-1 << "bd[\r][\n]"
21:15:28.952 [docker-java-stream-926242780] DEBUG org.apache.hc.client5.http.wire - http-outgoing-1 << "{"status":"Downloading","progressDetail":{"current":6543731,"total":30426136},"progress":"[==========\u003e                                        ]  6.544MB/30.43MB","id":"d19f32bd9e41"}[\r][\n]"
21:15:28.952 [docker-java-stream-926242780] DEBUG org.apache.hc.client5.http.wire - http-outgoing-1 << "[\r][\n]"
21:15:29.072 [docker-java-stream-926242780] DEBUG org.apache.hc.client5.http.wire - http-outgoing-1 << "bd[\r][\n]"
21:15:29.073 [docker-java-stream-926242780] DEBUG org.apache.hc.client5.http.wire - http-outgoing-1 << "{"status":"Downloading","progressDetail":{"current":7166323,"total":30426136},"progress":"[===========\u003e                                       ]  7.166MB/30.43MB","id":"d19f32bd9e41"}[\r][\n]"
21:15:29.073 [docker-java-stream-926242780] DEBUG org.apache.hc.client5.http.wire - http-outgoing-1 << "[\r][\n]"
21:15:29.078 [docker-java-stream-926242780] DEBUG org.apache.hc.client5.http.wire - http-outgoing-1 << "be[\r][\n]"
21:15:29.078 [docker-java-stream-926242780] DEBUG org.apache.hc.client5.http.wire - http-outgoing-1 << "{"status":"Downloading","progressDetail":{"current":5912903,"total":257828120},"progress":"[=\u003e                                                 ]  5.913MB/257.8MB","id":"1c1198b7f899"}[\r][\n]"
21:15:29.078 [docker-java-stream-926242780] DEBUG org.apache.hc.client5.http.wire - http-outgoing-1 << "[\r][\n]"
21:15:29.188 [docker-java-stream-926242780] DEBUG org.apache.hc.client5.http.wire - http-outgoing-1 << "bd[\r][\n]"
21:15:29.189 [docker-java-stream-926242780] DEBUG org.apache.hc.client5.http.wire - http-outgoing-1 << "{"status":"Downloading","progressDetail":{"current":7788915,"total":30426136},"progress":"[============\u003e                                      ]  7.789MB/30.43MB","id":"d19f32bd9e41"}[\r][\n]"
21:15:29.189 [docker-java-stream-926242780] DEBUG org.apache.hc.client5.http.wire - http-outgoing-1 << "[\r][\n]"
21:15:29.210 [docker-java-stream-926242780] DEBUG org.apache.hc.client5.http.wire - http-outgoing-1 << "be[\r][\n]"
21:15:29.211 [docker-java-stream-926242780] DEBUG org.apache.hc.client5.http.wire - http-outgoing-1 << "{"status":"Downloading","progressDetail":{"current":6453575,"total":257828120},"progress":"[=\u003e                                                 ]  6.454MB/257.8MB","id":"1c1198b7f899"}[\r][\n]"
21:15:29.211 [docker-java-stream-926242780] DEBUG org.apache.hc.client5.http.wire - http-outgoing-1 << "[\r][\n]"
21:15:29.291 [docker-java-stream-926242780] DEBUG org.apache.hc.client5.http.wire - http-outgoing-1 << "bd[\r][\n]"
21:15:29.291 [docker-java-stream-926242780] DEBUG org.apache.hc.client5.http.wire - http-outgoing-1 << "{"status":"Downloading","progressDetail":{"current":8411507,"total":30426136},"progress":"[=============\u003e                                     ]  8.412MB/30.43MB","id":"d19f32bd9e41"}[\r][\n]"
21:15:29.291 [docker-java-stream-926242780] DEBUG org.apache.hc.client5.http.wire - http-outgoing-1 << "[\r][\n]"
21:15:29.457 [docker-java-stream-926242780] DEBUG org.apache.hc.client5.http.wire - http-outgoing-1 << "be[\r][\n]"
21:15:29.458 [docker-java-stream-926242780] DEBUG org.apache.hc.client5.http.wire - http-outgoing-1 << "{"status":"Downloading","progressDetail":{"current":7530823,"total":257828120},"progress":"[=\u003e                                                 ]  7.531MB/257.8MB","id":"1c1198b7f899"}[\r][\n]"
21:15:29.458 [docker-java-stream-926242780] DEBUG org.apache.hc.client5.http.wire - http-outgoing-1 << "[\r][\n]"
21:15:29.459 [docker-java-stream-926242780] DEBUG org.apache.hc.client5.http.wire - http-outgoing-1 << "bd[\r][\n]"
21:15:29.460 [docker-java-stream-926242780] DEBUG org.apache.hc.client5.http.wire - http-outgoing-1 << "{"status":"Downloading","progressDetail":{"current":9042291,"total":30426136},"progress":"[==============\u003e                                    ]  9.042MB/30.43MB","id":"d19f32bd9e41"}[\r][\n]"
21:15:29.460 [docker-java-stream-926242780] DEBUG org.apache.hc.client5.http.wire - http-outgoing-1 << "[\r][\n]"
21:15:29.591 [docker-java-stream-926242780] DEBUG org.apache.hc.client5.http.wire - http-outgoing-1 << "bd[\r][\n]"
21:15:29.592 [docker-java-stream-926242780] DEBUG org.apache.hc.client5.http.wire - http-outgoing-1 << "{"status":"Downloading","progressDetail":{"current":9976179,"total":30426136},"progress":"[================\u003e                                  ]  9.976MB/30.43MB","id":"d19f32bd9e41"}[\r][\n]"
21:15:29.592 [docker-java-stream-926242780] DEBUG org.apache.hc.client5.http.wire - http-outgoing-1 << "[\r][\n]"
21:15:29.653 [docker-java-stream-926242780] DEBUG org.apache.hc.client5.http.wire - http-outgoing-1 << "be[\r][\n]"
21:15:29.653 [docker-java-stream-926242780] DEBUG org.apache.hc.client5.http.wire - http-outgoing-1 << "{"status":"Downloading","progressDetail":{"current":8612167,"total":257828120},"progress":"[=\u003e                                                 ]  8.612MB/257.8MB","id":"1c1198b7f899"}[\r][\n]"
21:15:29.654 [docker-java-stream-926242780] DEBUG org.apache.hc.client5.http.wire - http-outgoing-1 << "[\r][\n]"
21:15:29.704 [docker-java-stream-926242780] DEBUG org.apache.hc.client5.http.wire - http-outgoing-1 << "be[\r][\n]"
21:15:29.704 [docker-java-stream-926242780] DEBUG org.apache.hc.client5.http.wire - http-outgoing-1 << "{"status":"Downloading","progressDetail":{"current":10598771,"total":30426136},"progress":"[=================\u003e                                 ]   10.6MB/30.43MB","id":"d19f32bd9e41"}[\r][\n]"
21:15:29.704 [docker-java-stream-926242780] DEBUG org.apache.hc.client5.http.wire - http-outgoing-1 << "[\r][\n]"
21:15:29.763 [docker-java-stream-926242780] DEBUG org.apache.hc.client5.http.wire - http-outgoing-1 << "be[\r][\n]"
21:15:29.764 [docker-java-stream-926242780] DEBUG org.apache.hc.client5.http.wire - http-outgoing-1 << "{"status":"Downloading","progressDetail":{"current":9144647,"total":257828120},"progress":"[=\u003e                                                 ]  9.145MB/257.8MB","id":"1c1198b7f899"}[\r][\n]"
21:15:29.764 [docker-java-stream-926242780] DEBUG org.apache.hc.client5.http.wire - http-outgoing-1 << "[\r][\n]"
21:15:29.837 [docker-java-stream-926242780] DEBUG org.apache.hc.client5.http.wire - http-outgoing-1 << "be[\r][\n]"
21:15:29.837 [docker-java-stream-926242780] DEBUG org.apache.hc.client5.http.wire - http-outgoing-1 << "{"status":"Downloading","progressDetail":{"current":11221363,"total":30426136},"progress":"[==================\u003e                                ]  11.22MB/30.43MB","id":"d19f32bd9e41"}[\r][\n]"
21:15:29.837 [docker-java-stream-926242780] DEBUG org.apache.hc.client5.http.wire - http-outgoing-1 << "[\r][\n]"
21:15:29.888 [docker-java-stream-926242780] DEBUG org.apache.hc.client5.http.wire - http-outgoing-1 << "be[\r][\n]"
21:15:29.889 [docker-java-stream-926242780] DEBUG org.apache.hc.client5.http.wire - http-outgoing-1 << "{"status":"Downloading","progressDetail":{"current":9673031,"total":257828120},"progress":"[=\u003e                                                 ]  9.673MB/257.8MB","id":"1c1198b7f899"}[\r][\n]"
21:15:29.889 [docker-java-stream-926242780] DEBUG org.apache.hc.client5.http.wire - http-outgoing-1 << "[\r][\n]"
21:15:29.983 [docker-java-stream-926242780] DEBUG org.apache.hc.client5.http.wire - http-outgoing-1 << "be[\r][\n]"
21:15:29.983 [docker-java-stream-926242780] DEBUG org.apache.hc.client5.http.wire - http-outgoing-1 << "{"status":"Downloading","progressDetail":{"current":11852147,"total":30426136},"progress":"[===================\u003e                               ]  11.85MB/30.43MB","id":"d19f32bd9e41"}[\r][\n]"
21:15:29.983 [docker-java-stream-926242780] DEBUG org.apache.hc.client5.http.wire - http-outgoing-1 << "[\r][\n]"
21:15:30.003 [docker-java-stream-926242780] DEBUG org.apache.hc.client5.http.wire - http-outgoing-1 << "bf[\r][\n]"
21:15:30.003 [docker-java-stream-926242780] DEBUG org.apache.hc.client5.http.wire - http-outgoing-1 << "{"status":"Downloading","progressDetail":{"current":10213703,"total":257828120},"progress":"[=\u003e                                                 ]  10.21MB/257.8MB","id":"1c1198b7f899"}[\r][\n]"
21:15:30.003 [docker-java-stream-926242780] DEBUG org.apache.hc.client5.http.wire - http-outgoing-1 << "[\r][\n]"
21:15:30.006 [docker-java-stream-926242780] DEBUG org.apache.hc.client5.http.wire - http-outgoing-1 << "b8[\r][\n]"
21:15:30.007 [docker-java-stream-926242780] DEBUG org.apache.hc.client5.http.wire - http-outgoing-1 << "{"status":"Downloading","progressDetail":{"current":2125,"total":119289},"progress":"[\u003e                                                  ]  2.125kB/119.3kB","id":"27904742a1ee"}[\r][\n]"
21:15:30.007 [docker-java-stream-926242780] DEBUG org.apache.hc.client5.http.wire - http-outgoing-1 << "[\r][\n]"
21:15:30.110 [docker-java-stream-926242780] DEBUG org.apache.hc.client5.http.wire - http-outgoing-1 << "ba[\r][\n]"
21:15:30.110 [docker-java-stream-926242780] DEBUG org.apache.hc.client5.http.wire - http-outgoing-1 << "{"status":"Downloading","progressDetail":{"current":101851,"total":119289},"progress":"[==========================================\u003e        ]  101.9kB/119.3kB","id":"27904742a1ee"}[\r][\n]"
21:15:30.110 [docker-java-stream-926242780] DEBUG org.apache.hc.client5.http.wire - http-outgoing-1 << "[\r][\n]"
21:15:30.111 [docker-java-stream-926242780] DEBUG org.apache.hc.client5.http.wire - http-outgoing-1 << "49[\r][\n]"
21:15:30.111 [docker-java-stream-926242780] DEBUG org.apache.hc.client5.http.wire - http-outgoing-1 << "{"status":"Verifying Checksum","progressDetail":{},"id":"27904742a1ee"}[\r][\n]"
21:15:30.111 [docker-java-stream-926242780] DEBUG org.apache.hc.client5.http.wire - http-outgoing-1 << "[\r][\n]"
21:15:30.111 [docker-java-stream-926242780] DEBUG org.apache.hc.client5.http.wire - http-outgoing-1 << "48[\r][\n]"
21:15:30.111 [docker-java-stream-926242780] DEBUG org.apache.hc.client5.http.wire - http-outgoing-1 << "{"status":"Download complete","progressDetail":{},"id":"27904742a1ee"}[\r][\n]"
21:15:30.111 [docker-java-stream-926242780] DEBUG org.apache.hc.client5.http.wire - http-outgoing-1 << "[\r][\n]"
21:15:30.111 [docker-java-stream-926242780] DEBUG org.apache.hc.client5.http.wire - http-outgoing-1 << "be[\r][\n]"
21:15:30.111 [docker-java-stream-926242780] DEBUG org.apache.hc.client5.http.wire - http-outgoing-1 << "{"status":"Downloading","progressDetail":{"current":12482931,"total":30426136},"progress":"[====================\u003e                              ]  12.48MB/30.43MB","id":"d19f32bd9e41"}[\r][\n]"
21:15:30.111 [docker-java-stream-926242780] DEBUG org.apache.hc.client5.http.wire - http-outgoing-1 << "[\r][\n]"
21:15:30.134 [docker-java-stream-926242780] DEBUG org.apache.hc.client5.http.wire - http-outgoing-1 << "bf[\r][\n]"
21:15:30.134 [docker-java-stream-926242780] DEBUG org.apache.hc.client5.http.wire - http-outgoing-1 << "{"status":"Downloading","progressDetail":{"current":10742087,"total":257828120},"progress":"[==\u003e                                                ]  10.74MB/257.8MB","id":"1c1198b7f899"}[\r][\n]"
21:15:30.134 [docker-java-stream-926242780] DEBUG org.apache.hc.client5.http.wire - http-outgoing-1 << "[\r][\n]"
21:15:30.239 [docker-java-stream-926242780] DEBUG org.apache.hc.client5.http.wire - http-outgoing-1 << "be[\r][\n]"
21:15:30.240 [docker-java-stream-926242780] DEBUG org.apache.hc.client5.http.wire - http-outgoing-1 << "{"status":"Downloading","progressDetail":{"current":13101427,"total":30426136},"progress":"[=====================\u003e                             ]   13.1MB/30.43MB","id":"d19f32bd9e41"}[\r][\n]"
21:15:30.240 [docker-java-stream-926242780] DEBUG org.apache.hc.client5.http.wire - http-outgoing-1 << "[\r][\n]"
21:15:30.253 [docker-java-stream-926242780] DEBUG org.apache.hc.client5.http.wire - http-outgoing-1 << "bf[\r][\n]"
21:15:30.253 [docker-java-stream-926242780] DEBUG org.apache.hc.client5.http.wire - http-outgoing-1 << "{"status":"Downloading","progressDetail":{"current":11282759,"total":257828120},"progress":"[==\u003e                                                ]  11.28MB/257.8MB","id":"1c1198b7f899"}[\r][\n]"
21:15:30.253 [docker-java-stream-926242780] DEBUG org.apache.hc.client5.http.wire - http-outgoing-1 << "[\r][\n]"
21:15:30.363 [docker-java-stream-926242780] DEBUG org.apache.hc.client5.http.wire - http-outgoing-1 << "bf[\r][\n]"
21:15:30.363 [docker-java-stream-926242780] DEBUG org.apache.hc.client5.http.wire - http-outgoing-1 << "{"status":"Downloading","progressDetail":{"current":11823431,"total":257828120},"progress":"[==\u003e                                                ]  11.82MB/257.8MB","id":"1c1198b7f899"}[\r][\n]"
21:15:30.363 [docker-java-stream-926242780] DEBUG org.apache.hc.client5.http.wire - http-outgoing-1 << "[\r][\n]"
21:15:30.379 [docker-java-stream-926242780] DEBUG org.apache.hc.client5.http.wire - http-outgoing-1 << "be[\r][\n]"
21:15:30.379 [docker-java-stream-926242780] DEBUG org.apache.hc.client5.http.wire - http-outgoing-1 << "{"status":"Downloading","progressDetail":{"current":13724019,"total":30426136},"progress":"[======================\u003e                            ]  13.72MB/30.43MB","id":"d19f32bd9e41"}[\r][\n]"
21:15:30.379 [docker-java-stream-926242780] DEBUG org.apache.hc.client5.http.wire - http-outgoing-1 << "[\r][\n]"
21:15:30.477 [docker-java-stream-926242780] DEBUG org.apache.hc.client5.http.wire - http-outgoing-1 << "bf[\r][\n]"
21:15:30.477 [docker-java-stream-926242780] DEBUG org.apache.hc.client5.http.wire - http-outgoing-1 << "{"status":"Downloading","progressDetail":{"current":12351815,"total":257828120},"progress":"[==\u003e                                                ]  12.35MB/257.8MB","id":"1c1198b7f899"}[\r][\n]"
21:15:30.477 [docker-java-stream-926242780] DEBUG org.apache.hc.client5.http.wire - http-outgoing-1 << "[\r][\n]"
21:15:30.503 [docker-java-stream-926242780] DEBUG org.apache.hc.client5.http.wire - http-outgoing-1 << "be[\r][\n]"
21:15:30.503 [docker-java-stream-926242780] DEBUG org.apache.hc.client5.http.wire - http-outgoing-1 << "{"status":"Downloading","progressDetail":{"current":14350707,"total":30426136},"progress":"[=======================\u003e                           ]  14.35MB/30.43MB","id":"d19f32bd9e41"}[\r][\n]"
21:15:30.503 [docker-java-stream-926242780] DEBUG org.apache.hc.client5.http.wire - http-outgoing-1 << "[\r][\n]"
21:15:30.602 [docker-java-stream-926242780] DEBUG org.apache.hc.client5.http.wire - http-outgoing-1 << "bf[\r][\n]"
21:15:30.603 [docker-java-stream-926242780] DEBUG org.apache.hc.client5.http.wire - http-outgoing-1 << "{"status":"Downloading","progressDetail":{"current":12892487,"total":257828120},"progress":"[==\u003e                                                ]  12.89MB/257.8MB","id":"1c1198b7f899"}[\r][\n]"
21:15:30.603 [docker-java-stream-926242780] DEBUG org.apache.hc.client5.http.wire - http-outgoing-1 << "[\r][\n]"
21:15:30.625 [docker-java-stream-926242780] DEBUG org.apache.hc.client5.http.wire - http-outgoing-1 << "be[\r][\n]"
21:15:30.626 [docker-java-stream-926242780] DEBUG org.apache.hc.client5.http.wire - http-outgoing-1 << "{"status":"Downloading","progressDetail":{"current":14973299,"total":30426136},"progress":"[========================\u003e                          ]  14.97MB/30.43MB","id":"d19f32bd9e41"}[\r][\n]"
21:15:30.626 [docker-java-stream-926242780] DEBUG org.apache.hc.client5.http.wire - http-outgoing-1 << "[\r][\n]"
21:15:30.708 [docker-java-stream-926242780] DEBUG org.apache.hc.client5.http.wire - http-outgoing-1 << "bf[\r][\n]"
21:15:30.708 [docker-java-stream-926242780] DEBUG org.apache.hc.client5.http.wire - http-outgoing-1 << "{"status":"Downloading","progressDetail":{"current":13433159,"total":257828120},"progress":"[==\u003e                                                ]  13.43MB/257.8MB","id":"1c1198b7f899"}[\r][\n]"
21:15:30.708 [docker-java-stream-926242780] DEBUG org.apache.hc.client5.http.wire - http-outgoing-1 << "[\r][\n]"
21:15:30.709 [docker-java-stream-926242780] DEBUG org.apache.hc.client5.http.wire - http-outgoing-1 << "ba[\r][\n]"
21:15:30.709 [docker-java-stream-926242780] DEBUG org.apache.hc.client5.http.wire - http-outgoing-1 << "{"status":"Downloading","progressDetail":{"current":19879,"total":1885801},"progress":"[\u003e                                                  ]  19.88kB/1.886MB","id":"609040a14272"}[\r][\n]"
21:15:30.709 [docker-java-stream-926242780] DEBUG org.apache.hc.client5.http.wire - http-outgoing-1 << "[\r][\n]"
21:15:30.746 [docker-java-stream-926242780] DEBUG org.apache.hc.client5.http.wire - http-outgoing-1 << "be[\r][\n]"
21:15:30.746 [docker-java-stream-926242780] DEBUG org.apache.hc.client5.http.wire - http-outgoing-1 << "{"status":"Downloading","progressDetail":{"current":15595891,"total":30426136},"progress":"[=========================\u003e                         ]   15.6MB/30.43MB","id":"d19f32bd9e41"}[\r][\n]"
21:15:30.746 [docker-java-stream-926242780] DEBUG org.apache.hc.client5.http.wire - http-outgoing-1 << "[\r][\n]"
21:15:30.817 [docker-java-stream-926242780] DEBUG org.apache.hc.client5.http.wire - http-outgoing-1 << "bb[\r][\n]"
21:15:30.818 [docker-java-stream-926242780] DEBUG org.apache.hc.client5.http.wire - http-outgoing-1 << "{"status":"Downloading","progressDetail":{"current":184233,"total":1885801},"progress":"[====\u003e                                              ]  184.2kB/1.886MB","id":"609040a14272"}[\r][\n]"
21:15:30.818 [docker-java-stream-926242780] DEBUG org.apache.hc.client5.http.wire - http-outgoing-1 << "[\r][\n]"
21:15:30.860 [docker-java-stream-926242780] DEBUG org.apache.hc.client5.http.wire - http-outgoing-1 << "bf[\r][\n]"
21:15:30.860 [docker-java-stream-926242780] DEBUG org.apache.hc.client5.http.wire - http-outgoing-1 << "{"status":"Downloading","progressDetail":{"current":13973831,"total":257828120},"progress":"[==\u003e                                                ]  13.97MB/257.8MB","id":"1c1198b7f899"}[\r][\n]"
21:15:30.860 [docker-java-stream-926242780] DEBUG org.apache.hc.client5.http.wire - http-outgoing-1 << "[\r][\n]"
21:15:30.861 [docker-java-stream-926242780] DEBUG org.apache.hc.client5.http.wire - http-outgoing-1 << "be[\r][\n]"
21:15:30.861 [docker-java-stream-926242780] DEBUG org.apache.hc.client5.http.wire - http-outgoing-1 << "{"status":"Downloading","progressDetail":{"current":15907187,"total":30426136},"progress":"[==========================\u003e                        ]  15.91MB/30.43MB","id":"d19f32bd9e41"}[\r][\n]"
21:15:30.861 [docker-java-stream-926242780] DEBUG org.apache.hc.client5.http.wire - http-outgoing-1 << "[\r][\n]"
21:15:30.919 [docker-java-stream-926242780] DEBUG org.apache.hc.client5.http.wire - http-outgoing-1 << "bb[\r][\n]"
21:15:30.919 [docker-java-stream-926242780] DEBUG org.apache.hc.client5.http.wire - http-outgoing-1 << "{"status":"Downloading","progressDetail":{"current":425232,"total":1885801},"progress":"[===========\u003e                                       ]  425.2kB/1.886MB","id":"609040a14272"}[\r][\n]"
21:15:30.919 [docker-java-stream-926242780] DEBUG org.apache.hc.client5.http.wire - http-outgoing-1 << "[\r][\n]"
21:15:30.965 [docker-java-stream-926242780] DEBUG org.apache.hc.client5.http.wire - http-outgoing-1 << "bf[\r][\n]"
21:15:30.965 [docker-java-stream-926242780] DEBUG org.apache.hc.client5.http.wire - http-outgoing-1 << "{"status":"Downloading","progressDetail":{"current":14502215,"total":257828120},"progress":"[==\u003e                                                ]   14.5MB/257.8MB","id":"1c1198b7f899"}[\r][\n]"
21:15:30.965 [docker-java-stream-926242780] DEBUG org.apache.hc.client5.http.wire - http-outgoing-1 << "[\r][\n]"
21:15:31.014 [docker-java-stream-926242780] DEBUG org.apache.hc.client5.http.wire - http-outgoing-1 << "be[\r][\n]"
21:15:31.015 [docker-java-stream-926242780] DEBUG org.apache.hc.client5.http.wire - http-outgoing-1 << "{"status":"Downloading","progressDetail":{"current":16849267,"total":30426136},"progress":"[===========================\u003e                       ]  16.85MB/30.43MB","id":"d19f32bd9e41"}[\r][\n]"
21:15:31.015 [docker-java-stream-926242780] DEBUG org.apache.hc.client5.http.wire - http-outgoing-1 << "[\r][\n]"
21:15:31.027 [docker-java-stream-926242780] DEBUG org.apache.hc.client5.http.wire - http-outgoing-1 << "bb[\r][\n]"
21:15:31.027 [docker-java-stream-926242780] DEBUG org.apache.hc.client5.http.wire - http-outgoing-1 << "{"status":"Downloading","progressDetail":{"current":719179,"total":1885801},"progress":"[===================\u003e                               ]  719.2kB/1.886MB","id":"609040a14272"}[\r][\n]"
21:15:31.027 [docker-java-stream-926242780] DEBUG org.apache.hc.client5.http.wire - http-outgoing-1 << "[\r][\n]"
21:15:31.095 [docker-java-stream-926242780] DEBUG org.apache.hc.client5.http.wire - http-outgoing-1 << "bf[\r][\n]"
21:15:31.095 [docker-java-stream-926242780] DEBUG org.apache.hc.client5.http.wire - http-outgoing-1 << "{"status":"Downloading","progressDetail":{"current":15034695,"total":257828120},"progress":"[==\u003e                                                ]  15.03MB/257.8MB","id":"1c1198b7f899"}[\r][\n]"
21:15:31.096 [docker-java-stream-926242780] DEBUG org.apache.hc.client5.http.wire - http-outgoing-1 << "[\r][\n]"
21:15:31.134 [docker-java-stream-926242780] DEBUG org.apache.hc.client5.http.wire - http-outgoing-1 << "bb[\r][\n]"
21:15:31.135 [docker-java-stream-926242780] DEBUG org.apache.hc.client5.http.wire - http-outgoing-1 << "{"status":"Downloading","progressDetail":{"current":981323,"total":1885801},"progress":"[==========================\u003e                        ]  981.3kB/1.886MB","id":"609040a14272"}[\r][\n]"
21:15:31.135 [docker-java-stream-926242780] DEBUG org.apache.hc.client5.http.wire - http-outgoing-1 << "[\r][\n]"
21:15:31.153 [docker-java-stream-926242780] DEBUG org.apache.hc.client5.http.wire - http-outgoing-1 << "be[\r][\n]"
21:15:31.153 [docker-java-stream-926242780] DEBUG org.apache.hc.client5.http.wire - http-outgoing-1 << "{"status":"Downloading","progressDetail":{"current":17480051,"total":30426136},"progress":"[============================\u003e                      ]  17.48MB/30.43MB","id":"d19f32bd9e41"}[\r][\n]"
21:15:31.153 [docker-java-stream-926242780] DEBUG org.apache.hc.client5.http.wire - http-outgoing-1 << "[\r][\n]"
21:15:31.229 [docker-java-stream-926242780] DEBUG org.apache.hc.client5.http.wire - http-outgoing-1 << "bf[\r][\n]"
21:15:31.229 [docker-java-stream-926242780] DEBUG org.apache.hc.client5.http.wire - http-outgoing-1 << "{"status":"Downloading","progressDetail":{"current":15567175,"total":257828120},"progress":"[===\u003e                                               ]  15.57MB/257.8MB","id":"1c1198b7f899"}[\r][\n]"
21:15:31.229 [docker-java-stream-926242780] DEBUG org.apache.hc.client5.http.wire - http-outgoing-1 << "[\r][\n]"
21:15:31.235 [docker-java-stream-926242780] DEBUG org.apache.hc.client5.http.wire - http-outgoing-1 << "bc[\r][\n]"
21:15:31.236 [docker-java-stream-926242780] DEBUG org.apache.hc.client5.http.wire - http-outgoing-1 << "{"status":"Downloading","progressDetail":{"current":1300811,"total":1885801},"progress":"[==================================\u003e                ]  1.301MB/1.886MB","id":"609040a14272"}[\r][\n]"
21:15:31.236 [docker-java-stream-926242780] DEBUG org.apache.hc.client5.http.wire - http-outgoing-1 << "[\r][\n]"
21:15:31.300 [docker-java-stream-926242780] DEBUG org.apache.hc.client5.http.wire - http-outgoing-1 << "be[\r][\n]"
21:15:31.300 [docker-java-stream-926242780] DEBUG org.apache.hc.client5.http.wire - http-outgoing-1 << "{"status":"Downloading","progressDetail":{"current":18114931,"total":30426136},"progress":"[=============================\u003e                     ]  18.11MB/30.43MB","id":"d19f32bd9e41"}[\r][\n]"
21:15:31.300 [docker-java-stream-926242780] DEBUG org.apache.hc.client5.http.wire - http-outgoing-1 << "[\r][\n]"
21:15:31.342 [docker-java-stream-926242780] DEBUG org.apache.hc.client5.http.wire - http-outgoing-1 << "bc[\r][\n]"
21:15:31.342 [docker-java-stream-926242780] DEBUG org.apache.hc.client5.http.wire - http-outgoing-1 << "{"status":"Downloading","progressDetail":{"current":1628491,"total":1885801},"progress":"[===========================================\u003e       ]  1.628MB/1.886MB","id":"609040a14272"}[\r][\n]"
21:15:31.342 [docker-java-stream-926242780] DEBUG org.apache.hc.client5.http.wire - http-outgoing-1 << "[\r][\n]"
21:15:31.380 [docker-java-stream-926242780] DEBUG org.apache.hc.client5.http.wire - http-outgoing-1 << "bf[\r][\n]"
21:15:31.381 [docker-java-stream-926242780] DEBUG org.apache.hc.client5.http.wire - http-outgoing-1 << "{"status":"Downloading","progressDetail":{"current":16107847,"total":257828120},"progress":"[===\u003e                                               ]  16.11MB/257.8MB","id":"1c1198b7f899"}[\r][\n]"
21:15:31.381 [docker-java-stream-926242780] DEBUG org.apache.hc.client5.http.wire - http-outgoing-1 << "[\r][\n]"
21:15:31.429 [docker-java-stream-926242780] DEBUG org.apache.hc.client5.http.wire - http-outgoing-1 << "49[\r][\n]"
21:15:31.429 [docker-java-stream-926242780] DEBUG org.apache.hc.client5.http.wire - http-outgoing-1 << "{"status":"Verifying Checksum","progressDetail":{},"id":"609040a14272"}[\r][\n]"
21:15:31.429 [docker-java-stream-926242780] DEBUG org.apache.hc.client5.http.wire - http-outgoing-1 << "[\r][\n]"
21:15:31.430 [docker-java-stream-926242780] DEBUG org.apache.hc.client5.http.wire - http-outgoing-1 << "48[\r][\n]"
21:15:31.430 [docker-java-stream-926242780] DEBUG org.apache.hc.client5.http.wire - http-outgoing-1 << "{"status":"Download complete","progressDetail":{},"id":"609040a14272"}[\r][\n]"
21:15:31.430 [docker-java-stream-926242780] DEBUG org.apache.hc.client5.http.wire - http-outgoing-1 << "[\r][\n]"
21:15:31.451 [docker-java-stream-926242780] DEBUG org.apache.hc.client5.http.wire - http-outgoing-1 << "be[\r][\n]"
21:15:31.452 [docker-java-stream-926242780] DEBUG org.apache.hc.client5.http.wire - http-outgoing-1 << "{"status":"Downloading","progressDetail":{"current":18745715,"total":30426136},"progress":"[==============================\u003e                    ]  18.75MB/30.43MB","id":"d19f32bd9e41"}[\r][\n]"
21:15:31.452 [docker-java-stream-926242780] DEBUG org.apache.hc.client5.http.wire - http-outgoing-1 << "[\r][\n]"
21:15:31.527 [docker-java-stream-926242780] DEBUG org.apache.hc.client5.http.wire - http-outgoing-1 << "bf[\r][\n]"
21:15:31.527 [docker-java-stream-926242780] DEBUG org.apache.hc.client5.http.wire - http-outgoing-1 << "{"status":"Downloading","progressDetail":{"current":16644423,"total":257828120},"progress":"[===\u003e                                               ]  16.64MB/257.8MB","id":"1c1198b7f899"}[\r][\n]"
21:15:31.527 [docker-java-stream-926242780] DEBUG org.apache.hc.client5.http.wire - http-outgoing-1 << "[\r][\n]"
21:15:31.577 [docker-java-stream-926242780] DEBUG org.apache.hc.client5.http.wire - http-outgoing-1 << "be[\r][\n]"
21:15:31.577 [docker-java-stream-926242780] DEBUG org.apache.hc.client5.http.wire - http-outgoing-1 << "{"status":"Downloading","progressDetail":{"current":19368307,"total":30426136},"progress":"[===============================\u003e                   ]  19.37MB/30.43MB","id":"d19f32bd9e41"}[\r][\n]"
21:15:31.577 [docker-java-stream-926242780] DEBUG org.apache.hc.client5.http.wire - http-outgoing-1 << "[\r][\n]"
21:15:31.637 [docker-java-stream-926242780] DEBUG org.apache.hc.client5.http.wire - http-outgoing-1 << "bf[\r][\n]"
21:15:31.637 [docker-java-stream-926242780] DEBUG org.apache.hc.client5.http.wire - http-outgoing-1 << "{"status":"Downloading","progressDetail":{"current":17180999,"total":257828120},"progress":"[===\u003e                                               ]  17.18MB/257.8MB","id":"1c1198b7f899"}[\r][\n]"
21:15:31.637 [docker-java-stream-926242780] DEBUG org.apache.hc.client5.http.wire - http-outgoing-1 << "[\r][\n]"
21:15:31.691 [docker-java-stream-926242780] DEBUG org.apache.hc.client5.http.wire - http-outgoing-1 << "be[\r][\n]"
21:15:31.691 [docker-java-stream-926242780] DEBUG org.apache.hc.client5.http.wire - http-outgoing-1 << "{"status":"Downloading","progressDetail":{"current":19990899,"total":30426136},"progress":"[================================\u003e                  ]  19.99MB/30.43MB","id":"d19f32bd9e41"}[\r][\n]"
21:15:31.691 [docker-java-stream-926242780] DEBUG org.apache.hc.client5.http.wire - http-outgoing-1 << "[\r][\n]"
21:15:31.750 [docker-java-stream-926242780] DEBUG org.apache.hc.client5.http.wire - http-outgoing-1 << "bf[\r][\n]"
21:15:31.750 [docker-java-stream-926242780] DEBUG org.apache.hc.client5.http.wire - http-outgoing-1 << "{"status":"Downloading","progressDetail":{"current":17721671,"total":257828120},"progress":"[===\u003e                                               ]  17.72MB/257.8MB","id":"1c1198b7f899"}[\r][\n]"
21:15:31.750 [docker-java-stream-926242780] DEBUG org.apache.hc.client5.http.wire - http-outgoing-1 << "[\r][\n]"
21:15:31.795 [docker-java-stream-926242780] DEBUG org.apache.hc.client5.http.wire - http-outgoing-1 << "be[\r][\n]"
21:15:31.795 [docker-java-stream-926242780] DEBUG org.apache.hc.client5.http.wire - http-outgoing-1 << "{"status":"Downloading","progressDetail":{"current":20609395,"total":30426136},"progress":"[=================================\u003e                 ]  20.61MB/30.43MB","id":"d19f32bd9e41"}[\r][\n]"
21:15:31.795 [docker-java-stream-926242780] DEBUG org.apache.hc.client5.http.wire - http-outgoing-1 << "[\r][\n]"
21:15:31.862 [docker-java-stream-926242780] DEBUG org.apache.hc.client5.http.wire - http-outgoing-1 << "bf[\r][\n]"
21:15:31.862 [docker-java-stream-926242780] DEBUG org.apache.hc.client5.http.wire - http-outgoing-1 << "{"status":"Downloading","progressDetail":{"current":18262343,"total":257828120},"progress":"[===\u003e                                               ]  18.26MB/257.8MB","id":"1c1198b7f899"}[\r][\n]"
21:15:31.862 [docker-java-stream-926242780] DEBUG org.apache.hc.client5.http.wire - http-outgoing-1 << "[\r][\n]"
21:15:31.917 [docker-java-stream-926242780] DEBUG org.apache.hc.client5.http.wire - http-outgoing-1 << "be[\r][\n]"
21:15:31.917 [docker-java-stream-926242780] DEBUG org.apache.hc.client5.http.wire - http-outgoing-1 << "{"status":"Downloading","progressDetail":{"current":21231987,"total":30426136},"progress":"[==================================\u003e                ]  21.23MB/30.43MB","id":"d19f32bd9e41"}[\r][\n]"
21:15:31.917 [docker-java-stream-926242780] DEBUG org.apache.hc.client5.http.wire - http-outgoing-1 << "[\r][\n]"
21:15:31.968 [docker-java-stream-926242780] DEBUG org.apache.hc.client5.http.wire - http-outgoing-1 << "bf[\r][\n]"
21:15:31.968 [docker-java-stream-926242780] DEBUG org.apache.hc.client5.http.wire - http-outgoing-1 << "{"status":"Downloading","progressDetail":{"current":18803015,"total":257828120},"progress":"[===\u003e                                               ]   18.8MB/257.8MB","id":"1c1198b7f899"}[\r][\n]"
21:15:31.968 [docker-java-stream-926242780] DEBUG org.apache.hc.client5.http.wire - http-outgoing-1 << "[\r][\n]"
21:15:31.985 [docker-java-stream-926242780] DEBUG org.apache.hc.client5.http.wire - http-outgoing-1 << "b9[\r][\n]"
21:15:31.986 [docker-java-stream-926242780] DEBUG org.apache.hc.client5.http.wire - http-outgoing-1 << "{"status":"Downloading","progressDetail":{"current":18510,"total":1839669},"progress":"[\u003e                                                  ]  18.51kB/1.84MB","id":"cc2e5657153e"}[\r][\n]"
21:15:31.986 [docker-java-stream-926242780] DEBUG org.apache.hc.client5.http.wire - http-outgoing-1 << "[\r][\n]"
21:15:32.025 [docker-java-stream-926242780] DEBUG org.apache.hc.client5.http.wire - http-outgoing-1 << "be[\r][\n]"
21:15:32.026 [docker-java-stream-926242780] DEBUG org.apache.hc.client5.http.wire - http-outgoing-1 << "{"status":"Downloading","progressDetail":{"current":21854579,"total":30426136},"progress":"[===================================\u003e               ]  21.85MB/30.43MB","id":"d19f32bd9e41"}[\r][\n]"
21:15:32.026 [docker-java-stream-926242780] DEBUG org.apache.hc.client5.http.wire - http-outgoing-1 << "[\r][\n]"
21:15:32.090 [docker-java-stream-926242780] DEBUG org.apache.hc.client5.http.wire - http-outgoing-1 << "bf[\r][\n]"
21:15:32.090 [docker-java-stream-926242780] DEBUG org.apache.hc.client5.http.wire - http-outgoing-1 << "{"status":"Downloading","progressDetail":{"current":19343687,"total":257828120},"progress":"[===\u003e                                               ]  19.34MB/257.8MB","id":"1c1198b7f899"}[\r][\n]"
21:15:32.090 [docker-java-stream-926242780] DEBUG org.apache.hc.client5.http.wire - http-outgoing-1 << "[\r][\n]"
21:15:32.099 [docker-java-stream-926242780] DEBUG org.apache.hc.client5.http.wire - http-outgoing-1 << "ba[\r][\n]"
21:15:32.099 [docker-java-stream-926242780] DEBUG org.apache.hc.client5.http.wire - http-outgoing-1 << "{"status":"Downloading","progressDetail":{"current":204341,"total":1839669},"progress":"[=====\u003e                                             ]  204.3kB/1.84MB","id":"cc2e5657153e"}[\r][\n]"
21:15:32.099 [docker-java-stream-926242780] DEBUG org.apache.hc.client5.http.wire - http-outgoing-1 << "[\r][\n]"
21:15:32.148 [docker-java-stream-926242780] DEBUG org.apache.hc.client5.http.wire - http-outgoing-1 << "be[\r][\n]"
21:15:32.148 [docker-java-stream-926242780] DEBUG org.apache.hc.client5.http.wire - http-outgoing-1 << "{"status":"Downloading","progressDetail":{"current":22485363,"total":30426136},"progress":"[====================================\u003e              ]  22.49MB/30.43MB","id":"d19f32bd9e41"}[\r][\n]"
21:15:32.148 [docker-java-stream-926242780] DEBUG org.apache.hc.client5.http.wire - http-outgoing-1 << "[\r][\n]"
21:15:32.210 [docker-java-stream-926242780] DEBUG org.apache.hc.client5.http.wire - http-outgoing-1 << "ba[\r][\n]"
21:15:32.210 [docker-java-stream-926242780] DEBUG org.apache.hc.client5.http.wire - http-outgoing-1 << "{"status":"Downloading","progressDetail":{"current":523509,"total":1839669},"progress":"[==============\u003e                                    ]  523.5kB/1.84MB","id":"cc2e5657153e"}[\r][\n]"
21:15:32.210 [docker-java-stream-926242780] DEBUG org.apache.hc.client5.http.wire - http-outgoing-1 << "[\r][\n]"
21:15:32.275 [docker-java-stream-926242780] DEBUG org.apache.hc.client5.http.wire - http-outgoing-1 << "be[\r][\n]"
21:15:32.275 [docker-java-stream-926242780] DEBUG org.apache.hc.client5.http.wire - http-outgoing-1 << "{"status":"Downloading","progressDetail":{"current":22796659,"total":30426136},"progress":"[=====================================\u003e             ]   22.8MB/30.43MB","id":"d19f32bd9e41"}[\r][\n]"
21:15:32.275 [docker-java-stream-926242780] DEBUG org.apache.hc.client5.http.wire - http-outgoing-1 << "[\r][\n]"
21:15:32.278 [docker-java-stream-926242780] DEBUG org.apache.hc.client5.http.wire - http-outgoing-1 << "bf[\r][\n]"
21:15:32.278 [docker-java-stream-926242780] DEBUG org.apache.hc.client5.http.wire - http-outgoing-1 << "{"status":"Downloading","progressDetail":{"current":19880263,"total":257828120},"progress":"[===\u003e                                               ]  19.88MB/257.8MB","id":"1c1198b7f899"}[\r][\n]"
21:15:32.278 [docker-java-stream-926242780] DEBUG org.apache.hc.client5.http.wire - http-outgoing-1 << "[\r][\n]"
21:15:32.369 [docker-java-stream-926242780] DEBUG org.apache.hc.client5.http.wire - http-outgoing-1 << "ba[\r][\n]"
21:15:32.369 [docker-java-stream-926242780] DEBUG org.apache.hc.client5.http.wire - http-outgoing-1 << "{"status":"Downloading","progressDetail":{"current":851189,"total":1839669},"progress":"[=======================\u003e                           ]  851.2kB/1.84MB","id":"cc2e5657153e"}[\r][\n]"
21:15:32.369 [docker-java-stream-926242780] DEBUG org.apache.hc.client5.http.wire - http-outgoing-1 << "[\r][\n]"
21:15:32.384 [docker-java-stream-926242780] DEBUG org.apache.hc.client5.http.wire - http-outgoing-1 << "be[\r][\n]"
21:15:32.384 [docker-java-stream-926242780] DEBUG org.apache.hc.client5.http.wire - http-outgoing-1 << "{"status":"Downloading","progressDetail":{"current":23419251,"total":30426136},"progress":"[======================================\u003e            ]  23.42MB/30.43MB","id":"d19f32bd9e41"}[\r][\n]"
21:15:32.384 [docker-java-stream-926242780] DEBUG org.apache.hc.client5.http.wire - http-outgoing-1 << "[\r][\n]"
21:15:32.423 [docker-java-stream-926242780] DEBUG org.apache.hc.client5.http.wire - http-outgoing-1 << "bf[\r][\n]"
21:15:32.423 [docker-java-stream-926242780] DEBUG org.apache.hc.client5.http.wire - http-outgoing-1 << "{"status":"Downloading","progressDetail":{"current":20420935,"total":257828120},"progress":"[===\u003e                                               ]  20.42MB/257.8MB","id":"1c1198b7f899"}[\r][\n]"
21:15:32.423 [docker-java-stream-926242780] DEBUG org.apache.hc.client5.http.wire - http-outgoing-1 << "[\r][\n]"
21:15:32.473 [docker-java-stream-926242780] DEBUG org.apache.hc.client5.http.wire - http-outgoing-1 << "bb[\r][\n]"
21:15:32.473 [docker-java-stream-926242780] DEBUG org.apache.hc.client5.http.wire - http-outgoing-1 << "{"status":"Downloading","progressDetail":{"current":1198410,"total":1839669},"progress":"[================================\u003e                  ]  1.198MB/1.84MB","id":"cc2e5657153e"}[\r][\n]"
21:15:32.473 [docker-java-stream-926242780] DEBUG org.apache.hc.client5.http.wire - http-outgoing-1 << "[\r][\n]"
21:15:32.513 [docker-java-stream-926242780] DEBUG org.apache.hc.client5.http.wire - http-outgoing-1 << "be[\r][\n]"
21:15:32.514 [docker-java-stream-926242780] DEBUG org.apache.hc.client5.http.wire - http-outgoing-1 << "{"status":"Downloading","progressDetail":{"current":24050035,"total":30426136},"progress":"[=======================================\u003e           ]  24.05MB/30.43MB","id":"d19f32bd9e41"}[\r][\n]"
21:15:32.514 [docker-java-stream-926242780] DEBUG org.apache.hc.client5.http.wire - http-outgoing-1 << "[\r][\n]"
21:15:32.577 [docker-java-stream-926242780] DEBUG org.apache.hc.client5.http.wire - http-outgoing-1 << "bb[\r][\n]"
21:15:32.577 [docker-java-stream-926242780] DEBUG org.apache.hc.client5.http.wire - http-outgoing-1 << "{"status":"Downloading","progressDetail":{"current":1591626,"total":1839669},"progress":"[===========================================\u003e       ]  1.592MB/1.84MB","id":"cc2e5657153e"}[\r][\n]"
21:15:32.577 [docker-java-stream-926242780] DEBUG org.apache.hc.client5.http.wire - http-outgoing-1 << "[\r][\n]"
21:15:32.628 [docker-java-stream-926242780] DEBUG org.apache.hc.client5.http.wire - http-outgoing-1 << "bf[\r][\n]"
21:15:32.629 [docker-java-stream-926242780] DEBUG org.apache.hc.client5.http.wire - http-outgoing-1 << "{"status":"Downloading","progressDetail":{"current":20961607,"total":257828120},"progress":"[====\u003e                                              ]  20.96MB/257.8MB","id":"1c1198b7f899"}[\r][\n]"
21:15:32.629 [docker-java-stream-926242780] DEBUG org.apache.hc.client5.http.wire - http-outgoing-1 << "[\r][\n]"
21:15:32.633 [docker-java-stream-926242780] DEBUG org.apache.hc.client5.http.wire - http-outgoing-1 << "be[\r][\n]"
21:15:32.633 [docker-java-stream-926242780] DEBUG org.apache.hc.client5.http.wire - http-outgoing-1 << "{"status":"Downloading","progressDetail":{"current":24361331,"total":30426136},"progress":"[========================================\u003e          ]  24.36MB/30.43MB","id":"d19f32bd9e41"}[\r][\n]"
21:15:32.633 [docker-java-stream-926242780] DEBUG org.apache.hc.client5.http.wire - http-outgoing-1 << "[\r][\n]"
21:15:32.659 [docker-java-stream-926242780] DEBUG org.apache.hc.client5.http.wire - http-outgoing-1 << "48[\r][\n]"
21:15:32.660 [docker-java-stream-926242780] DEBUG org.apache.hc.client5.http.wire - http-outgoing-1 << "{"status":"Download complete","progressDetail":{},"id":"cc2e5657153e"}[\r][\n]"
21:15:32.660 [docker-java-stream-926242780] DEBUG org.apache.hc.client5.http.wire - http-outgoing-1 << "[\r][\n]"
21:15:32.770 [docker-java-stream-926242780] DEBUG org.apache.hc.client5.http.wire - http-outgoing-1 << "be[\r][\n]"
21:15:32.770 [docker-java-stream-926242780] DEBUG org.apache.hc.client5.http.wire - http-outgoing-1 << "{"status":"Downloading","progressDetail":{"current":25291123,"total":30426136},"progress":"[=========================================\u003e         ]  25.29MB/30.43MB","id":"d19f32bd9e41"}[\r][\n]"
21:15:32.770 [docker-java-stream-926242780] DEBUG org.apache.hc.client5.http.wire - http-outgoing-1 << "[\r][\n]"
21:15:32.857 [docker-java-stream-926242780] DEBUG org.apache.hc.client5.http.wire - http-outgoing-1 << "bf[\r][\n]"
21:15:32.857 [docker-java-stream-926242780] DEBUG org.apache.hc.client5.http.wire - http-outgoing-1 << "{"status":"Downloading","progressDetail":{"current":22034759,"total":257828120},"progress":"[====\u003e                                              ]  22.03MB/257.8MB","id":"1c1198b7f899"}[\r][\n]"
21:15:32.857 [docker-java-stream-926242780] DEBUG org.apache.hc.client5.http.wire - http-outgoing-1 << "[\r][\n]"
21:15:32.886 [docker-java-stream-926242780] DEBUG org.apache.hc.client5.http.wire - http-outgoing-1 << "be[\r][\n]"
21:15:32.886 [docker-java-stream-926242780] DEBUG org.apache.hc.client5.http.wire - http-outgoing-1 << "{"status":"Downloading","progressDetail":{"current":25913715,"total":30426136},"progress":"[==========================================\u003e        ]  25.91MB/30.43MB","id":"d19f32bd9e41"}[\r][\n]"
21:15:32.886 [docker-java-stream-926242780] DEBUG org.apache.hc.client5.http.wire - http-outgoing-1 << "[\r][\n]"
21:15:32.996 [docker-java-stream-926242780] DEBUG org.apache.hc.client5.http.wire - http-outgoing-1 << "be[\r][\n]"
21:15:32.996 [docker-java-stream-926242780] DEBUG org.apache.hc.client5.http.wire - http-outgoing-1 << "{"status":"Downloading","progressDetail":{"current":26540403,"total":30426136},"progress":"[===========================================\u003e       ]  26.54MB/30.43MB","id":"d19f32bd9e41"}[\r][\n]"
21:15:32.996 [docker-java-stream-926242780] DEBUG org.apache.hc.client5.http.wire - http-outgoing-1 << "[\r][\n]"
21:15:32.996 [docker-java-stream-926242780] DEBUG org.apache.hc.client5.http.wire - http-outgoing-1 << "bf[\r][\n]"
21:15:32.996 [docker-java-stream-926242780] DEBUG org.apache.hc.client5.http.wire - http-outgoing-1 << "{"status":"Downloading","progressDetail":{"current":22575431,"total":257828120},"progress":"[====\u003e                                              ]  22.58MB/257.8MB","id":"1c1198b7f899"}[\r][\n]"
21:15:32.996 [docker-java-stream-926242780] DEBUG org.apache.hc.client5.http.wire - http-outgoing-1 << "[\r][\n]"
21:15:33.140 [docker-java-stream-926242780] DEBUG org.apache.hc.client5.http.wire - http-outgoing-1 << "be[\r][\n]"
21:15:33.140 [docker-java-stream-926242780] DEBUG org.apache.hc.client5.http.wire - http-outgoing-1 << "{"status":"Downloading","progressDetail":{"current":27474291,"total":30426136},"progress":"[=============================================\u003e     ]  27.47MB/30.43MB","id":"d19f32bd9e41"}[\r][\n]"
21:15:33.140 [docker-java-stream-926242780] DEBUG org.apache.hc.client5.http.wire - http-outgoing-1 << "[\r][\n]"
21:15:33.190 [docker-java-stream-926242780] DEBUG org.apache.hc.client5.http.wire - http-outgoing-1 << "bf[\r][\n]"
21:15:33.190 [docker-java-stream-926242780] DEBUG org.apache.hc.client5.http.wire - http-outgoing-1 << "{"status":"Downloading","progressDetail":{"current":23652679,"total":257828120},"progress":"[====\u003e                                              ]  23.65MB/257.8MB","id":"1c1198b7f899"}[\r][\n]"
21:15:33.190 [docker-java-stream-926242780] DEBUG org.apache.hc.client5.http.wire - http-outgoing-1 << "[\r][\n]"
21:15:33.241 [docker-java-stream-926242780] DEBUG org.apache.hc.client5.http.wire - http-outgoing-1 << "be[\r][\n]"
21:15:33.241 [docker-java-stream-926242780] DEBUG org.apache.hc.client5.http.wire - http-outgoing-1 << "{"status":"Downloading","progressDetail":{"current":28096883,"total":30426136},"progress":"[==============================================\u003e    ]   28.1MB/30.43MB","id":"d19f32bd9e41"}[\r][\n]"
21:15:33.241 [docker-java-stream-926242780] DEBUG org.apache.hc.client5.http.wire - http-outgoing-1 << "[\r][\n]"
21:15:33.309 [docker-java-stream-926242780] DEBUG org.apache.hc.client5.http.wire - http-outgoing-1 << "bf[\r][\n]"
21:15:33.309 [docker-java-stream-926242780] DEBUG org.apache.hc.client5.http.wire - http-outgoing-1 << "{"status":"Downloading","progressDetail":{"current":24193351,"total":257828120},"progress":"[====\u003e                                              ]  24.19MB/257.8MB","id":"1c1198b7f899"}[\r][\n]"
21:15:33.309 [docker-java-stream-926242780] DEBUG org.apache.hc.client5.http.wire - http-outgoing-1 << "[\r][\n]"
21:15:33.375 [docker-java-stream-926242780] DEBUG org.apache.hc.client5.http.wire - http-outgoing-1 << "be[\r][\n]"
21:15:33.375 [docker-java-stream-926242780] DEBUG org.apache.hc.client5.http.wire - http-outgoing-1 << "{"status":"Downloading","progressDetail":{"current":28719475,"total":30426136},"progress":"[===============================================\u003e   ]  28.72MB/30.43MB","id":"d19f32bd9e41"}[\r][\n]"
21:15:33.375 [docker-java-stream-926242780] DEBUG org.apache.hc.client5.http.wire - http-outgoing-1 << "[\r][\n]"
21:15:33.403 [docker-java-stream-926242780] DEBUG org.apache.hc.client5.http.wire - http-outgoing-1 << "bd[\r][\n]"
21:15:33.404 [docker-java-stream-926242780] DEBUG org.apache.hc.client5.http.wire - http-outgoing-1 << "{"status":"Downloading","progressDetail":{"current":531739,"total":142117631},"progress":"[\u003e                                                  ]  531.7kB/142.1MB","id":"cef47928a8bc"}[\r][\n]"
21:15:33.404 [docker-java-stream-926242780] DEBUG org.apache.hc.client5.http.wire - http-outgoing-1 << "[\r][\n]"
21:15:33.495 [docker-java-stream-926242780] DEBUG org.apache.hc.client5.http.wire - http-outgoing-1 << "bf[\r][\n]"
21:15:33.495 [docker-java-stream-926242780] DEBUG org.apache.hc.client5.http.wire - http-outgoing-1 << "{"status":"Downloading","progressDetail":{"current":24734023,"total":257828120},"progress":"[====\u003e                                              ]  24.73MB/257.8MB","id":"1c1198b7f899"}[\r][\n]"
21:15:33.495 [docker-java-stream-926242780] DEBUG org.apache.hc.client5.http.wire - http-outgoing-1 << "[\r][\n]"
21:15:33.584 [docker-java-stream-926242780] DEBUG org.apache.hc.client5.http.wire - http-outgoing-1 << "be[\r][\n]"
21:15:33.584 [docker-java-stream-926242780] DEBUG org.apache.hc.client5.http.wire - http-outgoing-1 << "{"status":"Downloading","progressDetail":{"current":1063279,"total":142117631},"progress":"[\u003e                                                  ]  1.063MB/142.1MB","id":"cef47928a8bc"}[\r][\n]"
21:15:33.584 [docker-java-stream-926242780] DEBUG org.apache.hc.client5.http.wire - http-outgoing-1 << "[\r][\n]"
21:15:33.589 [docker-java-stream-926242780] DEBUG org.apache.hc.client5.http.wire - http-outgoing-1 << "be[\r][\n]"
21:15:33.589 [docker-java-stream-926242780] DEBUG org.apache.hc.client5.http.wire - http-outgoing-1 << "{"status":"Downloading","progressDetail":{"current":29342067,"total":30426136},"progress":"[================================================\u003e  ]  29.34MB/30.43MB","id":"d19f32bd9e41"}[\r][\n]"
21:15:33.590 [docker-java-stream-926242780] DEBUG org.apache.hc.client5.http.wire - http-outgoing-1 << "[\r][\n]"
21:15:33.684 [docker-java-stream-926242780] DEBUG org.apache.hc.client5.http.wire - http-outgoing-1 << "be[\r][\n]"
21:15:33.684 [docker-java-stream-926242780] DEBUG org.apache.hc.client5.http.wire - http-outgoing-1 << "{"status":"Downloading","progressDetail":{"current":2128239,"total":142117631},"progress":"[\u003e                                                  ]  2.128MB/142.1MB","id":"cef47928a8bc"}[\r][\n]"
21:15:33.684 [docker-java-stream-926242780] DEBUG org.apache.hc.client5.http.wire - http-outgoing-1 << "[\r][\n]"
21:15:33.697 [docker-java-stream-926242780] DEBUG org.apache.hc.client5.http.wire - http-outgoing-1 << "be[\r][\n]"
21:15:33.697 [docker-java-stream-926242780] DEBUG org.apache.hc.client5.http.wire - http-outgoing-1 << "{"status":"Downloading","progressDetail":{"current":29661555,"total":30426136},"progress":"[================================================\u003e  ]  29.66MB/30.43MB","id":"d19f32bd9e41"}[\r][\n]"
21:15:33.697 [docker-java-stream-926242780] DEBUG org.apache.hc.client5.http.wire - http-outgoing-1 << "[\r][\n]"
21:15:33.702 [docker-java-stream-926242780] DEBUG org.apache.hc.client5.http.wire - http-outgoing-1 << "bf[\r][\n]"
21:15:33.702 [docker-java-stream-926242780] DEBUG org.apache.hc.client5.http.wire - http-outgoing-1 << "{"status":"Downloading","progressDetail":{"current":25262407,"total":257828120},"progress":"[====\u003e                                              ]  25.26MB/257.8MB","id":"1c1198b7f899"}[\r][\n]"
21:15:33.702 [docker-java-stream-926242780] DEBUG org.apache.hc.client5.http.wire - http-outgoing-1 << "[\r][\n]"
21:15:33.842 [docker-java-stream-926242780] DEBUG org.apache.hc.client5.http.wire - http-outgoing-1 << "be[\r][\n]"
21:15:33.842 [docker-java-stream-926242780] DEBUG org.apache.hc.client5.http.wire - http-outgoing-1 << "{"status":"Downloading","progressDetail":{"current":2668911,"total":142117631},"progress":"[\u003e                                                  ]  2.669MB/142.1MB","id":"cef47928a8bc"}[\r][\n]"
21:15:33.842 [docker-java-stream-926242780] DEBUG org.apache.hc.client5.http.wire - http-outgoing-1 << "[\r][\n]"
21:15:33.862 [docker-java-stream-926242780] DEBUG org.apache.hc.client5.http.wire - http-outgoing-1 << "be[\r][\n]"
21:15:33.862 [docker-java-stream-926242780] DEBUG org.apache.hc.client5.http.wire - http-outgoing-1 << "{"status":"Downloading","progressDetail":{"current":29972851,"total":30426136},"progress":"[=================================================\u003e ]  29.97MB/30.43MB","id":"d19f32bd9e41"}[\r][\n]"
21:15:33.862 [docker-java-stream-926242780] DEBUG org.apache.hc.client5.http.wire - http-outgoing-1 << "[\r][\n]"
21:15:34.037 [docker-java-stream-926242780] DEBUG org.apache.hc.client5.http.wire - http-outgoing-1 << "bf[\r][\n]"
21:15:34.037 [docker-java-stream-926242780] DEBUG org.apache.hc.client5.http.wire - http-outgoing-1 << "{"status":"Downloading","progressDetail":{"current":25803079,"total":257828120},"progress":"[=====\u003e                                             ]   25.8MB/257.8MB","id":"1c1198b7f899"}[\r][\n]"
21:15:34.037 [docker-java-stream-926242780] DEBUG org.apache.hc.client5.http.wire - http-outgoing-1 << "[\r][\n]"
21:15:34.037 [docker-java-stream-926242780] DEBUG org.apache.hc.client5.http.wire - http-outgoing-1 << "be[\r][\n]"
21:15:34.037 [docker-java-stream-926242780] DEBUG org.apache.hc.client5.http.wire - http-outgoing-1 << "{"status":"Downloading","progressDetail":{"current":3737967,"total":142117631},"progress":"[=\u003e                                                 ]  3.738MB/142.1MB","id":"cef47928a8bc"}[\r][\n]"
21:15:34.037 [docker-java-stream-926242780] DEBUG org.apache.hc.client5.http.wire - http-outgoing-1 << "[\r][\n]"
21:15:34.038 [docker-java-stream-926242780] DEBUG org.apache.hc.client5.http.wire - http-outgoing-1 << "be[\r][\n]"
21:15:34.038 [docker-java-stream-926242780] DEBUG org.apache.hc.client5.http.wire - http-outgoing-1 << "{"status":"Downloading","progressDetail":{"current":30284147,"total":30426136},"progress":"[=================================================\u003e ]  30.28MB/30.43MB","id":"d19f32bd9e41"}[\r][\n]"
21:15:34.038 [docker-java-stream-926242780] DEBUG org.apache.hc.client5.http.wire - http-outgoing-1 << "[\r][\n]"
21:15:34.044 [docker-java-stream-926242780] DEBUG org.apache.hc.client5.http.wire - http-outgoing-1 << "49[\r][\n]"
21:15:34.044 [docker-java-stream-926242780] DEBUG org.apache.hc.client5.http.wire - http-outgoing-1 << "{"status":"Verifying Checksum","progressDetail":{},"id":"d19f32bd9e41"}[\r][\n]"
21:15:34.044 [docker-java-stream-926242780] DEBUG org.apache.hc.client5.http.wire - http-outgoing-1 << "[\r][\n]"
21:15:34.044 [docker-java-stream-926242780] DEBUG org.apache.hc.client5.http.wire - http-outgoing-1 << "48[\r][\n]"
21:15:34.044 [docker-java-stream-926242780] DEBUG org.apache.hc.client5.http.wire - http-outgoing-1 << "{"status":"Download complete","progressDetail":{},"id":"d19f32bd9e41"}[\r][\n]"
21:15:34.044 [docker-java-stream-926242780] DEBUG org.apache.hc.client5.http.wire - http-outgoing-1 << "[\r][\n]"
21:15:34.097 [docker-java-stream-926242780] DEBUG org.apache.hc.client5.http.wire - http-outgoing-1 << "bb[\r][\n]"
21:15:34.097 [docker-java-stream-926242780] DEBUG org.apache.hc.client5.http.wire - http-outgoing-1 << "{"status":"Extracting","progressDetail":{"current":327680,"total":30426136},"progress":"[\u003e                                                  ]  327.7kB/30.43MB","id":"d19f32bd9e41"}[\r][\n]"
21:15:34.097 [docker-java-stream-926242780] DEBUG org.apache.hc.client5.http.wire - http-outgoing-1 << "[\r][\n]"
21:15:34.171 [docker-java-stream-926242780] DEBUG org.apache.hc.client5.http.wire - http-outgoing-1 << "be[\r][\n]"
21:15:34.171 [docker-java-stream-926242780] DEBUG org.apache.hc.client5.http.wire - http-outgoing-1 << "{"status":"Downloading","progressDetail":{"current":5355887,"total":142117631},"progress":"[=\u003e                                                 ]  5.356MB/142.1MB","id":"cef47928a8bc"}[\r][\n]"
21:15:34.171 [docker-java-stream-926242780] DEBUG org.apache.hc.client5.http.wire - http-outgoing-1 << "[\r][\n]"
21:15:34.203 [docker-java-stream-926242780] DEBUG org.apache.hc.client5.http.wire - http-outgoing-1 << "bc[\r][\n]"
21:15:34.203 [docker-java-stream-926242780] DEBUG org.apache.hc.client5.http.wire - http-outgoing-1 << "{"status":"Extracting","progressDetail":{"current":8192000,"total":30426136},"progress":"[=============\u003e                                     ]  8.192MB/30.43MB","id":"d19f32bd9e41"}[\r][\n]"
21:15:34.203 [docker-java-stream-926242780] DEBUG org.apache.hc.client5.http.wire - http-outgoing-1 << "[\r][\n]"
21:15:34.226 [docker-java-stream-926242780] DEBUG org.apache.hc.client5.http.wire - http-outgoing-1 << "bf[\r][\n]"
21:15:34.226 [docker-java-stream-926242780] DEBUG org.apache.hc.client5.http.wire - http-outgoing-1 << "{"status":"Downloading","progressDetail":{"current":26884423,"total":257828120},"progress":"[=====\u003e                                             ]  26.88MB/257.8MB","id":"1c1198b7f899"}[\r][\n]"
21:15:34.226 [docker-java-stream-926242780] DEBUG org.apache.hc.client5.http.wire - http-outgoing-1 << "[\r][\n]"
21:15:34.304 [docker-java-stream-926242780] DEBUG org.apache.hc.client5.http.wire - http-outgoing-1 << "bd[\r][\n]"
21:15:34.304 [docker-java-stream-926242780] DEBUG org.apache.hc.client5.http.wire - http-outgoing-1 << "{"status":"Extracting","progressDetail":{"current":16384000,"total":30426136},"progress":"[==========================\u003e                        ]  16.38MB/30.43MB","id":"d19f32bd9e41"}[\r][\n]"
21:15:34.304 [docker-java-stream-926242780] DEBUG org.apache.hc.client5.http.wire - http-outgoing-1 << "[\r][\n]"
21:15:34.332 [docker-java-stream-926242780] DEBUG org.apache.hc.client5.http.wire - http-outgoing-1 << "be[\r][\n]"
21:15:34.332 [docker-java-stream-926242780] DEBUG org.apache.hc.client5.http.wire - http-outgoing-1 << "{"status":"Downloading","progressDetail":{"current":6437231,"total":142117631},"progress":"[==\u003e                                                ]  6.437MB/142.1MB","id":"cef47928a8bc"}[\r][\n]"
21:15:34.332 [docker-java-stream-926242780] DEBUG org.apache.hc.client5.http.wire - http-outgoing-1 << "[\r][\n]"
21:15:34.354 [docker-java-stream-926242780] DEBUG org.apache.hc.client5.http.wire - http-outgoing-1 << "bf[\r][\n]"
21:15:34.354 [docker-java-stream-926242780] DEBUG org.apache.hc.client5.http.wire - http-outgoing-1 << "{"status":"Downloading","progressDetail":{"current":27425095,"total":257828120},"progress":"[=====\u003e                                             ]  27.43MB/257.8MB","id":"1c1198b7f899"}[\r][\n]"
21:15:34.354 [docker-java-stream-926242780] DEBUG org.apache.hc.client5.http.wire - http-outgoing-1 << "[\r][\n]"
21:15:34.407 [docker-java-stream-926242780] DEBUG org.apache.hc.client5.http.wire - http-outgoing-1 << "bd[\r][\n]"
21:15:34.407 [docker-java-stream-926242780] DEBUG org.apache.hc.client5.http.wire - http-outgoing-1 << "{"status":"Extracting","progressDetail":{"current":26214400,"total":30426136},"progress":"[===========================================\u003e       ]  26.21MB/30.43MB","id":"d19f32bd9e41"}[\r][\n]"
21:15:34.407 [docker-java-stream-926242780] DEBUG org.apache.hc.client5.http.wire - http-outgoing-1 << "[\r][\n]"
21:15:34.481 [docker-java-stream-926242780] DEBUG org.apache.hc.client5.http.wire - http-outgoing-1 << "bf[\r][\n]"
21:15:34.481 [docker-java-stream-926242780] DEBUG org.apache.hc.client5.http.wire - http-outgoing-1 << "{"status":"Downloading","progressDetail":{"current":27965767,"total":257828120},"progress":"[=====\u003e                                             ]  27.97MB/257.8MB","id":"1c1198b7f899"}[\r][\n]"
21:15:34.481 [docker-java-stream-926242780] DEBUG org.apache.hc.client5.http.wire - http-outgoing-1 << "[\r][\n]"
21:15:34.482 [docker-java-stream-926242780] DEBUG org.apache.hc.client5.http.wire - http-outgoing-1 << "be[\r][\n]"
21:15:34.483 [docker-java-stream-926242780] DEBUG org.apache.hc.client5.http.wire - http-outgoing-1 << "{"status":"Downloading","progressDetail":{"current":7514479,"total":142117631},"progress":"[==\u003e                                                ]  7.514MB/142.1MB","id":"cef47928a8bc"}[\r][\n]"
21:15:34.483 [docker-java-stream-926242780] DEBUG org.apache.hc.client5.http.wire - http-outgoing-1 << "[\r][\n]"
21:15:34.528 [docker-java-stream-926242780] DEBUG org.apache.hc.client5.http.wire - http-outgoing-1 << "bd[\r][\n]"
21:15:34.528 [docker-java-stream-926242780] DEBUG org.apache.hc.client5.http.wire - http-outgoing-1 << "{"status":"Extracting","progressDetail":{"current":30146560,"total":30426136},"progress":"[=================================================\u003e ]  30.15MB/30.43MB","id":"d19f32bd9e41"}[\r][\n]"
21:15:34.528 [docker-java-stream-926242780] DEBUG org.apache.hc.client5.http.wire - http-outgoing-1 << "[\r][\n]"
21:15:34.554 [docker-java-stream-926242780] DEBUG org.apache.hc.client5.http.wire - http-outgoing-1 << "bd[\r][\n]"
21:15:34.554 [docker-java-stream-926242780] DEBUG org.apache.hc.client5.http.wire - http-outgoing-1 << "{"status":"Extracting","progressDetail":{"current":30426136,"total":30426136},"progress":"[==================================================\u003e]  30.43MB/30.43MB","id":"d19f32bd9e41"}[\r][\n]"
21:15:34.554 [docker-java-stream-926242780] DEBUG org.apache.hc.client5.http.wire - http-outgoing-1 << "[\r][\n]"
21:15:34.601 [docker-java-stream-926242780] DEBUG org.apache.hc.client5.http.wire - http-outgoing-1 << "44[\r][\n]"
21:15:34.601 [docker-java-stream-926242780] DEBUG org.apache.hc.client5.http.wire - http-outgoing-1 << "{"status":"Pull complete","progressDetail":{},"id":"d19f32bd9e41"}[\r][\n]"
21:15:34.601 [docker-java-stream-926242780] DEBUG org.apache.hc.client5.http.wire - http-outgoing-1 << "[\r][\n]"
21:15:34.626 [docker-java-stream-926242780] DEBUG org.apache.hc.client5.http.wire - http-outgoing-1 << "bf[\r][\n]"
21:15:34.626 [docker-java-stream-926242780] DEBUG org.apache.hc.client5.http.wire - http-outgoing-1 << "{"status":"Downloading","progressDetail":{"current":28506439,"total":257828120},"progress":"[=====\u003e                                             ]  28.51MB/257.8MB","id":"1c1198b7f899"}[\r][\n]"
21:15:34.626 [docker-java-stream-926242780] DEBUG org.apache.hc.client5.http.wire - http-outgoing-1 << "[\r][\n]"
21:15:34.633 [docker-java-stream-926242780] DEBUG org.apache.hc.client5.http.wire - http-outgoing-1 << "be[\r][\n]"
21:15:34.633 [docker-java-stream-926242780] DEBUG org.apache.hc.client5.http.wire - http-outgoing-1 << "{"status":"Downloading","progressDetail":{"current":8595823,"total":142117631},"progress":"[===\u003e                                               ]  8.596MB/142.1MB","id":"cef47928a8bc"}[\r][\n]"
21:15:34.633 [docker-java-stream-926242780] DEBUG org.apache.hc.client5.http.wire - http-outgoing-1 << "[\r][\n]"
21:15:34.662 [docker-java-stream-926242780] DEBUG org.apache.hc.client5.http.wire - http-outgoing-1 << "ba[\r][\n]"
21:15:34.662 [docker-java-stream-926242780] DEBUG org.apache.hc.client5.http.wire - http-outgoing-1 << "{"status":"Downloading","progressDetail":{"current":32085,"total":3099471},"progress":"[\u003e                                                  ]  32.09kB/3.099MB","id":"2a1f3cb1db98"}[\r][\n]"
21:15:34.662 [docker-java-stream-926242780] DEBUG org.apache.hc.client5.http.wire - http-outgoing-1 << "[\r][\n]"
21:15:34.805 [docker-java-stream-926242780] DEBUG org.apache.hc.client5.http.wire - http-outgoing-1 << "bb[\r][\n]"
21:15:34.805 [docker-java-stream-926242780] DEBUG org.apache.hc.client5.http.wire - http-outgoing-1 << "{"status":"Downloading","progressDetail":{"current":130389,"total":3099471},"progress":"[==\u003e                                                ]  130.4kB/3.099MB","id":"2a1f3cb1db98"}[\r][\n]"
21:15:34.805 [docker-java-stream-926242780] DEBUG org.apache.hc.client5.http.wire - http-outgoing-1 << "[\r][\n]"
21:15:34.827 [docker-java-stream-926242780] DEBUG org.apache.hc.client5.http.wire - http-outgoing-1 << "bf[\r][\n]"
21:15:34.827 [docker-java-stream-926242780] DEBUG org.apache.hc.client5.http.wire - http-outgoing-1 << "{"status":"Downloading","progressDetail":{"current":29043015,"total":257828120},"progress":"[=====\u003e                                             ]  29.04MB/257.8MB","id":"1c1198b7f899"}[\r][\n]"
21:15:34.827 [docker-java-stream-926242780] DEBUG org.apache.hc.client5.http.wire - http-outgoing-1 << "[\r][\n]"
21:15:34.828 [docker-java-stream-926242780] DEBUG org.apache.hc.client5.http.wire - http-outgoing-1 << "be[\r][\n]"
21:15:34.828 [docker-java-stream-926242780] DEBUG org.apache.hc.client5.http.wire - http-outgoing-1 << "{"status":"Downloading","progressDetail":{"current":9673071,"total":142117631},"progress":"[===\u003e                                               ]  9.673MB/142.1MB","id":"cef47928a8bc"}[\r][\n]"
21:15:34.828 [docker-java-stream-926242780] DEBUG org.apache.hc.client5.http.wire - http-outgoing-1 << "[\r][\n]"
21:15:34.908 [docker-java-stream-926242780] DEBUG org.apache.hc.client5.http.wire - http-outgoing-1 << "bb[\r][\n]"
21:15:34.908 [docker-java-stream-926242780] DEBUG org.apache.hc.client5.http.wire - http-outgoing-1 << "{"status":"Downloading","progressDetail":{"current":531743,"total":3099471},"progress":"[========\u003e                                          ]  531.7kB/3.099MB","id":"2a1f3cb1db98"}[\r][\n]"
21:15:34.908 [docker-java-stream-926242780] DEBUG org.apache.hc.client5.http.wire - http-outgoing-1 << "[\r][\n]"
21:15:35.009 [docker-java-stream-926242780] DEBUG org.apache.hc.client5.http.wire - http-outgoing-1 << "bc[\r][\n]"
21:15:35.009 [docker-java-stream-926242780] DEBUG org.apache.hc.client5.http.wire - http-outgoing-1 << "{"status":"Downloading","progressDetail":{"current":1056031,"total":3099471},"progress":"[=================\u003e                                 ]  1.056MB/3.099MB","id":"2a1f3cb1db98"}[\r][\n]"
21:15:35.009 [docker-java-stream-926242780] DEBUG org.apache.hc.client5.http.wire - http-outgoing-1 << "[\r][\n]"
21:15:35.097 [docker-java-stream-926242780] DEBUG org.apache.hc.client5.http.wire - http-outgoing-1 << "bf[\r][\n]"
21:15:35.097 [docker-java-stream-926242780] DEBUG org.apache.hc.client5.http.wire - http-outgoing-1 << "{"status":"Downloading","progressDetail":{"current":10742127,"total":142117631},"progress":"[===\u003e                                               ]  10.74MB/142.1MB","id":"cef47928a8bc"}[\r][\n]"
21:15:35.097 [docker-java-stream-926242780] DEBUG org.apache.hc.client5.http.wire - http-outgoing-1 << "[\r][\n]"
21:15:35.111 [docker-java-stream-926242780] DEBUG org.apache.hc.client5.http.wire - http-outgoing-1 << "bf[\r][\n]"
21:15:35.111 [docker-java-stream-926242780] DEBUG org.apache.hc.client5.http.wire - http-outgoing-1 << "{"status":"Downloading","progressDetail":{"current":29583687,"total":257828120},"progress":"[=====\u003e                                             ]  29.58MB/257.8MB","id":"1c1198b7f899"}[\r][\n]"
21:15:35.111 [docker-java-stream-926242780] DEBUG org.apache.hc.client5.http.wire - http-outgoing-1 << "[\r][\n]"
21:15:35.114 [docker-java-stream-926242780] DEBUG org.apache.hc.client5.http.wire - http-outgoing-1 << "bc[\r][\n]"
21:15:35.114 [docker-java-stream-926242780] DEBUG org.apache.hc.client5.http.wire - http-outgoing-1 << "{"status":"Downloading","progressDetail":{"current":1187103,"total":3099471},"progress":"[===================\u003e                               ]  1.187MB/3.099MB","id":"2a1f3cb1db98"}[\r][\n]"
21:15:35.114 [docker-java-stream-926242780] DEBUG org.apache.hc.client5.http.wire - http-outgoing-1 << "[\r][\n]"
21:15:35.315 [docker-java-stream-926242780] DEBUG org.apache.hc.client5.http.wire - http-outgoing-1 << "bf[\r][\n]"
21:15:35.316 [docker-java-stream-926242780] DEBUG org.apache.hc.client5.http.wire - http-outgoing-1 << "{"status":"Downloading","progressDetail":{"current":11282799,"total":142117631},"progress":"[===\u003e                                               ]  11.28MB/142.1MB","id":"cef47928a8bc"}[\r][\n]"
21:15:35.316 [docker-java-stream-926242780] DEBUG org.apache.hc.client5.http.wire - http-outgoing-1 << "[\r][\n]"
21:15:35.349 [docker-java-stream-926242780] DEBUG org.apache.hc.client5.http.wire - http-outgoing-1 << "bc[\r][\n]"
21:15:35.349 [docker-java-stream-926242780] DEBUG org.apache.hc.client5.http.wire - http-outgoing-1 << "{"status":"Downloading","progressDetail":{"current":1857908,"total":3099471},"progress":"[=============================\u003e                     ]  1.858MB/3.099MB","id":"2a1f3cb1db98"}[\r][\n]"
21:15:35.349 [docker-java-stream-926242780] DEBUG org.apache.hc.client5.http.wire - http-outgoing-1 << "[\r][\n]"
21:15:35.356 [docker-java-stream-926242780] DEBUG org.apache.hc.client5.http.wire - http-outgoing-1 << "49[\r][\n]"
21:15:35.356 [docker-java-stream-926242780] DEBUG org.apache.hc.client5.http.wire - http-outgoing-1 << "{"status":"Verifying Checksum","progressDetail":{},"id":"2a1f3cb1db98"}[\r][\n]"
21:15:35.356 [docker-java-stream-926242780] DEBUG org.apache.hc.client5.http.wire - http-outgoing-1 << "[\r][\n]"
21:15:35.356 [docker-java-stream-926242780] DEBUG org.apache.hc.client5.http.wire - http-outgoing-1 << "48[\r][\n]"
21:15:35.356 [docker-java-stream-926242780] DEBUG org.apache.hc.client5.http.wire - http-outgoing-1 << "{"status":"Download complete","progressDetail":{},"id":"2a1f3cb1db98"}[\r][\n]"
21:15:35.356 [docker-java-stream-926242780] DEBUG org.apache.hc.client5.http.wire - http-outgoing-1 << "[\r][\n]"
21:15:35.370 [docker-java-stream-926242780] DEBUG org.apache.hc.client5.http.wire - http-outgoing-1 << "bf[\r][\n]"
21:15:35.370 [docker-java-stream-926242780] DEBUG org.apache.hc.client5.http.wire - http-outgoing-1 << "{"status":"Downloading","progressDetail":{"current":30124359,"total":257828120},"progress":"[=====\u003e                                             ]  30.12MB/257.8MB","id":"1c1198b7f899"}[\r][\n]"
21:15:35.370 [docker-java-stream-926242780] DEBUG org.apache.hc.client5.http.wire - http-outgoing-1 << "[\r][\n]"
21:15:35.460 [docker-java-stream-926242780] DEBUG org.apache.hc.client5.http.wire - http-outgoing-1 << "bf[\r][\n]"
21:15:35.460 [docker-java-stream-926242780] DEBUG org.apache.hc.client5.http.wire - http-outgoing-1 << "{"status":"Downloading","progressDetail":{"current":12896623,"total":142117631},"progress":"[====\u003e                                              ]   12.9MB/142.1MB","id":"cef47928a8bc"}[\r][\n]"
21:15:35.460 [docker-java-stream-926242780] DEBUG org.apache.hc.client5.http.wire - http-outgoing-1 << "[\r][\n]"
21:15:35.537 [docker-java-stream-926242780] DEBUG org.apache.hc.client5.http.wire - http-outgoing-1 << "bf[\r][\n]"
21:15:35.537 [docker-java-stream-926242780] DEBUG org.apache.hc.client5.http.wire - http-outgoing-1 << "{"status":"Downloading","progressDetail":{"current":30665031,"total":257828120},"progress":"[=====\u003e                                             ]  30.67MB/257.8MB","id":"1c1198b7f899"}[\r][\n]"
21:15:35.537 [docker-java-stream-926242780] DEBUG org.apache.hc.client5.http.wire - http-outgoing-1 << "[\r][\n]"
21:15:35.599 [docker-java-stream-926242780] DEBUG org.apache.hc.client5.http.wire - http-outgoing-1 << "bf[\r][\n]"
21:15:35.599 [docker-java-stream-926242780] DEBUG org.apache.hc.client5.http.wire - http-outgoing-1 << "{"status":"Downloading","progressDetail":{"current":13977967,"total":142117631},"progress":"[====\u003e                                              ]  13.98MB/142.1MB","id":"cef47928a8bc"}[\r][\n]"
21:15:35.599 [docker-java-stream-926242780] DEBUG org.apache.hc.client5.http.wire - http-outgoing-1 << "[\r][\n]"
21:15:35.692 [docker-java-stream-926242780] DEBUG org.apache.hc.client5.http.wire - http-outgoing-1 << "bf[\r][\n]"
21:15:35.692 [docker-java-stream-926242780] DEBUG org.apache.hc.client5.http.wire - http-outgoing-1 << "{"status":"Downloading","progressDetail":{"current":31193415,"total":257828120},"progress":"[======\u003e                                            ]  31.19MB/257.8MB","id":"1c1198b7f899"}[\r][\n]"
21:15:35.692 [docker-java-stream-926242780] DEBUG org.apache.hc.client5.http.wire - http-outgoing-1 << "[\r][\n]"
21:15:35.742 [docker-java-stream-926242780] DEBUG org.apache.hc.client5.http.wire - http-outgoing-1 << "bf[\r][\n]"
21:15:35.742 [docker-java-stream-926242780] DEBUG org.apache.hc.client5.http.wire - http-outgoing-1 << "{"status":"Downloading","progressDetail":{"current":15038831,"total":142117631},"progress":"[=====\u003e                                             ]  15.04MB/142.1MB","id":"cef47928a8bc"}[\r][\n]"
21:15:35.742 [docker-java-stream-926242780] DEBUG org.apache.hc.client5.http.wire - http-outgoing-1 << "[\r][\n]"
21:15:35.868 [docker-java-stream-926242780] DEBUG org.apache.hc.client5.http.wire - http-outgoing-1 << "bf[\r][\n]"
21:15:35.868 [docker-java-stream-926242780] DEBUG org.apache.hc.client5.http.wire - http-outgoing-1 << "{"status":"Downloading","progressDetail":{"current":31734087,"total":257828120},"progress":"[======\u003e                                            ]  31.73MB/257.8MB","id":"1c1198b7f899"}[\r][\n]"
21:15:35.868 [docker-java-stream-926242780] DEBUG org.apache.hc.client5.http.wire - http-outgoing-1 << "[\r][\n]"
21:15:35.875 [docker-java-stream-926242780] DEBUG org.apache.hc.client5.http.wire - http-outgoing-1 << "bf[\r][\n]"
21:15:35.875 [docker-java-stream-926242780] DEBUG org.apache.hc.client5.http.wire - http-outgoing-1 << "{"status":"Downloading","progressDetail":{"current":16120175,"total":142117631},"progress":"[=====\u003e                                             ]  16.12MB/142.1MB","id":"cef47928a8bc"}[\r][\n]"
21:15:35.875 [docker-java-stream-926242780] DEBUG org.apache.hc.client5.http.wire - http-outgoing-1 << "[\r][\n]"
21:15:35.964 [docker-java-stream-926242780] DEBUG org.apache.hc.client5.http.wire - http-outgoing-1 << "ba[\r][\n]"
21:15:35.964 [docker-java-stream-926242780] DEBUG org.apache.hc.client5.http.wire - http-outgoing-1 << "{"status":"Downloading","progressDetail":{"current":35506,"total":3543714},"progress":"[\u003e                                                  ]  35.51kB/3.544MB","id":"44e49441abf7"}[\r][\n]"
21:15:35.964 [docker-java-stream-926242780] DEBUG org.apache.hc.client5.http.wire - http-outgoing-1 << "[\r][\n]"
21:15:36.010 [docker-java-stream-926242780] DEBUG org.apache.hc.client5.http.wire - http-outgoing-1 << "bf[\r][\n]"
21:15:36.011 [docker-java-stream-926242780] DEBUG org.apache.hc.client5.http.wire - http-outgoing-1 << "{"status":"Downloading","progressDetail":{"current":17189231,"total":142117631},"progress":"[======\u003e                                            ]  17.19MB/142.1MB","id":"cef47928a8bc"}[\r][\n]"
21:15:36.011 [docker-java-stream-926242780] DEBUG org.apache.hc.client5.http.wire - http-outgoing-1 << "[\r][\n]"
21:15:36.058 [docker-java-stream-926242780] DEBUG org.apache.hc.client5.http.wire - http-outgoing-1 << "bf[\r][\n]"
21:15:36.058 [docker-java-stream-926242780] DEBUG org.apache.hc.client5.http.wire - http-outgoing-1 << "{"status":"Downloading","progressDetail":{"current":32274759,"total":257828120},"progress":"[======\u003e                                            ]  32.27MB/257.8MB","id":"1c1198b7f899"}[\r][\n]"
21:15:36.058 [docker-java-stream-926242780] DEBUG org.apache.hc.client5.http.wire - http-outgoing-1 << "[\r][\n]"
21:15:36.078 [docker-java-stream-926242780] DEBUG org.apache.hc.client5.http.wire - http-outgoing-1 << "bb[\r][\n]"
21:15:36.078 [docker-java-stream-926242780] DEBUG org.apache.hc.client5.http.wire - http-outgoing-1 << "{"status":"Downloading","progressDetail":{"current":184985,"total":3543714},"progress":"[==\u003e                                                ]    185kB/3.544MB","id":"44e49441abf7"}[\r][\n]"
21:15:36.078 [docker-java-stream-926242780] DEBUG org.apache.hc.client5.http.wire - http-outgoing-1 << "[\r][\n]"
21:15:36.176 [docker-java-stream-926242780] DEBUG org.apache.hc.client5.http.wire - http-outgoing-1 << "bf[\r][\n]"
21:15:36.176 [docker-java-stream-926242780] DEBUG org.apache.hc.client5.http.wire - http-outgoing-1 << "{"status":"Downloading","progressDetail":{"current":18262383,"total":142117631},"progress":"[======\u003e                                            ]  18.26MB/142.1MB","id":"cef47928a8bc"}[\r][\n]"
21:15:36.176 [docker-java-stream-926242780] DEBUG org.apache.hc.client5.http.wire - http-outgoing-1 << "[\r][\n]"
21:15:36.187 [docker-java-stream-926242780] DEBUG org.apache.hc.client5.http.wire - http-outgoing-1 << "bb[\r][\n]"
21:15:36.187 [docker-java-stream-926242780] DEBUG org.apache.hc.client5.http.wire - http-outgoing-1 << "{"status":"Downloading","progressDetail":{"current":475136,"total":3543714},"progress":"[======\u003e                                            ]  475.1kB/3.544MB","id":"44e49441abf7"}[\r][\n]"
21:15:36.188 [docker-java-stream-926242780] DEBUG org.apache.hc.client5.http.wire - http-outgoing-1 << "[\r][\n]"
21:15:36.304 [docker-java-stream-926242780] DEBUG org.apache.hc.client5.http.wire - http-outgoing-1 << "bb[\r][\n]"
21:15:36.305 [docker-java-stream-926242780] DEBUG org.apache.hc.client5.http.wire - http-outgoing-1 << "{"status":"Downloading","progressDetail":{"current":956791,"total":3543714},"progress":"[=============\u003e                                     ]  956.8kB/3.544MB","id":"44e49441abf7"}[\r][\n]"
21:15:36.305 [docker-java-stream-926242780] DEBUG org.apache.hc.client5.http.wire - http-outgoing-1 << "[\r][\n]"
21:15:36.350 [docker-java-stream-926242780] DEBUG org.apache.hc.client5.http.wire - http-outgoing-1 << "bf[\r][\n]"
21:15:36.350 [docker-java-stream-926242780] DEBUG org.apache.hc.client5.http.wire - http-outgoing-1 << "{"status":"Downloading","progressDetail":{"current":32803143,"total":257828120},"progress":"[======\u003e                                            ]   32.8MB/257.8MB","id":"1c1198b7f899"}[\r][\n]"
21:15:36.350 [docker-java-stream-926242780] DEBUG org.apache.hc.client5.http.wire - http-outgoing-1 << "[\r][\n]"
21:15:36.444 [docker-java-stream-926242780] DEBUG org.apache.hc.client5.http.wire - http-outgoing-1 << "bc[\r][\n]"
21:15:36.444 [docker-java-stream-926242780] DEBUG org.apache.hc.client5.http.wire - http-outgoing-1 << "{"status":"Downloading","progressDetail":{"current":1296759,"total":3543714},"progress":"[==================\u003e                                ]  1.297MB/3.544MB","id":"44e49441abf7"}[\r][\n]"
21:15:36.444 [docker-java-stream-926242780] DEBUG org.apache.hc.client5.http.wire - http-outgoing-1 << "[\r][\n]"
21:15:36.466 [docker-java-stream-926242780] DEBUG org.apache.hc.client5.http.wire - http-outgoing-1 << "bf[\r][\n]"
21:15:36.466 [docker-java-stream-926242780] DEBUG org.apache.hc.client5.http.wire - http-outgoing-1 << "{"status":"Downloading","progressDetail":{"current":19343727,"total":142117631},"progress":"[======\u003e                                            ]  19.34MB/142.1MB","id":"cef47928a8bc"}[\r][\n]"
21:15:36.466 [docker-java-stream-926242780] DEBUG org.apache.hc.client5.http.wire - http-outgoing-1 << "[\r][\n]"
21:15:36.591 [docker-java-stream-926242780] DEBUG org.apache.hc.client5.http.wire - http-outgoing-1 << "bf[\r][\n]"
21:15:36.591 [docker-java-stream-926242780] DEBUG org.apache.hc.client5.http.wire - http-outgoing-1 << "{"status":"Downloading","progressDetail":{"current":19880303,"total":142117631},"progress":"[======\u003e                                            ]  19.88MB/142.1MB","id":"cef47928a8bc"}[\r][\n]"
21:15:36.591 [docker-java-stream-926242780] DEBUG org.apache.hc.client5.http.wire - http-outgoing-1 << "[\r][\n]"
21:15:36.606 [docker-java-stream-926242780] DEBUG org.apache.hc.client5.http.wire - http-outgoing-1 << "bc[\r][\n]"
21:15:36.606 [docker-java-stream-926242780] DEBUG org.apache.hc.client5.http.wire - http-outgoing-1 << "{"status":"Downloading","progressDetail":{"current":2267511,"total":3543714},"progress":"[===============================\u003e                   ]  2.268MB/3.544MB","id":"44e49441abf7"}[\r][\n]"
21:15:36.606 [docker-java-stream-926242780] DEBUG org.apache.hc.client5.http.wire - http-outgoing-1 << "[\r][\n]"
21:15:36.708 [docker-java-stream-926242780] DEBUG org.apache.hc.client5.http.wire - http-outgoing-1 << "bf[\r][\n]"
21:15:36.708 [docker-java-stream-926242780] DEBUG org.apache.hc.client5.http.wire - http-outgoing-1 << "{"status":"Downloading","progressDetail":{"current":20408687,"total":142117631},"progress":"[=======\u003e                                           ]  20.41MB/142.1MB","id":"cef47928a8bc"}[\r][\n]"
21:15:36.708 [docker-java-stream-926242780] DEBUG org.apache.hc.client5.http.wire - http-outgoing-1 << "[\r][\n]"
21:15:36.711 [docker-java-stream-926242780] DEBUG org.apache.hc.client5.http.wire - http-outgoing-1 << "bc[\r][\n]"
21:15:36.712 [docker-java-stream-926242780] DEBUG org.apache.hc.client5.http.wire - http-outgoing-1 << "{"status":"Downloading","progressDetail":{"current":2562423,"total":3543714},"progress":"[====================================\u003e              ]  2.562MB/3.544MB","id":"44e49441abf7"}[\r][\n]"
21:15:36.712 [docker-java-stream-926242780] DEBUG org.apache.hc.client5.http.wire - http-outgoing-1 << "[\r][\n]"
21:15:36.732 [docker-java-stream-926242780] DEBUG org.apache.hc.client5.http.wire - http-outgoing-1 << "bf[\r][\n]"
21:15:36.733 [docker-java-stream-926242780] DEBUG org.apache.hc.client5.http.wire - http-outgoing-1 << "{"status":"Downloading","progressDetail":{"current":33331527,"total":257828120},"progress":"[======\u003e                                            ]  33.33MB/257.8MB","id":"1c1198b7f899"}[\r][\n]"
21:15:36.733 [docker-java-stream-926242780] DEBUG org.apache.hc.client5.http.wire - http-outgoing-1 << "[\r][\n]"
21:15:36.830 [docker-java-stream-926242780] DEBUG org.apache.hc.client5.http.wire - http-outgoing-1 << "bc[\r][\n]"
21:15:36.830 [docker-java-stream-926242780] DEBUG org.apache.hc.client5.http.wire - http-outgoing-1 << "{"status":"Downloading","progressDetail":{"current":3488119,"total":3543714},"progress":"[=================================================\u003e ]  3.488MB/3.544MB","id":"44e49441abf7"}[\r][\n]"
21:15:36.830 [docker-java-stream-926242780] DEBUG org.apache.hc.client5.http.wire - http-outgoing-1 << "[\r][\n]"
21:15:36.833 [docker-java-stream-926242780] DEBUG org.apache.hc.client5.http.wire - http-outgoing-1 << "49[\r][\n]"
21:15:36.833 [docker-java-stream-926242780] DEBUG org.apache.hc.client5.http.wire - http-outgoing-1 << "{"status":"Verifying Checksum","progressDetail":{},"id":"44e49441abf7"}[\r][\n]"
21:15:36.833 [docker-java-stream-926242780] DEBUG org.apache.hc.client5.http.wire - http-outgoing-1 << "[\r][\n]"
21:15:36.833 [docker-java-stream-926242780] DEBUG org.apache.hc.client5.http.wire - http-outgoing-1 << "48[\r][\n]"
21:15:36.833 [docker-java-stream-926242780] DEBUG org.apache.hc.client5.http.wire - http-outgoing-1 << "{"status":"Download complete","progressDetail":{},"id":"44e49441abf7"}[\r][\n]"
21:15:36.833 [docker-java-stream-926242780] DEBUG org.apache.hc.client5.http.wire - http-outgoing-1 << "[\r][\n]"
21:15:36.838 [docker-java-stream-926242780] DEBUG org.apache.hc.client5.http.wire - http-outgoing-1 << "bf[\r][\n]"
21:15:36.838 [docker-java-stream-926242780] DEBUG org.apache.hc.client5.http.wire - http-outgoing-1 << "{"status":"Downloading","progressDetail":{"current":21490031,"total":142117631},"progress":"[=======\u003e                                           ]  21.49MB/142.1MB","id":"cef47928a8bc"}[\r][\n]"
21:15:36.838 [docker-java-stream-926242780] DEBUG org.apache.hc.client5.http.wire - http-outgoing-1 << "[\r][\n]"
21:15:36.957 [docker-java-stream-926242780] DEBUG org.apache.hc.client5.http.wire - http-outgoing-1 << "bf[\r][\n]"
21:15:36.958 [docker-java-stream-926242780] DEBUG org.apache.hc.client5.http.wire - http-outgoing-1 << "{"status":"Downloading","progressDetail":{"current":33864007,"total":257828120},"progress":"[======\u003e                                            ]  33.86MB/257.8MB","id":"1c1198b7f899"}[\r][\n]"
21:15:36.958 [docker-java-stream-926242780] DEBUG org.apache.hc.client5.http.wire - http-outgoing-1 << "[\r][\n]"
21:15:36.964 [docker-java-stream-926242780] DEBUG org.apache.hc.client5.http.wire - http-outgoing-1 << "bf[\r][\n]"
21:15:36.964 [docker-java-stream-926242780] DEBUG org.apache.hc.client5.http.wire - http-outgoing-1 << "{"status":"Downloading","progressDetail":{"current":22571375,"total":142117631},"progress":"[=======\u003e                                           ]  22.57MB/142.1MB","id":"cef47928a8bc"}[\r][\n]"
21:15:36.964 [docker-java-stream-926242780] DEBUG org.apache.hc.client5.http.wire - http-outgoing-1 << "[\r][\n]"
21:15:37.129 [docker-java-stream-926242780] DEBUG org.apache.hc.client5.http.wire - http-outgoing-1 << "bf[\r][\n]"
21:15:37.129 [docker-java-stream-926242780] DEBUG org.apache.hc.client5.http.wire - http-outgoing-1 << "{"status":"Downloading","progressDetail":{"current":23632239,"total":142117631},"progress":"[========\u003e                                          ]  23.63MB/142.1MB","id":"cef47928a8bc"}[\r][\n]"
21:15:37.129 [docker-java-stream-926242780] DEBUG org.apache.hc.client5.http.wire - http-outgoing-1 << "[\r][\n]"
21:15:37.171 [docker-java-stream-926242780] DEBUG org.apache.hc.client5.http.wire - http-outgoing-1 << "bf[\r][\n]"
21:15:37.171 [docker-java-stream-926242780] DEBUG org.apache.hc.client5.http.wire - http-outgoing-1 << "{"status":"Downloading","progressDetail":{"current":34404679,"total":257828120},"progress":"[======\u003e                                            ]   34.4MB/257.8MB","id":"1c1198b7f899"}[\r][\n]"
21:15:37.171 [docker-java-stream-926242780] DEBUG org.apache.hc.client5.http.wire - http-outgoing-1 << "[\r][\n]"
21:15:37.231 [docker-java-stream-926242780] DEBUG org.apache.hc.client5.http.wire - http-outgoing-1 << "bf[\r][\n]"
21:15:37.231 [docker-java-stream-926242780] DEBUG org.apache.hc.client5.http.wire - http-outgoing-1 << "{"status":"Downloading","progressDetail":{"current":24713583,"total":142117631},"progress":"[========\u003e                                          ]  24.71MB/142.1MB","id":"cef47928a8bc"}[\r][\n]"
21:15:37.231 [docker-java-stream-926242780] DEBUG org.apache.hc.client5.http.wire - http-outgoing-1 << "[\r][\n]"
21:15:37.361 [docker-java-stream-926242780] DEBUG org.apache.hc.client5.http.wire - http-outgoing-1 << "bf[\r][\n]"
21:15:37.361 [docker-java-stream-926242780] DEBUG org.apache.hc.client5.http.wire - http-outgoing-1 << "{"status":"Downloading","progressDetail":{"current":25794927,"total":142117631},"progress":"[=========\u003e                                         ]  25.79MB/142.1MB","id":"cef47928a8bc"}[\r][\n]"
21:15:37.361 [docker-java-stream-926242780] DEBUG org.apache.hc.client5.http.wire - http-outgoing-1 << "[\r][\n]"
21:15:37.369 [docker-java-stream-926242780] DEBUG org.apache.hc.client5.http.wire - http-outgoing-1 << "bf[\r][\n]"
21:15:37.369 [docker-java-stream-926242780] DEBUG org.apache.hc.client5.http.wire - http-outgoing-1 << "{"status":"Downloading","progressDetail":{"current":34945351,"total":257828120},"progress":"[======\u003e                                            ]  34.95MB/257.8MB","id":"1c1198b7f899"}[\r][\n]"
21:15:37.369 [docker-java-stream-926242780] DEBUG org.apache.hc.client5.http.wire - http-outgoing-1 << "[\r][\n]"
21:15:37.458 [docker-java-stream-926242780] DEBUG org.apache.hc.client5.http.wire - http-outgoing-1 << "b1[\r][\n]"
21:15:37.458 [docker-java-stream-926242780] DEBUG org.apache.hc.client5.http.wire - http-outgoing-1 << "{"status":"Downloading","progressDetail":{"current":284,"total":284},"progress":"[==================================================\u003e]     284B/284B","id":"851db030709a"}[\r][\n]"
21:15:37.458 [docker-java-stream-926242780] DEBUG org.apache.hc.client5.http.wire - http-outgoing-1 << "[\r][\n]"
21:15:37.458 [docker-java-stream-926242780] DEBUG org.apache.hc.client5.http.wire - http-outgoing-1 << "49[\r][\n]"
21:15:37.458 [docker-java-stream-926242780] DEBUG org.apache.hc.client5.http.wire - http-outgoing-1 << "{"status":"Verifying Checksum","progressDetail":{},"id":"851db030709a"}[\r][\n]"
21:15:37.458 [docker-java-stream-926242780] DEBUG org.apache.hc.client5.http.wire - http-outgoing-1 << "[\r][\n]"
21:15:37.458 [docker-java-stream-926242780] DEBUG org.apache.hc.client5.http.wire - http-outgoing-1 << "48[\r][\n]"
21:15:37.458 [docker-java-stream-926242780] DEBUG org.apache.hc.client5.http.wire - http-outgoing-1 << "{"status":"Download complete","progressDetail":{},"id":"851db030709a"}[\r][\n]"
21:15:37.458 [docker-java-stream-926242780] DEBUG org.apache.hc.client5.http.wire - http-outgoing-1 << "[\r][\n]"
21:15:37.506 [docker-java-stream-926242780] DEBUG org.apache.hc.client5.http.wire - http-outgoing-1 << "bf[\r][\n]"
21:15:37.506 [docker-java-stream-926242780] DEBUG org.apache.hc.client5.http.wire - http-outgoing-1 << "{"status":"Downloading","progressDetail":{"current":26868079,"total":142117631},"progress":"[=========\u003e                                         ]  26.87MB/142.1MB","id":"cef47928a8bc"}[\r][\n]"
21:15:37.506 [docker-java-stream-926242780] DEBUG org.apache.hc.client5.http.wire - http-outgoing-1 << "[\r][\n]"
21:15:37.588 [docker-java-stream-926242780] DEBUG org.apache.hc.client5.http.wire - http-outgoing-1 << "bf[\r][\n]"
21:15:37.588 [docker-java-stream-926242780] DEBUG org.apache.hc.client5.http.wire - http-outgoing-1 << "{"status":"Downloading","progressDetail":{"current":35486023,"total":257828120},"progress":"[======\u003e                                            ]  35.49MB/257.8MB","id":"1c1198b7f899"}[\r][\n]"
21:15:37.588 [docker-java-stream-926242780] DEBUG org.apache.hc.client5.http.wire - http-outgoing-1 << "[\r][\n]"
21:15:37.646 [docker-java-stream-926242780] DEBUG org.apache.hc.client5.http.wire - http-outgoing-1 << "bf[\r][\n]"
21:15:37.646 [docker-java-stream-926242780] DEBUG org.apache.hc.client5.http.wire - http-outgoing-1 << "{"status":"Downloading","progressDetail":{"current":27945327,"total":142117631},"progress":"[=========\u003e                                         ]  27.95MB/142.1MB","id":"cef47928a8bc"}[\r][\n]"
21:15:37.646 [docker-java-stream-926242780] DEBUG org.apache.hc.client5.http.wire - http-outgoing-1 << "[\r][\n]"
21:15:37.766 [docker-java-stream-926242780] DEBUG org.apache.hc.client5.http.wire - http-outgoing-1 << "bf[\r][\n]"
21:15:37.766 [docker-java-stream-926242780] DEBUG org.apache.hc.client5.http.wire - http-outgoing-1 << "{"status":"Downloading","progressDetail":{"current":29014383,"total":142117631},"progress":"[==========\u003e                                        ]  29.01MB/142.1MB","id":"cef47928a8bc"}[\r][\n]"
21:15:37.766 [docker-java-stream-926242780] DEBUG org.apache.hc.client5.http.wire - http-outgoing-1 << "[\r][\n]"
21:15:37.800 [docker-java-stream-926242780] DEBUG org.apache.hc.client5.http.wire - http-outgoing-1 << "bf[\r][\n]"
21:15:37.800 [docker-java-stream-926242780] DEBUG org.apache.hc.client5.http.wire - http-outgoing-1 << "{"status":"Downloading","progressDetail":{"current":36026695,"total":257828120},"progress":"[======\u003e                                            ]  36.03MB/257.8MB","id":"1c1198b7f899"}[\r][\n]"
21:15:37.800 [docker-java-stream-926242780] DEBUG org.apache.hc.client5.http.wire - http-outgoing-1 << "[\r][\n]"
21:15:37.877 [docker-java-stream-926242780] DEBUG org.apache.hc.client5.http.wire - http-outgoing-1 << "bf[\r][\n]"
21:15:37.878 [docker-java-stream-926242780] DEBUG org.apache.hc.client5.http.wire - http-outgoing-1 << "{"status":"Downloading","progressDetail":{"current":30091631,"total":142117631},"progress":"[==========\u003e                                        ]  30.09MB/142.1MB","id":"cef47928a8bc"}[\r][\n]"
21:15:37.878 [docker-java-stream-926242780] DEBUG org.apache.hc.client5.http.wire - http-outgoing-1 << "[\r][\n]"
21:15:38.023 [docker-java-stream-926242780] DEBUG org.apache.hc.client5.http.wire - http-outgoing-1 << "bf[\r][\n]"
21:15:38.023 [docker-java-stream-926242780] DEBUG org.apache.hc.client5.http.wire - http-outgoing-1 << "{"status":"Downloading","progressDetail":{"current":31713647,"total":142117631},"progress":"[===========\u003e                                       ]  31.71MB/142.1MB","id":"cef47928a8bc"}[\r][\n]"
21:15:38.023 [docker-java-stream-926242780] DEBUG org.apache.hc.client5.http.wire - http-outgoing-1 << "[\r][\n]"
21:15:38.042 [docker-java-stream-926242780] DEBUG org.apache.hc.client5.http.wire - http-outgoing-1 << "b5[\r][\n]"
21:15:38.042 [docker-java-stream-926242780] DEBUG org.apache.hc.client5.http.wire - http-outgoing-1 << "{"status":"Downloading","progressDetail":{"current":747,"total":1602},"progress":"[=======================\u003e                           ]     747B/1.602kB","id":"061490423c2a"}[\r][\n]"
21:15:38.042 [docker-java-stream-926242780] DEBUG org.apache.hc.client5.http.wire - http-outgoing-1 << "[\r][\n]"
21:15:38.042 [docker-java-stream-926242780] DEBUG org.apache.hc.client5.http.wire - http-outgoing-1 << "b6[\r][\n]"
21:15:38.042 [docker-java-stream-926242780] DEBUG org.apache.hc.client5.http.wire - http-outgoing-1 << "{"status":"Downloading","progressDetail":{"current":1602,"total":1602},"progress":"[==================================================\u003e]  1.602kB/1.602kB","id":"061490423c2a"}[\r][\n]"
21:15:38.042 [docker-java-stream-926242780] DEBUG org.apache.hc.client5.http.wire - http-outgoing-1 << "[\r][\n]"
21:15:38.043 [docker-java-stream-926242780] DEBUG org.apache.hc.client5.http.wire - http-outgoing-1 << "49[\r][\n]"
21:15:38.043 [docker-java-stream-926242780] DEBUG org.apache.hc.client5.http.wire - http-outgoing-1 << "{"status":"Verifying Checksum","progressDetail":{},"id":"061490423c2a"}[\r][\n]"
21:15:38.043 [docker-java-stream-926242780] DEBUG org.apache.hc.client5.http.wire - http-outgoing-1 << "[\r][\n]"
21:15:38.043 [docker-java-stream-926242780] DEBUG org.apache.hc.client5.http.wire - http-outgoing-1 << "48[\r][\n]"
21:15:38.043 [docker-java-stream-926242780] DEBUG org.apache.hc.client5.http.wire - http-outgoing-1 << "{"status":"Download complete","progressDetail":{},"id":"061490423c2a"}[\r][\n]"
21:15:38.043 [docker-java-stream-926242780] DEBUG org.apache.hc.client5.http.wire - http-outgoing-1 << "[\r][\n]"
21:15:38.143 [docker-java-stream-926242780] DEBUG org.apache.hc.client5.http.wire - http-outgoing-1 << "bf[\r][\n]"
21:15:38.143 [docker-java-stream-926242780] DEBUG org.apache.hc.client5.http.wire - http-outgoing-1 << "{"status":"Downloading","progressDetail":{"current":32794991,"total":142117631},"progress":"[===========\u003e                                       ]  32.79MB/142.1MB","id":"cef47928a8bc"}[\r][\n]"
21:15:38.143 [docker-java-stream-926242780] DEBUG org.apache.hc.client5.http.wire - http-outgoing-1 << "[\r][\n]"
21:15:38.245 [docker-java-stream-926242780] DEBUG org.apache.hc.client5.http.wire - http-outgoing-1 << "bf[\r][\n]"
21:15:38.245 [docker-java-stream-926242780] DEBUG org.apache.hc.client5.http.wire - http-outgoing-1 << "{"status":"Downloading","progressDetail":{"current":36567367,"total":257828120},"progress":"[=======\u003e                                           ]  36.57MB/257.8MB","id":"1c1198b7f899"}[\r][\n]"
21:15:38.245 [docker-java-stream-926242780] DEBUG org.apache.hc.client5.http.wire - http-outgoing-1 << "[\r][\n]"
21:15:38.262 [docker-java-stream-926242780] DEBUG org.apache.hc.client5.http.wire - http-outgoing-1 << "bf[\r][\n]"
21:15:38.262 [docker-java-stream-926242780] DEBUG org.apache.hc.client5.http.wire - http-outgoing-1 << "{"status":"Downloading","progressDetail":{"current":33876335,"total":142117631},"progress":"[===========\u003e                                       ]  33.88MB/142.1MB","id":"cef47928a8bc"}[\r][\n]"
21:15:38.262 [docker-java-stream-926242780] DEBUG org.apache.hc.client5.http.wire - http-outgoing-1 << "[\r][\n]"
21:15:38.381 [docker-java-stream-926242780] DEBUG org.apache.hc.client5.http.wire - http-outgoing-1 << "bf[\r][\n]"
21:15:38.382 [docker-java-stream-926242780] DEBUG org.apache.hc.client5.http.wire - http-outgoing-1 << "{"status":"Downloading","progressDetail":{"current":34945391,"total":142117631},"progress":"[============\u003e                                      ]  34.95MB/142.1MB","id":"cef47928a8bc"}[\r][\n]"
21:15:38.382 [docker-java-stream-926242780] DEBUG org.apache.hc.client5.http.wire - http-outgoing-1 << "[\r][\n]"
21:15:38.477 [docker-java-stream-926242780] DEBUG org.apache.hc.client5.http.wire - http-outgoing-1 << "bf[\r][\n]"
21:15:38.478 [docker-java-stream-926242780] DEBUG org.apache.hc.client5.http.wire - http-outgoing-1 << "{"status":"Downloading","progressDetail":{"current":37108039,"total":257828120},"progress":"[=======\u003e                                           ]  37.11MB/257.8MB","id":"1c1198b7f899"}[\r][\n]"
21:15:38.478 [docker-java-stream-926242780] DEBUG org.apache.hc.client5.http.wire - http-outgoing-1 << "[\r][\n]"
21:15:38.499 [docker-java-stream-926242780] DEBUG org.apache.hc.client5.http.wire - http-outgoing-1 << "bf[\r][\n]"
21:15:38.499 [docker-java-stream-926242780] DEBUG org.apache.hc.client5.http.wire - http-outgoing-1 << "{"status":"Downloading","progressDetail":{"current":36014447,"total":142117631},"progress":"[============\u003e                                      ]  36.01MB/142.1MB","id":"cef47928a8bc"}[\r][\n]"
21:15:38.499 [docker-java-stream-926242780] DEBUG org.apache.hc.client5.http.wire - http-outgoing-1 << "[\r][\n]"
21:15:38.621 [docker-java-stream-926242780] DEBUG org.apache.hc.client5.http.wire - http-outgoing-1 << "bf[\r][\n]"
21:15:38.621 [docker-java-stream-926242780] DEBUG org.apache.hc.client5.http.wire - http-outgoing-1 << "{"status":"Downloading","progressDetail":{"current":37087599,"total":142117631},"progress":"[=============\u003e                                     ]  37.09MB/142.1MB","id":"cef47928a8bc"}[\r][\n]"
21:15:38.621 [docker-java-stream-926242780] DEBUG org.apache.hc.client5.http.wire - http-outgoing-1 << "[\r][\n]"
21:15:38.697 [docker-java-stream-926242780] DEBUG org.apache.hc.client5.http.wire - http-outgoing-1 << "bf[\r][\n]"
21:15:38.698 [docker-java-stream-926242780] DEBUG org.apache.hc.client5.http.wire - http-outgoing-1 << "{"status":"Downloading","progressDetail":{"current":37636423,"total":257828120},"progress":"[=======\u003e                                           ]  37.64MB/257.8MB","id":"1c1198b7f899"}[\r][\n]"
21:15:38.698 [docker-java-stream-926242780] DEBUG org.apache.hc.client5.http.wire - http-outgoing-1 << "[\r][\n]"
21:15:38.744 [docker-java-stream-926242780] DEBUG org.apache.hc.client5.http.wire - http-outgoing-1 << "bf[\r][\n]"
21:15:38.744 [docker-java-stream-926242780] DEBUG org.apache.hc.client5.http.wire - http-outgoing-1 << "{"status":"Downloading","progressDetail":{"current":38156655,"total":142117631},"progress":"[=============\u003e                                     ]  38.16MB/142.1MB","id":"cef47928a8bc"}[\r][\n]"
21:15:38.744 [docker-java-stream-926242780] DEBUG org.apache.hc.client5.http.wire - http-outgoing-1 << "[\r][\n]"
21:15:38.871 [docker-java-stream-926242780] DEBUG org.apache.hc.client5.http.wire - http-outgoing-1 << "bf[\r][\n]"
21:15:38.871 [docker-java-stream-926242780] DEBUG org.apache.hc.client5.http.wire - http-outgoing-1 << "{"status":"Downloading","progressDetail":{"current":39217519,"total":142117631},"progress":"[=============\u003e                                     ]  39.22MB/142.1MB","id":"cef47928a8bc"}[\r][\n]"
21:15:38.871 [docker-java-stream-926242780] DEBUG org.apache.hc.client5.http.wire - http-outgoing-1 << "[\r][\n]"
21:15:38.910 [docker-java-stream-926242780] DEBUG org.apache.hc.client5.http.wire - http-outgoing-1 << "bf[\r][\n]"
21:15:38.911 [docker-java-stream-926242780] DEBUG org.apache.hc.client5.http.wire - http-outgoing-1 << "{"status":"Downloading","progressDetail":{"current":38177095,"total":257828120},"progress":"[=======\u003e                                           ]  38.18MB/257.8MB","id":"1c1198b7f899"}[\r][\n]"
21:15:38.911 [docker-java-stream-926242780] DEBUG org.apache.hc.client5.http.wire - http-outgoing-1 << "[\r][\n]"
21:15:38.993 [docker-java-stream-926242780] DEBUG org.apache.hc.client5.http.wire - http-outgoing-1 << "bf[\r][\n]"
21:15:38.994 [docker-java-stream-926242780] DEBUG org.apache.hc.client5.http.wire - http-outgoing-1 << "{"status":"Downloading","progressDetail":{"current":40290671,"total":142117631},"progress":"[==============\u003e                                    ]  40.29MB/142.1MB","id":"cef47928a8bc"}[\r][\n]"
21:15:38.994 [docker-java-stream-926242780] DEBUG org.apache.hc.client5.http.wire - http-outgoing-1 << "[\r][\n]"
21:15:39.114 [docker-java-stream-926242780] DEBUG org.apache.hc.client5.http.wire - http-outgoing-1 << "bf[\r][\n]"
21:15:39.114 [docker-java-stream-926242780] DEBUG org.apache.hc.client5.http.wire - http-outgoing-1 << "{"status":"Downloading","progressDetail":{"current":38717767,"total":257828120},"progress":"[=======\u003e                                           ]  38.72MB/257.8MB","id":"1c1198b7f899"}[\r][\n]"
21:15:39.114 [docker-java-stream-926242780] DEBUG org.apache.hc.client5.http.wire - http-outgoing-1 << "[\r][\n]"
21:15:39.116 [docker-java-stream-926242780] DEBUG org.apache.hc.client5.http.wire - http-outgoing-1 << "bf[\r][\n]"
21:15:39.116 [docker-java-stream-926242780] DEBUG org.apache.hc.client5.http.wire - http-outgoing-1 << "{"status":"Downloading","progressDetail":{"current":41363823,"total":142117631},"progress":"[==============\u003e                                    ]  41.36MB/142.1MB","id":"cef47928a8bc"}[\r][\n]"
21:15:39.116 [docker-java-stream-926242780] DEBUG org.apache.hc.client5.http.wire - http-outgoing-1 << "[\r][\n]"
21:15:39.240 [docker-java-stream-926242780] DEBUG org.apache.hc.client5.http.wire - http-outgoing-1 << "bf[\r][\n]"
21:15:39.240 [docker-java-stream-926242780] DEBUG org.apache.hc.client5.http.wire - http-outgoing-1 << "{"status":"Downloading","progressDetail":{"current":42441071,"total":142117631},"progress":"[==============\u003e                                    ]  42.44MB/142.1MB","id":"cef47928a8bc"}[\r][\n]"
21:15:39.240 [docker-java-stream-926242780] DEBUG org.apache.hc.client5.http.wire - http-outgoing-1 << "[\r][\n]"
21:15:39.310 [docker-java-stream-926242780] DEBUG org.apache.hc.client5.http.wire - http-outgoing-1 << "bf[\r][\n]"
21:15:39.310 [docker-java-stream-926242780] DEBUG org.apache.hc.client5.http.wire - http-outgoing-1 << "{"status":"Downloading","progressDetail":{"current":39258439,"total":257828120},"progress":"[=======\u003e                                           ]  39.26MB/257.8MB","id":"1c1198b7f899"}[\r][\n]"
21:15:39.310 [docker-java-stream-926242780] DEBUG org.apache.hc.client5.http.wire - http-outgoing-1 << "[\r][\n]"
21:15:39.366 [docker-java-stream-926242780] DEBUG org.apache.hc.client5.http.wire - http-outgoing-1 << "bf[\r][\n]"
21:15:39.366 [docker-java-stream-926242780] DEBUG org.apache.hc.client5.http.wire - http-outgoing-1 << "{"status":"Downloading","progressDetail":{"current":43514223,"total":142117631},"progress":"[===============\u003e                                   ]  43.51MB/142.1MB","id":"cef47928a8bc"}[\r][\n]"
21:15:39.366 [docker-java-stream-926242780] DEBUG org.apache.hc.client5.http.wire - http-outgoing-1 << "[\r][\n]"
21:15:39.494 [docker-java-stream-926242780] DEBUG org.apache.hc.client5.http.wire - http-outgoing-1 << "bf[\r][\n]"
21:15:39.494 [docker-java-stream-926242780] DEBUG org.apache.hc.client5.http.wire - http-outgoing-1 << "{"status":"Downloading","progressDetail":{"current":44587375,"total":142117631},"progress":"[===============\u003e                                   ]  44.59MB/142.1MB","id":"cef47928a8bc"}[\r][\n]"
21:15:39.494 [docker-java-stream-926242780] DEBUG org.apache.hc.client5.http.wire - http-outgoing-1 << "[\r][\n]"
21:15:39.514 [docker-java-stream-926242780] DEBUG org.apache.hc.client5.http.wire - http-outgoing-1 << "bf[\r][\n]"
21:15:39.514 [docker-java-stream-926242780] DEBUG org.apache.hc.client5.http.wire - http-outgoing-1 << "{"status":"Downloading","progressDetail":{"current":39799111,"total":257828120},"progress":"[=======\u003e                                           ]   39.8MB/257.8MB","id":"1c1198b7f899"}[\r][\n]"
21:15:39.514 [docker-java-stream-926242780] DEBUG org.apache.hc.client5.http.wire - http-outgoing-1 << "[\r][\n]"
21:15:39.621 [docker-java-stream-926242780] DEBUG org.apache.hc.client5.http.wire - http-outgoing-1 << "bf[\r][\n]"
21:15:39.621 [docker-java-stream-926242780] DEBUG org.apache.hc.client5.http.wire - http-outgoing-1 << "{"status":"Downloading","progressDetail":{"current":45668719,"total":142117631},"progress":"[================\u003e                                  ]  45.67MB/142.1MB","id":"cef47928a8bc"}[\r][\n]"
21:15:39.621 [docker-java-stream-926242780] DEBUG org.apache.hc.client5.http.wire - http-outgoing-1 << "[\r][\n]"
21:15:39.704 [docker-java-stream-926242780] DEBUG org.apache.hc.client5.http.wire - http-outgoing-1 << "bf[\r][\n]"
21:15:39.704 [docker-java-stream-926242780] DEBUG org.apache.hc.client5.http.wire - http-outgoing-1 << "{"status":"Downloading","progressDetail":{"current":40331591,"total":257828120},"progress":"[=======\u003e                                           ]  40.33MB/257.8MB","id":"1c1198b7f899"}[\r][\n]"
21:15:39.704 [docker-java-stream-926242780] DEBUG org.apache.hc.client5.http.wire - http-outgoing-1 << "[\r][\n]"
21:15:39.746 [docker-java-stream-926242780] DEBUG org.apache.hc.client5.http.wire - http-outgoing-1 << "bf[\r][\n]"
21:15:39.746 [docker-java-stream-926242780] DEBUG org.apache.hc.client5.http.wire - http-outgoing-1 << "{"status":"Downloading","progressDetail":{"current":46750063,"total":142117631},"progress":"[================\u003e                                  ]  46.75MB/142.1MB","id":"cef47928a8bc"}[\r][\n]"
21:15:39.746 [docker-java-stream-926242780] DEBUG org.apache.hc.client5.http.wire - http-outgoing-1 << "[\r][\n]"
21:15:39.878 [docker-java-stream-926242780] DEBUG org.apache.hc.client5.http.wire - http-outgoing-1 << "bf[\r][\n]"
21:15:39.878 [docker-java-stream-926242780] DEBUG org.apache.hc.client5.http.wire - http-outgoing-1 << "{"status":"Downloading","progressDetail":{"current":47819119,"total":142117631},"progress":"[================\u003e                                  ]  47.82MB/142.1MB","id":"cef47928a8bc"}[\r][\n]"
21:15:39.878 [docker-java-stream-926242780] DEBUG org.apache.hc.client5.http.wire - http-outgoing-1 << "[\r][\n]"
21:15:39.886 [docker-java-stream-926242780] DEBUG org.apache.hc.client5.http.wire - http-outgoing-1 << "bf[\r][\n]"
21:15:39.886 [docker-java-stream-926242780] DEBUG org.apache.hc.client5.http.wire - http-outgoing-1 << "{"status":"Downloading","progressDetail":{"current":40872263,"total":257828120},"progress":"[=======\u003e                                           ]  40.87MB/257.8MB","id":"1c1198b7f899"}[\r][\n]"
21:15:39.886 [docker-java-stream-926242780] DEBUG org.apache.hc.client5.http.wire - http-outgoing-1 << "[\r][\n]"
21:15:40.008 [docker-java-stream-926242780] DEBUG org.apache.hc.client5.http.wire - http-outgoing-1 << "bf[\r][\n]"
21:15:40.008 [docker-java-stream-926242780] DEBUG org.apache.hc.client5.http.wire - http-outgoing-1 << "{"status":"Downloading","progressDetail":{"current":48900463,"total":142117631},"progress":"[=================\u003e                                 ]   48.9MB/142.1MB","id":"cef47928a8bc"}[\r][\n]"
21:15:40.008 [docker-java-stream-926242780] DEBUG org.apache.hc.client5.http.wire - http-outgoing-1 << "[\r][\n]"
21:15:40.060 [docker-java-stream-926242780] DEBUG org.apache.hc.client5.http.wire - http-outgoing-1 << "bf[\r][\n]"
21:15:40.060 [docker-java-stream-926242780] DEBUG org.apache.hc.client5.http.wire - http-outgoing-1 << "{"status":"Downloading","progressDetail":{"current":41412935,"total":257828120},"progress":"[========\u003e                                          ]  41.41MB/257.8MB","id":"1c1198b7f899"}[\r][\n]"
21:15:40.060 [docker-java-stream-926242780] DEBUG org.apache.hc.client5.http.wire - http-outgoing-1 << "[\r][\n]"
21:15:40.142 [docker-java-stream-926242780] DEBUG org.apache.hc.client5.http.wire - http-outgoing-1 << "bf[\r][\n]"
21:15:40.142 [docker-java-stream-926242780] DEBUG org.apache.hc.client5.http.wire - http-outgoing-1 << "{"status":"Downloading","progressDetail":{"current":49977711,"total":142117631},"progress":"[=================\u003e                                 ]  49.98MB/142.1MB","id":"cef47928a8bc"}[\r][\n]"
21:15:40.142 [docker-java-stream-926242780] DEBUG org.apache.hc.client5.http.wire - http-outgoing-1 << "[\r][\n]"
21:15:40.218 [docker-java-stream-926242780] DEBUG org.apache.hc.client5.http.wire - http-outgoing-1 << "bf[\r][\n]"
21:15:40.218 [docker-java-stream-926242780] DEBUG org.apache.hc.client5.http.wire - http-outgoing-1 << "{"status":"Downloading","progressDetail":{"current":41953607,"total":257828120},"progress":"[========\u003e                                          ]  41.95MB/257.8MB","id":"1c1198b7f899"}[\r][\n]"
21:15:40.218 [docker-java-stream-926242780] DEBUG org.apache.hc.client5.http.wire - http-outgoing-1 << "[\r][\n]"
21:15:40.272 [docker-java-stream-926242780] DEBUG org.apache.hc.client5.http.wire - http-outgoing-1 << "bf[\r][\n]"
21:15:40.272 [docker-java-stream-926242780] DEBUG org.apache.hc.client5.http.wire - http-outgoing-1 << "{"status":"Downloading","progressDetail":{"current":51046767,"total":142117631},"progress":"[=================\u003e                                 ]  51.05MB/142.1MB","id":"cef47928a8bc"}[\r][\n]"
21:15:40.272 [docker-java-stream-926242780] DEBUG org.apache.hc.client5.http.wire - http-outgoing-1 << "[\r][\n]"
21:15:40.385 [docker-java-stream-926242780] DEBUG org.apache.hc.client5.http.wire - http-outgoing-1 << "bf[\r][\n]"
21:15:40.385 [docker-java-stream-926242780] DEBUG org.apache.hc.client5.http.wire - http-outgoing-1 << "{"status":"Downloading","progressDetail":{"current":42494279,"total":257828120},"progress":"[========\u003e                                          ]  42.49MB/257.8MB","id":"1c1198b7f899"}[\r][\n]"
21:15:40.385 [docker-java-stream-926242780] DEBUG org.apache.hc.client5.http.wire - http-outgoing-1 << "[\r][\n]"
21:15:40.411 [docker-java-stream-926242780] DEBUG org.apache.hc.client5.http.wire - http-outgoing-1 << "bf[\r][\n]"
21:15:40.411 [docker-java-stream-926242780] DEBUG org.apache.hc.client5.http.wire - http-outgoing-1 << "{"status":"Downloading","progressDetail":{"current":52111727,"total":142117631},"progress":"[==================\u003e                                ]  52.11MB/142.1MB","id":"cef47928a8bc"}[\r][\n]"
21:15:40.411 [docker-java-stream-926242780] DEBUG org.apache.hc.client5.http.wire - http-outgoing-1 << "[\r][\n]"
21:15:40.545 [docker-java-stream-926242780] DEBUG org.apache.hc.client5.http.wire - http-outgoing-1 << "bf[\r][\n]"
21:15:40.545 [docker-java-stream-926242780] DEBUG org.apache.hc.client5.http.wire - http-outgoing-1 << "{"status":"Downloading","progressDetail":{"current":43034951,"total":257828120},"progress":"[========\u003e                                          ]  43.03MB/257.8MB","id":"1c1198b7f899"}[\r][\n]"
21:15:40.545 [docker-java-stream-926242780] DEBUG org.apache.hc.client5.http.wire - http-outgoing-1 << "[\r][\n]"
21:15:40.552 [docker-java-stream-926242780] DEBUG org.apache.hc.client5.http.wire - http-outgoing-1 << "bf[\r][\n]"
21:15:40.552 [docker-java-stream-926242780] DEBUG org.apache.hc.client5.http.wire - http-outgoing-1 << "{"status":"Downloading","progressDetail":{"current":53188975,"total":142117631},"progress":"[==================\u003e                                ]  53.19MB/142.1MB","id":"cef47928a8bc"}[\r][\n]"
21:15:40.552 [docker-java-stream-926242780] DEBUG org.apache.hc.client5.http.wire - http-outgoing-1 << "[\r][\n]"
21:15:40.690 [docker-java-stream-926242780] DEBUG org.apache.hc.client5.http.wire - http-outgoing-1 << "bf[\r][\n]"
21:15:40.690 [docker-java-stream-926242780] DEBUG org.apache.hc.client5.http.wire - http-outgoing-1 << "{"status":"Downloading","progressDetail":{"current":43571527,"total":257828120},"progress":"[========\u003e                                          ]  43.57MB/257.8MB","id":"1c1198b7f899"}[\r][\n]"
21:15:40.690 [docker-java-stream-926242780] DEBUG org.apache.hc.client5.http.wire - http-outgoing-1 << "[\r][\n]"
21:15:40.690 [docker-java-stream-926242780] DEBUG org.apache.hc.client5.http.wire - http-outgoing-1 << "bf[\r][\n]"
21:15:40.690 [docker-java-stream-926242780] DEBUG org.apache.hc.client5.http.wire - http-outgoing-1 << "{"status":"Downloading","progressDetail":{"current":54253935,"total":142117631},"progress":"[===================\u003e                               ]  54.25MB/142.1MB","id":"cef47928a8bc"}[\r][\n]"
21:15:40.690 [docker-java-stream-926242780] DEBUG org.apache.hc.client5.http.wire - http-outgoing-1 << "[\r][\n]"
21:15:40.827 [docker-java-stream-926242780] DEBUG org.apache.hc.client5.http.wire - http-outgoing-1 << "bf[\r][\n]"
21:15:40.827 [docker-java-stream-926242780] DEBUG org.apache.hc.client5.http.wire - http-outgoing-1 << "{"status":"Downloading","progressDetail":{"current":44112199,"total":257828120},"progress":"[========\u003e                                          ]  44.11MB/257.8MB","id":"1c1198b7f899"}[\r][\n]"
21:15:40.827 [docker-java-stream-926242780] DEBUG org.apache.hc.client5.http.wire - http-outgoing-1 << "[\r][\n]"
21:15:40.833 [docker-java-stream-926242780] DEBUG org.apache.hc.client5.http.wire - http-outgoing-1 << "bf[\r][\n]"
21:15:40.833 [docker-java-stream-926242780] DEBUG org.apache.hc.client5.http.wire - http-outgoing-1 << "{"status":"Downloading","progressDetail":{"current":55322991,"total":142117631},"progress":"[===================\u003e                               ]  55.32MB/142.1MB","id":"cef47928a8bc"}[\r][\n]"
21:15:40.833 [docker-java-stream-926242780] DEBUG org.apache.hc.client5.http.wire - http-outgoing-1 << "[\r][\n]"
21:15:40.963 [docker-java-stream-926242780] DEBUG org.apache.hc.client5.http.wire - http-outgoing-1 << "bf[\r][\n]"
21:15:40.964 [docker-java-stream-926242780] DEBUG org.apache.hc.client5.http.wire - http-outgoing-1 << "{"status":"Downloading","progressDetail":{"current":44652871,"total":257828120},"progress":"[========\u003e                                          ]  44.65MB/257.8MB","id":"1c1198b7f899"}[\r][\n]"
21:15:40.964 [docker-java-stream-926242780] DEBUG org.apache.hc.client5.http.wire - http-outgoing-1 << "[\r][\n]"
21:15:40.982 [docker-java-stream-926242780] DEBUG org.apache.hc.client5.http.wire - http-outgoing-1 << "bf[\r][\n]"
21:15:40.982 [docker-java-stream-926242780] DEBUG org.apache.hc.client5.http.wire - http-outgoing-1 << "{"status":"Downloading","progressDetail":{"current":56392047,"total":142117631},"progress":"[===================\u003e                               ]  56.39MB/142.1MB","id":"cef47928a8bc"}[\r][\n]"
21:15:40.982 [docker-java-stream-926242780] DEBUG org.apache.hc.client5.http.wire - http-outgoing-1 << "[\r][\n]"
21:15:41.095 [docker-java-stream-926242780] DEBUG org.apache.hc.client5.http.wire - http-outgoing-1 << "bf[\r][\n]"
21:15:41.095 [docker-java-stream-926242780] DEBUG org.apache.hc.client5.http.wire - http-outgoing-1 << "{"status":"Downloading","progressDetail":{"current":45193543,"total":257828120},"progress":"[========\u003e                                          ]  45.19MB/257.8MB","id":"1c1198b7f899"}[\r][\n]"
21:15:41.095 [docker-java-stream-926242780] DEBUG org.apache.hc.client5.http.wire - http-outgoing-1 << "[\r][\n]"
21:15:41.137 [docker-java-stream-926242780] DEBUG org.apache.hc.client5.http.wire - http-outgoing-1 << "bf[\r][\n]"
21:15:41.137 [docker-java-stream-926242780] DEBUG org.apache.hc.client5.http.wire - http-outgoing-1 << "{"status":"Downloading","progressDetail":{"current":57473391,"total":142117631},"progress":"[====================\u003e                              ]  57.47MB/142.1MB","id":"cef47928a8bc"}[\r][\n]"
21:15:41.137 [docker-java-stream-926242780] DEBUG org.apache.hc.client5.http.wire - http-outgoing-1 << "[\r][\n]"
21:15:41.210 [docker-java-stream-926242780] DEBUG org.apache.hc.client5.http.wire - http-outgoing-1 << "bf[\r][\n]"
21:15:41.210 [docker-java-stream-926242780] DEBUG org.apache.hc.client5.http.wire - http-outgoing-1 << "{"status":"Downloading","progressDetail":{"current":45734215,"total":257828120},"progress":"[========\u003e                                          ]  45.73MB/257.8MB","id":"1c1198b7f899"}[\r][\n]"
21:15:41.210 [docker-java-stream-926242780] DEBUG org.apache.hc.client5.http.wire - http-outgoing-1 << "[\r][\n]"
21:15:41.294 [docker-java-stream-926242780] DEBUG org.apache.hc.client5.http.wire - http-outgoing-1 << "bf[\r][\n]"
21:15:41.294 [docker-java-stream-926242780] DEBUG org.apache.hc.client5.http.wire - http-outgoing-1 << "{"status":"Downloading","progressDetail":{"current":58542447,"total":142117631},"progress":"[====================\u003e                              ]  58.54MB/142.1MB","id":"cef47928a8bc"}[\r][\n]"
21:15:41.294 [docker-java-stream-926242780] DEBUG org.apache.hc.client5.http.wire - http-outgoing-1 << "[\r][\n]"
21:15:41.332 [docker-java-stream-926242780] DEBUG org.apache.hc.client5.http.wire - http-outgoing-1 << "bf[\r][\n]"
21:15:41.332 [docker-java-stream-926242780] DEBUG org.apache.hc.client5.http.wire - http-outgoing-1 << "{"status":"Downloading","progressDetail":{"current":46274887,"total":257828120},"progress":"[========\u003e                                          ]  46.27MB/257.8MB","id":"1c1198b7f899"}[\r][\n]"
21:15:41.332 [docker-java-stream-926242780] DEBUG org.apache.hc.client5.http.wire - http-outgoing-1 << "[\r][\n]"
21:15:41.450 [docker-java-stream-926242780] DEBUG org.apache.hc.client5.http.wire - http-outgoing-1 << "bf[\r][\n]"
21:15:41.450 [docker-java-stream-926242780] DEBUG org.apache.hc.client5.http.wire - http-outgoing-1 << "{"status":"Downloading","progressDetail":{"current":59619695,"total":142117631},"progress":"[====================\u003e                              ]  59.62MB/142.1MB","id":"cef47928a8bc"}[\r][\n]"
21:15:41.450 [docker-java-stream-926242780] DEBUG org.apache.hc.client5.http.wire - http-outgoing-1 << "[\r][\n]"
21:15:41.457 [docker-java-stream-926242780] DEBUG org.apache.hc.client5.http.wire - http-outgoing-1 << "bf[\r][\n]"
21:15:41.457 [docker-java-stream-926242780] DEBUG org.apache.hc.client5.http.wire - http-outgoing-1 << "{"status":"Downloading","progressDetail":{"current":46815559,"total":257828120},"progress":"[=========\u003e                                         ]  46.82MB/257.8MB","id":"1c1198b7f899"}[\r][\n]"
21:15:41.457 [docker-java-stream-926242780] DEBUG org.apache.hc.client5.http.wire - http-outgoing-1 << "[\r][\n]"
21:15:41.575 [docker-java-stream-926242780] DEBUG org.apache.hc.client5.http.wire - http-outgoing-1 << "bf[\r][\n]"
21:15:41.575 [docker-java-stream-926242780] DEBUG org.apache.hc.client5.http.wire - http-outgoing-1 << "{"status":"Downloading","progressDetail":{"current":47356231,"total":257828120},"progress":"[=========\u003e                                         ]  47.36MB/257.8MB","id":"1c1198b7f899"}[\r][\n]"
21:15:41.575 [docker-java-stream-926242780] DEBUG org.apache.hc.client5.http.wire - http-outgoing-1 << "[\r][\n]"
21:15:41.611 [docker-java-stream-926242780] DEBUG org.apache.hc.client5.http.wire - http-outgoing-1 << "bf[\r][\n]"
21:15:41.611 [docker-java-stream-926242780] DEBUG org.apache.hc.client5.http.wire - http-outgoing-1 << "{"status":"Downloading","progressDetail":{"current":60701039,"total":142117631},"progress":"[=====================\u003e                             ]   60.7MB/142.1MB","id":"cef47928a8bc"}[\r][\n]"
21:15:41.611 [docker-java-stream-926242780] DEBUG org.apache.hc.client5.http.wire - http-outgoing-1 << "[\r][\n]"
21:15:41.697 [docker-java-stream-926242780] DEBUG org.apache.hc.client5.http.wire - http-outgoing-1 << "bf[\r][\n]"
21:15:41.697 [docker-java-stream-926242780] DEBUG org.apache.hc.client5.http.wire - http-outgoing-1 << "{"status":"Downloading","progressDetail":{"current":47896903,"total":257828120},"progress":"[=========\u003e                                         ]   47.9MB/257.8MB","id":"1c1198b7f899"}[\r][\n]"
21:15:41.697 [docker-java-stream-926242780] DEBUG org.apache.hc.client5.http.wire - http-outgoing-1 << "[\r][\n]"
21:15:41.768 [docker-java-stream-926242780] DEBUG org.apache.hc.client5.http.wire - http-outgoing-1 << "bf[\r][\n]"
21:15:41.768 [docker-java-stream-926242780] DEBUG org.apache.hc.client5.http.wire - http-outgoing-1 << "{"status":"Downloading","progressDetail":{"current":61761903,"total":142117631},"progress":"[=====================\u003e                             ]  61.76MB/142.1MB","id":"cef47928a8bc"}[\r][\n]"
21:15:41.768 [docker-java-stream-926242780] DEBUG org.apache.hc.client5.http.wire - http-outgoing-1 << "[\r][\n]"
21:15:41.818 [docker-java-stream-926242780] DEBUG org.apache.hc.client5.http.wire - http-outgoing-1 << "bf[\r][\n]"
21:15:41.818 [docker-java-stream-926242780] DEBUG org.apache.hc.client5.http.wire - http-outgoing-1 << "{"status":"Downloading","progressDetail":{"current":48437575,"total":257828120},"progress":"[=========\u003e                                         ]  48.44MB/257.8MB","id":"1c1198b7f899"}[\r][\n]"
21:15:41.818 [docker-java-stream-926242780] DEBUG org.apache.hc.client5.http.wire - http-outgoing-1 << "[\r][\n]"
21:15:41.929 [docker-java-stream-926242780] DEBUG org.apache.hc.client5.http.wire - http-outgoing-1 << "bf[\r][\n]"
21:15:41.929 [docker-java-stream-926242780] DEBUG org.apache.hc.client5.http.wire - http-outgoing-1 << "{"status":"Downloading","progressDetail":{"current":62830959,"total":142117631},"progress":"[======================\u003e                            ]  62.83MB/142.1MB","id":"cef47928a8bc"}[\r][\n]"
21:15:41.929 [docker-java-stream-926242780] DEBUG org.apache.hc.client5.http.wire - http-outgoing-1 << "[\r][\n]"
21:15:41.929 [docker-java-stream-926242780] DEBUG org.apache.hc.client5.http.wire - http-outgoing-1 << "bf[\r][\n]"
21:15:41.929 [docker-java-stream-926242780] DEBUG org.apache.hc.client5.http.wire - http-outgoing-1 << "{"status":"Downloading","progressDetail":{"current":48970055,"total":257828120},"progress":"[=========\u003e                                         ]  48.97MB/257.8MB","id":"1c1198b7f899"}[\r][\n]"
21:15:41.929 [docker-java-stream-926242780] DEBUG org.apache.hc.client5.http.wire - http-outgoing-1 << "[\r][\n]"
21:15:42.042 [docker-java-stream-926242780] DEBUG org.apache.hc.client5.http.wire - http-outgoing-1 << "bf[\r][\n]"
21:15:42.042 [docker-java-stream-926242780] DEBUG org.apache.hc.client5.http.wire - http-outgoing-1 << "{"status":"Downloading","progressDetail":{"current":49510727,"total":257828120},"progress":"[=========\u003e                                         ]  49.51MB/257.8MB","id":"1c1198b7f899"}[\r][\n]"
21:15:42.042 [docker-java-stream-926242780] DEBUG org.apache.hc.client5.http.wire - http-outgoing-1 << "[\r][\n]"
21:15:42.095 [docker-java-stream-926242780] DEBUG org.apache.hc.client5.http.wire - http-outgoing-1 << "bf[\r][\n]"
21:15:42.095 [docker-java-stream-926242780] DEBUG org.apache.hc.client5.http.wire - http-outgoing-1 << "{"status":"Downloading","progressDetail":{"current":63904111,"total":142117631},"progress":"[======================\u003e                            ]   63.9MB/142.1MB","id":"cef47928a8bc"}[\r][\n]"
21:15:42.095 [docker-java-stream-926242780] DEBUG org.apache.hc.client5.http.wire - http-outgoing-1 << "[\r][\n]"
21:15:42.154 [docker-java-stream-926242780] DEBUG org.apache.hc.client5.http.wire - http-outgoing-1 << "bf[\r][\n]"
21:15:42.154 [docker-java-stream-926242780] DEBUG org.apache.hc.client5.http.wire - http-outgoing-1 << "{"status":"Downloading","progressDetail":{"current":50051399,"total":257828120},"progress":"[=========\u003e                                         ]  50.05MB/257.8MB","id":"1c1198b7f899"}[\r][\n]"
21:15:42.154 [docker-java-stream-926242780] DEBUG org.apache.hc.client5.http.wire - http-outgoing-1 << "[\r][\n]"
21:15:42.261 [docker-java-stream-926242780] DEBUG org.apache.hc.client5.http.wire - http-outgoing-1 << "bf[\r][\n]"
21:15:42.261 [docker-java-stream-926242780] DEBUG org.apache.hc.client5.http.wire - http-outgoing-1 << "{"status":"Downloading","progressDetail":{"current":64985455,"total":142117631},"progress":"[======================\u003e                            ]  64.99MB/142.1MB","id":"cef47928a8bc"}[\r][\n]"
21:15:42.261 [docker-java-stream-926242780] DEBUG org.apache.hc.client5.http.wire - http-outgoing-1 << "[\r][\n]"
21:15:42.268 [docker-java-stream-926242780] DEBUG org.apache.hc.client5.http.wire - http-outgoing-1 << "bf[\r][\n]"
21:15:42.268 [docker-java-stream-926242780] DEBUG org.apache.hc.client5.http.wire - http-outgoing-1 << "{"status":"Downloading","progressDetail":{"current":50592071,"total":257828120},"progress":"[=========\u003e                                         ]  50.59MB/257.8MB","id":"1c1198b7f899"}[\r][\n]"
21:15:42.268 [docker-java-stream-926242780] DEBUG org.apache.hc.client5.http.wire - http-outgoing-1 << "[\r][\n]"
21:15:42.374 [docker-java-stream-926242780] DEBUG org.apache.hc.client5.http.wire - http-outgoing-1 << "bf[\r][\n]"
21:15:42.374 [docker-java-stream-926242780] DEBUG org.apache.hc.client5.http.wire - http-outgoing-1 << "{"status":"Downloading","progressDetail":{"current":51132743,"total":257828120},"progress":"[=========\u003e                                         ]  51.13MB/257.8MB","id":"1c1198b7f899"}[\r][\n]"
21:15:42.374 [docker-java-stream-926242780] DEBUG org.apache.hc.client5.http.wire - http-outgoing-1 << "[\r][\n]"
21:15:42.434 [docker-java-stream-926242780] DEBUG org.apache.hc.client5.http.wire - http-outgoing-1 << "bf[\r][\n]"
21:15:42.434 [docker-java-stream-926242780] DEBUG org.apache.hc.client5.http.wire - http-outgoing-1 << "{"status":"Downloading","progressDetail":{"current":66062703,"total":142117631},"progress":"[=======================\u003e                           ]  66.06MB/142.1MB","id":"cef47928a8bc"}[\r][\n]"
21:15:42.434 [docker-java-stream-926242780] DEBUG org.apache.hc.client5.http.wire - http-outgoing-1 << "[\r][\n]"
21:15:42.481 [docker-java-stream-926242780] DEBUG org.apache.hc.client5.http.wire - http-outgoing-1 << "bf[\r][\n]"
21:15:42.481 [docker-java-stream-926242780] DEBUG org.apache.hc.client5.http.wire - http-outgoing-1 << "{"status":"Downloading","progressDetail":{"current":51669319,"total":257828120},"progress":"[==========\u003e                                        ]  51.67MB/257.8MB","id":"1c1198b7f899"}[\r][\n]"
21:15:42.481 [docker-java-stream-926242780] DEBUG org.apache.hc.client5.http.wire - http-outgoing-1 << "[\r][\n]"
21:15:42.586 [docker-java-stream-926242780] DEBUG org.apache.hc.client5.http.wire - http-outgoing-1 << "bf[\r][\n]"
21:15:42.586 [docker-java-stream-926242780] DEBUG org.apache.hc.client5.http.wire - http-outgoing-1 << "{"status":"Downloading","progressDetail":{"current":52209991,"total":257828120},"progress":"[==========\u003e                                        ]  52.21MB/257.8MB","id":"1c1198b7f899"}[\r][\n]"
21:15:42.586 [docker-java-stream-926242780] DEBUG org.apache.hc.client5.http.wire - http-outgoing-1 << "[\r][\n]"
21:15:42.610 [docker-java-stream-926242780] DEBUG org.apache.hc.client5.http.wire - http-outgoing-1 << "bf[\r][\n]"
21:15:42.610 [docker-java-stream-926242780] DEBUG org.apache.hc.client5.http.wire - http-outgoing-1 << "{"status":"Downloading","progressDetail":{"current":67131759,"total":142117631},"progress":"[=======================\u003e                           ]  67.13MB/142.1MB","id":"cef47928a8bc"}[\r][\n]"
21:15:42.610 [docker-java-stream-926242780] DEBUG org.apache.hc.client5.http.wire - http-outgoing-1 << "[\r][\n]"
21:15:42.692 [docker-java-stream-926242780] DEBUG org.apache.hc.client5.http.wire - http-outgoing-1 << "bf[\r][\n]"
21:15:42.692 [docker-java-stream-926242780] DEBUG org.apache.hc.client5.http.wire - http-outgoing-1 << "{"status":"Downloading","progressDetail":{"current":52750663,"total":257828120},"progress":"[==========\u003e                                        ]  52.75MB/257.8MB","id":"1c1198b7f899"}[\r][\n]"
21:15:42.692 [docker-java-stream-926242780] DEBUG org.apache.hc.client5.http.wire - http-outgoing-1 << "[\r][\n]"
21:15:42.782 [docker-java-stream-926242780] DEBUG org.apache.hc.client5.http.wire - http-outgoing-1 << "bf[\r][\n]"
21:15:42.782 [docker-java-stream-926242780] DEBUG org.apache.hc.client5.http.wire - http-outgoing-1 << "{"status":"Downloading","progressDetail":{"current":68213103,"total":142117631},"progress":"[=======================\u003e                           ]  68.21MB/142.1MB","id":"cef47928a8bc"}[\r][\n]"
21:15:42.782 [docker-java-stream-926242780] DEBUG org.apache.hc.client5.http.wire - http-outgoing-1 << "[\r][\n]"
21:15:42.800 [docker-java-stream-926242780] DEBUG org.apache.hc.client5.http.wire - http-outgoing-1 << "bf[\r][\n]"
21:15:42.800 [docker-java-stream-926242780] DEBUG org.apache.hc.client5.http.wire - http-outgoing-1 << "{"status":"Downloading","progressDetail":{"current":53291335,"total":257828120},"progress":"[==========\u003e                                        ]  53.29MB/257.8MB","id":"1c1198b7f899"}[\r][\n]"
21:15:42.800 [docker-java-stream-926242780] DEBUG org.apache.hc.client5.http.wire - http-outgoing-1 << "[\r][\n]"
21:15:42.977 [docker-java-stream-926242780] DEBUG org.apache.hc.client5.http.wire - http-outgoing-1 << "bf[\r][\n]"
21:15:42.977 [docker-java-stream-926242780] DEBUG org.apache.hc.client5.http.wire - http-outgoing-1 << "{"status":"Downloading","progressDetail":{"current":69286255,"total":142117631},"progress":"[========================\u003e                          ]  69.29MB/142.1MB","id":"cef47928a8bc"}[\r][\n]"
21:15:42.977 [docker-java-stream-926242780] DEBUG org.apache.hc.client5.http.wire - http-outgoing-1 << "[\r][\n]"
21:15:42.987 [docker-java-stream-926242780] DEBUG org.apache.hc.client5.http.wire - http-outgoing-1 << "bf[\r][\n]"
21:15:42.987 [docker-java-stream-926242780] DEBUG org.apache.hc.client5.http.wire - http-outgoing-1 << "{"status":"Downloading","progressDetail":{"current":54368583,"total":257828120},"progress":"[==========\u003e                                        ]  54.37MB/257.8MB","id":"1c1198b7f899"}[\r][\n]"
21:15:42.987 [docker-java-stream-926242780] DEBUG org.apache.hc.client5.http.wire - http-outgoing-1 << "[\r][\n]"
21:15:43.161 [docker-java-stream-926242780] DEBUG org.apache.hc.client5.http.wire - http-outgoing-1 << "bf[\r][\n]"
21:15:43.161 [docker-java-stream-926242780] DEBUG org.apache.hc.client5.http.wire - http-outgoing-1 << "{"status":"Downloading","progressDetail":{"current":70367599,"total":142117631},"progress":"[========================\u003e                          ]  70.37MB/142.1MB","id":"cef47928a8bc"}[\r][\n]"
21:15:43.161 [docker-java-stream-926242780] DEBUG org.apache.hc.client5.http.wire - http-outgoing-1 << "[\r][\n]"
21:15:43.184 [docker-java-stream-926242780] DEBUG org.apache.hc.client5.http.wire - http-outgoing-1 << "bf[\r][\n]"
21:15:43.184 [docker-java-stream-926242780] DEBUG org.apache.hc.client5.http.wire - http-outgoing-1 << "{"status":"Downloading","progressDetail":{"current":55441735,"total":257828120},"progress":"[==========\u003e                                        ]  55.44MB/257.8MB","id":"1c1198b7f899"}[\r][\n]"
21:15:43.184 [docker-java-stream-926242780] DEBUG org.apache.hc.client5.http.wire - http-outgoing-1 << "[\r][\n]"
21:15:43.285 [docker-java-stream-926242780] DEBUG org.apache.hc.client5.http.wire - http-outgoing-1 << "bf[\r][\n]"
21:15:43.285 [docker-java-stream-926242780] DEBUG org.apache.hc.client5.http.wire - http-outgoing-1 << "{"status":"Downloading","progressDetail":{"current":55982407,"total":257828120},"progress":"[==========\u003e                                        ]  55.98MB/257.8MB","id":"1c1198b7f899"}[\r][\n]"
21:15:43.285 [docker-java-stream-926242780] DEBUG org.apache.hc.client5.http.wire - http-outgoing-1 << "[\r][\n]"
21:15:43.348 [docker-java-stream-926242780] DEBUG org.apache.hc.client5.http.wire - http-outgoing-1 << "bf[\r][\n]"
21:15:43.349 [docker-java-stream-926242780] DEBUG org.apache.hc.client5.http.wire - http-outgoing-1 << "{"status":"Downloading","progressDetail":{"current":71436655,"total":142117631},"progress":"[=========================\u003e                         ]  71.44MB/142.1MB","id":"cef47928a8bc"}[\r][\n]"
21:15:43.349 [docker-java-stream-926242780] DEBUG org.apache.hc.client5.http.wire - http-outgoing-1 << "[\r][\n]"
21:15:43.476 [docker-java-stream-926242780] DEBUG org.apache.hc.client5.http.wire - http-outgoing-1 << "bf[\r][\n]"
21:15:43.476 [docker-java-stream-926242780] DEBUG org.apache.hc.client5.http.wire - http-outgoing-1 << "{"status":"Downloading","progressDetail":{"current":57063751,"total":257828120},"progress":"[===========\u003e                                       ]  57.06MB/257.8MB","id":"1c1198b7f899"}[\r][\n]"
21:15:43.476 [docker-java-stream-926242780] DEBUG org.apache.hc.client5.http.wire - http-outgoing-1 << "[\r][\n]"
21:15:43.545 [docker-java-stream-926242780] DEBUG org.apache.hc.client5.http.wire - http-outgoing-1 << "bf[\r][\n]"
21:15:43.545 [docker-java-stream-926242780] DEBUG org.apache.hc.client5.http.wire - http-outgoing-1 << "{"status":"Downloading","progressDetail":{"current":72505711,"total":142117631},"progress":"[=========================\u003e                         ]  72.51MB/142.1MB","id":"cef47928a8bc"}[\r][\n]"
21:15:43.545 [docker-java-stream-926242780] DEBUG org.apache.hc.client5.http.wire - http-outgoing-1 << "[\r][\n]"
21:15:43.645 [docker-java-stream-926242780] DEBUG org.apache.hc.client5.http.wire - http-outgoing-1 << "bf[\r][\n]"
21:15:43.645 [docker-java-stream-926242780] DEBUG org.apache.hc.client5.http.wire - http-outgoing-1 << "{"status":"Downloading","progressDetail":{"current":73046383,"total":142117631},"progress":"[=========================\u003e                         ]  73.05MB/142.1MB","id":"cef47928a8bc"}[\r][\n]"
21:15:43.645 [docker-java-stream-926242780] DEBUG org.apache.hc.client5.http.wire - http-outgoing-1 << "[\r][\n]"
21:15:43.667 [docker-java-stream-926242780] DEBUG org.apache.hc.client5.http.wire - http-outgoing-1 << "bf[\r][\n]"
21:15:43.667 [docker-java-stream-926242780] DEBUG org.apache.hc.client5.http.wire - http-outgoing-1 << "{"status":"Downloading","progressDetail":{"current":58145095,"total":257828120},"progress":"[===========\u003e                                       ]  58.15MB/257.8MB","id":"1c1198b7f899"}[\r][\n]"
21:15:43.667 [docker-java-stream-926242780] DEBUG org.apache.hc.client5.http.wire - http-outgoing-1 << "[\r][\n]"
21:15:43.843 [docker-java-stream-926242780] DEBUG org.apache.hc.client5.http.wire - http-outgoing-1 << "bf[\r][\n]"
21:15:43.844 [docker-java-stream-926242780] DEBUG org.apache.hc.client5.http.wire - http-outgoing-1 << "{"status":"Downloading","progressDetail":{"current":74127727,"total":142117631},"progress":"[==========================\u003e                        ]  74.13MB/142.1MB","id":"cef47928a8bc"}[\r][\n]"
21:15:43.844 [docker-java-stream-926242780] DEBUG org.apache.hc.client5.http.wire - http-outgoing-1 << "[\r][\n]"
21:15:43.847 [docker-java-stream-926242780] DEBUG org.apache.hc.client5.http.wire - http-outgoing-1 << "bf[\r][\n]"
21:15:43.847 [docker-java-stream-926242780] DEBUG org.apache.hc.client5.http.wire - http-outgoing-1 << "{"status":"Downloading","progressDetail":{"current":59210055,"total":257828120},"progress":"[===========\u003e                                       ]  59.21MB/257.8MB","id":"1c1198b7f899"}[\r][\n]"
21:15:43.847 [docker-java-stream-926242780] DEBUG org.apache.hc.client5.http.wire - http-outgoing-1 << "[\r][\n]"
21:15:44.025 [docker-java-stream-926242780] DEBUG org.apache.hc.client5.http.wire - http-outgoing-1 << "bf[\r][\n]"
21:15:44.025 [docker-java-stream-926242780] DEBUG org.apache.hc.client5.http.wire - http-outgoing-1 << "{"status":"Downloading","progressDetail":{"current":60291399,"total":257828120},"progress":"[===========\u003e                                       ]  60.29MB/257.8MB","id":"1c1198b7f899"}[\r][\n]"
21:15:44.025 [docker-java-stream-926242780] DEBUG org.apache.hc.client5.http.wire - http-outgoing-1 << "[\r][\n]"
21:15:44.048 [docker-java-stream-926242780] DEBUG org.apache.hc.client5.http.wire - http-outgoing-1 << "bf[\r][\n]"
21:15:44.048 [docker-java-stream-926242780] DEBUG org.apache.hc.client5.http.wire - http-outgoing-1 << "{"status":"Downloading","progressDetail":{"current":75209071,"total":142117631},"progress":"[==========================\u003e                        ]  75.21MB/142.1MB","id":"cef47928a8bc"}[\r][\n]"
21:15:44.048 [docker-java-stream-926242780] DEBUG org.apache.hc.client5.http.wire - http-outgoing-1 << "[\r][\n]"
21:15:44.200 [docker-java-stream-926242780] DEBUG org.apache.hc.client5.http.wire - http-outgoing-1 << "bf[\r][\n]"
21:15:44.200 [docker-java-stream-926242780] DEBUG org.apache.hc.client5.http.wire - http-outgoing-1 << "{"status":"Downloading","progressDetail":{"current":61372743,"total":257828120},"progress":"[===========\u003e                                       ]  61.37MB/257.8MB","id":"1c1198b7f899"}[\r][\n]"
21:15:44.200 [docker-java-stream-926242780] DEBUG org.apache.hc.client5.http.wire - http-outgoing-1 << "[\r][\n]"
21:15:44.335 [docker-java-stream-926242780] DEBUG org.apache.hc.client5.http.wire - http-outgoing-1 << "bf[\r][\n]"
21:15:44.335 [docker-java-stream-926242780] DEBUG org.apache.hc.client5.http.wire - http-outgoing-1 << "{"status":"Downloading","progressDetail":{"current":62445895,"total":257828120},"progress":"[============\u003e                                      ]  62.45MB/257.8MB","id":"1c1198b7f899"}[\r][\n]"
21:15:44.335 [docker-java-stream-926242780] DEBUG org.apache.hc.client5.http.wire - http-outgoing-1 << "[\r][\n]"
21:15:44.480 [docker-java-stream-926242780] DEBUG org.apache.hc.client5.http.wire - http-outgoing-1 << "bf[\r][\n]"
21:15:44.480 [docker-java-stream-926242780] DEBUG org.apache.hc.client5.http.wire - http-outgoing-1 << "{"status":"Downloading","progressDetail":{"current":76278127,"total":142117631},"progress":"[==========================\u003e                        ]  76.28MB/142.1MB","id":"cef47928a8bc"}[\r][\n]"
21:15:44.480 [docker-java-stream-926242780] DEBUG org.apache.hc.client5.http.wire - http-outgoing-1 << "[\r][\n]"
21:15:44.500 [docker-java-stream-926242780] DEBUG org.apache.hc.client5.http.wire - http-outgoing-1 << "bf[\r][\n]"
21:15:44.500 [docker-java-stream-926242780] DEBUG org.apache.hc.client5.http.wire - http-outgoing-1 << "{"status":"Downloading","progressDetail":{"current":63519047,"total":257828120},"progress":"[============\u003e                                      ]  63.52MB/257.8MB","id":"1c1198b7f899"}[\r][\n]"
21:15:44.500 [docker-java-stream-926242780] DEBUG org.apache.hc.client5.http.wire - http-outgoing-1 << "[\r][\n]"
21:15:44.662 [docker-java-stream-926242780] DEBUG org.apache.hc.client5.http.wire - http-outgoing-1 << "bf[\r][\n]"
21:15:44.662 [docker-java-stream-926242780] DEBUG org.apache.hc.client5.http.wire - http-outgoing-1 << "{"status":"Downloading","progressDetail":{"current":64596295,"total":257828120},"progress":"[============\u003e                                      ]   64.6MB/257.8MB","id":"1c1198b7f899"}[\r][\n]"
21:15:44.662 [docker-java-stream-926242780] DEBUG org.apache.hc.client5.http.wire - http-outgoing-1 << "[\r][\n]"
21:15:44.665 [docker-java-stream-926242780] DEBUG org.apache.hc.client5.http.wire - http-outgoing-1 << "bf[\r][\n]"
21:15:44.665 [docker-java-stream-926242780] DEBUG org.apache.hc.client5.http.wire - http-outgoing-1 << "{"status":"Downloading","progressDetail":{"current":76818799,"total":142117631},"progress":"[===========================\u003e                       ]  76.82MB/142.1MB","id":"cef47928a8bc"}[\r][\n]"
21:15:44.665 [docker-java-stream-926242780] DEBUG org.apache.hc.client5.http.wire - http-outgoing-1 << "[\r][\n]"
21:15:44.804 [docker-java-stream-926242780] DEBUG org.apache.hc.client5.http.wire - http-outgoing-1 << "bf[\r][\n]"
21:15:44.804 [docker-java-stream-926242780] DEBUG org.apache.hc.client5.http.wire - http-outgoing-1 << "{"status":"Downloading","progressDetail":{"current":65677639,"total":257828120},"progress":"[============\u003e                                      ]  65.68MB/257.8MB","id":"1c1198b7f899"}[\r][\n]"
21:15:44.804 [docker-java-stream-926242780] DEBUG org.apache.hc.client5.http.wire - http-outgoing-1 << "[\r][\n]"
21:15:44.817 [docker-java-stream-926242780] DEBUG org.apache.hc.client5.http.wire - http-outgoing-1 << "bf[\r][\n]"
21:15:44.817 [docker-java-stream-926242780] DEBUG org.apache.hc.client5.http.wire - http-outgoing-1 << "{"status":"Downloading","progressDetail":{"current":77359471,"total":142117631},"progress":"[===========================\u003e                       ]  77.36MB/142.1MB","id":"cef47928a8bc"}[\r][\n]"
21:15:44.817 [docker-java-stream-926242780] DEBUG org.apache.hc.client5.http.wire - http-outgoing-1 << "[\r][\n]"
21:15:44.946 [docker-java-stream-926242780] DEBUG org.apache.hc.client5.http.wire - http-outgoing-1 << "bf[\r][\n]"
21:15:44.946 [docker-java-stream-926242780] DEBUG org.apache.hc.client5.http.wire - http-outgoing-1 << "{"status":"Downloading","progressDetail":{"current":66758983,"total":257828120},"progress":"[============\u003e                                      ]  66.76MB/257.8MB","id":"1c1198b7f899"}[\r][\n]"
21:15:44.946 [docker-java-stream-926242780] DEBUG org.apache.hc.client5.http.wire - http-outgoing-1 << "[\r][\n]"
21:15:44.960 [docker-java-stream-926242780] DEBUG org.apache.hc.client5.http.wire - http-outgoing-1 << "bf[\r][\n]"
21:15:44.960 [docker-java-stream-926242780] DEBUG org.apache.hc.client5.http.wire - http-outgoing-1 << "{"status":"Downloading","progressDetail":{"current":77900143,"total":142117631},"progress":"[===========================\u003e                       ]   77.9MB/142.1MB","id":"cef47928a8bc"}[\r][\n]"
21:15:44.960 [docker-java-stream-926242780] DEBUG org.apache.hc.client5.http.wire - http-outgoing-1 << "[\r][\n]"
21:15:45.093 [docker-java-stream-926242780] DEBUG org.apache.hc.client5.http.wire - http-outgoing-1 << "bf[\r][\n]"
21:15:45.093 [docker-java-stream-926242780] DEBUG org.apache.hc.client5.http.wire - http-outgoing-1 << "{"status":"Downloading","progressDetail":{"current":67840327,"total":257828120},"progress":"[=============\u003e                                     ]  67.84MB/257.8MB","id":"1c1198b7f899"}[\r][\n]"
21:15:45.093 [docker-java-stream-926242780] DEBUG org.apache.hc.client5.http.wire - http-outgoing-1 << "[\r][\n]"
21:15:45.098 [docker-java-stream-926242780] DEBUG org.apache.hc.client5.http.wire - http-outgoing-1 << "bf[\r][\n]"
21:15:45.098 [docker-java-stream-926242780] DEBUG org.apache.hc.client5.http.wire - http-outgoing-1 << "{"status":"Downloading","progressDetail":{"current":78440815,"total":142117631},"progress":"[===========================\u003e                       ]  78.44MB/142.1MB","id":"cef47928a8bc"}[\r][\n]"
21:15:45.098 [docker-java-stream-926242780] DEBUG org.apache.hc.client5.http.wire - http-outgoing-1 << "[\r][\n]"
21:15:45.229 [docker-java-stream-926242780] DEBUG org.apache.hc.client5.http.wire - http-outgoing-1 << "bf[\r][\n]"
21:15:45.229 [docker-java-stream-926242780] DEBUG org.apache.hc.client5.http.wire - http-outgoing-1 << "{"status":"Downloading","progressDetail":{"current":68901191,"total":257828120},"progress":"[=============\u003e                                     ]   68.9MB/257.8MB","id":"1c1198b7f899"}[\r][\n]"
21:15:45.229 [docker-java-stream-926242780] DEBUG org.apache.hc.client5.http.wire - http-outgoing-1 << "[\r][\n]"
21:15:45.246 [docker-java-stream-926242780] DEBUG org.apache.hc.client5.http.wire - http-outgoing-1 << "bf[\r][\n]"
21:15:45.246 [docker-java-stream-926242780] DEBUG org.apache.hc.client5.http.wire - http-outgoing-1 << "{"status":"Downloading","progressDetail":{"current":78981487,"total":142117631},"progress":"[===========================\u003e                       ]  78.98MB/142.1MB","id":"cef47928a8bc"}[\r][\n]"
21:15:45.246 [docker-java-stream-926242780] DEBUG org.apache.hc.client5.http.wire - http-outgoing-1 << "[\r][\n]"
21:15:45.374 [docker-java-stream-926242780] DEBUG org.apache.hc.client5.http.wire - http-outgoing-1 << "bf[\r][\n]"
21:15:45.374 [docker-java-stream-926242780] DEBUG org.apache.hc.client5.http.wire - http-outgoing-1 << "{"status":"Downloading","progressDetail":{"current":69982535,"total":257828120},"progress":"[=============\u003e                                     ]  69.98MB/257.8MB","id":"1c1198b7f899"}[\r][\n]"
21:15:45.374 [docker-java-stream-926242780] DEBUG org.apache.hc.client5.http.wire - http-outgoing-1 << "[\r][\n]"
21:15:45.388 [docker-java-stream-926242780] DEBUG org.apache.hc.client5.http.wire - http-outgoing-1 << "bf[\r][\n]"
21:15:45.388 [docker-java-stream-926242780] DEBUG org.apache.hc.client5.http.wire - http-outgoing-1 << "{"status":"Downloading","progressDetail":{"current":79522159,"total":142117631},"progress":"[===========================\u003e                       ]  79.52MB/142.1MB","id":"cef47928a8bc"}[\r][\n]"
21:15:45.388 [docker-java-stream-926242780] DEBUG org.apache.hc.client5.http.wire - http-outgoing-1 << "[\r][\n]"
21:15:45.520 [docker-java-stream-926242780] DEBUG org.apache.hc.client5.http.wire - http-outgoing-1 << "bf[\r][\n]"
21:15:45.520 [docker-java-stream-926242780] DEBUG org.apache.hc.client5.http.wire - http-outgoing-1 << "{"status":"Downloading","progressDetail":{"current":71047495,"total":257828120},"progress":"[=============\u003e                                     ]  71.05MB/257.8MB","id":"1c1198b7f899"}[\r][\n]"
21:15:45.520 [docker-java-stream-926242780] DEBUG org.apache.hc.client5.http.wire - http-outgoing-1 << "[\r][\n]"
21:15:45.525 [docker-java-stream-926242780] DEBUG org.apache.hc.client5.http.wire - http-outgoing-1 << "bf[\r][\n]"
21:15:45.525 [docker-java-stream-926242780] DEBUG org.apache.hc.client5.http.wire - http-outgoing-1 << "{"status":"Downloading","progressDetail":{"current":80062831,"total":142117631},"progress":"[============================\u003e                      ]  80.06MB/142.1MB","id":"cef47928a8bc"}[\r][\n]"
21:15:45.525 [docker-java-stream-926242780] DEBUG org.apache.hc.client5.http.wire - http-outgoing-1 << "[\r][\n]"
21:15:45.658 [docker-java-stream-926242780] DEBUG org.apache.hc.client5.http.wire - http-outgoing-1 << "bf[\r][\n]"
21:15:45.658 [docker-java-stream-926242780] DEBUG org.apache.hc.client5.http.wire - http-outgoing-1 << "{"status":"Downloading","progressDetail":{"current":80599407,"total":142117631},"progress":"[============================\u003e                      ]   80.6MB/142.1MB","id":"cef47928a8bc"}[\r][\n]"
21:15:45.658 [docker-java-stream-926242780] DEBUG org.apache.hc.client5.http.wire - http-outgoing-1 << "[\r][\n]"
21:15:45.667 [docker-java-stream-926242780] DEBUG org.apache.hc.client5.http.wire - http-outgoing-1 << "bf[\r][\n]"
21:15:45.667 [docker-java-stream-926242780] DEBUG org.apache.hc.client5.http.wire - http-outgoing-1 << "{"status":"Downloading","progressDetail":{"current":72128839,"total":257828120},"progress":"[=============\u003e                                     ]  72.13MB/257.8MB","id":"1c1198b7f899"}[\r][\n]"
21:15:45.667 [docker-java-stream-926242780] DEBUG org.apache.hc.client5.http.wire - http-outgoing-1 << "[\r][\n]"
21:15:45.787 [docker-java-stream-926242780] DEBUG org.apache.hc.client5.http.wire - http-outgoing-1 << "bf[\r][\n]"
21:15:45.787 [docker-java-stream-926242780] DEBUG org.apache.hc.client5.http.wire - http-outgoing-1 << "{"status":"Downloading","progressDetail":{"current":81140079,"total":142117631},"progress":"[============================\u003e                      ]  81.14MB/142.1MB","id":"cef47928a8bc"}[\r][\n]"
21:15:45.787 [docker-java-stream-926242780] DEBUG org.apache.hc.client5.http.wire - http-outgoing-1 << "[\r][\n]"
21:15:45.823 [docker-java-stream-926242780] DEBUG org.apache.hc.client5.http.wire - http-outgoing-1 << "bf[\r][\n]"
21:15:45.823 [docker-java-stream-926242780] DEBUG org.apache.hc.client5.http.wire - http-outgoing-1 << "{"status":"Downloading","progressDetail":{"current":73201991,"total":257828120},"progress":"[==============\u003e                                    ]   73.2MB/257.8MB","id":"1c1198b7f899"}[\r][\n]"
21:15:45.823 [docker-java-stream-926242780] DEBUG org.apache.hc.client5.http.wire - http-outgoing-1 << "[\r][\n]"
21:15:45.904 [docker-java-stream-926242780] DEBUG org.apache.hc.client5.http.wire - http-outgoing-1 << "bf[\r][\n]"
21:15:45.904 [docker-java-stream-926242780] DEBUG org.apache.hc.client5.http.wire - http-outgoing-1 << "{"status":"Downloading","progressDetail":{"current":81668463,"total":142117631},"progress":"[============================\u003e                      ]  81.67MB/142.1MB","id":"cef47928a8bc"}[\r][\n]"
21:15:45.904 [docker-java-stream-926242780] DEBUG org.apache.hc.client5.http.wire - http-outgoing-1 << "[\r][\n]"
21:15:45.982 [docker-java-stream-926242780] DEBUG org.apache.hc.client5.http.wire - http-outgoing-1 << "bf[\r][\n]"
21:15:45.982 [docker-java-stream-926242780] DEBUG org.apache.hc.client5.http.wire - http-outgoing-1 << "{"status":"Downloading","progressDetail":{"current":74279239,"total":257828120},"progress":"[==============\u003e                                    ]  74.28MB/257.8MB","id":"1c1198b7f899"}[\r][\n]"
21:15:45.982 [docker-java-stream-926242780] DEBUG org.apache.hc.client5.http.wire - http-outgoing-1 << "[\r][\n]"
21:15:46.021 [docker-java-stream-926242780] DEBUG org.apache.hc.client5.http.wire - http-outgoing-1 << "bf[\r][\n]"
21:15:46.021 [docker-java-stream-926242780] DEBUG org.apache.hc.client5.http.wire - http-outgoing-1 << "{"status":"Downloading","progressDetail":{"current":82209135,"total":142117631},"progress":"[============================\u003e                      ]  82.21MB/142.1MB","id":"cef47928a8bc"}[\r][\n]"
21:15:46.021 [docker-java-stream-926242780] DEBUG org.apache.hc.client5.http.wire - http-outgoing-1 << "[\r][\n]"
21:15:46.145 [docker-java-stream-926242780] DEBUG org.apache.hc.client5.http.wire - http-outgoing-1 << "bf[\r][\n]"
21:15:46.145 [docker-java-stream-926242780] DEBUG org.apache.hc.client5.http.wire - http-outgoing-1 << "{"status":"Downloading","progressDetail":{"current":82749807,"total":142117631},"progress":"[=============================\u003e                     ]  82.75MB/142.1MB","id":"cef47928a8bc"}[\r][\n]"
21:15:46.145 [docker-java-stream-926242780] DEBUG org.apache.hc.client5.http.wire - http-outgoing-1 << "[\r][\n]"
21:15:46.146 [docker-java-stream-926242780] DEBUG org.apache.hc.client5.http.wire - http-outgoing-1 << "bf[\r][\n]"
21:15:46.146 [docker-java-stream-926242780] DEBUG org.apache.hc.client5.http.wire - http-outgoing-1 << "{"status":"Downloading","progressDetail":{"current":75348295,"total":257828120},"progress":"[==============\u003e                                    ]  75.35MB/257.8MB","id":"1c1198b7f899"}[\r][\n]"
21:15:46.146 [docker-java-stream-926242780] DEBUG org.apache.hc.client5.http.wire - http-outgoing-1 << "[\r][\n]"
21:15:46.263 [docker-java-stream-926242780] DEBUG org.apache.hc.client5.http.wire - http-outgoing-1 << "bf[\r][\n]"
21:15:46.263 [docker-java-stream-926242780] DEBUG org.apache.hc.client5.http.wire - http-outgoing-1 << "{"status":"Downloading","progressDetail":{"current":83290479,"total":142117631},"progress":"[=============================\u003e                     ]  83.29MB/142.1MB","id":"cef47928a8bc"}[\r][\n]"
21:15:46.263 [docker-java-stream-926242780] DEBUG org.apache.hc.client5.http.wire - http-outgoing-1 << "[\r][\n]"
21:15:46.306 [docker-java-stream-926242780] DEBUG org.apache.hc.client5.http.wire - http-outgoing-1 << "bf[\r][\n]"
21:15:46.306 [docker-java-stream-926242780] DEBUG org.apache.hc.client5.http.wire - http-outgoing-1 << "{"status":"Downloading","progressDetail":{"current":76421447,"total":257828120},"progress":"[==============\u003e                                    ]  76.42MB/257.8MB","id":"1c1198b7f899"}[\r][\n]"
21:15:46.306 [docker-java-stream-926242780] DEBUG org.apache.hc.client5.http.wire - http-outgoing-1 << "[\r][\n]"
21:15:46.376 [docker-java-stream-926242780] DEBUG org.apache.hc.client5.http.wire - http-outgoing-1 << "bf[\r][\n]"
21:15:46.376 [docker-java-stream-926242780] DEBUG org.apache.hc.client5.http.wire - http-outgoing-1 << "{"status":"Downloading","progressDetail":{"current":83822959,"total":142117631},"progress":"[=============================\u003e                     ]  83.82MB/142.1MB","id":"cef47928a8bc"}[\r][\n]"
21:15:46.376 [docker-java-stream-926242780] DEBUG org.apache.hc.client5.http.wire - http-outgoing-1 << "[\r][\n]"
21:15:46.473 [docker-java-stream-926242780] DEBUG org.apache.hc.client5.http.wire - http-outgoing-1 << "bf[\r][\n]"
21:15:46.473 [docker-java-stream-926242780] DEBUG org.apache.hc.client5.http.wire - http-outgoing-1 << "{"status":"Downloading","progressDetail":{"current":77490503,"total":257828120},"progress":"[===============\u003e                                   ]  77.49MB/257.8MB","id":"1c1198b7f899"}[\r][\n]"
21:15:46.473 [docker-java-stream-926242780] DEBUG org.apache.hc.client5.http.wire - http-outgoing-1 << "[\r][\n]"
21:15:46.492 [docker-java-stream-926242780] DEBUG org.apache.hc.client5.http.wire - http-outgoing-1 << "bf[\r][\n]"
21:15:46.492 [docker-java-stream-926242780] DEBUG org.apache.hc.client5.http.wire - http-outgoing-1 << "{"status":"Downloading","progressDetail":{"current":84363631,"total":142117631},"progress":"[=============================\u003e                     ]  84.36MB/142.1MB","id":"cef47928a8bc"}[\r][\n]"
21:15:46.492 [docker-java-stream-926242780] DEBUG org.apache.hc.client5.http.wire - http-outgoing-1 << "[\r][\n]"
21:15:46.600 [docker-java-stream-926242780] DEBUG org.apache.hc.client5.http.wire - http-outgoing-1 << "bf[\r][\n]"
21:15:46.600 [docker-java-stream-926242780] DEBUG org.apache.hc.client5.http.wire - http-outgoing-1 << "{"status":"Downloading","progressDetail":{"current":84904303,"total":142117631},"progress":"[=============================\u003e                     ]   84.9MB/142.1MB","id":"cef47928a8bc"}[\r][\n]"
21:15:46.600 [docker-java-stream-926242780] DEBUG org.apache.hc.client5.http.wire - http-outgoing-1 << "[\r][\n]"
21:15:46.650 [docker-java-stream-926242780] DEBUG org.apache.hc.client5.http.wire - http-outgoing-1 << "bf[\r][\n]"
21:15:46.650 [docker-java-stream-926242780] DEBUG org.apache.hc.client5.http.wire - http-outgoing-1 << "{"status":"Downloading","progressDetail":{"current":78571847,"total":257828120},"progress":"[===============\u003e                                   ]  78.57MB/257.8MB","id":"1c1198b7f899"}[\r][\n]"
21:15:46.651 [docker-java-stream-926242780] DEBUG org.apache.hc.client5.http.wire - http-outgoing-1 << "[\r][\n]"
21:15:46.707 [docker-java-stream-926242780] DEBUG org.apache.hc.client5.http.wire - http-outgoing-1 << "bf[\r][\n]"
21:15:46.707 [docker-java-stream-926242780] DEBUG org.apache.hc.client5.http.wire - http-outgoing-1 << "{"status":"Downloading","progressDetail":{"current":85444975,"total":142117631},"progress":"[==============================\u003e                    ]  85.44MB/142.1MB","id":"cef47928a8bc"}[\r][\n]"
21:15:46.707 [docker-java-stream-926242780] DEBUG org.apache.hc.client5.http.wire - http-outgoing-1 << "[\r][\n]"
21:15:46.814 [docker-java-stream-926242780] DEBUG org.apache.hc.client5.http.wire - http-outgoing-1 << "bf[\r][\n]"
21:15:46.815 [docker-java-stream-926242780] DEBUG org.apache.hc.client5.http.wire - http-outgoing-1 << "{"status":"Downloading","progressDetail":{"current":79640903,"total":257828120},"progress":"[===============\u003e                                   ]  79.64MB/257.8MB","id":"1c1198b7f899"}[\r][\n]"
21:15:46.815 [docker-java-stream-926242780] DEBUG org.apache.hc.client5.http.wire - http-outgoing-1 << "[\r][\n]"
21:15:46.821 [docker-java-stream-926242780] DEBUG org.apache.hc.client5.http.wire - http-outgoing-1 << "bf[\r][\n]"
21:15:46.821 [docker-java-stream-926242780] DEBUG org.apache.hc.client5.http.wire - http-outgoing-1 << "{"status":"Downloading","progressDetail":{"current":85985647,"total":142117631},"progress":"[==============================\u003e                    ]  85.99MB/142.1MB","id":"cef47928a8bc"}[\r][\n]"
21:15:46.821 [docker-java-stream-926242780] DEBUG org.apache.hc.client5.http.wire - http-outgoing-1 << "[\r][\n]"
21:15:46.926 [docker-java-stream-926242780] DEBUG org.apache.hc.client5.http.wire - http-outgoing-1 << "bf[\r][\n]"
21:15:46.926 [docker-java-stream-926242780] DEBUG org.apache.hc.client5.http.wire - http-outgoing-1 << "{"status":"Downloading","progressDetail":{"current":86522223,"total":142117631},"progress":"[==============================\u003e                    ]  86.52MB/142.1MB","id":"cef47928a8bc"}[\r][\n]"
21:15:46.926 [docker-java-stream-926242780] DEBUG org.apache.hc.client5.http.wire - http-outgoing-1 << "[\r][\n]"
21:15:46.987 [docker-java-stream-926242780] DEBUG org.apache.hc.client5.http.wire - http-outgoing-1 << "bf[\r][\n]"
21:15:46.987 [docker-java-stream-926242780] DEBUG org.apache.hc.client5.http.wire - http-outgoing-1 << "{"status":"Downloading","progressDetail":{"current":80709959,"total":257828120},"progress":"[===============\u003e                                   ]  80.71MB/257.8MB","id":"1c1198b7f899"}[\r][\n]"
21:15:46.987 [docker-java-stream-926242780] DEBUG org.apache.hc.client5.http.wire - http-outgoing-1 << "[\r][\n]"
21:15:47.030 [docker-java-stream-926242780] DEBUG org.apache.hc.client5.http.wire - http-outgoing-1 << "bf[\r][\n]"
21:15:47.031 [docker-java-stream-926242780] DEBUG org.apache.hc.client5.http.wire - http-outgoing-1 << "{"status":"Downloading","progressDetail":{"current":87062895,"total":142117631},"progress":"[==============================\u003e                    ]  87.06MB/142.1MB","id":"cef47928a8bc"}[\r][\n]"
21:15:47.031 [docker-java-stream-926242780] DEBUG org.apache.hc.client5.http.wire - http-outgoing-1 << "[\r][\n]"
21:15:47.133 [docker-java-stream-926242780] DEBUG org.apache.hc.client5.http.wire - http-outgoing-1 << "bf[\r][\n]"
21:15:47.134 [docker-java-stream-926242780] DEBUG org.apache.hc.client5.http.wire - http-outgoing-1 << "{"status":"Downloading","progressDetail":{"current":87603567,"total":142117631},"progress":"[==============================\u003e                    ]   87.6MB/142.1MB","id":"cef47928a8bc"}[\r][\n]"
21:15:47.134 [docker-java-stream-926242780] DEBUG org.apache.hc.client5.http.wire - http-outgoing-1 << "[\r][\n]"
21:15:47.164 [docker-java-stream-926242780] DEBUG org.apache.hc.client5.http.wire - http-outgoing-1 << "bf[\r][\n]"
21:15:47.164 [docker-java-stream-926242780] DEBUG org.apache.hc.client5.http.wire - http-outgoing-1 << "{"status":"Downloading","progressDetail":{"current":81783111,"total":257828120},"progress":"[===============\u003e                                   ]  81.78MB/257.8MB","id":"1c1198b7f899"}[\r][\n]"
21:15:47.164 [docker-java-stream-926242780] DEBUG org.apache.hc.client5.http.wire - http-outgoing-1 << "[\r][\n]"
21:15:47.245 [docker-java-stream-926242780] DEBUG org.apache.hc.client5.http.wire - http-outgoing-1 << "bf[\r][\n]"
21:15:47.245 [docker-java-stream-926242780] DEBUG org.apache.hc.client5.http.wire - http-outgoing-1 << "{"status":"Downloading","progressDetail":{"current":88144239,"total":142117631},"progress":"[===============================\u003e                   ]  88.14MB/142.1MB","id":"cef47928a8bc"}[\r][\n]"
21:15:47.245 [docker-java-stream-926242780] DEBUG org.apache.hc.client5.http.wire - http-outgoing-1 << "[\r][\n]"
21:15:47.335 [docker-java-stream-926242780] DEBUG org.apache.hc.client5.http.wire - http-outgoing-1 << "bf[\r][\n]"
21:15:47.335 [docker-java-stream-926242780] DEBUG org.apache.hc.client5.http.wire - http-outgoing-1 << "{"status":"Downloading","progressDetail":{"current":82843975,"total":257828120},"progress":"[================\u003e                                  ]  82.84MB/257.8MB","id":"1c1198b7f899"}[\r][\n]"
21:15:47.335 [docker-java-stream-926242780] DEBUG org.apache.hc.client5.http.wire - http-outgoing-1 << "[\r][\n]"
21:15:47.443 [docker-java-stream-926242780] DEBUG org.apache.hc.client5.http.wire - http-outgoing-1 << "bf[\r][\n]"
21:15:47.443 [docker-java-stream-926242780] DEBUG org.apache.hc.client5.http.wire - http-outgoing-1 << "{"status":"Downloading","progressDetail":{"current":89225583,"total":142117631},"progress":"[===============================\u003e                   ]  89.23MB/142.1MB","id":"cef47928a8bc"}[\r][\n]"
21:15:47.443 [docker-java-stream-926242780] DEBUG org.apache.hc.client5.http.wire - http-outgoing-1 << "[\r][\n]"
21:15:47.516 [docker-java-stream-926242780] DEBUG org.apache.hc.client5.http.wire - http-outgoing-1 << "bf[\r][\n]"
21:15:47.516 [docker-java-stream-926242780] DEBUG org.apache.hc.client5.http.wire - http-outgoing-1 << "{"status":"Downloading","progressDetail":{"current":83917127,"total":257828120},"progress":"[================\u003e                                  ]  83.92MB/257.8MB","id":"1c1198b7f899"}[\r][\n]"
21:15:47.516 [docker-java-stream-926242780] DEBUG org.apache.hc.client5.http.wire - http-outgoing-1 << "[\r][\n]"
21:15:47.641 [docker-java-stream-926242780] DEBUG org.apache.hc.client5.http.wire - http-outgoing-1 << "bf[\r][\n]"
21:15:47.641 [docker-java-stream-926242780] DEBUG org.apache.hc.client5.http.wire - http-outgoing-1 << "{"status":"Downloading","progressDetail":{"current":90294639,"total":142117631},"progress":"[===============================\u003e                   ]  90.29MB/142.1MB","id":"cef47928a8bc"}[\r][\n]"
21:15:47.641 [docker-java-stream-926242780] DEBUG org.apache.hc.client5.http.wire - http-outgoing-1 << "[\r][\n]"
21:15:47.706 [docker-java-stream-926242780] DEBUG org.apache.hc.client5.http.wire - http-outgoing-1 << "bf[\r][\n]"
21:15:47.706 [docker-java-stream-926242780] DEBUG org.apache.hc.client5.http.wire - http-outgoing-1 << "{"status":"Downloading","progressDetail":{"current":84998471,"total":257828120},"progress":"[================\u003e                                  ]     85MB/257.8MB","id":"1c1198b7f899"}[\r][\n]"
21:15:47.706 [docker-java-stream-926242780] DEBUG org.apache.hc.client5.http.wire - http-outgoing-1 << "[\r][\n]"
21:15:47.831 [docker-java-stream-926242780] DEBUG org.apache.hc.client5.http.wire - http-outgoing-1 << "bf[\r][\n]"
21:15:47.831 [docker-java-stream-926242780] DEBUG org.apache.hc.client5.http.wire - http-outgoing-1 << "{"status":"Downloading","progressDetail":{"current":91363695,"total":142117631},"progress":"[================================\u003e                  ]  91.36MB/142.1MB","id":"cef47928a8bc"}[\r][\n]"
21:15:47.831 [docker-java-stream-926242780] DEBUG org.apache.hc.client5.http.wire - http-outgoing-1 << "[\r][\n]"
21:15:47.892 [docker-java-stream-926242780] DEBUG org.apache.hc.client5.http.wire - http-outgoing-1 << "bf[\r][\n]"
21:15:47.892 [docker-java-stream-926242780] DEBUG org.apache.hc.client5.http.wire - http-outgoing-1 << "{"status":"Downloading","progressDetail":{"current":86079815,"total":257828120},"progress":"[================\u003e                                  ]  86.08MB/257.8MB","id":"1c1198b7f899"}[\r][\n]"
21:15:47.892 [docker-java-stream-926242780] DEBUG org.apache.hc.client5.http.wire - http-outgoing-1 << "[\r][\n]"
21:15:48.020 [docker-java-stream-926242780] DEBUG org.apache.hc.client5.http.wire - http-outgoing-1 << "bf[\r][\n]"
21:15:48.021 [docker-java-stream-926242780] DEBUG org.apache.hc.client5.http.wire - http-outgoing-1 << "{"status":"Downloading","progressDetail":{"current":92445039,"total":142117631},"progress":"[================================\u003e                  ]  92.45MB/142.1MB","id":"cef47928a8bc"}[\r][\n]"
21:15:48.021 [docker-java-stream-926242780] DEBUG org.apache.hc.client5.http.wire - http-outgoing-1 << "[\r][\n]"
21:15:48.087 [docker-java-stream-926242780] DEBUG org.apache.hc.client5.http.wire - http-outgoing-1 << "bf[\r][\n]"
21:15:48.088 [docker-java-stream-926242780] DEBUG org.apache.hc.client5.http.wire - http-outgoing-1 << "{"status":"Downloading","progressDetail":{"current":87140679,"total":257828120},"progress":"[================\u003e                                  ]  87.14MB/257.8MB","id":"1c1198b7f899"}[\r][\n]"
21:15:48.088 [docker-java-stream-926242780] DEBUG org.apache.hc.client5.http.wire - http-outgoing-1 << "[\r][\n]"
21:15:48.188 [docker-java-stream-926242780] DEBUG org.apache.hc.client5.http.wire - http-outgoing-1 << "bf[\r][\n]"
21:15:48.188 [docker-java-stream-926242780] DEBUG org.apache.hc.client5.http.wire - http-outgoing-1 << "{"status":"Downloading","progressDetail":{"current":87681351,"total":257828120},"progress":"[=================\u003e                                 ]  87.68MB/257.8MB","id":"1c1198b7f899"}[\r][\n]"
21:15:48.188 [docker-java-stream-926242780] DEBUG org.apache.hc.client5.http.wire - http-outgoing-1 << "[\r][\n]"
21:15:48.214 [docker-java-stream-926242780] DEBUG org.apache.hc.client5.http.wire - http-outgoing-1 << "bf[\r][\n]"
21:15:48.215 [docker-java-stream-926242780] DEBUG org.apache.hc.client5.http.wire - http-outgoing-1 << "{"status":"Downloading","progressDetail":{"current":93526383,"total":142117631},"progress":"[================================\u003e                  ]  93.53MB/142.1MB","id":"cef47928a8bc"}[\r][\n]"
21:15:48.215 [docker-java-stream-926242780] DEBUG org.apache.hc.client5.http.wire - http-outgoing-1 << "[\r][\n]"
21:15:48.305 [docker-java-stream-926242780] DEBUG org.apache.hc.client5.http.wire - http-outgoing-1 << "bf[\r][\n]"
21:15:48.305 [docker-java-stream-926242780] DEBUG org.apache.hc.client5.http.wire - http-outgoing-1 << "{"status":"Downloading","progressDetail":{"current":88222023,"total":257828120},"progress":"[=================\u003e                                 ]  88.22MB/257.8MB","id":"1c1198b7f899"}[\r][\n]"
21:15:48.305 [docker-java-stream-926242780] DEBUG org.apache.hc.client5.http.wire - http-outgoing-1 << "[\r][\n]"
21:15:48.316 [docker-java-stream-926242780] DEBUG org.apache.hc.client5.http.wire - http-outgoing-1 << "bf[\r][\n]"
21:15:48.316 [docker-java-stream-926242780] DEBUG org.apache.hc.client5.http.wire - http-outgoing-1 << "{"status":"Downloading","progressDetail":{"current":94054767,"total":142117631},"progress":"[=================================\u003e                 ]  94.05MB/142.1MB","id":"cef47928a8bc"}[\r][\n]"
21:15:48.316 [docker-java-stream-926242780] DEBUG org.apache.hc.client5.http.wire - http-outgoing-1 << "[\r][\n]"
21:15:48.472 [docker-java-stream-926242780] DEBUG org.apache.hc.client5.http.wire - http-outgoing-1 << "bf[\r][\n]"
21:15:48.472 [docker-java-stream-926242780] DEBUG org.apache.hc.client5.http.wire - http-outgoing-1 << "{"status":"Downloading","progressDetail":{"current":89303367,"total":257828120},"progress":"[=================\u003e                                 ]   89.3MB/257.8MB","id":"1c1198b7f899"}[\r][\n]"
21:15:48.472 [docker-java-stream-926242780] DEBUG org.apache.hc.client5.http.wire - http-outgoing-1 << "[\r][\n]"
21:15:48.504 [docker-java-stream-926242780] DEBUG org.apache.hc.client5.http.wire - http-outgoing-1 << "bf[\r][\n]"
21:15:48.504 [docker-java-stream-926242780] DEBUG org.apache.hc.client5.http.wire - http-outgoing-1 << "{"status":"Downloading","progressDetail":{"current":95115631,"total":142117631},"progress":"[=================================\u003e                 ]  95.12MB/142.1MB","id":"cef47928a8bc"}[\r][\n]"
21:15:48.504 [docker-java-stream-926242780] DEBUG org.apache.hc.client5.http.wire - http-outgoing-1 << "[\r][\n]"
21:15:48.641 [docker-java-stream-926242780] DEBUG org.apache.hc.client5.http.wire - http-outgoing-1 << "bf[\r][\n]"
21:15:48.641 [docker-java-stream-926242780] DEBUG org.apache.hc.client5.http.wire - http-outgoing-1 << "{"status":"Downloading","progressDetail":{"current":95648111,"total":142117631},"progress":"[=================================\u003e                 ]  95.65MB/142.1MB","id":"cef47928a8bc"}[\r][\n]"
21:15:48.641 [docker-java-stream-926242780] DEBUG org.apache.hc.client5.http.wire - http-outgoing-1 << "[\r][\n]"
21:15:48.681 [docker-java-stream-926242780] DEBUG org.apache.hc.client5.http.wire - http-outgoing-1 << "bf[\r][\n]"
21:15:48.681 [docker-java-stream-926242780] DEBUG org.apache.hc.client5.http.wire - http-outgoing-1 << "{"status":"Downloading","progressDetail":{"current":90376519,"total":257828120},"progress":"[=================\u003e                                 ]  90.38MB/257.8MB","id":"1c1198b7f899"}[\r][\n]"
21:15:48.681 [docker-java-stream-926242780] DEBUG org.apache.hc.client5.http.wire - http-outgoing-1 << "[\r][\n]"
21:15:48.775 [docker-java-stream-926242780] DEBUG org.apache.hc.client5.http.wire - http-outgoing-1 << "bf[\r][\n]"
21:15:48.775 [docker-java-stream-926242780] DEBUG org.apache.hc.client5.http.wire - http-outgoing-1 << "{"status":"Downloading","progressDetail":{"current":96725359,"total":142117631},"progress":"[==================================\u003e                ]  96.73MB/142.1MB","id":"cef47928a8bc"}[\r][\n]"
21:15:48.775 [docker-java-stream-926242780] DEBUG org.apache.hc.client5.http.wire - http-outgoing-1 << "[\r][\n]"
21:15:48.787 [docker-java-stream-926242780] DEBUG org.apache.hc.client5.http.wire - http-outgoing-1 << "bf[\r][\n]"
21:15:48.787 [docker-java-stream-926242780] DEBUG org.apache.hc.client5.http.wire - http-outgoing-1 << "{"status":"Downloading","progressDetail":{"current":90904903,"total":257828120},"progress":"[=================\u003e                                 ]   90.9MB/257.8MB","id":"1c1198b7f899"}[\r][\n]"
21:15:48.787 [docker-java-stream-926242780] DEBUG org.apache.hc.client5.http.wire - http-outgoing-1 << "[\r][\n]"
21:15:48.897 [docker-java-stream-926242780] DEBUG org.apache.hc.client5.http.wire - http-outgoing-1 << "bf[\r][\n]"
21:15:48.897 [docker-java-stream-926242780] DEBUG org.apache.hc.client5.http.wire - http-outgoing-1 << "{"status":"Downloading","progressDetail":{"current":91445575,"total":257828120},"progress":"[=================\u003e                                 ]  91.45MB/257.8MB","id":"1c1198b7f899"}[\r][\n]"
21:15:48.897 [docker-java-stream-926242780] DEBUG org.apache.hc.client5.http.wire - http-outgoing-1 << "[\r][\n]"
21:15:48.941 [docker-java-stream-926242780] DEBUG org.apache.hc.client5.http.wire - http-outgoing-1 << "bf[\r][\n]"
21:15:48.941 [docker-java-stream-926242780] DEBUG org.apache.hc.client5.http.wire - http-outgoing-1 << "{"status":"Downloading","progressDetail":{"current":97794415,"total":142117631},"progress":"[==================================\u003e                ]  97.79MB/142.1MB","id":"cef47928a8bc"}[\r][\n]"
21:15:48.941 [docker-java-stream-926242780] DEBUG org.apache.hc.client5.http.wire - http-outgoing-1 << "[\r][\n]"
21:15:49.008 [docker-java-stream-926242780] DEBUG org.apache.hc.client5.http.wire - http-outgoing-1 << "bf[\r][\n]"
21:15:49.008 [docker-java-stream-926242780] DEBUG org.apache.hc.client5.http.wire - http-outgoing-1 << "{"status":"Downloading","progressDetail":{"current":91986247,"total":257828120},"progress":"[=================\u003e                                 ]  91.99MB/257.8MB","id":"1c1198b7f899"}[\r][\n]"
21:15:49.008 [docker-java-stream-926242780] DEBUG org.apache.hc.client5.http.wire - http-outgoing-1 << "[\r][\n]"
21:15:49.106 [docker-java-stream-926242780] DEBUG org.apache.hc.client5.http.wire - http-outgoing-1 << "bf[\r][\n]"
21:15:49.106 [docker-java-stream-926242780] DEBUG org.apache.hc.client5.http.wire - http-outgoing-1 << "{"status":"Downloading","progressDetail":{"current":98871663,"total":142117631},"progress":"[==================================\u003e                ]  98.87MB/142.1MB","id":"cef47928a8bc"}[\r][\n]"
21:15:49.106 [docker-java-stream-926242780] DEBUG org.apache.hc.client5.http.wire - http-outgoing-1 << "[\r][\n]"
21:15:49.119 [docker-java-stream-926242780] DEBUG org.apache.hc.client5.http.wire - http-outgoing-1 << "bf[\r][\n]"
21:15:49.119 [docker-java-stream-926242780] DEBUG org.apache.hc.client5.http.wire - http-outgoing-1 << "{"status":"Downloading","progressDetail":{"current":92522823,"total":257828120},"progress":"[=================\u003e                                 ]  92.52MB/257.8MB","id":"1c1198b7f899"}[\r][\n]"
21:15:49.119 [docker-java-stream-926242780] DEBUG org.apache.hc.client5.http.wire - http-outgoing-1 << "[\r][\n]"
21:15:49.228 [docker-java-stream-926242780] DEBUG org.apache.hc.client5.http.wire - http-outgoing-1 << "bf[\r][\n]"
21:15:49.228 [docker-java-stream-926242780] DEBUG org.apache.hc.client5.http.wire - http-outgoing-1 << "{"status":"Downloading","progressDetail":{"current":93063495,"total":257828120},"progress":"[==================\u003e                                ]  93.06MB/257.8MB","id":"1c1198b7f899"}[\r][\n]"
21:15:49.228 [docker-java-stream-926242780] DEBUG org.apache.hc.client5.http.wire - http-outgoing-1 << "[\r][\n]"
21:15:49.273 [docker-java-stream-926242780] DEBUG org.apache.hc.client5.http.wire - http-outgoing-1 << "bf[\r][\n]"
21:15:49.273 [docker-java-stream-926242780] DEBUG org.apache.hc.client5.http.wire - http-outgoing-1 << "{"status":"Downloading","progressDetail":{"current":99948911,"total":142117631},"progress":"[===================================\u003e               ]  99.95MB/142.1MB","id":"cef47928a8bc"}[\r][\n]"
21:15:49.273 [docker-java-stream-926242780] DEBUG org.apache.hc.client5.http.wire - http-outgoing-1 << "[\r][\n]"
21:15:49.340 [docker-java-stream-926242780] DEBUG org.apache.hc.client5.http.wire - http-outgoing-1 << "bf[\r][\n]"
21:15:49.340 [docker-java-stream-926242780] DEBUG org.apache.hc.client5.http.wire - http-outgoing-1 << "{"status":"Downloading","progressDetail":{"current":93604167,"total":257828120},"progress":"[==================\u003e                                ]   93.6MB/257.8MB","id":"1c1198b7f899"}[\r][\n]"
21:15:49.340 [docker-java-stream-926242780] DEBUG org.apache.hc.client5.http.wire - http-outgoing-1 << "[\r][\n]"
21:15:49.440 [docker-java-stream-926242780] DEBUG org.apache.hc.client5.http.wire - http-outgoing-1 << "c0[\r][\n]"
21:15:49.440 [docker-java-stream-926242780] DEBUG org.apache.hc.client5.http.wire - http-outgoing-1 << "{"status":"Downloading","progressDetail":{"current":101017967,"total":142117631},"progress":"[===================================\u003e               ]    101MB/142.1MB","id":"cef47928a8bc"}[\r][\n]"
21:15:49.440 [docker-java-stream-926242780] DEBUG org.apache.hc.client5.http.wire - http-outgoing-1 << "[\r][\n]"
21:15:49.449 [docker-java-stream-926242780] DEBUG org.apache.hc.client5.http.wire - http-outgoing-1 << "bf[\r][\n]"
21:15:49.449 [docker-java-stream-926242780] DEBUG org.apache.hc.client5.http.wire - http-outgoing-1 << "{"status":"Downloading","progressDetail":{"current":94140743,"total":257828120},"progress":"[==================\u003e                                ]  94.14MB/257.8MB","id":"1c1198b7f899"}[\r][\n]"
21:15:49.449 [docker-java-stream-926242780] DEBUG org.apache.hc.client5.http.wire - http-outgoing-1 << "[\r][\n]"
21:15:49.563 [docker-java-stream-926242780] DEBUG org.apache.hc.client5.http.wire - http-outgoing-1 << "bf[\r][\n]"
21:15:49.563 [docker-java-stream-926242780] DEBUG org.apache.hc.client5.http.wire - http-outgoing-1 << "{"status":"Downloading","progressDetail":{"current":94681415,"total":257828120},"progress":"[==================\u003e                                ]  94.68MB/257.8MB","id":"1c1198b7f899"}[\r][\n]"
21:15:49.563 [docker-java-stream-926242780] DEBUG org.apache.hc.client5.http.wire - http-outgoing-1 << "[\r][\n]"
21:15:49.600 [docker-java-stream-926242780] DEBUG org.apache.hc.client5.http.wire - http-outgoing-1 << "c0[\r][\n]"
21:15:49.600 [docker-java-stream-926242780] DEBUG org.apache.hc.client5.http.wire - http-outgoing-1 << "{"status":"Downloading","progressDetail":{"current":102082927,"total":142117631},"progress":"[===================================\u003e               ]  102.1MB/142.1MB","id":"cef47928a8bc"}[\r][\n]"
21:15:49.600 [docker-java-stream-926242780] DEBUG org.apache.hc.client5.http.wire - http-outgoing-1 << "[\r][\n]"
21:15:49.681 [docker-java-stream-926242780] DEBUG org.apache.hc.client5.http.wire - http-outgoing-1 << "bf[\r][\n]"
21:15:49.681 [docker-java-stream-926242780] DEBUG org.apache.hc.client5.http.wire - http-outgoing-1 << "{"status":"Downloading","progressDetail":{"current":95222087,"total":257828120},"progress":"[==================\u003e                                ]  95.22MB/257.8MB","id":"1c1198b7f899"}[\r][\n]"
21:15:49.681 [docker-java-stream-926242780] DEBUG org.apache.hc.client5.http.wire - http-outgoing-1 << "[\r][\n]"
21:15:49.765 [docker-java-stream-926242780] DEBUG org.apache.hc.client5.http.wire - http-outgoing-1 << "c0[\r][\n]"
21:15:49.765 [docker-java-stream-926242780] DEBUG org.apache.hc.client5.http.wire - http-outgoing-1 << "{"status":"Downloading","progressDetail":{"current":103164271,"total":142117631},"progress":"[====================================\u003e              ]  103.2MB/142.1MB","id":"cef47928a8bc"}[\r][\n]"
21:15:49.765 [docker-java-stream-926242780] DEBUG org.apache.hc.client5.http.wire - http-outgoing-1 << "[\r][\n]"
21:15:49.793 [docker-java-stream-926242780] DEBUG org.apache.hc.client5.http.wire - http-outgoing-1 << "bf[\r][\n]"
21:15:49.793 [docker-java-stream-926242780] DEBUG org.apache.hc.client5.http.wire - http-outgoing-1 << "{"status":"Downloading","progressDetail":{"current":95762759,"total":257828120},"progress":"[==================\u003e                                ]  95.76MB/257.8MB","id":"1c1198b7f899"}[\r][\n]"
21:15:49.793 [docker-java-stream-926242780] DEBUG org.apache.hc.client5.http.wire - http-outgoing-1 << "[\r][\n]"
21:15:49.910 [docker-java-stream-926242780] DEBUG org.apache.hc.client5.http.wire - http-outgoing-1 << "bf[\r][\n]"
21:15:49.910 [docker-java-stream-926242780] DEBUG org.apache.hc.client5.http.wire - http-outgoing-1 << "{"status":"Downloading","progressDetail":{"current":96303431,"total":257828120},"progress":"[==================\u003e                                ]   96.3MB/257.8MB","id":"1c1198b7f899"}[\r][\n]"
21:15:49.910 [docker-java-stream-926242780] DEBUG org.apache.hc.client5.http.wire - http-outgoing-1 << "[\r][\n]"
21:15:49.926 [docker-java-stream-926242780] DEBUG org.apache.hc.client5.http.wire - http-outgoing-1 << "c0[\r][\n]"
21:15:49.926 [docker-java-stream-926242780] DEBUG org.apache.hc.client5.http.wire - http-outgoing-1 << "{"status":"Downloading","progressDetail":{"current":104245615,"total":142117631},"progress":"[====================================\u003e              ]  104.2MB/142.1MB","id":"cef47928a8bc"}[\r][\n]"
21:15:49.926 [docker-java-stream-926242780] DEBUG org.apache.hc.client5.http.wire - http-outgoing-1 << "[\r][\n]"
21:15:50.032 [docker-java-stream-926242780] DEBUG org.apache.hc.client5.http.wire - http-outgoing-1 << "bf[\r][\n]"
21:15:50.032 [docker-java-stream-926242780] DEBUG org.apache.hc.client5.http.wire - http-outgoing-1 << "{"status":"Downloading","progressDetail":{"current":96831815,"total":257828120},"progress":"[==================\u003e                                ]  96.83MB/257.8MB","id":"1c1198b7f899"}[\r][\n]"
21:15:50.032 [docker-java-stream-926242780] DEBUG org.apache.hc.client5.http.wire - http-outgoing-1 << "[\r][\n]"
21:15:50.087 [docker-java-stream-926242780] DEBUG org.apache.hc.client5.http.wire - http-outgoing-1 << "c0[\r][\n]"
21:15:50.088 [docker-java-stream-926242780] DEBUG org.apache.hc.client5.http.wire - http-outgoing-1 << "{"status":"Downloading","progressDetail":{"current":105326959,"total":142117631},"progress":"[=====================================\u003e             ]  105.3MB/142.1MB","id":"cef47928a8bc"}[\r][\n]"
21:15:50.088 [docker-java-stream-926242780] DEBUG org.apache.hc.client5.http.wire - http-outgoing-1 << "[\r][\n]"
21:15:50.150 [docker-java-stream-926242780] DEBUG org.apache.hc.client5.http.wire - http-outgoing-1 << "bf[\r][\n]"
21:15:50.150 [docker-java-stream-926242780] DEBUG org.apache.hc.client5.http.wire - http-outgoing-1 << "{"status":"Downloading","progressDetail":{"current":97360199,"total":257828120},"progress":"[==================\u003e                                ]  97.36MB/257.8MB","id":"1c1198b7f899"}[\r][\n]"
21:15:50.150 [docker-java-stream-926242780] DEBUG org.apache.hc.client5.http.wire - http-outgoing-1 << "[\r][\n]"
21:15:50.247 [docker-java-stream-926242780] DEBUG org.apache.hc.client5.http.wire - http-outgoing-1 << "c0[\r][\n]"
21:15:50.247 [docker-java-stream-926242780] DEBUG org.apache.hc.client5.http.wire - http-outgoing-1 << "{"status":"Downloading","progressDetail":{"current":106404207,"total":142117631},"progress":"[=====================================\u003e             ]  106.4MB/142.1MB","id":"cef47928a8bc"}[\r][\n]"
21:15:50.247 [docker-java-stream-926242780] DEBUG org.apache.hc.client5.http.wire - http-outgoing-1 << "[\r][\n]"
21:15:50.270 [docker-java-stream-926242780] DEBUG org.apache.hc.client5.http.wire - http-outgoing-1 << "bf[\r][\n]"
21:15:50.270 [docker-java-stream-926242780] DEBUG org.apache.hc.client5.http.wire - http-outgoing-1 << "{"status":"Downloading","progressDetail":{"current":97900871,"total":257828120},"progress":"[==================\u003e                                ]   97.9MB/257.8MB","id":"1c1198b7f899"}[\r][\n]"
21:15:50.270 [docker-java-stream-926242780] DEBUG org.apache.hc.client5.http.wire - http-outgoing-1 << "[\r][\n]"
21:15:50.391 [docker-java-stream-926242780] DEBUG org.apache.hc.client5.http.wire - http-outgoing-1 << "bf[\r][\n]"
21:15:50.391 [docker-java-stream-926242780] DEBUG org.apache.hc.client5.http.wire - http-outgoing-1 << "{"status":"Downloading","progressDetail":{"current":98441543,"total":257828120},"progress":"[===================\u003e                               ]  98.44MB/257.8MB","id":"1c1198b7f899"}[\r][\n]"
21:15:50.391 [docker-java-stream-926242780] DEBUG org.apache.hc.client5.http.wire - http-outgoing-1 << "[\r][\n]"
21:15:50.405 [docker-java-stream-926242780] DEBUG org.apache.hc.client5.http.wire - http-outgoing-1 << "c0[\r][\n]"
21:15:50.405 [docker-java-stream-926242780] DEBUG org.apache.hc.client5.http.wire - http-outgoing-1 << "{"status":"Downloading","progressDetail":{"current":107485551,"total":142117631},"progress":"[=====================================\u003e             ]  107.5MB/142.1MB","id":"cef47928a8bc"}[\r][\n]"
21:15:50.405 [docker-java-stream-926242780] DEBUG org.apache.hc.client5.http.wire - http-outgoing-1 << "[\r][\n]"
21:15:50.541 [docker-java-stream-926242780] DEBUG org.apache.hc.client5.http.wire - http-outgoing-1 << "bf[\r][\n]"
21:15:50.541 [docker-java-stream-926242780] DEBUG org.apache.hc.client5.http.wire - http-outgoing-1 << "{"status":"Downloading","progressDetail":{"current":98969927,"total":257828120},"progress":"[===================\u003e                               ]  98.97MB/257.8MB","id":"1c1198b7f899"}[\r][\n]"
21:15:50.541 [docker-java-stream-926242780] DEBUG org.apache.hc.client5.http.wire - http-outgoing-1 << "[\r][\n]"
21:15:50.592 [docker-java-stream-926242780] DEBUG org.apache.hc.client5.http.wire - http-outgoing-1 << "c0[\r][\n]"
21:15:50.592 [docker-java-stream-926242780] DEBUG org.apache.hc.client5.http.wire - http-outgoing-1 << "{"status":"Downloading","progressDetail":{"current":108558703,"total":142117631},"progress":"[======================================\u003e            ]  108.6MB/142.1MB","id":"cef47928a8bc"}[\r][\n]"
21:15:50.592 [docker-java-stream-926242780] DEBUG org.apache.hc.client5.http.wire - http-outgoing-1 << "[\r][\n]"
21:15:50.702 [docker-java-stream-926242780] DEBUG org.apache.hc.client5.http.wire - http-outgoing-1 << "bf[\r][\n]"
21:15:50.702 [docker-java-stream-926242780] DEBUG org.apache.hc.client5.http.wire - http-outgoing-1 << "{"status":"Downloading","progressDetail":{"current":99510599,"total":257828120},"progress":"[===================\u003e                               ]  99.51MB/257.8MB","id":"1c1198b7f899"}[\r][\n]"
21:15:50.702 [docker-java-stream-926242780] DEBUG org.apache.hc.client5.http.wire - http-outgoing-1 << "[\r][\n]"
21:15:50.703 [docker-java-stream-926242780] DEBUG org.apache.hc.client5.http.wire - http-outgoing-1 << "c0[\r][\n]"
21:15:50.703 [docker-java-stream-926242780] DEBUG org.apache.hc.client5.http.wire - http-outgoing-1 << "{"status":"Downloading","progressDetail":{"current":109095279,"total":142117631},"progress":"[======================================\u003e            ]  109.1MB/142.1MB","id":"cef47928a8bc"}[\r][\n]"
21:15:50.703 [docker-java-stream-926242780] DEBUG org.apache.hc.client5.http.wire - http-outgoing-1 << "[\r][\n]"
21:15:50.825 [docker-java-stream-926242780] DEBUG org.apache.hc.client5.http.wire - http-outgoing-1 << "c0[\r][\n]"
21:15:50.825 [docker-java-stream-926242780] DEBUG org.apache.hc.client5.http.wire - http-outgoing-1 << "{"status":"Downloading","progressDetail":{"current":100051271,"total":257828120},"progress":"[===================\u003e                               ]  100.1MB/257.8MB","id":"1c1198b7f899"}[\r][\n]"
21:15:50.825 [docker-java-stream-926242780] DEBUG org.apache.hc.client5.http.wire - http-outgoing-1 << "[\r][\n]"
21:15:50.842 [docker-java-stream-926242780] DEBUG org.apache.hc.client5.http.wire - http-outgoing-1 << "c0[\r][\n]"
21:15:50.842 [docker-java-stream-926242780] DEBUG org.apache.hc.client5.http.wire - http-outgoing-1 << "{"status":"Downloading","progressDetail":{"current":110160239,"total":142117631},"progress":"[======================================\u003e            ]  110.2MB/142.1MB","id":"cef47928a8bc"}[\r][\n]"
21:15:50.842 [docker-java-stream-926242780] DEBUG org.apache.hc.client5.http.wire - http-outgoing-1 << "[\r][\n]"
21:15:50.995 [docker-java-stream-926242780] DEBUG org.apache.hc.client5.http.wire - http-outgoing-1 << "c0[\r][\n]"
21:15:50.995 [docker-java-stream-926242780] DEBUG org.apache.hc.client5.http.wire - http-outgoing-1 << "{"status":"Downloading","progressDetail":{"current":111225199,"total":142117631},"progress":"[=======================================\u003e           ]  111.2MB/142.1MB","id":"cef47928a8bc"}[\r][\n]"
21:15:50.995 [docker-java-stream-926242780] DEBUG org.apache.hc.client5.http.wire - http-outgoing-1 << "[\r][\n]"
21:15:51.037 [docker-java-stream-926242780] DEBUG org.apache.hc.client5.http.wire - http-outgoing-1 << "c0[\r][\n]"
21:15:51.037 [docker-java-stream-926242780] DEBUG org.apache.hc.client5.http.wire - http-outgoing-1 << "{"status":"Downloading","progressDetail":{"current":101132615,"total":257828120},"progress":"[===================\u003e                               ]  101.1MB/257.8MB","id":"1c1198b7f899"}[\r][\n]"
21:15:51.037 [docker-java-stream-926242780] DEBUG org.apache.hc.client5.http.wire - http-outgoing-1 << "[\r][\n]"
21:15:51.148 [docker-java-stream-926242780] DEBUG org.apache.hc.client5.http.wire - http-outgoing-1 << "c0[\r][\n]"
21:15:51.148 [docker-java-stream-926242780] DEBUG org.apache.hc.client5.http.wire - http-outgoing-1 << "{"status":"Downloading","progressDetail":{"current":112290159,"total":142117631},"progress":"[=======================================\u003e           ]  112.3MB/142.1MB","id":"cef47928a8bc"}[\r][\n]"
21:15:51.148 [docker-java-stream-926242780] DEBUG org.apache.hc.client5.http.wire - http-outgoing-1 << "[\r][\n]"
21:15:51.155 [docker-java-stream-926242780] DEBUG org.apache.hc.client5.http.wire - http-outgoing-1 << "c0[\r][\n]"
21:15:51.155 [docker-java-stream-926242780] DEBUG org.apache.hc.client5.http.wire - http-outgoing-1 << "{"status":"Downloading","progressDetail":{"current":101660999,"total":257828120},"progress":"[===================\u003e                               ]  101.7MB/257.8MB","id":"1c1198b7f899"}[\r][\n]"
21:15:51.155 [docker-java-stream-926242780] DEBUG org.apache.hc.client5.http.wire - http-outgoing-1 << "[\r][\n]"
21:15:51.281 [docker-java-stream-926242780] DEBUG org.apache.hc.client5.http.wire - http-outgoing-1 << "c0[\r][\n]"
21:15:51.281 [docker-java-stream-926242780] DEBUG org.apache.hc.client5.http.wire - http-outgoing-1 << "{"status":"Downloading","progressDetail":{"current":102201671,"total":257828120},"progress":"[===================\u003e                               ]  102.2MB/257.8MB","id":"1c1198b7f899"}[\r][\n]"
21:15:51.281 [docker-java-stream-926242780] DEBUG org.apache.hc.client5.http.wire - http-outgoing-1 << "[\r][\n]"
21:15:51.308 [docker-java-stream-926242780] DEBUG org.apache.hc.client5.http.wire - http-outgoing-1 << "c0[\r][\n]"
21:15:51.308 [docker-java-stream-926242780] DEBUG org.apache.hc.client5.http.wire - http-outgoing-1 << "{"status":"Downloading","progressDetail":{"current":113359215,"total":142117631},"progress":"[=======================================\u003e           ]  113.4MB/142.1MB","id":"cef47928a8bc"}[\r][\n]"
21:15:51.308 [docker-java-stream-926242780] DEBUG org.apache.hc.client5.http.wire - http-outgoing-1 << "[\r][\n]"
21:15:51.409 [docker-java-stream-926242780] DEBUG org.apache.hc.client5.http.wire - http-outgoing-1 << "c0[\r][\n]"
21:15:51.409 [docker-java-stream-926242780] DEBUG org.apache.hc.client5.http.wire - http-outgoing-1 << "{"status":"Downloading","progressDetail":{"current":102738247,"total":257828120},"progress":"[===================\u003e                               ]  102.7MB/257.8MB","id":"1c1198b7f899"}[\r][\n]"
21:15:51.409 [docker-java-stream-926242780] DEBUG org.apache.hc.client5.http.wire - http-outgoing-1 << "[\r][\n]"
21:15:51.457 [docker-java-stream-926242780] DEBUG org.apache.hc.client5.http.wire - http-outgoing-1 << "c0[\r][\n]"
21:15:51.457 [docker-java-stream-926242780] DEBUG org.apache.hc.client5.http.wire - http-outgoing-1 << "{"status":"Downloading","progressDetail":{"current":114428271,"total":142117631},"progress":"[========================================\u003e          ]  114.4MB/142.1MB","id":"cef47928a8bc"}[\r][\n]"
21:15:51.457 [docker-java-stream-926242780] DEBUG org.apache.hc.client5.http.wire - http-outgoing-1 << "[\r][\n]"
21:15:51.534 [docker-java-stream-926242780] DEBUG org.apache.hc.client5.http.wire - http-outgoing-1 << "c0[\r][\n]"
21:15:51.534 [docker-java-stream-926242780] DEBUG org.apache.hc.client5.http.wire - http-outgoing-1 << "{"status":"Downloading","progressDetail":{"current":103274823,"total":257828120},"progress":"[====================\u003e                              ]  103.3MB/257.8MB","id":"1c1198b7f899"}[\r][\n]"
21:15:51.534 [docker-java-stream-926242780] DEBUG org.apache.hc.client5.http.wire - http-outgoing-1 << "[\r][\n]"
21:15:51.608 [docker-java-stream-926242780] DEBUG org.apache.hc.client5.http.wire - http-outgoing-1 << "c0[\r][\n]"
21:15:51.608 [docker-java-stream-926242780] DEBUG org.apache.hc.client5.http.wire - http-outgoing-1 << "{"status":"Downloading","progressDetail":{"current":115509615,"total":142117631},"progress":"[========================================\u003e          ]  115.5MB/142.1MB","id":"cef47928a8bc"}[\r][\n]"
21:15:51.608 [docker-java-stream-926242780] DEBUG org.apache.hc.client5.http.wire - http-outgoing-1 << "[\r][\n]"
21:15:51.661 [docker-java-stream-926242780] DEBUG org.apache.hc.client5.http.wire - http-outgoing-1 << "c0[\r][\n]"
21:15:51.662 [docker-java-stream-926242780] DEBUG org.apache.hc.client5.http.wire - http-outgoing-1 << "{"status":"Downloading","progressDetail":{"current":103815495,"total":257828120},"progress":"[====================\u003e                              ]  103.8MB/257.8MB","id":"1c1198b7f899"}[\r][\n]"
21:15:51.662 [docker-java-stream-926242780] DEBUG org.apache.hc.client5.http.wire - http-outgoing-1 << "[\r][\n]"
21:15:51.783 [docker-java-stream-926242780] DEBUG org.apache.hc.client5.http.wire - http-outgoing-1 << "c0[\r][\n]"
21:15:51.783 [docker-java-stream-926242780] DEBUG org.apache.hc.client5.http.wire - http-outgoing-1 << "{"status":"Downloading","progressDetail":{"current":116582767,"total":142117631},"progress":"[=========================================\u003e         ]  116.6MB/142.1MB","id":"cef47928a8bc"}[\r][\n]"
21:15:51.783 [docker-java-stream-926242780] DEBUG org.apache.hc.client5.http.wire - http-outgoing-1 << "[\r][\n]"
21:15:51.795 [docker-java-stream-926242780] DEBUG org.apache.hc.client5.http.wire - http-outgoing-1 << "c0[\r][\n]"
21:15:51.795 [docker-java-stream-926242780] DEBUG org.apache.hc.client5.http.wire - http-outgoing-1 << "{"status":"Downloading","progressDetail":{"current":104343879,"total":257828120},"progress":"[====================\u003e                              ]  104.3MB/257.8MB","id":"1c1198b7f899"}[\r][\n]"
21:15:51.795 [docker-java-stream-926242780] DEBUG org.apache.hc.client5.http.wire - http-outgoing-1 << "[\r][\n]"
21:15:51.916 [docker-java-stream-926242780] DEBUG org.apache.hc.client5.http.wire - http-outgoing-1 << "c0[\r][\n]"
21:15:51.916 [docker-java-stream-926242780] DEBUG org.apache.hc.client5.http.wire - http-outgoing-1 << "{"status":"Downloading","progressDetail":{"current":117664111,"total":142117631},"progress":"[=========================================\u003e         ]  117.7MB/142.1MB","id":"cef47928a8bc"}[\r][\n]"
21:15:51.916 [docker-java-stream-926242780] DEBUG org.apache.hc.client5.http.wire - http-outgoing-1 << "[\r][\n]"
21:15:51.922 [docker-java-stream-926242780] DEBUG org.apache.hc.client5.http.wire - http-outgoing-1 << "c0[\r][\n]"
21:15:51.922 [docker-java-stream-926242780] DEBUG org.apache.hc.client5.http.wire - http-outgoing-1 << "{"status":"Downloading","progressDetail":{"current":104884551,"total":257828120},"progress":"[====================\u003e                              ]  104.9MB/257.8MB","id":"1c1198b7f899"}[\r][\n]"
21:15:51.922 [docker-java-stream-926242780] DEBUG org.apache.hc.client5.http.wire - http-outgoing-1 << "[\r][\n]"
21:15:52.053 [docker-java-stream-926242780] DEBUG org.apache.hc.client5.http.wire - http-outgoing-1 << "c0[\r][\n]"
21:15:52.053 [docker-java-stream-926242780] DEBUG org.apache.hc.client5.http.wire - http-outgoing-1 << "{"status":"Downloading","progressDetail":{"current":105412935,"total":257828120},"progress":"[====================\u003e                              ]  105.4MB/257.8MB","id":"1c1198b7f899"}[\r][\n]"
21:15:52.053 [docker-java-stream-926242780] DEBUG org.apache.hc.client5.http.wire - http-outgoing-1 << "[\r][\n]"
21:15:52.061 [docker-java-stream-926242780] DEBUG org.apache.hc.client5.http.wire - http-outgoing-1 << "c0[\r][\n]"
21:15:52.061 [docker-java-stream-926242780] DEBUG org.apache.hc.client5.http.wire - http-outgoing-1 << "{"status":"Downloading","progressDetail":{"current":118737263,"total":142117631},"progress":"[=========================================\u003e         ]  118.7MB/142.1MB","id":"cef47928a8bc"}[\r][\n]"
21:15:52.061 [docker-java-stream-926242780] DEBUG org.apache.hc.client5.http.wire - http-outgoing-1 << "[\r][\n]"
21:15:52.187 [docker-java-stream-926242780] DEBUG org.apache.hc.client5.http.wire - http-outgoing-1 << "c0[\r][\n]"
21:15:52.187 [docker-java-stream-926242780] DEBUG org.apache.hc.client5.http.wire - http-outgoing-1 << "{"status":"Downloading","progressDetail":{"current":105953607,"total":257828120},"progress":"[====================\u003e                              ]    106MB/257.8MB","id":"1c1198b7f899"}[\r][\n]"
21:15:52.187 [docker-java-stream-926242780] DEBUG org.apache.hc.client5.http.wire - http-outgoing-1 << "[\r][\n]"
21:15:52.206 [docker-java-stream-926242780] DEBUG org.apache.hc.client5.http.wire - http-outgoing-1 << "c0[\r][\n]"
21:15:52.206 [docker-java-stream-926242780] DEBUG org.apache.hc.client5.http.wire - http-outgoing-1 << "{"status":"Downloading","progressDetail":{"current":119810415,"total":142117631},"progress":"[==========================================\u003e        ]  119.8MB/142.1MB","id":"cef47928a8bc"}[\r][\n]"
21:15:52.206 [docker-java-stream-926242780] DEBUG org.apache.hc.client5.http.wire - http-outgoing-1 << "[\r][\n]"
21:15:52.318 [docker-java-stream-926242780] DEBUG org.apache.hc.client5.http.wire - http-outgoing-1 << "c0[\r][\n]"
21:15:52.318 [docker-java-stream-926242780] DEBUG org.apache.hc.client5.http.wire - http-outgoing-1 << "{"status":"Downloading","progressDetail":{"current":106481991,"total":257828120},"progress":"[====================\u003e                              ]  106.5MB/257.8MB","id":"1c1198b7f899"}[\r][\n]"
21:15:52.318 [docker-java-stream-926242780] DEBUG org.apache.hc.client5.http.wire - http-outgoing-1 << "[\r][\n]"
21:15:52.352 [docker-java-stream-926242780] DEBUG org.apache.hc.client5.http.wire - http-outgoing-1 << "c0[\r][\n]"
21:15:52.352 [docker-java-stream-926242780] DEBUG org.apache.hc.client5.http.wire - http-outgoing-1 << "{"status":"Downloading","progressDetail":{"current":120871279,"total":142117631},"progress":"[==========================================\u003e        ]  120.9MB/142.1MB","id":"cef47928a8bc"}[\r][\n]"
21:15:52.352 [docker-java-stream-926242780] DEBUG org.apache.hc.client5.http.wire - http-outgoing-1 << "[\r][\n]"
21:15:52.456 [docker-java-stream-926242780] DEBUG org.apache.hc.client5.http.wire - http-outgoing-1 << "c0[\r][\n]"
21:15:52.457 [docker-java-stream-926242780] DEBUG org.apache.hc.client5.http.wire - http-outgoing-1 << "{"status":"Downloading","progressDetail":{"current":107018567,"total":257828120},"progress":"[====================\u003e                              ]    107MB/257.8MB","id":"1c1198b7f899"}[\r][\n]"
21:15:52.457 [docker-java-stream-926242780] DEBUG org.apache.hc.client5.http.wire - http-outgoing-1 << "[\r][\n]"
21:15:52.501 [docker-java-stream-926242780] DEBUG org.apache.hc.client5.http.wire - http-outgoing-1 << "c0[\r][\n]"
21:15:52.501 [docker-java-stream-926242780] DEBUG org.apache.hc.client5.http.wire - http-outgoing-1 << "{"status":"Downloading","progressDetail":{"current":121952623,"total":142117631},"progress":"[==========================================\u003e        ]    122MB/142.1MB","id":"cef47928a8bc"}[\r][\n]"
21:15:52.501 [docker-java-stream-926242780] DEBUG org.apache.hc.client5.http.wire - http-outgoing-1 << "[\r][\n]"
21:15:52.605 [docker-java-stream-926242780] DEBUG org.apache.hc.client5.http.wire - http-outgoing-1 << "c0[\r][\n]"
21:15:52.605 [docker-java-stream-926242780] DEBUG org.apache.hc.client5.http.wire - http-outgoing-1 << "{"status":"Downloading","progressDetail":{"current":107546951,"total":257828120},"progress":"[====================\u003e                              ]  107.5MB/257.8MB","id":"1c1198b7f899"}[\r][\n]"
21:15:52.605 [docker-java-stream-926242780] DEBUG org.apache.hc.client5.http.wire - http-outgoing-1 << "[\r][\n]"
21:15:52.683 [docker-java-stream-926242780] DEBUG org.apache.hc.client5.http.wire - http-outgoing-1 << "c0[\r][\n]"
21:15:52.683 [docker-java-stream-926242780] DEBUG org.apache.hc.client5.http.wire - http-outgoing-1 << "{"status":"Downloading","progressDetail":{"current":123025775,"total":142117631},"progress":"[===========================================\u003e       ]    123MB/142.1MB","id":"cef47928a8bc"}[\r][\n]"
21:15:52.683 [docker-java-stream-926242780] DEBUG org.apache.hc.client5.http.wire - http-outgoing-1 << "[\r][\n]"
21:15:52.752 [docker-java-stream-926242780] DEBUG org.apache.hc.client5.http.wire - http-outgoing-1 << "c0[\r][\n]"
21:15:52.752 [docker-java-stream-926242780] DEBUG org.apache.hc.client5.http.wire - http-outgoing-1 << "{"status":"Downloading","progressDetail":{"current":108079431,"total":257828120},"progress":"[====================\u003e                              ]  108.1MB/257.8MB","id":"1c1198b7f899"}[\r][\n]"
21:15:52.752 [docker-java-stream-926242780] DEBUG org.apache.hc.client5.http.wire - http-outgoing-1 << "[\r][\n]"
21:15:52.804 [docker-java-stream-926242780] DEBUG org.apache.hc.client5.http.wire - http-outgoing-1 << "c0[\r][\n]"
21:15:52.804 [docker-java-stream-926242780] DEBUG org.apache.hc.client5.http.wire - http-outgoing-1 << "{"status":"Downloading","progressDetail":{"current":124094831,"total":142117631},"progress":"[===========================================\u003e       ]  124.1MB/142.1MB","id":"cef47928a8bc"}[\r][\n]"
21:15:52.804 [docker-java-stream-926242780] DEBUG org.apache.hc.client5.http.wire - http-outgoing-1 << "[\r][\n]"
21:15:52.896 [docker-java-stream-926242780] DEBUG org.apache.hc.client5.http.wire - http-outgoing-1 << "c0[\r][\n]"
21:15:52.896 [docker-java-stream-926242780] DEBUG org.apache.hc.client5.http.wire - http-outgoing-1 << "{"status":"Downloading","progressDetail":{"current":108620103,"total":257828120},"progress":"[=====================\u003e                             ]  108.6MB/257.8MB","id":"1c1198b7f899"}[\r][\n]"
21:15:52.896 [docker-java-stream-926242780] DEBUG org.apache.hc.client5.http.wire - http-outgoing-1 << "[\r][\n]"
21:15:52.948 [docker-java-stream-926242780] DEBUG org.apache.hc.client5.http.wire - http-outgoing-1 << "c0[\r][\n]"
21:15:52.948 [docker-java-stream-926242780] DEBUG org.apache.hc.client5.http.wire - http-outgoing-1 << "{"status":"Downloading","progressDetail":{"current":125167983,"total":142117631},"progress":"[============================================\u003e      ]  125.2MB/142.1MB","id":"cef47928a8bc"}[\r][\n]"
21:15:52.948 [docker-java-stream-926242780] DEBUG org.apache.hc.client5.http.wire - http-outgoing-1 << "[\r][\n]"
21:15:53.044 [docker-java-stream-926242780] DEBUG org.apache.hc.client5.http.wire - http-outgoing-1 << "c0[\r][\n]"
21:15:53.044 [docker-java-stream-926242780] DEBUG org.apache.hc.client5.http.wire - http-outgoing-1 << "{"status":"Downloading","progressDetail":{"current":109160775,"total":257828120},"progress":"[=====================\u003e                             ]  109.2MB/257.8MB","id":"1c1198b7f899"}[\r][\n]"
21:15:53.044 [docker-java-stream-926242780] DEBUG org.apache.hc.client5.http.wire - http-outgoing-1 << "[\r][\n]"
21:15:53.086 [docker-java-stream-926242780] DEBUG org.apache.hc.client5.http.wire - http-outgoing-1 << "c0[\r][\n]"
21:15:53.086 [docker-java-stream-926242780] DEBUG org.apache.hc.client5.http.wire - http-outgoing-1 << "{"status":"Downloading","progressDetail":{"current":126249327,"total":142117631},"progress":"[============================================\u003e      ]  126.2MB/142.1MB","id":"cef47928a8bc"}[\r][\n]"
21:15:53.086 [docker-java-stream-926242780] DEBUG org.apache.hc.client5.http.wire - http-outgoing-1 << "[\r][\n]"
21:15:53.200 [docker-java-stream-926242780] DEBUG org.apache.hc.client5.http.wire - http-outgoing-1 << "c0[\r][\n]"
21:15:53.201 [docker-java-stream-926242780] DEBUG org.apache.hc.client5.http.wire - http-outgoing-1 << "{"status":"Downloading","progressDetail":{"current":109701447,"total":257828120},"progress":"[=====================\u003e                             ]  109.7MB/257.8MB","id":"1c1198b7f899"}[\r][\n]"
21:15:53.201 [docker-java-stream-926242780] DEBUG org.apache.hc.client5.http.wire - http-outgoing-1 << "[\r][\n]"
21:15:53.247 [docker-java-stream-926242780] DEBUG org.apache.hc.client5.http.wire - http-outgoing-1 << "c0[\r][\n]"
21:15:53.248 [docker-java-stream-926242780] DEBUG org.apache.hc.client5.http.wire - http-outgoing-1 << "{"status":"Downloading","progressDetail":{"current":127322479,"total":142117631},"progress":"[============================================\u003e      ]  127.3MB/142.1MB","id":"cef47928a8bc"}[\r][\n]"
21:15:53.248 [docker-java-stream-926242780] DEBUG org.apache.hc.client5.http.wire - http-outgoing-1 << "[\r][\n]"
21:15:53.364 [docker-java-stream-926242780] DEBUG org.apache.hc.client5.http.wire - http-outgoing-1 << "c0[\r][\n]"
21:15:53.364 [docker-java-stream-926242780] DEBUG org.apache.hc.client5.http.wire - http-outgoing-1 << "{"status":"Downloading","progressDetail":{"current":127863151,"total":142117631},"progress":"[============================================\u003e      ]  127.9MB/142.1MB","id":"cef47928a8bc"}[\r][\n]"
21:15:53.364 [docker-java-stream-926242780] DEBUG org.apache.hc.client5.http.wire - http-outgoing-1 << "[\r][\n]"
21:15:53.399 [docker-java-stream-926242780] DEBUG org.apache.hc.client5.http.wire - http-outgoing-1 << "c0[\r][\n]"
21:15:53.399 [docker-java-stream-926242780] DEBUG org.apache.hc.client5.http.wire - http-outgoing-1 << "{"status":"Downloading","progressDetail":{"current":110242119,"total":257828120},"progress":"[=====================\u003e                             ]  110.2MB/257.8MB","id":"1c1198b7f899"}[\r][\n]"
21:15:53.399 [docker-java-stream-926242780] DEBUG org.apache.hc.client5.http.wire - http-outgoing-1 << "[\r][\n]"
21:15:53.471 [docker-java-stream-926242780] DEBUG org.apache.hc.client5.http.wire - http-outgoing-1 << "c0[\r][\n]"
21:15:53.471 [docker-java-stream-926242780] DEBUG org.apache.hc.client5.http.wire - http-outgoing-1 << "{"status":"Downloading","progressDetail":{"current":128932207,"total":142117631},"progress":"[=============================================\u003e     ]  128.9MB/142.1MB","id":"cef47928a8bc"}[\r][\n]"
21:15:53.471 [docker-java-stream-926242780] DEBUG org.apache.hc.client5.http.wire - http-outgoing-1 << "[\r][\n]"
21:15:53.520 [docker-java-stream-926242780] DEBUG org.apache.hc.client5.http.wire - http-outgoing-1 << "c0[\r][\n]"
21:15:53.520 [docker-java-stream-926242780] DEBUG org.apache.hc.client5.http.wire - http-outgoing-1 << "{"status":"Downloading","progressDetail":{"current":110778695,"total":257828120},"progress":"[=====================\u003e                             ]  110.8MB/257.8MB","id":"1c1198b7f899"}[\r][\n]"
21:15:53.520 [docker-java-stream-926242780] DEBUG org.apache.hc.client5.http.wire - http-outgoing-1 << "[\r][\n]"
21:15:53.613 [docker-java-stream-926242780] DEBUG org.apache.hc.client5.http.wire - http-outgoing-1 << "c0[\r][\n]"
21:15:53.613 [docker-java-stream-926242780] DEBUG org.apache.hc.client5.http.wire - http-outgoing-1 << "{"status":"Downloading","progressDetail":{"current":130013551,"total":142117631},"progress":"[=============================================\u003e     ]    130MB/142.1MB","id":"cef47928a8bc"}[\r][\n]"
21:15:53.613 [docker-java-stream-926242780] DEBUG org.apache.hc.client5.http.wire - http-outgoing-1 << "[\r][\n]"
21:15:53.665 [docker-java-stream-926242780] DEBUG org.apache.hc.client5.http.wire - http-outgoing-1 << "c0[\r][\n]"
21:15:53.665 [docker-java-stream-926242780] DEBUG org.apache.hc.client5.http.wire - http-outgoing-1 << "{"status":"Downloading","progressDetail":{"current":111319367,"total":257828120},"progress":"[=====================\u003e                             ]  111.3MB/257.8MB","id":"1c1198b7f899"}[\r][\n]"
21:15:53.665 [docker-java-stream-926242780] DEBUG org.apache.hc.client5.http.wire - http-outgoing-1 << "[\r][\n]"
21:15:53.751 [docker-java-stream-926242780] DEBUG org.apache.hc.client5.http.wire - http-outgoing-1 << "c0[\r][\n]"
21:15:53.751 [docker-java-stream-926242780] DEBUG org.apache.hc.client5.http.wire - http-outgoing-1 << "{"status":"Downloading","progressDetail":{"current":131070319,"total":142117631},"progress":"[==============================================\u003e    ]  131.1MB/142.1MB","id":"cef47928a8bc"}[\r][\n]"
21:15:53.751 [docker-java-stream-926242780] DEBUG org.apache.hc.client5.http.wire - http-outgoing-1 << "[\r][\n]"
21:15:53.815 [docker-java-stream-926242780] DEBUG org.apache.hc.client5.http.wire - http-outgoing-1 << "c0[\r][\n]"
21:15:53.815 [docker-java-stream-926242780] DEBUG org.apache.hc.client5.http.wire - http-outgoing-1 << "{"status":"Downloading","progressDetail":{"current":111860039,"total":257828120},"progress":"[=====================\u003e                             ]  111.9MB/257.8MB","id":"1c1198b7f899"}[\r][\n]"
21:15:53.815 [docker-java-stream-926242780] DEBUG org.apache.hc.client5.http.wire - http-outgoing-1 << "[\r][\n]"
21:15:53.892 [docker-java-stream-926242780] DEBUG org.apache.hc.client5.http.wire - http-outgoing-1 << "c0[\r][\n]"
21:15:53.892 [docker-java-stream-926242780] DEBUG org.apache.hc.client5.http.wire - http-outgoing-1 << "{"status":"Downloading","progressDetail":{"current":132151663,"total":142117631},"progress":"[==============================================\u003e    ]  132.2MB/142.1MB","id":"cef47928a8bc"}[\r][\n]"
21:15:53.892 [docker-java-stream-926242780] DEBUG org.apache.hc.client5.http.wire - http-outgoing-1 << "[\r][\n]"
21:15:53.952 [docker-java-stream-926242780] DEBUG org.apache.hc.client5.http.wire - http-outgoing-1 << "c0[\r][\n]"
21:15:53.953 [docker-java-stream-926242780] DEBUG org.apache.hc.client5.http.wire - http-outgoing-1 << "{"status":"Downloading","progressDetail":{"current":112400711,"total":257828120},"progress":"[=====================\u003e                             ]  112.4MB/257.8MB","id":"1c1198b7f899"}[\r][\n]"
21:15:53.953 [docker-java-stream-926242780] DEBUG org.apache.hc.client5.http.wire - http-outgoing-1 << "[\r][\n]"
21:15:54.039 [docker-java-stream-926242780] DEBUG org.apache.hc.client5.http.wire - http-outgoing-1 << "c0[\r][\n]"
21:15:54.039 [docker-java-stream-926242780] DEBUG org.apache.hc.client5.http.wire - http-outgoing-1 << "{"status":"Downloading","progressDetail":{"current":133228911,"total":142117631},"progress":"[==============================================\u003e    ]  133.2MB/142.1MB","id":"cef47928a8bc"}[\r][\n]"
21:15:54.039 [docker-java-stream-926242780] DEBUG org.apache.hc.client5.http.wire - http-outgoing-1 << "[\r][\n]"
21:15:54.087 [docker-java-stream-926242780] DEBUG org.apache.hc.client5.http.wire - http-outgoing-1 << "c0[\r][\n]"
21:15:54.087 [docker-java-stream-926242780] DEBUG org.apache.hc.client5.http.wire - http-outgoing-1 << "{"status":"Downloading","progressDetail":{"current":112937287,"total":257828120},"progress":"[=====================\u003e                             ]  112.9MB/257.8MB","id":"1c1198b7f899"}[\r][\n]"
21:15:54.087 [docker-java-stream-926242780] DEBUG org.apache.hc.client5.http.wire - http-outgoing-1 << "[\r][\n]"
21:15:54.184 [docker-java-stream-926242780] DEBUG org.apache.hc.client5.http.wire - http-outgoing-1 << "c0[\r][\n]"
21:15:54.184 [docker-java-stream-926242780] DEBUG org.apache.hc.client5.http.wire - http-outgoing-1 << "{"status":"Downloading","progressDetail":{"current":134297967,"total":142117631},"progress":"[===============================================\u003e   ]  134.3MB/142.1MB","id":"cef47928a8bc"}[\r][\n]"
21:15:54.184 [docker-java-stream-926242780] DEBUG org.apache.hc.client5.http.wire - http-outgoing-1 << "[\r][\n]"
21:15:54.222 [docker-java-stream-926242780] DEBUG org.apache.hc.client5.http.wire - http-outgoing-1 << "c0[\r][\n]"
21:15:54.222 [docker-java-stream-926242780] DEBUG org.apache.hc.client5.http.wire - http-outgoing-1 << "{"status":"Downloading","progressDetail":{"current":113465671,"total":257828120},"progress":"[======================\u003e                            ]  113.5MB/257.8MB","id":"1c1198b7f899"}[\r][\n]"
21:15:54.222 [docker-java-stream-926242780] DEBUG org.apache.hc.client5.http.wire - http-outgoing-1 << "[\r][\n]"
21:15:54.325 [docker-java-stream-926242780] DEBUG org.apache.hc.client5.http.wire - http-outgoing-1 << "c0[\r][\n]"
21:15:54.325 [docker-java-stream-926242780] DEBUG org.apache.hc.client5.http.wire - http-outgoing-1 << "{"status":"Downloading","progressDetail":{"current":135379311,"total":142117631},"progress":"[===============================================\u003e   ]  135.4MB/142.1MB","id":"cef47928a8bc"}[\r][\n]"
21:15:54.325 [docker-java-stream-926242780] DEBUG org.apache.hc.client5.http.wire - http-outgoing-1 << "[\r][\n]"
21:15:54.583 [docker-java-stream-926242780] DEBUG org.apache.hc.client5.http.wire - http-outgoing-1 << "c0[\r][\n]"
21:15:54.584 [docker-java-stream-926242780] DEBUG org.apache.hc.client5.http.wire - http-outgoing-1 << "{"status":"Downloading","progressDetail":{"current":113994055,"total":257828120},"progress":"[======================\u003e                            ]    114MB/257.8MB","id":"1c1198b7f899"}[\r][\n]"
21:15:54.584 [docker-java-stream-926242780] DEBUG org.apache.hc.client5.http.wire - http-outgoing-1 << "[\r][\n]"
21:15:54.647 [docker-java-stream-926242780] DEBUG org.apache.hc.client5.http.wire - http-outgoing-1 << "c0[\r][\n]"
21:15:54.647 [docker-java-stream-926242780] DEBUG org.apache.hc.client5.http.wire - http-outgoing-1 << "{"status":"Downloading","progressDetail":{"current":136452463,"total":142117631},"progress":"[================================================\u003e  ]  136.5MB/142.1MB","id":"cef47928a8bc"}[\r][\n]"
21:15:54.647 [docker-java-stream-926242780] DEBUG org.apache.hc.client5.http.wire - http-outgoing-1 << "[\r][\n]"
21:15:54.711 [docker-java-stream-926242780] DEBUG org.apache.hc.client5.http.wire - http-outgoing-1 << "c0[\r][\n]"
21:15:54.712 [docker-java-stream-926242780] DEBUG org.apache.hc.client5.http.wire - http-outgoing-1 << "{"status":"Downloading","progressDetail":{"current":114534727,"total":257828120},"progress":"[======================\u003e                            ]  114.5MB/257.8MB","id":"1c1198b7f899"}[\r][\n]"
21:15:54.712 [docker-java-stream-926242780] DEBUG org.apache.hc.client5.http.wire - http-outgoing-1 << "[\r][\n]"
21:15:54.809 [docker-java-stream-926242780] DEBUG org.apache.hc.client5.http.wire - http-outgoing-1 << "c0[\r][\n]"
21:15:54.809 [docker-java-stream-926242780] DEBUG org.apache.hc.client5.http.wire - http-outgoing-1 << "{"status":"Downloading","progressDetail":{"current":137529711,"total":142117631},"progress":"[================================================\u003e  ]  137.5MB/142.1MB","id":"cef47928a8bc"}[\r][\n]"
21:15:54.809 [docker-java-stream-926242780] DEBUG org.apache.hc.client5.http.wire - http-outgoing-1 << "[\r][\n]"
21:15:54.844 [docker-java-stream-926242780] DEBUG org.apache.hc.client5.http.wire - http-outgoing-1 << "c0[\r][\n]"
21:15:54.844 [docker-java-stream-926242780] DEBUG org.apache.hc.client5.http.wire - http-outgoing-1 << "{"status":"Downloading","progressDetail":{"current":115075399,"total":257828120},"progress":"[======================\u003e                            ]  115.1MB/257.8MB","id":"1c1198b7f899"}[\r][\n]"
21:15:54.844 [docker-java-stream-926242780] DEBUG org.apache.hc.client5.http.wire - http-outgoing-1 << "[\r][\n]"
21:15:54.957 [docker-java-stream-926242780] DEBUG org.apache.hc.client5.http.wire - http-outgoing-1 << "c0[\r][\n]"
21:15:54.957 [docker-java-stream-926242780] DEBUG org.apache.hc.client5.http.wire - http-outgoing-1 << "{"status":"Downloading","progressDetail":{"current":115616071,"total":257828120},"progress":"[======================\u003e                            ]  115.6MB/257.8MB","id":"1c1198b7f899"}[\r][\n]"
21:15:54.957 [docker-java-stream-926242780] DEBUG org.apache.hc.client5.http.wire - http-outgoing-1 << "[\r][\n]"
21:15:54.965 [docker-java-stream-926242780] DEBUG org.apache.hc.client5.http.wire - http-outgoing-1 << "c0[\r][\n]"
21:15:54.965 [docker-java-stream-926242780] DEBUG org.apache.hc.client5.http.wire - http-outgoing-1 << "{"status":"Downloading","progressDetail":{"current":138602863,"total":142117631},"progress":"[================================================\u003e  ]  138.6MB/142.1MB","id":"cef47928a8bc"}[\r][\n]"
21:15:54.966 [docker-java-stream-926242780] DEBUG org.apache.hc.client5.http.wire - http-outgoing-1 << "[\r][\n]"
21:15:55.062 [docker-java-stream-926242780] DEBUG org.apache.hc.client5.http.wire - http-outgoing-1 << "c0[\r][\n]"
21:15:55.062 [docker-java-stream-926242780] DEBUG org.apache.hc.client5.http.wire - http-outgoing-1 << "{"status":"Downloading","progressDetail":{"current":116156743,"total":257828120},"progress":"[======================\u003e                            ]  116.2MB/257.8MB","id":"1c1198b7f899"}[\r][\n]"
21:15:55.062 [docker-java-stream-926242780] DEBUG org.apache.hc.client5.http.wire - http-outgoing-1 << "[\r][\n]"
21:15:55.135 [docker-java-stream-926242780] DEBUG org.apache.hc.client5.http.wire - http-outgoing-1 << "c0[\r][\n]"
21:15:55.135 [docker-java-stream-926242780] DEBUG org.apache.hc.client5.http.wire - http-outgoing-1 << "{"status":"Downloading","progressDetail":{"current":139680111,"total":142117631},"progress":"[=================================================\u003e ]  139.7MB/142.1MB","id":"cef47928a8bc"}[\r][\n]"
21:15:55.135 [docker-java-stream-926242780] DEBUG org.apache.hc.client5.http.wire - http-outgoing-1 << "[\r][\n]"
21:15:55.176 [docker-java-stream-926242780] DEBUG org.apache.hc.client5.http.wire - http-outgoing-1 << "c0[\r][\n]"
21:15:55.177 [docker-java-stream-926242780] DEBUG org.apache.hc.client5.http.wire - http-outgoing-1 << "{"status":"Downloading","progressDetail":{"current":116697415,"total":257828120},"progress":"[======================\u003e                            ]  116.7MB/257.8MB","id":"1c1198b7f899"}[\r][\n]"
21:15:55.177 [docker-java-stream-926242780] DEBUG org.apache.hc.client5.http.wire - http-outgoing-1 << "[\r][\n]"
21:15:55.282 [docker-java-stream-926242780] DEBUG org.apache.hc.client5.http.wire - http-outgoing-1 << "c0[\r][\n]"
21:15:55.282 [docker-java-stream-926242780] DEBUG org.apache.hc.client5.http.wire - http-outgoing-1 << "{"status":"Downloading","progressDetail":{"current":117225799,"total":257828120},"progress":"[======================\u003e                            ]  117.2MB/257.8MB","id":"1c1198b7f899"}[\r][\n]"
21:15:55.282 [docker-java-stream-926242780] DEBUG org.apache.hc.client5.http.wire - http-outgoing-1 << "[\r][\n]"
21:15:55.308 [docker-java-stream-926242780] DEBUG org.apache.hc.client5.http.wire - http-outgoing-1 << "c0[\r][\n]"
21:15:55.308 [docker-java-stream-926242780] DEBUG org.apache.hc.client5.http.wire - http-outgoing-1 << "{"status":"Downloading","progressDetail":{"current":140761455,"total":142117631},"progress":"[=================================================\u003e ]  140.8MB/142.1MB","id":"cef47928a8bc"}[\r][\n]"
21:15:55.308 [docker-java-stream-926242780] DEBUG org.apache.hc.client5.http.wire - http-outgoing-1 << "[\r][\n]"
21:15:55.388 [docker-java-stream-926242780] DEBUG org.apache.hc.client5.http.wire - http-outgoing-1 << "c0[\r][\n]"
21:15:55.388 [docker-java-stream-926242780] DEBUG org.apache.hc.client5.http.wire - http-outgoing-1 << "{"status":"Downloading","progressDetail":{"current":117766471,"total":257828120},"progress":"[======================\u003e                            ]  117.8MB/257.8MB","id":"1c1198b7f899"}[\r][\n]"
21:15:55.388 [docker-java-stream-926242780] DEBUG org.apache.hc.client5.http.wire - http-outgoing-1 << "[\r][\n]"
21:15:55.489 [docker-java-stream-926242780] DEBUG org.apache.hc.client5.http.wire - http-outgoing-1 << "c0[\r][\n]"
21:15:55.489 [docker-java-stream-926242780] DEBUG org.apache.hc.client5.http.wire - http-outgoing-1 << "{"status":"Downloading","progressDetail":{"current":141838703,"total":142117631},"progress":"[=================================================\u003e ]  141.8MB/142.1MB","id":"cef47928a8bc"}[\r][\n]"
21:15:55.489 [docker-java-stream-926242780] DEBUG org.apache.hc.client5.http.wire - http-outgoing-1 << "[\r][\n]"
21:15:55.497 [docker-java-stream-926242780] DEBUG org.apache.hc.client5.http.wire - http-outgoing-1 << "c0[\r][\n]"
21:15:55.497 [docker-java-stream-926242780] DEBUG org.apache.hc.client5.http.wire - http-outgoing-1 << "{"status":"Downloading","progressDetail":{"current":118307143,"total":257828120},"progress":"[======================\u003e                            ]  118.3MB/257.8MB","id":"1c1198b7f899"}[\r][\n]"
21:15:55.497 [docker-java-stream-926242780] DEBUG org.apache.hc.client5.http.wire - http-outgoing-1 << "[\r][\n]"
21:15:55.534 [docker-java-stream-926242780] DEBUG org.apache.hc.client5.http.wire - http-outgoing-1 << "49[\r][\n]"
21:15:55.534 [docker-java-stream-926242780] DEBUG org.apache.hc.client5.http.wire - http-outgoing-1 << "{"status":"Verifying Checksum","progressDetail":{},"id":"cef47928a8bc"}[\r][\n]"
21:15:55.534 [docker-java-stream-926242780] DEBUG org.apache.hc.client5.http.wire - http-outgoing-1 << "[\r][\n]"
21:15:55.534 [docker-java-stream-926242780] DEBUG org.apache.hc.client5.http.wire - http-outgoing-1 << "48[\r][\n]"
21:15:55.534 [docker-java-stream-926242780] DEBUG org.apache.hc.client5.http.wire - http-outgoing-1 << "{"status":"Download complete","progressDetail":{},"id":"cef47928a8bc"}[\r][\n]"
21:15:55.534 [docker-java-stream-926242780] DEBUG org.apache.hc.client5.http.wire - http-outgoing-1 << "[\r][\n]"
21:15:55.664 [docker-java-stream-926242780] DEBUG org.apache.hc.client5.http.wire - http-outgoing-1 << "c0[\r][\n]"
21:15:55.664 [docker-java-stream-926242780] DEBUG org.apache.hc.client5.http.wire - http-outgoing-1 << "{"status":"Downloading","progressDetail":{"current":119388487,"total":257828120},"progress":"[=======================\u003e                           ]  119.4MB/257.8MB","id":"1c1198b7f899"}[\r][\n]"
21:15:55.664 [docker-java-stream-926242780] DEBUG org.apache.hc.client5.http.wire - http-outgoing-1 << "[\r][\n]"
21:15:55.803 [docker-java-stream-926242780] DEBUG org.apache.hc.client5.http.wire - http-outgoing-1 << "c0[\r][\n]"
21:15:55.803 [docker-java-stream-926242780] DEBUG org.apache.hc.client5.http.wire - http-outgoing-1 << "{"status":"Downloading","progressDetail":{"current":120457543,"total":257828120},"progress":"[=======================\u003e                           ]  120.5MB/257.8MB","id":"1c1198b7f899"}[\r][\n]"
21:15:55.803 [docker-java-stream-926242780] DEBUG org.apache.hc.client5.http.wire - http-outgoing-1 << "[\r][\n]"
21:15:55.919 [docker-java-stream-926242780] DEBUG org.apache.hc.client5.http.wire - http-outgoing-1 << "c0[\r][\n]"
21:15:55.919 [docker-java-stream-926242780] DEBUG org.apache.hc.client5.http.wire - http-outgoing-1 << "{"status":"Downloading","progressDetail":{"current":121538887,"total":257828120},"progress":"[=======================\u003e                           ]  121.5MB/257.8MB","id":"1c1198b7f899"}[\r][\n]"
21:15:55.919 [docker-java-stream-926242780] DEBUG org.apache.hc.client5.http.wire - http-outgoing-1 << "[\r][\n]"
21:15:56.029 [docker-java-stream-926242780] DEBUG org.apache.hc.client5.http.wire - http-outgoing-1 << "c0[\r][\n]"
21:15:56.029 [docker-java-stream-926242780] DEBUG org.apache.hc.client5.http.wire - http-outgoing-1 << "{"status":"Downloading","progressDetail":{"current":122612039,"total":257828120},"progress":"[=======================\u003e                           ]  122.6MB/257.8MB","id":"1c1198b7f899"}[\r][\n]"
21:15:56.029 [docker-java-stream-926242780] DEBUG org.apache.hc.client5.http.wire - http-outgoing-1 << "[\r][\n]"
21:15:56.130 [docker-java-stream-926242780] DEBUG org.apache.hc.client5.http.wire - http-outgoing-1 << "c0[\r][\n]"
21:15:56.130 [docker-java-stream-926242780] DEBUG org.apache.hc.client5.http.wire - http-outgoing-1 << "{"status":"Downloading","progressDetail":{"current":123693383,"total":257828120},"progress":"[=======================\u003e                           ]  123.7MB/257.8MB","id":"1c1198b7f899"}[\r][\n]"
21:15:56.130 [docker-java-stream-926242780] DEBUG org.apache.hc.client5.http.wire - http-outgoing-1 << "[\r][\n]"
21:15:56.275 [docker-java-stream-926242780] DEBUG org.apache.hc.client5.http.wire - http-outgoing-1 << "c0[\r][\n]"
21:15:56.275 [docker-java-stream-926242780] DEBUG org.apache.hc.client5.http.wire - http-outgoing-1 << "{"status":"Downloading","progressDetail":{"current":125303111,"total":257828120},"progress":"[========================\u003e                          ]  125.3MB/257.8MB","id":"1c1198b7f899"}[\r][\n]"
21:15:56.275 [docker-java-stream-926242780] DEBUG org.apache.hc.client5.http.wire - http-outgoing-1 << "[\r][\n]"
21:15:56.417 [docker-java-stream-926242780] DEBUG org.apache.hc.client5.http.wire - http-outgoing-1 << "c0[\r][\n]"
21:15:56.417 [docker-java-stream-926242780] DEBUG org.apache.hc.client5.http.wire - http-outgoing-1 << "{"status":"Downloading","progressDetail":{"current":126925127,"total":257828120},"progress":"[========================\u003e                          ]  126.9MB/257.8MB","id":"1c1198b7f899"}[\r][\n]"
21:15:56.417 [docker-java-stream-926242780] DEBUG org.apache.hc.client5.http.wire - http-outgoing-1 << "[\r][\n]"
21:15:56.541 [docker-java-stream-926242780] DEBUG org.apache.hc.client5.http.wire - http-outgoing-1 << "c0[\r][\n]"
21:15:56.541 [docker-java-stream-926242780] DEBUG org.apache.hc.client5.http.wire - http-outgoing-1 << "{"status":"Downloading","progressDetail":{"current":128006471,"total":257828120},"progress":"[========================\u003e                          ]    128MB/257.8MB","id":"1c1198b7f899"}[\r][\n]"
21:15:56.541 [docker-java-stream-926242780] DEBUG org.apache.hc.client5.http.wire - http-outgoing-1 << "[\r][\n]"
21:15:56.645 [docker-java-stream-926242780] DEBUG org.apache.hc.client5.http.wire - http-outgoing-1 << "c0[\r][\n]"
21:15:56.645 [docker-java-stream-926242780] DEBUG org.apache.hc.client5.http.wire - http-outgoing-1 << "{"status":"Downloading","progressDetail":{"current":129083719,"total":257828120},"progress":"[=========================\u003e                         ]  129.1MB/257.8MB","id":"1c1198b7f899"}[\r][\n]"
21:15:56.645 [docker-java-stream-926242780] DEBUG org.apache.hc.client5.http.wire - http-outgoing-1 << "[\r][\n]"
21:15:56.789 [docker-java-stream-926242780] DEBUG org.apache.hc.client5.http.wire - http-outgoing-1 << "c0[\r][\n]"
21:15:56.789 [docker-java-stream-926242780] DEBUG org.apache.hc.client5.http.wire - http-outgoing-1 << "{"status":"Downloading","progressDetail":{"current":130697543,"total":257828120},"progress":"[=========================\u003e                         ]  130.7MB/257.8MB","id":"1c1198b7f899"}[\r][\n]"
21:15:56.789 [docker-java-stream-926242780] DEBUG org.apache.hc.client5.http.wire - http-outgoing-1 << "[\r][\n]"
21:15:56.931 [docker-java-stream-926242780] DEBUG org.apache.hc.client5.http.wire - http-outgoing-1 << "c0[\r][\n]"
21:15:56.931 [docker-java-stream-926242780] DEBUG org.apache.hc.client5.http.wire - http-outgoing-1 << "{"status":"Downloading","progressDetail":{"current":132311367,"total":257828120},"progress":"[=========================\u003e                         ]  132.3MB/257.8MB","id":"1c1198b7f899"}[\r][\n]"
21:15:56.931 [docker-java-stream-926242780] DEBUG org.apache.hc.client5.http.wire - http-outgoing-1 << "[\r][\n]"
21:15:57.072 [docker-java-stream-926242780] DEBUG org.apache.hc.client5.http.wire - http-outgoing-1 << "c0[\r][\n]"
21:15:57.073 [docker-java-stream-926242780] DEBUG org.apache.hc.client5.http.wire - http-outgoing-1 << "{"status":"Downloading","progressDetail":{"current":133921095,"total":257828120},"progress":"[=========================\u003e                         ]  133.9MB/257.8MB","id":"1c1198b7f899"}[\r][\n]"
21:15:57.073 [docker-java-stream-926242780] DEBUG org.apache.hc.client5.http.wire - http-outgoing-1 << "[\r][\n]"
21:15:57.219 [docker-java-stream-926242780] DEBUG org.apache.hc.client5.http.wire - http-outgoing-1 << "c0[\r][\n]"
21:15:57.219 [docker-java-stream-926242780] DEBUG org.apache.hc.client5.http.wire - http-outgoing-1 << "{"status":"Downloading","progressDetail":{"current":135539015,"total":257828120},"progress":"[==========================\u003e                        ]  135.5MB/257.8MB","id":"1c1198b7f899"}[\r][\n]"
21:15:57.219 [docker-java-stream-926242780] DEBUG org.apache.hc.client5.http.wire - http-outgoing-1 << "[\r][\n]"
21:15:57.361 [docker-java-stream-926242780] DEBUG org.apache.hc.client5.http.wire - http-outgoing-1 << "c0[\r][\n]"
21:15:57.361 [docker-java-stream-926242780] DEBUG org.apache.hc.client5.http.wire - http-outgoing-1 << "{"status":"Downloading","progressDetail":{"current":137148743,"total":257828120},"progress":"[==========================\u003e                        ]  137.1MB/257.8MB","id":"1c1198b7f899"}[\r][\n]"
21:15:57.361 [docker-java-stream-926242780] DEBUG org.apache.hc.client5.http.wire - http-outgoing-1 << "[\r][\n]"
21:15:57.504 [docker-java-stream-926242780] DEBUG org.apache.hc.client5.http.wire - http-outgoing-1 << "c0[\r][\n]"
21:15:57.504 [docker-java-stream-926242780] DEBUG org.apache.hc.client5.http.wire - http-outgoing-1 << "{"status":"Downloading","progressDetail":{"current":138762567,"total":257828120},"progress":"[==========================\u003e                        ]  138.8MB/257.8MB","id":"1c1198b7f899"}[\r][\n]"
21:15:57.504 [docker-java-stream-926242780] DEBUG org.apache.hc.client5.http.wire - http-outgoing-1 << "[\r][\n]"
21:15:57.648 [docker-java-stream-926242780] DEBUG org.apache.hc.client5.http.wire - http-outgoing-1 << "c0[\r][\n]"
21:15:57.648 [docker-java-stream-926242780] DEBUG org.apache.hc.client5.http.wire - http-outgoing-1 << "{"status":"Downloading","progressDetail":{"current":140372295,"total":257828120},"progress":"[===========================\u003e                       ]  140.4MB/257.8MB","id":"1c1198b7f899"}[\r][\n]"
21:15:57.648 [docker-java-stream-926242780] DEBUG org.apache.hc.client5.http.wire - http-outgoing-1 << "[\r][\n]"
21:15:57.748 [docker-java-stream-926242780] DEBUG org.apache.hc.client5.http.wire - http-outgoing-1 << "c0[\r][\n]"
21:15:57.748 [docker-java-stream-926242780] DEBUG org.apache.hc.client5.http.wire - http-outgoing-1 << "{"status":"Downloading","progressDetail":{"current":141449543,"total":257828120},"progress":"[===========================\u003e                       ]  141.4MB/257.8MB","id":"1c1198b7f899"}[\r][\n]"
21:15:57.748 [docker-java-stream-926242780] DEBUG org.apache.hc.client5.http.wire - http-outgoing-1 << "[\r][\n]"
21:15:57.888 [docker-java-stream-926242780] DEBUG org.apache.hc.client5.http.wire - http-outgoing-1 << "c0[\r][\n]"
21:15:57.888 [docker-java-stream-926242780] DEBUG org.apache.hc.client5.http.wire - http-outgoing-1 << "{"status":"Downloading","progressDetail":{"current":143046983,"total":257828120},"progress":"[===========================\u003e                       ]    143MB/257.8MB","id":"1c1198b7f899"}[\r][\n]"
21:15:57.888 [docker-java-stream-926242780] DEBUG org.apache.hc.client5.http.wire - http-outgoing-1 << "[\r][\n]"
21:15:58.041 [docker-java-stream-926242780] DEBUG org.apache.hc.client5.http.wire - http-outgoing-1 << "c0[\r][\n]"
21:15:58.041 [docker-java-stream-926242780] DEBUG org.apache.hc.client5.http.wire - http-outgoing-1 << "{"status":"Downloading","progressDetail":{"current":144652615,"total":257828120},"progress":"[============================\u003e                      ]  144.7MB/257.8MB","id":"1c1198b7f899"}[\r][\n]"
21:15:58.041 [docker-java-stream-926242780] DEBUG org.apache.hc.client5.http.wire - http-outgoing-1 << "[\r][\n]"
21:15:58.186 [docker-java-stream-926242780] DEBUG org.apache.hc.client5.http.wire - http-outgoing-1 << "c0[\r][\n]"
21:15:58.186 [docker-java-stream-926242780] DEBUG org.apache.hc.client5.http.wire - http-outgoing-1 << "{"status":"Downloading","progressDetail":{"current":146266439,"total":257828120},"progress":"[============================\u003e                      ]  146.3MB/257.8MB","id":"1c1198b7f899"}[\r][\n]"
21:15:58.186 [docker-java-stream-926242780] DEBUG org.apache.hc.client5.http.wire - http-outgoing-1 << "[\r][\n]"
21:15:58.314 [docker-java-stream-926242780] DEBUG org.apache.hc.client5.http.wire - http-outgoing-1 << "c0[\r][\n]"
21:15:58.314 [docker-java-stream-926242780] DEBUG org.apache.hc.client5.http.wire - http-outgoing-1 << "{"status":"Downloading","progressDetail":{"current":147339591,"total":257828120},"progress":"[============================\u003e                      ]  147.3MB/257.8MB","id":"1c1198b7f899"}[\r][\n]"
21:15:58.314 [docker-java-stream-926242780] DEBUG org.apache.hc.client5.http.wire - http-outgoing-1 << "[\r][\n]"
21:15:58.437 [docker-java-stream-926242780] DEBUG org.apache.hc.client5.http.wire - http-outgoing-1 << "c0[\r][\n]"
21:15:58.437 [docker-java-stream-926242780] DEBUG org.apache.hc.client5.http.wire - http-outgoing-1 << "{"status":"Downloading","progressDetail":{"current":148957511,"total":257828120},"progress":"[============================\u003e                      ]    149MB/257.8MB","id":"1c1198b7f899"}[\r][\n]"
21:15:58.437 [docker-java-stream-926242780] DEBUG org.apache.hc.client5.http.wire - http-outgoing-1 << "[\r][\n]"
21:15:58.579 [docker-java-stream-926242780] DEBUG org.apache.hc.client5.http.wire - http-outgoing-1 << "c0[\r][\n]"
21:15:58.579 [docker-java-stream-926242780] DEBUG org.apache.hc.client5.http.wire - http-outgoing-1 << "{"status":"Downloading","progressDetail":{"current":150575431,"total":257828120},"progress":"[=============================\u003e                     ]  150.6MB/257.8MB","id":"1c1198b7f899"}[\r][\n]"
21:15:58.579 [docker-java-stream-926242780] DEBUG org.apache.hc.client5.http.wire - http-outgoing-1 << "[\r][\n]"
21:15:58.724 [docker-java-stream-926242780] DEBUG org.apache.hc.client5.http.wire - http-outgoing-1 << "c0[\r][\n]"
21:15:58.724 [docker-java-stream-926242780] DEBUG org.apache.hc.client5.http.wire - http-outgoing-1 << "{"status":"Downloading","progressDetail":{"current":152172871,"total":257828120},"progress":"[=============================\u003e                     ]  152.2MB/257.8MB","id":"1c1198b7f899"}[\r][\n]"
21:15:58.724 [docker-java-stream-926242780] DEBUG org.apache.hc.client5.http.wire - http-outgoing-1 << "[\r][\n]"
21:15:58.866 [docker-java-stream-926242780] DEBUG org.apache.hc.client5.http.wire - http-outgoing-1 << "c0[\r][\n]"
21:15:58.866 [docker-java-stream-926242780] DEBUG org.apache.hc.client5.http.wire - http-outgoing-1 << "{"status":"Downloading","progressDetail":{"current":153778503,"total":257828120},"progress":"[=============================\u003e                     ]  153.8MB/257.8MB","id":"1c1198b7f899"}[\r][\n]"
21:15:58.866 [docker-java-stream-926242780] DEBUG org.apache.hc.client5.http.wire - http-outgoing-1 << "[\r][\n]"
21:15:59.007 [docker-java-stream-926242780] DEBUG org.apache.hc.client5.http.wire - http-outgoing-1 << "c0[\r][\n]"
21:15:59.007 [docker-java-stream-926242780] DEBUG org.apache.hc.client5.http.wire - http-outgoing-1 << "{"status":"Downloading","progressDetail":{"current":155388231,"total":257828120},"progress":"[==============================\u003e                    ]  155.4MB/257.8MB","id":"1c1198b7f899"}[\r][\n]"
21:15:59.007 [docker-java-stream-926242780] DEBUG org.apache.hc.client5.http.wire - http-outgoing-1 << "[\r][\n]"
21:15:59.149 [docker-java-stream-926242780] DEBUG org.apache.hc.client5.http.wire - http-outgoing-1 << "c0[\r][\n]"
21:15:59.149 [docker-java-stream-926242780] DEBUG org.apache.hc.client5.http.wire - http-outgoing-1 << "{"status":"Downloading","progressDetail":{"current":157006151,"total":257828120},"progress":"[==============================\u003e                    ]    157MB/257.8MB","id":"1c1198b7f899"}[\r][\n]"
21:15:59.149 [docker-java-stream-926242780] DEBUG org.apache.hc.client5.http.wire - http-outgoing-1 << "[\r][\n]"
21:15:59.292 [docker-java-stream-926242780] DEBUG org.apache.hc.client5.http.wire - http-outgoing-1 << "c0[\r][\n]"
21:15:59.292 [docker-java-stream-926242780] DEBUG org.apache.hc.client5.http.wire - http-outgoing-1 << "{"status":"Downloading","progressDetail":{"current":158611783,"total":257828120},"progress":"[==============================\u003e                    ]  158.6MB/257.8MB","id":"1c1198b7f899"}[\r][\n]"
21:15:59.292 [docker-java-stream-926242780] DEBUG org.apache.hc.client5.http.wire - http-outgoing-1 << "[\r][\n]"
21:15:59.394 [docker-java-stream-926242780] DEBUG org.apache.hc.client5.http.wire - http-outgoing-1 << "c0[\r][\n]"
21:15:59.394 [docker-java-stream-926242780] DEBUG org.apache.hc.client5.http.wire - http-outgoing-1 << "{"status":"Downloading","progressDetail":{"current":159693127,"total":257828120},"progress":"[==============================\u003e                    ]  159.7MB/257.8MB","id":"1c1198b7f899"}[\r][\n]"
21:15:59.394 [docker-java-stream-926242780] DEBUG org.apache.hc.client5.http.wire - http-outgoing-1 << "[\r][\n]"
21:15:59.536 [docker-java-stream-926242780] DEBUG org.apache.hc.client5.http.wire - http-outgoing-1 << "c0[\r][\n]"
21:15:59.536 [docker-java-stream-926242780] DEBUG org.apache.hc.client5.http.wire - http-outgoing-1 << "{"status":"Downloading","progressDetail":{"current":161311047,"total":257828120},"progress":"[===============================\u003e                   ]  161.3MB/257.8MB","id":"1c1198b7f899"}[\r][\n]"
21:15:59.536 [docker-java-stream-926242780] DEBUG org.apache.hc.client5.http.wire - http-outgoing-1 << "[\r][\n]"
21:15:59.678 [docker-java-stream-926242780] DEBUG org.apache.hc.client5.http.wire - http-outgoing-1 << "c0[\r][\n]"
21:15:59.679 [docker-java-stream-926242780] DEBUG org.apache.hc.client5.http.wire - http-outgoing-1 << "{"status":"Downloading","progressDetail":{"current":162933063,"total":257828120},"progress":"[===============================\u003e                   ]  162.9MB/257.8MB","id":"1c1198b7f899"}[\r][\n]"
21:15:59.679 [docker-java-stream-926242780] DEBUG org.apache.hc.client5.http.wire - http-outgoing-1 << "[\r][\n]"
21:15:59.858 [docker-java-stream-926242780] DEBUG org.apache.hc.client5.http.wire - http-outgoing-1 << "c0[\r][\n]"
21:15:59.858 [docker-java-stream-926242780] DEBUG org.apache.hc.client5.http.wire - http-outgoing-1 << "{"status":"Downloading","progressDetail":{"current":164542791,"total":257828120},"progress":"[===============================\u003e                   ]  164.5MB/257.8MB","id":"1c1198b7f899"}[\r][\n]"
21:15:59.858 [docker-java-stream-926242780] DEBUG org.apache.hc.client5.http.wire - http-outgoing-1 << "[\r][\n]"
21:15:59.975 [docker-java-stream-926242780] DEBUG org.apache.hc.client5.http.wire - http-outgoing-1 << "c0[\r][\n]"
21:15:59.975 [docker-java-stream-926242780] DEBUG org.apache.hc.client5.http.wire - http-outgoing-1 << "{"status":"Downloading","progressDetail":{"current":166136135,"total":257828120},"progress":"[================================\u003e                  ]  166.1MB/257.8MB","id":"1c1198b7f899"}[\r][\n]"
21:15:59.975 [docker-java-stream-926242780] DEBUG org.apache.hc.client5.http.wire - http-outgoing-1 << "[\r][\n]"
21:16:00.095 [docker-java-stream-926242780] DEBUG org.apache.hc.client5.http.wire - http-outgoing-1 << "c0[\r][\n]"
21:16:00.095 [docker-java-stream-926242780] DEBUG org.apache.hc.client5.http.wire - http-outgoing-1 << "{"status":"Downloading","progressDetail":{"current":167217479,"total":257828120},"progress":"[================================\u003e                  ]  167.2MB/257.8MB","id":"1c1198b7f899"}[\r][\n]"
21:16:00.095 [docker-java-stream-926242780] DEBUG org.apache.hc.client5.http.wire - http-outgoing-1 << "[\r][\n]"
21:16:00.231 [docker-java-stream-926242780] DEBUG org.apache.hc.client5.http.wire - http-outgoing-1 << "c0[\r][\n]"
21:16:00.231 [docker-java-stream-926242780] DEBUG org.apache.hc.client5.http.wire - http-outgoing-1 << "{"status":"Downloading","progressDetail":{"current":168839495,"total":257828120},"progress":"[================================\u003e                  ]  168.8MB/257.8MB","id":"1c1198b7f899"}[\r][\n]"
21:16:00.231 [docker-java-stream-926242780] DEBUG org.apache.hc.client5.http.wire - http-outgoing-1 << "[\r][\n]"
21:16:00.374 [docker-java-stream-926242780] DEBUG org.apache.hc.client5.http.wire - http-outgoing-1 << "c0[\r][\n]"
21:16:00.374 [docker-java-stream-926242780] DEBUG org.apache.hc.client5.http.wire - http-outgoing-1 << "{"status":"Downloading","progressDetail":{"current":170449223,"total":257828120},"progress":"[=================================\u003e                 ]  170.4MB/257.8MB","id":"1c1198b7f899"}[\r][\n]"
21:16:00.374 [docker-java-stream-926242780] DEBUG org.apache.hc.client5.http.wire - http-outgoing-1 << "[\r][\n]"
21:16:00.520 [docker-java-stream-926242780] DEBUG org.apache.hc.client5.http.wire - http-outgoing-1 << "c0[\r][\n]"
21:16:00.520 [docker-java-stream-926242780] DEBUG org.apache.hc.client5.http.wire - http-outgoing-1 << "{"status":"Downloading","progressDetail":{"current":172063047,"total":257828120},"progress":"[=================================\u003e                 ]  172.1MB/257.8MB","id":"1c1198b7f899"}[\r][\n]"
21:16:00.520 [docker-java-stream-926242780] DEBUG org.apache.hc.client5.http.wire - http-outgoing-1 << "[\r][\n]"
21:16:00.662 [docker-java-stream-926242780] DEBUG org.apache.hc.client5.http.wire - http-outgoing-1 << "c0[\r][\n]"
21:16:00.662 [docker-java-stream-926242780] DEBUG org.apache.hc.client5.http.wire - http-outgoing-1 << "{"status":"Downloading","progressDetail":{"current":173685063,"total":257828120},"progress":"[=================================\u003e                 ]  173.7MB/257.8MB","id":"1c1198b7f899"}[\r][\n]"
21:16:00.662 [docker-java-stream-926242780] DEBUG org.apache.hc.client5.http.wire - http-outgoing-1 << "[\r][\n]"
21:16:00.806 [docker-java-stream-926242780] DEBUG org.apache.hc.client5.http.wire - http-outgoing-1 << "c0[\r][\n]"
21:16:00.806 [docker-java-stream-926242780] DEBUG org.apache.hc.client5.http.wire - http-outgoing-1 << "{"status":"Downloading","progressDetail":{"current":175307079,"total":257828120},"progress":"[=================================\u003e                 ]  175.3MB/257.8MB","id":"1c1198b7f899"}[\r][\n]"
21:16:00.806 [docker-java-stream-926242780] DEBUG org.apache.hc.client5.http.wire - http-outgoing-1 << "[\r][\n]"
21:16:00.952 [docker-java-stream-926242780] DEBUG org.apache.hc.client5.http.wire - http-outgoing-1 << "c0[\r][\n]"
21:16:00.952 [docker-java-stream-926242780] DEBUG org.apache.hc.client5.http.wire - http-outgoing-1 << "{"status":"Downloading","progressDetail":{"current":176929095,"total":257828120},"progress":"[==================================\u003e                ]  176.9MB/257.8MB","id":"1c1198b7f899"}[\r][\n]"
21:16:00.952 [docker-java-stream-926242780] DEBUG org.apache.hc.client5.http.wire - http-outgoing-1 << "[\r][\n]"
21:16:01.094 [docker-java-stream-926242780] DEBUG org.apache.hc.client5.http.wire - http-outgoing-1 << "c0[\r][\n]"
21:16:01.094 [docker-java-stream-926242780] DEBUG org.apache.hc.client5.http.wire - http-outgoing-1 << "{"status":"Downloading","progressDetail":{"current":178551111,"total":257828120},"progress":"[==================================\u003e                ]  178.6MB/257.8MB","id":"1c1198b7f899"}[\r][\n]"
21:16:01.094 [docker-java-stream-926242780] DEBUG org.apache.hc.client5.http.wire - http-outgoing-1 << "[\r][\n]"
21:16:01.235 [docker-java-stream-926242780] DEBUG org.apache.hc.client5.http.wire - http-outgoing-1 << "c0[\r][\n]"
21:16:01.235 [docker-java-stream-926242780] DEBUG org.apache.hc.client5.http.wire - http-outgoing-1 << "{"status":"Downloading","progressDetail":{"current":180160839,"total":257828120},"progress":"[==================================\u003e                ]  180.2MB/257.8MB","id":"1c1198b7f899"}[\r][\n]"
21:16:01.235 [docker-java-stream-926242780] DEBUG org.apache.hc.client5.http.wire - http-outgoing-1 << "[\r][\n]"
21:16:01.378 [docker-java-stream-926242780] DEBUG org.apache.hc.client5.http.wire - http-outgoing-1 << "c0[\r][\n]"
21:16:01.378 [docker-java-stream-926242780] DEBUG org.apache.hc.client5.http.wire - http-outgoing-1 << "{"status":"Downloading","progressDetail":{"current":181782855,"total":257828120},"progress":"[===================================\u003e               ]  181.8MB/257.8MB","id":"1c1198b7f899"}[\r][\n]"
21:16:01.378 [docker-java-stream-926242780] DEBUG org.apache.hc.client5.http.wire - http-outgoing-1 << "[\r][\n]"
21:16:01.537 [docker-java-stream-926242780] DEBUG org.apache.hc.client5.http.wire - http-outgoing-1 << "c0[\r][\n]"
21:16:01.537 [docker-java-stream-926242780] DEBUG org.apache.hc.client5.http.wire - http-outgoing-1 << "{"status":"Downloading","progressDetail":{"current":183400775,"total":257828120},"progress":"[===================================\u003e               ]  183.4MB/257.8MB","id":"1c1198b7f899"}[\r][\n]"
21:16:01.537 [docker-java-stream-926242780] DEBUG org.apache.hc.client5.http.wire - http-outgoing-1 << "[\r][\n]"
21:16:01.648 [docker-java-stream-926242780] DEBUG org.apache.hc.client5.http.wire - http-outgoing-1 << "c0[\r][\n]"
21:16:01.648 [docker-java-stream-926242780] DEBUG org.apache.hc.client5.http.wire - http-outgoing-1 << "{"status":"Downloading","progressDetail":{"current":183941447,"total":257828120},"progress":"[===================================\u003e               ]  183.9MB/257.8MB","id":"1c1198b7f899"}[\r][\n]"
21:16:01.648 [docker-java-stream-926242780] DEBUG org.apache.hc.client5.http.wire - http-outgoing-1 << "[\r][\n]"
21:16:01.804 [docker-java-stream-926242780] DEBUG org.apache.hc.client5.http.wire - http-outgoing-1 << "c0[\r][\n]"
21:16:01.804 [docker-java-stream-926242780] DEBUG org.apache.hc.client5.http.wire - http-outgoing-1 << "{"status":"Downloading","progressDetail":{"current":185022791,"total":257828120},"progress":"[===================================\u003e               ]    185MB/257.8MB","id":"1c1198b7f899"}[\r][\n]"
21:16:01.804 [docker-java-stream-926242780] DEBUG org.apache.hc.client5.http.wire - http-outgoing-1 << "[\r][\n]"
21:16:01.944 [docker-java-stream-926242780] DEBUG org.apache.hc.client5.http.wire - http-outgoing-1 << "c0[\r][\n]"
21:16:01.944 [docker-java-stream-926242780] DEBUG org.apache.hc.client5.http.wire - http-outgoing-1 << "{"status":"Downloading","progressDetail":{"current":186104135,"total":257828120},"progress":"[====================================\u003e              ]  186.1MB/257.8MB","id":"1c1198b7f899"}[\r][\n]"
21:16:01.944 [docker-java-stream-926242780] DEBUG org.apache.hc.client5.http.wire - http-outgoing-1 << "[\r][\n]"
21:16:02.118 [docker-java-stream-926242780] DEBUG org.apache.hc.client5.http.wire - http-outgoing-1 << "c0[\r][\n]"
21:16:02.118 [docker-java-stream-926242780] DEBUG org.apache.hc.client5.http.wire - http-outgoing-1 << "{"status":"Downloading","progressDetail":{"current":187185479,"total":257828120},"progress":"[====================================\u003e              ]  187.2MB/257.8MB","id":"1c1198b7f899"}[\r][\n]"
21:16:02.118 [docker-java-stream-926242780] DEBUG org.apache.hc.client5.http.wire - http-outgoing-1 << "[\r][\n]"
21:16:02.270 [docker-java-stream-926242780] DEBUG org.apache.hc.client5.http.wire - http-outgoing-1 << "c0[\r][\n]"
21:16:02.270 [docker-java-stream-926242780] DEBUG org.apache.hc.client5.http.wire - http-outgoing-1 << "{"status":"Downloading","progressDetail":{"current":188266823,"total":257828120},"progress":"[====================================\u003e              ]  188.3MB/257.8MB","id":"1c1198b7f899"}[\r][\n]"
21:16:02.270 [docker-java-stream-926242780] DEBUG org.apache.hc.client5.http.wire - http-outgoing-1 << "[\r][\n]"
21:16:02.471 [docker-java-stream-926242780] DEBUG org.apache.hc.client5.http.wire - http-outgoing-1 << "c0[\r][\n]"
21:16:02.471 [docker-java-stream-926242780] DEBUG org.apache.hc.client5.http.wire - http-outgoing-1 << "{"status":"Downloading","progressDetail":{"current":189348167,"total":257828120},"progress":"[====================================\u003e              ]  189.3MB/257.8MB","id":"1c1198b7f899"}[\r][\n]"
21:16:02.471 [docker-java-stream-926242780] DEBUG org.apache.hc.client5.http.wire - http-outgoing-1 << "[\r][\n]"
21:16:02.626 [docker-java-stream-926242780] DEBUG org.apache.hc.client5.http.wire - http-outgoing-1 << "c0[\r][\n]"
21:16:02.626 [docker-java-stream-926242780] DEBUG org.apache.hc.client5.http.wire - http-outgoing-1 << "{"status":"Downloading","progressDetail":{"current":190429511,"total":257828120},"progress":"[====================================\u003e              ]  190.4MB/257.8MB","id":"1c1198b7f899"}[\r][\n]"
21:16:02.626 [docker-java-stream-926242780] DEBUG org.apache.hc.client5.http.wire - http-outgoing-1 << "[\r][\n]"
21:16:02.813 [docker-java-stream-926242780] DEBUG org.apache.hc.client5.http.wire - http-outgoing-1 << "c0[\r][\n]"
21:16:02.813 [docker-java-stream-926242780] DEBUG org.apache.hc.client5.http.wire - http-outgoing-1 << "{"status":"Downloading","progressDetail":{"current":191510855,"total":257828120},"progress":"[=====================================\u003e             ]  191.5MB/257.8MB","id":"1c1198b7f899"}[\r][\n]"
21:16:02.813 [docker-java-stream-926242780] DEBUG org.apache.hc.client5.http.wire - http-outgoing-1 << "[\r][\n]"
21:16:02.957 [docker-java-stream-926242780] DEBUG org.apache.hc.client5.http.wire - http-outgoing-1 << "c0[\r][\n]"
21:16:02.957 [docker-java-stream-926242780] DEBUG org.apache.hc.client5.http.wire - http-outgoing-1 << "{"status":"Downloading","progressDetail":{"current":192592199,"total":257828120},"progress":"[=====================================\u003e             ]  192.6MB/257.8MB","id":"1c1198b7f899"}[\r][\n]"
21:16:02.957 [docker-java-stream-926242780] DEBUG org.apache.hc.client5.http.wire - http-outgoing-1 << "[\r][\n]"
21:16:03.094 [docker-java-stream-926242780] DEBUG org.apache.hc.client5.http.wire - http-outgoing-1 << "c0[\r][\n]"
21:16:03.094 [docker-java-stream-926242780] DEBUG org.apache.hc.client5.http.wire - http-outgoing-1 << "{"status":"Downloading","progressDetail":{"current":193661255,"total":257828120},"progress":"[=====================================\u003e             ]  193.7MB/257.8MB","id":"1c1198b7f899"}[\r][\n]"
21:16:03.094 [docker-java-stream-926242780] DEBUG org.apache.hc.client5.http.wire - http-outgoing-1 << "[\r][\n]"
21:16:03.196 [docker-java-stream-926242780] DEBUG org.apache.hc.client5.http.wire - http-outgoing-1 << "c0[\r][\n]"
21:16:03.196 [docker-java-stream-926242780] DEBUG org.apache.hc.client5.http.wire - http-outgoing-1 << "{"status":"Downloading","progressDetail":{"current":194197831,"total":257828120},"progress":"[=====================================\u003e             ]  194.2MB/257.8MB","id":"1c1198b7f899"}[\r][\n]"
21:16:03.196 [docker-java-stream-926242780] DEBUG org.apache.hc.client5.http.wire - http-outgoing-1 << "[\r][\n]"
21:16:03.299 [docker-java-stream-926242780] DEBUG org.apache.hc.client5.http.wire - http-outgoing-1 << "c0[\r][\n]"
21:16:03.299 [docker-java-stream-926242780] DEBUG org.apache.hc.client5.http.wire - http-outgoing-1 << "{"status":"Downloading","progressDetail":{"current":194738503,"total":257828120},"progress":"[=====================================\u003e             ]  194.7MB/257.8MB","id":"1c1198b7f899"}[\r][\n]"
21:16:03.299 [docker-java-stream-926242780] DEBUG org.apache.hc.client5.http.wire - http-outgoing-1 << "[\r][\n]"
21:16:03.415 [docker-java-stream-926242780] DEBUG org.apache.hc.client5.http.wire - http-outgoing-1 << "c0[\r][\n]"
21:16:03.415 [docker-java-stream-926242780] DEBUG org.apache.hc.client5.http.wire - http-outgoing-1 << "{"status":"Downloading","progressDetail":{"current":195279175,"total":257828120},"progress":"[=====================================\u003e             ]  195.3MB/257.8MB","id":"1c1198b7f899"}[\r][\n]"
21:16:03.415 [docker-java-stream-926242780] DEBUG org.apache.hc.client5.http.wire - http-outgoing-1 << "[\r][\n]"
21:16:03.603 [docker-java-stream-926242780] DEBUG org.apache.hc.client5.http.wire - http-outgoing-1 << "c0[\r][\n]"
21:16:03.603 [docker-java-stream-926242780] DEBUG org.apache.hc.client5.http.wire - http-outgoing-1 << "{"status":"Downloading","progressDetail":{"current":196360519,"total":257828120},"progress":"[======================================\u003e            ]  196.4MB/257.8MB","id":"1c1198b7f899"}[\r][\n]"
21:16:03.603 [docker-java-stream-926242780] DEBUG org.apache.hc.client5.http.wire - http-outgoing-1 << "[\r][\n]"
21:16:03.764 [docker-java-stream-926242780] DEBUG org.apache.hc.client5.http.wire - http-outgoing-1 << "c0[\r][\n]"
21:16:03.764 [docker-java-stream-926242780] DEBUG org.apache.hc.client5.http.wire - http-outgoing-1 << "{"status":"Downloading","progressDetail":{"current":197441863,"total":257828120},"progress":"[======================================\u003e            ]  197.4MB/257.8MB","id":"1c1198b7f899"}[\r][\n]"
21:16:03.764 [docker-java-stream-926242780] DEBUG org.apache.hc.client5.http.wire - http-outgoing-1 << "[\r][\n]"
21:16:03.905 [docker-java-stream-926242780] DEBUG org.apache.hc.client5.http.wire - http-outgoing-1 << "c0[\r][\n]"
21:16:03.905 [docker-java-stream-926242780] DEBUG org.apache.hc.client5.http.wire - http-outgoing-1 << "{"status":"Downloading","progressDetail":{"current":198523207,"total":257828120},"progress":"[======================================\u003e            ]  198.5MB/257.8MB","id":"1c1198b7f899"}[\r][\n]"
21:16:03.905 [docker-java-stream-926242780] DEBUG org.apache.hc.client5.http.wire - http-outgoing-1 << "[\r][\n]"
21:16:04.045 [docker-java-stream-926242780] DEBUG org.apache.hc.client5.http.wire - http-outgoing-1 << "c0[\r][\n]"
21:16:04.045 [docker-java-stream-926242780] DEBUG org.apache.hc.client5.http.wire - http-outgoing-1 << "{"status":"Downloading","progressDetail":{"current":199604551,"total":257828120},"progress":"[======================================\u003e            ]  199.6MB/257.8MB","id":"1c1198b7f899"}[\r][\n]"
21:16:04.045 [docker-java-stream-926242780] DEBUG org.apache.hc.client5.http.wire - http-outgoing-1 << "[\r][\n]"
21:16:04.156 [docker-java-stream-926242780] DEBUG org.apache.hc.client5.http.wire - http-outgoing-1 << "c0[\r][\n]"
21:16:04.156 [docker-java-stream-926242780] DEBUG org.apache.hc.client5.http.wire - http-outgoing-1 << "{"status":"Downloading","progressDetail":{"current":200145223,"total":257828120},"progress":"[======================================\u003e            ]  200.1MB/257.8MB","id":"1c1198b7f899"}[\r][\n]"
21:16:04.156 [docker-java-stream-926242780] DEBUG org.apache.hc.client5.http.wire - http-outgoing-1 << "[\r][\n]"
21:16:04.335 [docker-java-stream-926242780] DEBUG org.apache.hc.client5.http.wire - http-outgoing-1 << "c0[\r][\n]"
21:16:04.335 [docker-java-stream-926242780] DEBUG org.apache.hc.client5.http.wire - http-outgoing-1 << "{"status":"Downloading","progressDetail":{"current":201210183,"total":257828120},"progress":"[=======================================\u003e           ]  201.2MB/257.8MB","id":"1c1198b7f899"}[\r][\n]"
21:16:04.335 [docker-java-stream-926242780] DEBUG org.apache.hc.client5.http.wire - http-outgoing-1 << "[\r][\n]"
21:16:04.463 [docker-java-stream-926242780] DEBUG org.apache.hc.client5.http.wire - http-outgoing-1 << "c0[\r][\n]"
21:16:04.463 [docker-java-stream-926242780] DEBUG org.apache.hc.client5.http.wire - http-outgoing-1 << "{"status":"Downloading","progressDetail":{"current":201750855,"total":257828120},"progress":"[=======================================\u003e           ]  201.8MB/257.8MB","id":"1c1198b7f899"}[\r][\n]"
21:16:04.463 [docker-java-stream-926242780] DEBUG org.apache.hc.client5.http.wire - http-outgoing-1 << "[\r][\n]"
21:16:04.829 [docker-java-stream-926242780] DEBUG org.apache.hc.client5.http.wire - http-outgoing-1 << "c0[\r][\n]"
21:16:04.829 [docker-java-stream-926242780] DEBUG org.apache.hc.client5.http.wire - http-outgoing-1 << "{"status":"Downloading","progressDetail":{"current":202832199,"total":257828120},"progress":"[=======================================\u003e           ]  202.8MB/257.8MB","id":"1c1198b7f899"}[\r][\n]"
21:16:04.829 [docker-java-stream-926242780] DEBUG org.apache.hc.client5.http.wire - http-outgoing-1 << "[\r][\n]"
21:16:04.997 [docker-java-stream-926242780] DEBUG org.apache.hc.client5.http.wire - http-outgoing-1 << "c0[\r][\n]"
21:16:04.997 [docker-java-stream-926242780] DEBUG org.apache.hc.client5.http.wire - http-outgoing-1 << "{"status":"Downloading","progressDetail":{"current":203897159,"total":257828120},"progress":"[=======================================\u003e           ]  203.9MB/257.8MB","id":"1c1198b7f899"}[\r][\n]"
21:16:04.997 [docker-java-stream-926242780] DEBUG org.apache.hc.client5.http.wire - http-outgoing-1 << "[\r][\n]"
21:16:05.105 [docker-java-stream-926242780] DEBUG org.apache.hc.client5.http.wire - http-outgoing-1 << "c0[\r][\n]"
21:16:05.106 [docker-java-stream-926242780] DEBUG org.apache.hc.client5.http.wire - http-outgoing-1 << "{"status":"Downloading","progressDetail":{"current":204437831,"total":257828120},"progress":"[=======================================\u003e           ]  204.4MB/257.8MB","id":"1c1198b7f899"}[\r][\n]"
21:16:05.106 [docker-java-stream-926242780] DEBUG org.apache.hc.client5.http.wire - http-outgoing-1 << "[\r][\n]"
21:16:05.269 [docker-java-stream-926242780] DEBUG org.apache.hc.client5.http.wire - http-outgoing-1 << "c0[\r][\n]"
21:16:05.270 [docker-java-stream-926242780] DEBUG org.apache.hc.client5.http.wire - http-outgoing-1 << "{"status":"Downloading","progressDetail":{"current":205519175,"total":257828120},"progress":"[=======================================\u003e           ]  205.5MB/257.8MB","id":"1c1198b7f899"}[\r][\n]"
21:16:05.270 [docker-java-stream-926242780] DEBUG org.apache.hc.client5.http.wire - http-outgoing-1 << "[\r][\n]"
21:16:05.418 [docker-java-stream-926242780] DEBUG org.apache.hc.client5.http.wire - http-outgoing-1 << "c0[\r][\n]"
21:16:05.418 [docker-java-stream-926242780] DEBUG org.apache.hc.client5.http.wire - http-outgoing-1 << "{"status":"Downloading","progressDetail":{"current":206600519,"total":257828120},"progress":"[========================================\u003e          ]  206.6MB/257.8MB","id":"1c1198b7f899"}[\r][\n]"
21:16:05.418 [docker-java-stream-926242780] DEBUG org.apache.hc.client5.http.wire - http-outgoing-1 << "[\r][\n]"
21:16:05.545 [docker-java-stream-926242780] DEBUG org.apache.hc.client5.http.wire - http-outgoing-1 << "c0[\r][\n]"
21:16:05.545 [docker-java-stream-926242780] DEBUG org.apache.hc.client5.http.wire - http-outgoing-1 << "{"status":"Downloading","progressDetail":{"current":207681863,"total":257828120},"progress":"[========================================\u003e          ]  207.7MB/257.8MB","id":"1c1198b7f899"}[\r][\n]"
21:16:05.545 [docker-java-stream-926242780] DEBUG org.apache.hc.client5.http.wire - http-outgoing-1 << "[\r][\n]"
21:16:05.742 [docker-java-stream-926242780] DEBUG org.apache.hc.client5.http.wire - http-outgoing-1 << "c0[\r][\n]"
21:16:05.742 [docker-java-stream-926242780] DEBUG org.apache.hc.client5.http.wire - http-outgoing-1 << "{"status":"Downloading","progressDetail":{"current":208763207,"total":257828120},"progress":"[========================================\u003e          ]  208.8MB/257.8MB","id":"1c1198b7f899"}[\r][\n]"
21:16:05.742 [docker-java-stream-926242780] DEBUG org.apache.hc.client5.http.wire - http-outgoing-1 << "[\r][\n]"
21:16:05.883 [docker-java-stream-926242780] DEBUG org.apache.hc.client5.http.wire - http-outgoing-1 << "c0[\r][\n]"
21:16:05.883 [docker-java-stream-926242780] DEBUG org.apache.hc.client5.http.wire - http-outgoing-1 << "{"status":"Downloading","progressDetail":{"current":209828167,"total":257828120},"progress":"[========================================\u003e          ]  209.8MB/257.8MB","id":"1c1198b7f899"}[\r][\n]"
21:16:05.883 [docker-java-stream-926242780] DEBUG org.apache.hc.client5.http.wire - http-outgoing-1 << "[\r][\n]"
21:16:05.988 [docker-java-stream-926242780] DEBUG org.apache.hc.client5.http.wire - http-outgoing-1 << "c0[\r][\n]"
21:16:05.988 [docker-java-stream-926242780] DEBUG org.apache.hc.client5.http.wire - http-outgoing-1 << "{"status":"Downloading","progressDetail":{"current":210909511,"total":257828120},"progress":"[========================================\u003e          ]  210.9MB/257.8MB","id":"1c1198b7f899"}[\r][\n]"
21:16:05.988 [docker-java-stream-926242780] DEBUG org.apache.hc.client5.http.wire - http-outgoing-1 << "[\r][\n]"
21:16:06.102 [docker-java-stream-926242780] DEBUG org.apache.hc.client5.http.wire - http-outgoing-1 << "c0[\r][\n]"
21:16:06.102 [docker-java-stream-926242780] DEBUG org.apache.hc.client5.http.wire - http-outgoing-1 << "{"status":"Downloading","progressDetail":{"current":211990855,"total":257828120},"progress":"[=========================================\u003e         ]    212MB/257.8MB","id":"1c1198b7f899"}[\r][\n]"
21:16:06.102 [docker-java-stream-926242780] DEBUG org.apache.hc.client5.http.wire - http-outgoing-1 << "[\r][\n]"
21:16:06.250 [docker-java-stream-926242780] DEBUG org.apache.hc.client5.http.wire - http-outgoing-1 << "c0[\r][\n]"
21:16:06.250 [docker-java-stream-926242780] DEBUG org.apache.hc.client5.http.wire - http-outgoing-1 << "{"status":"Downloading","progressDetail":{"current":213055815,"total":257828120},"progress":"[=========================================\u003e         ]  213.1MB/257.8MB","id":"1c1198b7f899"}[\r][\n]"
21:16:06.250 [docker-java-stream-926242780] DEBUG org.apache.hc.client5.http.wire - http-outgoing-1 << "[\r][\n]"
21:16:06.456 [docker-java-stream-926242780] DEBUG org.apache.hc.client5.http.wire - http-outgoing-1 << "c0[\r][\n]"
21:16:06.456 [docker-java-stream-926242780] DEBUG org.apache.hc.client5.http.wire - http-outgoing-1 << "{"status":"Downloading","progressDetail":{"current":214137159,"total":257828120},"progress":"[=========================================\u003e         ]  214.1MB/257.8MB","id":"1c1198b7f899"}[\r][\n]"
21:16:06.456 [docker-java-stream-926242780] DEBUG org.apache.hc.client5.http.wire - http-outgoing-1 << "[\r][\n]"
21:16:06.655 [docker-java-stream-926242780] DEBUG org.apache.hc.client5.http.wire - http-outgoing-1 << "c0[\r][\n]"
21:16:06.655 [docker-java-stream-926242780] DEBUG org.apache.hc.client5.http.wire - http-outgoing-1 << "{"status":"Downloading","progressDetail":{"current":215218503,"total":257828120},"progress":"[=========================================\u003e         ]  215.2MB/257.8MB","id":"1c1198b7f899"}[\r][\n]"
21:16:06.655 [docker-java-stream-926242780] DEBUG org.apache.hc.client5.http.wire - http-outgoing-1 << "[\r][\n]"
21:16:06.775 [docker-java-stream-926242780] DEBUG org.apache.hc.client5.http.wire - http-outgoing-1 << "c0[\r][\n]"
21:16:06.775 [docker-java-stream-926242780] DEBUG org.apache.hc.client5.http.wire - http-outgoing-1 << "{"status":"Downloading","progressDetail":{"current":216299847,"total":257828120},"progress":"[=========================================\u003e         ]  216.3MB/257.8MB","id":"1c1198b7f899"}[\r][\n]"
21:16:06.775 [docker-java-stream-926242780] DEBUG org.apache.hc.client5.http.wire - http-outgoing-1 << "[\r][\n]"
21:16:06.910 [docker-java-stream-926242780] DEBUG org.apache.hc.client5.http.wire - http-outgoing-1 << "c0[\r][\n]"
21:16:06.910 [docker-java-stream-926242780] DEBUG org.apache.hc.client5.http.wire - http-outgoing-1 << "{"status":"Downloading","progressDetail":{"current":217381191,"total":257828120},"progress":"[==========================================\u003e        ]  217.4MB/257.8MB","id":"1c1198b7f899"}[\r][\n]"
21:16:06.910 [docker-java-stream-926242780] DEBUG org.apache.hc.client5.http.wire - http-outgoing-1 << "[\r][\n]"
21:16:07.048 [docker-java-stream-926242780] DEBUG org.apache.hc.client5.http.wire - http-outgoing-1 << "c0[\r][\n]"
21:16:07.048 [docker-java-stream-926242780] DEBUG org.apache.hc.client5.http.wire - http-outgoing-1 << "{"status":"Downloading","progressDetail":{"current":218462535,"total":257828120},"progress":"[==========================================\u003e        ]  218.5MB/257.8MB","id":"1c1198b7f899"}[\r][\n]"
21:16:07.048 [docker-java-stream-926242780] DEBUG org.apache.hc.client5.http.wire - http-outgoing-1 << "[\r][\n]"
21:16:07.182 [docker-java-stream-926242780] DEBUG org.apache.hc.client5.http.wire - http-outgoing-1 << "c0[\r][\n]"
21:16:07.182 [docker-java-stream-926242780] DEBUG org.apache.hc.client5.http.wire - http-outgoing-1 << "{"status":"Downloading","progressDetail":{"current":219531591,"total":257828120},"progress":"[==========================================\u003e        ]  219.5MB/257.8MB","id":"1c1198b7f899"}[\r][\n]"
21:16:07.182 [docker-java-stream-926242780] DEBUG org.apache.hc.client5.http.wire - http-outgoing-1 << "[\r][\n]"
21:16:07.312 [docker-java-stream-926242780] DEBUG org.apache.hc.client5.http.wire - http-outgoing-1 << "c0[\r][\n]"
21:16:07.312 [docker-java-stream-926242780] DEBUG org.apache.hc.client5.http.wire - http-outgoing-1 << "{"status":"Downloading","progressDetail":{"current":220608839,"total":257828120},"progress":"[==========================================\u003e        ]  220.6MB/257.8MB","id":"1c1198b7f899"}[\r][\n]"
21:16:07.312 [docker-java-stream-926242780] DEBUG org.apache.hc.client5.http.wire - http-outgoing-1 << "[\r][\n]"
21:16:07.449 [docker-java-stream-926242780] DEBUG org.apache.hc.client5.http.wire - http-outgoing-1 << "c0[\r][\n]"
21:16:07.450 [docker-java-stream-926242780] DEBUG org.apache.hc.client5.http.wire - http-outgoing-1 << "{"status":"Downloading","progressDetail":{"current":221690183,"total":257828120},"progress":"[==========================================\u003e        ]  221.7MB/257.8MB","id":"1c1198b7f899"}[\r][\n]"
21:16:07.450 [docker-java-stream-926242780] DEBUG org.apache.hc.client5.http.wire - http-outgoing-1 << "[\r][\n]"
21:16:07.622 [docker-java-stream-926242780] DEBUG org.apache.hc.client5.http.wire - http-outgoing-1 << "c0[\r][\n]"
21:16:07.622 [docker-java-stream-926242780] DEBUG org.apache.hc.client5.http.wire - http-outgoing-1 << "{"status":"Downloading","progressDetail":{"current":222771527,"total":257828120},"progress":"[===========================================\u003e       ]  222.8MB/257.8MB","id":"1c1198b7f899"}[\r][\n]"
21:16:07.622 [docker-java-stream-926242780] DEBUG org.apache.hc.client5.http.wire - http-outgoing-1 << "[\r][\n]"
21:16:07.726 [docker-java-stream-926242780] DEBUG org.apache.hc.client5.http.wire - http-outgoing-1 << "c0[\r][\n]"
21:16:07.726 [docker-java-stream-926242780] DEBUG org.apache.hc.client5.http.wire - http-outgoing-1 << "{"status":"Downloading","progressDetail":{"current":223852871,"total":257828120},"progress":"[===========================================\u003e       ]  223.9MB/257.8MB","id":"1c1198b7f899"}[\r][\n]"
21:16:07.726 [docker-java-stream-926242780] DEBUG org.apache.hc.client5.http.wire - http-outgoing-1 << "[\r][\n]"
21:16:07.860 [docker-java-stream-926242780] DEBUG org.apache.hc.client5.http.wire - http-outgoing-1 << "c0[\r][\n]"
21:16:07.860 [docker-java-stream-926242780] DEBUG org.apache.hc.client5.http.wire - http-outgoing-1 << "{"status":"Downloading","progressDetail":{"current":224934215,"total":257828120},"progress":"[===========================================\u003e       ]  224.9MB/257.8MB","id":"1c1198b7f899"}[\r][\n]"
21:16:07.860 [docker-java-stream-926242780] DEBUG org.apache.hc.client5.http.wire - http-outgoing-1 << "[\r][\n]"
21:16:08.012 [docker-java-stream-926242780] DEBUG org.apache.hc.client5.http.wire - http-outgoing-1 << "c0[\r][\n]"
21:16:08.012 [docker-java-stream-926242780] DEBUG org.apache.hc.client5.http.wire - http-outgoing-1 << "{"status":"Downloading","progressDetail":{"current":226539847,"total":257828120},"progress":"[===========================================\u003e       ]  226.5MB/257.8MB","id":"1c1198b7f899"}[\r][\n]"
21:16:08.012 [docker-java-stream-926242780] DEBUG org.apache.hc.client5.http.wire - http-outgoing-1 << "[\r][\n]"
21:16:08.122 [docker-java-stream-926242780] DEBUG org.apache.hc.client5.http.wire - http-outgoing-1 << "c0[\r][\n]"
21:16:08.122 [docker-java-stream-926242780] DEBUG org.apache.hc.client5.http.wire - http-outgoing-1 << "{"status":"Downloading","progressDetail":{"current":227621191,"total":257828120},"progress":"[============================================\u003e      ]  227.6MB/257.8MB","id":"1c1198b7f899"}[\r][\n]"
21:16:08.122 [docker-java-stream-926242780] DEBUG org.apache.hc.client5.http.wire - http-outgoing-1 << "[\r][\n]"
21:16:08.229 [docker-java-stream-926242780] DEBUG org.apache.hc.client5.http.wire - http-outgoing-1 << "c0[\r][\n]"
21:16:08.230 [docker-java-stream-926242780] DEBUG org.apache.hc.client5.http.wire - http-outgoing-1 << "{"status":"Downloading","progressDetail":{"current":228686151,"total":257828120},"progress":"[============================================\u003e      ]  228.7MB/257.8MB","id":"1c1198b7f899"}[\r][\n]"
21:16:08.230 [docker-java-stream-926242780] DEBUG org.apache.hc.client5.http.wire - http-outgoing-1 << "[\r][\n]"
21:16:08.375 [docker-java-stream-926242780] DEBUG org.apache.hc.client5.http.wire - http-outgoing-1 << "c0[\r][\n]"
21:16:08.376 [docker-java-stream-926242780] DEBUG org.apache.hc.client5.http.wire - http-outgoing-1 << "{"status":"Downloading","progressDetail":{"current":230295879,"total":257828120},"progress":"[============================================\u003e      ]  230.3MB/257.8MB","id":"1c1198b7f899"}[\r][\n]"
21:16:08.376 [docker-java-stream-926242780] DEBUG org.apache.hc.client5.http.wire - http-outgoing-1 << "[\r][\n]"
21:16:08.509 [docker-java-stream-926242780] DEBUG org.apache.hc.client5.http.wire - http-outgoing-1 << "c0[\r][\n]"
21:16:08.509 [docker-java-stream-926242780] DEBUG org.apache.hc.client5.http.wire - http-outgoing-1 << "{"status":"Downloading","progressDetail":{"current":231364935,"total":257828120},"progress":"[============================================\u003e      ]  231.4MB/257.8MB","id":"1c1198b7f899"}[\r][\n]"
21:16:08.509 [docker-java-stream-926242780] DEBUG org.apache.hc.client5.http.wire - http-outgoing-1 << "[\r][\n]"
21:16:08.688 [docker-java-stream-926242780] DEBUG org.apache.hc.client5.http.wire - http-outgoing-1 << "c0[\r][\n]"
21:16:08.688 [docker-java-stream-926242780] DEBUG org.apache.hc.client5.http.wire - http-outgoing-1 << "{"status":"Downloading","progressDetail":{"current":231905607,"total":257828120},"progress":"[============================================\u003e      ]  231.9MB/257.8MB","id":"1c1198b7f899"}[\r][\n]"
21:16:08.688 [docker-java-stream-926242780] DEBUG org.apache.hc.client5.http.wire - http-outgoing-1 << "[\r][\n]"
21:16:08.844 [docker-java-stream-926242780] DEBUG org.apache.hc.client5.http.wire - http-outgoing-1 << "c0[\r][\n]"
21:16:08.844 [docker-java-stream-926242780] DEBUG org.apache.hc.client5.http.wire - http-outgoing-1 << "{"status":"Downloading","progressDetail":{"current":232433991,"total":257828120},"progress":"[=============================================\u003e     ]  232.4MB/257.8MB","id":"1c1198b7f899"}[\r][\n]"
21:16:08.844 [docker-java-stream-926242780] DEBUG org.apache.hc.client5.http.wire - http-outgoing-1 << "[\r][\n]"
21:16:08.988 [docker-java-stream-926242780] DEBUG org.apache.hc.client5.http.wire - http-outgoing-1 << "c0[\r][\n]"
21:16:08.988 [docker-java-stream-926242780] DEBUG org.apache.hc.client5.http.wire - http-outgoing-1 << "{"status":"Downloading","progressDetail":{"current":234031431,"total":257828120},"progress":"[=============================================\u003e     ]    234MB/257.8MB","id":"1c1198b7f899"}[\r][\n]"
21:16:08.988 [docker-java-stream-926242780] DEBUG org.apache.hc.client5.http.wire - http-outgoing-1 << "[\r][\n]"
21:16:09.135 [docker-java-stream-926242780] DEBUG org.apache.hc.client5.http.wire - http-outgoing-1 << "c0[\r][\n]"
21:16:09.135 [docker-java-stream-926242780] DEBUG org.apache.hc.client5.http.wire - http-outgoing-1 << "{"status":"Downloading","progressDetail":{"current":235649351,"total":257828120},"progress":"[=============================================\u003e     ]  235.6MB/257.8MB","id":"1c1198b7f899"}[\r][\n]"
21:16:09.135 [docker-java-stream-926242780] DEBUG org.apache.hc.client5.http.wire - http-outgoing-1 << "[\r][\n]"
21:16:09.236 [docker-java-stream-926242780] DEBUG org.apache.hc.client5.http.wire - http-outgoing-1 << "c0[\r][\n]"
21:16:09.236 [docker-java-stream-926242780] DEBUG org.apache.hc.client5.http.wire - http-outgoing-1 << "{"status":"Downloading","progressDetail":{"current":236722503,"total":257828120},"progress":"[=============================================\u003e     ]  236.7MB/257.8MB","id":"1c1198b7f899"}[\r][\n]"
21:16:09.236 [docker-java-stream-926242780] DEBUG org.apache.hc.client5.http.wire - http-outgoing-1 << "[\r][\n]"
21:16:09.382 [docker-java-stream-926242780] DEBUG org.apache.hc.client5.http.wire - http-outgoing-1 << "c0[\r][\n]"
21:16:09.382 [docker-java-stream-926242780] DEBUG org.apache.hc.client5.http.wire - http-outgoing-1 << "{"status":"Downloading","progressDetail":{"current":238319943,"total":257828120},"progress":"[==============================================\u003e    ]  238.3MB/257.8MB","id":"1c1198b7f899"}[\r][\n]"
21:16:09.382 [docker-java-stream-926242780] DEBUG org.apache.hc.client5.http.wire - http-outgoing-1 << "[\r][\n]"
21:16:09.526 [docker-java-stream-926242780] DEBUG org.apache.hc.client5.http.wire - http-outgoing-1 << "c0[\r][\n]"
21:16:09.526 [docker-java-stream-926242780] DEBUG org.apache.hc.client5.http.wire - http-outgoing-1 << "{"status":"Downloading","progressDetail":{"current":239925575,"total":257828120},"progress":"[==============================================\u003e    ]  239.9MB/257.8MB","id":"1c1198b7f899"}[\r][\n]"
21:16:09.526 [docker-java-stream-926242780] DEBUG org.apache.hc.client5.http.wire - http-outgoing-1 << "[\r][\n]"
21:16:09.629 [docker-java-stream-926242780] DEBUG org.apache.hc.client5.http.wire - http-outgoing-1 << "c0[\r][\n]"
21:16:09.629 [docker-java-stream-926242780] DEBUG org.apache.hc.client5.http.wire - http-outgoing-1 << "{"status":"Downloading","progressDetail":{"current":241006919,"total":257828120},"progress":"[==============================================\u003e    ]    241MB/257.8MB","id":"1c1198b7f899"}[\r][\n]"
21:16:09.629 [docker-java-stream-926242780] DEBUG org.apache.hc.client5.http.wire - http-outgoing-1 << "[\r][\n]"
21:16:09.772 [docker-java-stream-926242780] DEBUG org.apache.hc.client5.http.wire - http-outgoing-1 << "c0[\r][\n]"
21:16:09.772 [docker-java-stream-926242780] DEBUG org.apache.hc.client5.http.wire - http-outgoing-1 << "{"status":"Downloading","progressDetail":{"current":242620743,"total":257828120},"progress":"[===============================================\u003e   ]  242.6MB/257.8MB","id":"1c1198b7f899"}[\r][\n]"
21:16:09.772 [docker-java-stream-926242780] DEBUG org.apache.hc.client5.http.wire - http-outgoing-1 << "[\r][\n]"
21:16:09.919 [docker-java-stream-926242780] DEBUG org.apache.hc.client5.http.wire - http-outgoing-1 << "c0[\r][\n]"
21:16:09.919 [docker-java-stream-926242780] DEBUG org.apache.hc.client5.http.wire - http-outgoing-1 << "{"status":"Downloading","progressDetail":{"current":244234567,"total":257828120},"progress":"[===============================================\u003e   ]  244.2MB/257.8MB","id":"1c1198b7f899"}[\r][\n]"
21:16:09.919 [docker-java-stream-926242780] DEBUG org.apache.hc.client5.http.wire - http-outgoing-1 << "[\r][\n]"
21:16:10.062 [docker-java-stream-926242780] DEBUG org.apache.hc.client5.http.wire - http-outgoing-1 << "c0[\r][\n]"
21:16:10.062 [docker-java-stream-926242780] DEBUG org.apache.hc.client5.http.wire - http-outgoing-1 << "{"status":"Downloading","progressDetail":{"current":245848391,"total":257828120},"progress":"[===============================================\u003e   ]  245.8MB/257.8MB","id":"1c1198b7f899"}[\r][\n]"
21:16:10.062 [docker-java-stream-926242780] DEBUG org.apache.hc.client5.http.wire - http-outgoing-1 << "[\r][\n]"
21:16:10.244 [docker-java-stream-926242780] DEBUG org.apache.hc.client5.http.wire - http-outgoing-1 << "c0[\r][\n]"
21:16:10.244 [docker-java-stream-926242780] DEBUG org.apache.hc.client5.http.wire - http-outgoing-1 << "{"status":"Downloading","progressDetail":{"current":247462215,"total":257828120},"progress":"[===============================================\u003e   ]  247.5MB/257.8MB","id":"1c1198b7f899"}[\r][\n]"
21:16:10.244 [docker-java-stream-926242780] DEBUG org.apache.hc.client5.http.wire - http-outgoing-1 << "[\r][\n]"
21:16:10.368 [docker-java-stream-926242780] DEBUG org.apache.hc.client5.http.wire - http-outgoing-1 << "c0[\r][\n]"
21:16:10.368 [docker-java-stream-926242780] DEBUG org.apache.hc.client5.http.wire - http-outgoing-1 << "{"status":"Downloading","progressDetail":{"current":249067847,"total":257828120},"progress":"[================================================\u003e  ]  249.1MB/257.8MB","id":"1c1198b7f899"}[\r][\n]"
21:16:10.368 [docker-java-stream-926242780] DEBUG org.apache.hc.client5.http.wire - http-outgoing-1 << "[\r][\n]"
21:16:10.516 [docker-java-stream-926242780] DEBUG org.apache.hc.client5.http.wire - http-outgoing-1 << "c0[\r][\n]"
21:16:10.516 [docker-java-stream-926242780] DEBUG org.apache.hc.client5.http.wire - http-outgoing-1 << "{"status":"Downloading","progressDetail":{"current":250681671,"total":257828120},"progress":"[================================================\u003e  ]  250.7MB/257.8MB","id":"1c1198b7f899"}[\r][\n]"
21:16:10.516 [docker-java-stream-926242780] DEBUG org.apache.hc.client5.http.wire - http-outgoing-1 << "[\r][\n]"
21:16:10.663 [docker-java-stream-926242780] DEBUG org.apache.hc.client5.http.wire - http-outgoing-1 << "c0[\r][\n]"
21:16:10.663 [docker-java-stream-926242780] DEBUG org.apache.hc.client5.http.wire - http-outgoing-1 << "{"status":"Downloading","progressDetail":{"current":252291399,"total":257828120},"progress":"[================================================\u003e  ]  252.3MB/257.8MB","id":"1c1198b7f899"}[\r][\n]"
21:16:10.663 [docker-java-stream-926242780] DEBUG org.apache.hc.client5.http.wire - http-outgoing-1 << "[\r][\n]"
21:16:10.806 [docker-java-stream-926242780] DEBUG org.apache.hc.client5.http.wire - http-outgoing-1 << "c0[\r][\n]"
21:16:10.806 [docker-java-stream-926242780] DEBUG org.apache.hc.client5.http.wire - http-outgoing-1 << "{"status":"Downloading","progressDetail":{"current":253901127,"total":257828120},"progress":"[=================================================\u003e ]  253.9MB/257.8MB","id":"1c1198b7f899"}[\r][\n]"
21:16:10.806 [docker-java-stream-926242780] DEBUG org.apache.hc.client5.http.wire - http-outgoing-1 << "[\r][\n]"
21:16:10.949 [docker-java-stream-926242780] DEBUG org.apache.hc.client5.http.wire - http-outgoing-1 << "c0[\r][\n]"
21:16:10.949 [docker-java-stream-926242780] DEBUG org.apache.hc.client5.http.wire - http-outgoing-1 << "{"status":"Downloading","progressDetail":{"current":255506759,"total":257828120},"progress":"[=================================================\u003e ]  255.5MB/257.8MB","id":"1c1198b7f899"}[\r][\n]"
21:16:10.949 [docker-java-stream-926242780] DEBUG org.apache.hc.client5.http.wire - http-outgoing-1 << "[\r][\n]"
21:16:11.093 [docker-java-stream-926242780] DEBUG org.apache.hc.client5.http.wire - http-outgoing-1 << "c0[\r][\n]"
21:16:11.093 [docker-java-stream-926242780] DEBUG org.apache.hc.client5.http.wire - http-outgoing-1 << "{"status":"Downloading","progressDetail":{"current":257116487,"total":257828120},"progress":"[=================================================\u003e ]  257.1MB/257.8MB","id":"1c1198b7f899"}[\r][\n]"
21:16:11.093 [docker-java-stream-926242780] DEBUG org.apache.hc.client5.http.wire - http-outgoing-1 << "[\r][\n]"
21:16:11.156 [docker-java-stream-926242780] DEBUG org.apache.hc.client5.http.wire - http-outgoing-1 << "48[\r][\n]"
21:16:11.156 [docker-java-stream-926242780] DEBUG org.apache.hc.client5.http.wire - http-outgoing-1 << "{"status":"Download complete","progressDetail":{},"id":"1c1198b7f899"}[\r][\n]"
21:16:11.156 [docker-java-stream-926242780] DEBUG org.apache.hc.client5.http.wire - http-outgoing-1 << "[\r][\n]"
21:16:11.226 [docker-java-stream-926242780] DEBUG org.apache.hc.client5.http.wire - http-outgoing-1 << "bc[\r][\n]"
21:16:11.226 [docker-java-stream-926242780] DEBUG org.apache.hc.client5.http.wire - http-outgoing-1 << "{"status":"Extracting","progressDetail":{"current":557056,"total":257828120},"progress":"[\u003e                                                  ]  557.1kB/257.8MB","id":"1c1198b7f899"}[\r][\n]"
21:16:11.226 [docker-java-stream-926242780] DEBUG org.apache.hc.client5.http.wire - http-outgoing-1 << "[\r][\n]"
21:16:11.329 [docker-java-stream-926242780] DEBUG org.apache.hc.client5.http.wire - http-outgoing-1 << "bd[\r][\n]"
21:16:11.329 [docker-java-stream-926242780] DEBUG org.apache.hc.client5.http.wire - http-outgoing-1 << "{"status":"Extracting","progressDetail":{"current":9469952,"total":257828120},"progress":"[=\u003e                                                 ]   9.47MB/257.8MB","id":"1c1198b7f899"}[\r][\n]"
21:16:11.329 [docker-java-stream-926242780] DEBUG org.apache.hc.client5.http.wire - http-outgoing-1 << "[\r][\n]"
21:16:11.435 [docker-java-stream-926242780] DEBUG org.apache.hc.client5.http.wire - http-outgoing-1 << "be[\r][\n]"
21:16:11.435 [docker-java-stream-926242780] DEBUG org.apache.hc.client5.http.wire - http-outgoing-1 << "{"status":"Extracting","progressDetail":{"current":17268736,"total":257828120},"progress":"[===\u003e                                               ]  17.27MB/257.8MB","id":"1c1198b7f899"}[\r][\n]"
21:16:11.435 [docker-java-stream-926242780] DEBUG org.apache.hc.client5.http.wire - http-outgoing-1 << "[\r][\n]"
21:16:11.542 [docker-java-stream-926242780] DEBUG org.apache.hc.client5.http.wire - http-outgoing-1 << "be[\r][\n]"
21:16:11.542 [docker-java-stream-926242780] DEBUG org.apache.hc.client5.http.wire - http-outgoing-1 << "{"status":"Extracting","progressDetail":{"current":25067520,"total":257828120},"progress":"[====\u003e                                              ]  25.07MB/257.8MB","id":"1c1198b7f899"}[\r][\n]"
21:16:11.542 [docker-java-stream-926242780] DEBUG org.apache.hc.client5.http.wire - http-outgoing-1 << "[\r][\n]"
21:16:11.648 [docker-java-stream-926242780] DEBUG org.apache.hc.client5.http.wire - http-outgoing-1 << "be[\r][\n]"
21:16:11.648 [docker-java-stream-926242780] DEBUG org.apache.hc.client5.http.wire - http-outgoing-1 << "{"status":"Extracting","progressDetail":{"current":32866304,"total":257828120},"progress":"[======\u003e                                            ]  32.87MB/257.8MB","id":"1c1198b7f899"}[\r][\n]"
21:16:11.648 [docker-java-stream-926242780] DEBUG org.apache.hc.client5.http.wire - http-outgoing-1 << "[\r][\n]"
21:16:11.751 [docker-java-stream-926242780] DEBUG org.apache.hc.client5.http.wire - http-outgoing-1 << "be[\r][\n]"
21:16:11.751 [docker-java-stream-926242780] DEBUG org.apache.hc.client5.http.wire - http-outgoing-1 << "{"status":"Extracting","progressDetail":{"current":40108032,"total":257828120},"progress":"[=======\u003e                                           ]  40.11MB/257.8MB","id":"1c1198b7f899"}[\r][\n]"
21:16:11.751 [docker-java-stream-926242780] DEBUG org.apache.hc.client5.http.wire - http-outgoing-1 << "[\r][\n]"
21:16:11.856 [docker-java-stream-926242780] DEBUG org.apache.hc.client5.http.wire - http-outgoing-1 << "be[\r][\n]"
21:16:11.856 [docker-java-stream-926242780] DEBUG org.apache.hc.client5.http.wire - http-outgoing-1 << "{"status":"Extracting","progressDetail":{"current":47906816,"total":257828120},"progress":"[=========\u003e                                         ]  47.91MB/257.8MB","id":"1c1198b7f899"}[\r][\n]"
21:16:11.856 [docker-java-stream-926242780] DEBUG org.apache.hc.client5.http.wire - http-outgoing-1 << "[\r][\n]"
21:16:11.961 [docker-java-stream-926242780] DEBUG org.apache.hc.client5.http.wire - http-outgoing-1 << "be[\r][\n]"
21:16:11.961 [docker-java-stream-926242780] DEBUG org.apache.hc.client5.http.wire - http-outgoing-1 << "{"status":"Extracting","progressDetail":{"current":55705600,"total":257828120},"progress":"[==========\u003e                                        ]  55.71MB/257.8MB","id":"1c1198b7f899"}[\r][\n]"
21:16:11.961 [docker-java-stream-926242780] DEBUG org.apache.hc.client5.http.wire - http-outgoing-1 << "[\r][\n]"
21:16:12.065 [docker-java-stream-926242780] DEBUG org.apache.hc.client5.http.wire - http-outgoing-1 << "be[\r][\n]"
21:16:12.065 [docker-java-stream-926242780] DEBUG org.apache.hc.client5.http.wire - http-outgoing-1 << "{"status":"Extracting","progressDetail":{"current":62947328,"total":257828120},"progress":"[============\u003e                                      ]  62.95MB/257.8MB","id":"1c1198b7f899"}[\r][\n]"
21:16:12.065 [docker-java-stream-926242780] DEBUG org.apache.hc.client5.http.wire - http-outgoing-1 << "[\r][\n]"
21:16:12.175 [docker-java-stream-926242780] DEBUG org.apache.hc.client5.http.wire - http-outgoing-1 << "be[\r][\n]"
21:16:12.175 [docker-java-stream-926242780] DEBUG org.apache.hc.client5.http.wire - http-outgoing-1 << "{"status":"Extracting","progressDetail":{"current":70746112,"total":257828120},"progress":"[=============\u003e                                     ]  70.75MB/257.8MB","id":"1c1198b7f899"}[\r][\n]"
21:16:12.175 [docker-java-stream-926242780] DEBUG org.apache.hc.client5.http.wire - http-outgoing-1 << "[\r][\n]"
21:16:12.275 [docker-java-stream-926242780] DEBUG org.apache.hc.client5.http.wire - http-outgoing-1 << "be[\r][\n]"
21:16:12.275 [docker-java-stream-926242780] DEBUG org.apache.hc.client5.http.wire - http-outgoing-1 << "{"status":"Extracting","progressDetail":{"current":76316672,"total":257828120},"progress":"[==============\u003e                                    ]  76.32MB/257.8MB","id":"1c1198b7f899"}[\r][\n]"
21:16:12.275 [docker-java-stream-926242780] DEBUG org.apache.hc.client5.http.wire - http-outgoing-1 << "[\r][\n]"
21:16:12.382 [docker-java-stream-926242780] DEBUG org.apache.hc.client5.http.wire - http-outgoing-1 << "be[\r][\n]"
21:16:12.382 [docker-java-stream-926242780] DEBUG org.apache.hc.client5.http.wire - http-outgoing-1 << "{"status":"Extracting","progressDetail":{"current":80216064,"total":257828120},"progress":"[===============\u003e                                   ]  80.22MB/257.8MB","id":"1c1198b7f899"}[\r][\n]"
21:16:12.382 [docker-java-stream-926242780] DEBUG org.apache.hc.client5.http.wire - http-outgoing-1 << "[\r][\n]"
21:16:12.488 [docker-java-stream-926242780] DEBUG org.apache.hc.client5.http.wire - http-outgoing-1 << "be[\r][\n]"
21:16:12.488 [docker-java-stream-926242780] DEBUG org.apache.hc.client5.http.wire - http-outgoing-1 << "{"status":"Extracting","progressDetail":{"current":85229568,"total":257828120},"progress":"[================\u003e                                  ]  85.23MB/257.8MB","id":"1c1198b7f899"}[\r][\n]"
21:16:12.488 [docker-java-stream-926242780] DEBUG org.apache.hc.client5.http.wire - http-outgoing-1 << "[\r][\n]"
21:16:12.593 [docker-java-stream-926242780] DEBUG org.apache.hc.client5.http.wire - http-outgoing-1 << "be[\r][\n]"
21:16:12.593 [docker-java-stream-926242780] DEBUG org.apache.hc.client5.http.wire - http-outgoing-1 << "{"status":"Extracting","progressDetail":{"current":93585408,"total":257828120},"progress":"[==================\u003e                                ]  93.59MB/257.8MB","id":"1c1198b7f899"}[\r][\n]"
21:16:12.593 [docker-java-stream-926242780] DEBUG org.apache.hc.client5.http.wire - http-outgoing-1 << "[\r][\n]"
21:16:12.696 [docker-java-stream-926242780] DEBUG org.apache.hc.client5.http.wire - http-outgoing-1 << "bf[\r][\n]"
21:16:12.696 [docker-java-stream-926242780] DEBUG org.apache.hc.client5.http.wire - http-outgoing-1 << "{"status":"Extracting","progressDetail":{"current":101941248,"total":257828120},"progress":"[===================\u003e                               ]  101.9MB/257.8MB","id":"1c1198b7f899"}[\r][\n]"
21:16:12.696 [docker-java-stream-926242780] DEBUG org.apache.hc.client5.http.wire - http-outgoing-1 << "[\r][\n]"
21:16:12.805 [docker-java-stream-926242780] DEBUG org.apache.hc.client5.http.wire - http-outgoing-1 << "bf[\r][\n]"
21:16:12.805 [docker-java-stream-926242780] DEBUG org.apache.hc.client5.http.wire - http-outgoing-1 << "{"status":"Extracting","progressDetail":{"current":108068864,"total":257828120},"progress":"[====================\u003e                              ]  108.1MB/257.8MB","id":"1c1198b7f899"}[\r][\n]"
21:16:12.805 [docker-java-stream-926242780] DEBUG org.apache.hc.client5.http.wire - http-outgoing-1 << "[\r][\n]"
21:16:12.905 [docker-java-stream-926242780] DEBUG org.apache.hc.client5.http.wire - http-outgoing-1 << "bf[\r][\n]"
21:16:12.905 [docker-java-stream-926242780] DEBUG org.apache.hc.client5.http.wire - http-outgoing-1 << "{"status":"Extracting","progressDetail":{"current":117538816,"total":257828120},"progress":"[======================\u003e                            ]  117.5MB/257.8MB","id":"1c1198b7f899"}[\r][\n]"
21:16:12.905 [docker-java-stream-926242780] DEBUG org.apache.hc.client5.http.wire - http-outgoing-1 << "[\r][\n]"
21:16:13.009 [docker-java-stream-926242780] DEBUG org.apache.hc.client5.http.wire - http-outgoing-1 << "bf[\r][\n]"
21:16:13.009 [docker-java-stream-926242780] DEBUG org.apache.hc.client5.http.wire - http-outgoing-1 << "{"status":"Extracting","progressDetail":{"current":127565824,"total":257828120},"progress":"[========================\u003e                          ]  127.6MB/257.8MB","id":"1c1198b7f899"}[\r][\n]"
21:16:13.009 [docker-java-stream-926242780] DEBUG org.apache.hc.client5.http.wire - http-outgoing-1 << "[\r][\n]"
21:16:13.118 [docker-java-stream-926242780] DEBUG org.apache.hc.client5.http.wire - http-outgoing-1 << "bf[\r][\n]"
21:16:13.118 [docker-java-stream-926242780] DEBUG org.apache.hc.client5.http.wire - http-outgoing-1 << "{"status":"Extracting","progressDetail":{"current":132579328,"total":257828120},"progress":"[=========================\u003e                         ]  132.6MB/257.8MB","id":"1c1198b7f899"}[\r][\n]"
21:16:13.118 [docker-java-stream-926242780] DEBUG org.apache.hc.client5.http.wire - http-outgoing-1 << "[\r][\n]"
21:16:13.220 [docker-java-stream-926242780] DEBUG org.apache.hc.client5.http.wire - http-outgoing-1 << "bf[\r][\n]"
21:16:13.220 [docker-java-stream-926242780] DEBUG org.apache.hc.client5.http.wire - http-outgoing-1 << "{"status":"Extracting","progressDetail":{"current":138706944,"total":257828120},"progress":"[==========================\u003e                        ]  138.7MB/257.8MB","id":"1c1198b7f899"}[\r][\n]"
21:16:13.220 [docker-java-stream-926242780] DEBUG org.apache.hc.client5.http.wire - http-outgoing-1 << "[\r][\n]"
21:16:13.323 [docker-java-stream-926242780] DEBUG org.apache.hc.client5.http.wire - http-outgoing-1 << "bf[\r][\n]"
21:16:13.323 [docker-java-stream-926242780] DEBUG org.apache.hc.client5.http.wire - http-outgoing-1 << "{"status":"Extracting","progressDetail":{"current":147619840,"total":257828120},"progress":"[============================\u003e                      ]  147.6MB/257.8MB","id":"1c1198b7f899"}[\r][\n]"
21:16:13.323 [docker-java-stream-926242780] DEBUG org.apache.hc.client5.http.wire - http-outgoing-1 << "[\r][\n]"
21:16:13.425 [docker-java-stream-926242780] DEBUG org.apache.hc.client5.http.wire - http-outgoing-1 << "bf[\r][\n]"
21:16:13.425 [docker-java-stream-926242780] DEBUG org.apache.hc.client5.http.wire - http-outgoing-1 << "{"status":"Extracting","progressDetail":{"current":158203904,"total":257828120},"progress":"[==============================\u003e                    ]  158.2MB/257.8MB","id":"1c1198b7f899"}[\r][\n]"
21:16:13.425 [docker-java-stream-926242780] DEBUG org.apache.hc.client5.http.wire - http-outgoing-1 << "[\r][\n]"
21:16:13.527 [docker-java-stream-926242780] DEBUG org.apache.hc.client5.http.wire - http-outgoing-1 << "bf[\r][\n]"
21:16:13.527 [docker-java-stream-926242780] DEBUG org.apache.hc.client5.http.wire - http-outgoing-1 << "{"status":"Extracting","progressDetail":{"current":166559744,"total":257828120},"progress":"[================================\u003e                  ]  166.6MB/257.8MB","id":"1c1198b7f899"}[\r][\n]"
21:16:13.528 [docker-java-stream-926242780] DEBUG org.apache.hc.client5.http.wire - http-outgoing-1 << "[\r][\n]"
21:16:13.628 [docker-java-stream-926242780] DEBUG org.apache.hc.client5.http.wire - http-outgoing-1 << "bf[\r][\n]"
21:16:13.628 [docker-java-stream-926242780] DEBUG org.apache.hc.client5.http.wire - http-outgoing-1 << "{"status":"Extracting","progressDetail":{"current":176029696,"total":257828120},"progress":"[==================================\u003e                ]    176MB/257.8MB","id":"1c1198b7f899"}[\r][\n]"
21:16:13.628 [docker-java-stream-926242780] DEBUG org.apache.hc.client5.http.wire - http-outgoing-1 << "[\r][\n]"
21:16:13.734 [docker-java-stream-926242780] DEBUG org.apache.hc.client5.http.wire - http-outgoing-1 << "bf[\r][\n]"
21:16:13.734 [docker-java-stream-926242780] DEBUG org.apache.hc.client5.http.wire - http-outgoing-1 << "{"status":"Extracting","progressDetail":{"current":184385536,"total":257828120},"progress":"[===================================\u003e               ]  184.4MB/257.8MB","id":"1c1198b7f899"}[\r][\n]"
21:16:13.734 [docker-java-stream-926242780] DEBUG org.apache.hc.client5.http.wire - http-outgoing-1 << "[\r][\n]"
21:16:13.866 [docker-java-stream-926242780] DEBUG org.apache.hc.client5.http.wire - http-outgoing-1 << "bf[\r][\n]"
21:16:13.866 [docker-java-stream-926242780] DEBUG org.apache.hc.client5.http.wire - http-outgoing-1 << "{"status":"Extracting","progressDetail":{"current":186056704,"total":257828120},"progress":"[====================================\u003e              ]  186.1MB/257.8MB","id":"1c1198b7f899"}[\r][\n]"
21:16:13.866 [docker-java-stream-926242780] DEBUG org.apache.hc.client5.http.wire - http-outgoing-1 << "[\r][\n]"
21:16:13.970 [docker-java-stream-926242780] DEBUG org.apache.hc.client5.http.wire - http-outgoing-1 << "bf[\r][\n]"
21:16:13.970 [docker-java-stream-926242780] DEBUG org.apache.hc.client5.http.wire - http-outgoing-1 << "{"status":"Extracting","progressDetail":{"current":195526656,"total":257828120},"progress":"[=====================================\u003e             ]  195.5MB/257.8MB","id":"1c1198b7f899"}[\r][\n]"
21:16:13.970 [docker-java-stream-926242780] DEBUG org.apache.hc.client5.http.wire - http-outgoing-1 << "[\r][\n]"
21:16:14.071 [docker-java-stream-926242780] DEBUG org.apache.hc.client5.http.wire - http-outgoing-1 << "bf[\r][\n]"
21:16:14.071 [docker-java-stream-926242780] DEBUG org.apache.hc.client5.http.wire - http-outgoing-1 << "{"status":"Extracting","progressDetail":{"current":210010112,"total":257828120},"progress":"[========================================\u003e          ]    210MB/257.8MB","id":"1c1198b7f899"}[\r][\n]"
21:16:14.071 [docker-java-stream-926242780] DEBUG org.apache.hc.client5.http.wire - http-outgoing-1 << "[\r][\n]"
21:16:14.172 [docker-java-stream-926242780] DEBUG org.apache.hc.client5.http.wire - http-outgoing-1 << "bf[\r][\n]"
21:16:14.172 [docker-java-stream-926242780] DEBUG org.apache.hc.client5.http.wire - http-outgoing-1 << "{"status":"Extracting","progressDetail":{"current":224493568,"total":257828120},"progress":"[===========================================\u003e       ]  224.5MB/257.8MB","id":"1c1198b7f899"}[\r][\n]"
21:16:14.172 [docker-java-stream-926242780] DEBUG org.apache.hc.client5.http.wire - http-outgoing-1 << "[\r][\n]"
21:16:14.276 [docker-java-stream-926242780] DEBUG org.apache.hc.client5.http.wire - http-outgoing-1 << "bf[\r][\n]"
21:16:14.276 [docker-java-stream-926242780] DEBUG org.apache.hc.client5.http.wire - http-outgoing-1 << "{"status":"Extracting","progressDetail":{"current":240091136,"total":257828120},"progress":"[==============================================\u003e    ]  240.1MB/257.8MB","id":"1c1198b7f899"}[\r][\n]"
21:16:14.276 [docker-java-stream-926242780] DEBUG org.apache.hc.client5.http.wire - http-outgoing-1 << "[\r][\n]"
21:16:14.379 [docker-java-stream-926242780] DEBUG org.apache.hc.client5.http.wire - http-outgoing-1 << "bf[\r][\n]"
21:16:14.379 [docker-java-stream-926242780] DEBUG org.apache.hc.client5.http.wire - http-outgoing-1 << "{"status":"Extracting","progressDetail":{"current":248446976,"total":257828120},"progress":"[================================================\u003e  ]  248.4MB/257.8MB","id":"1c1198b7f899"}[\r][\n]"
21:16:14.379 [docker-java-stream-926242780] DEBUG org.apache.hc.client5.http.wire - http-outgoing-1 << "[\r][\n]"
21:16:14.505 [docker-java-stream-926242780] DEBUG org.apache.hc.client5.http.wire - http-outgoing-1 << "bf[\r][\n]"
21:16:14.505 [docker-java-stream-926242780] DEBUG org.apache.hc.client5.http.wire - http-outgoing-1 << "{"status":"Extracting","progressDetail":{"current":251232256,"total":257828120},"progress":"[================================================\u003e  ]  251.2MB/257.8MB","id":"1c1198b7f899"}[\r][\n]"
21:16:14.505 [docker-java-stream-926242780] DEBUG org.apache.hc.client5.http.wire - http-outgoing-1 << "[\r][\n]"
21:16:14.609 [docker-java-stream-926242780] DEBUG org.apache.hc.client5.http.wire - http-outgoing-1 << "bf[\r][\n]"
21:16:14.609 [docker-java-stream-926242780] DEBUG org.apache.hc.client5.http.wire - http-outgoing-1 << "{"status":"Extracting","progressDetail":{"current":255688704,"total":257828120},"progress":"[=================================================\u003e ]  255.7MB/257.8MB","id":"1c1198b7f899"}[\r][\n]"
21:16:14.609 [docker-java-stream-926242780] DEBUG org.apache.hc.client5.http.wire - http-outgoing-1 << "[\r][\n]"
21:16:14.766 [docker-java-stream-926242780] DEBUG org.apache.hc.client5.http.wire - http-outgoing-1 << "bf[\r][\n]"
21:16:14.766 [docker-java-stream-926242780] DEBUG org.apache.hc.client5.http.wire - http-outgoing-1 << "{"status":"Extracting","progressDetail":{"current":257359872,"total":257828120},"progress":"[=================================================\u003e ]  257.4MB/257.8MB","id":"1c1198b7f899"}[\r][\n]"
21:16:14.766 [docker-java-stream-926242780] DEBUG org.apache.hc.client5.http.wire - http-outgoing-1 << "[\r][\n]"
21:16:14.794 [docker-java-stream-926242780] DEBUG org.apache.hc.client5.http.wire - http-outgoing-1 << "bf[\r][\n]"
21:16:14.794 [docker-java-stream-926242780] DEBUG org.apache.hc.client5.http.wire - http-outgoing-1 << "{"status":"Extracting","progressDetail":{"current":257828120,"total":257828120},"progress":"[==================================================\u003e]  257.8MB/257.8MB","id":"1c1198b7f899"}[\r][\n]"
21:16:14.794 [docker-java-stream-926242780] DEBUG org.apache.hc.client5.http.wire - http-outgoing-1 << "[\r][\n]"
21:16:14.897 [docker-java-stream-926242780] DEBUG org.apache.hc.client5.http.wire - http-outgoing-1 << "44[\r][\n]"
21:16:14.897 [docker-java-stream-926242780] DEBUG org.apache.hc.client5.http.wire - http-outgoing-1 << "{"status":"Pull complete","progressDetail":{},"id":"1c1198b7f899"}[\r][\n]"
21:16:14.897 [docker-java-stream-926242780] DEBUG org.apache.hc.client5.http.wire - http-outgoing-1 << "[\r][\n]"
21:16:14.902 [docker-java-stream-926242780] DEBUG org.apache.hc.client5.http.wire - http-outgoing-1 << "b5[\r][\n]"
21:16:14.902 [docker-java-stream-926242780] DEBUG org.apache.hc.client5.http.wire - http-outgoing-1 << "{"status":"Extracting","progressDetail":{"current":1422,"total":1422},"progress":"[==================================================\u003e]  1.422kB/1.422kB","id":"10d9f5627df6"}[\r][\n]"
21:16:14.902 [docker-java-stream-926242780] DEBUG org.apache.hc.client5.http.wire - http-outgoing-1 << "[\r][\n]"
21:16:14.902 [docker-java-stream-926242780] DEBUG org.apache.hc.client5.http.wire - http-outgoing-1 << "b5[\r][\n]"
21:16:14.902 [docker-java-stream-926242780] DEBUG org.apache.hc.client5.http.wire - http-outgoing-1 << "{"status":"Extracting","progressDetail":{"current":1422,"total":1422},"progress":"[==================================================\u003e]  1.422kB/1.422kB","id":"10d9f5627df6"}[\r][\n]"
21:16:14.902 [docker-java-stream-926242780] DEBUG org.apache.hc.client5.http.wire - http-outgoing-1 << "[\r][\n]"
21:16:14.941 [docker-java-stream-926242780] DEBUG org.apache.hc.client5.http.wire - http-outgoing-1 << "44[\r][\n]"
21:16:14.941 [docker-java-stream-926242780] DEBUG org.apache.hc.client5.http.wire - http-outgoing-1 << "{"status":"Pull complete","progressDetail":{},"id":"10d9f5627df6"}[\r][\n]"
21:16:14.941 [docker-java-stream-926242780] DEBUG org.apache.hc.client5.http.wire - http-outgoing-1 << "[\r][\n]"
21:16:14.945 [docker-java-stream-926242780] DEBUG org.apache.hc.client5.http.wire - http-outgoing-1 << "b5[\r][\n]"
21:16:14.945 [docker-java-stream-926242780] DEBUG org.apache.hc.client5.http.wire - http-outgoing-1 << "{"status":"Extracting","progressDetail":{"current":1408,"total":1408},"progress":"[==================================================\u003e]  1.408kB/1.408kB","id":"58e4d9631bb6"}[\r][\n]"
21:16:14.945 [docker-java-stream-926242780] DEBUG org.apache.hc.client5.http.wire - http-outgoing-1 << "[\r][\n]"
21:16:14.945 [docker-java-stream-926242780] DEBUG org.apache.hc.client5.http.wire - http-outgoing-1 << "b5[\r][\n]"
21:16:14.945 [docker-java-stream-926242780] DEBUG org.apache.hc.client5.http.wire - http-outgoing-1 << "{"status":"Extracting","progressDetail":{"current":1408,"total":1408},"progress":"[==================================================\u003e]  1.408kB/1.408kB","id":"58e4d9631bb6"}[\r][\n]"
21:16:14.945 [docker-java-stream-926242780] DEBUG org.apache.hc.client5.http.wire - http-outgoing-1 << "[\r][\n]"
21:16:14.986 [docker-java-stream-926242780] DEBUG org.apache.hc.client5.http.wire - http-outgoing-1 << "44[\r][\n]"
21:16:14.986 [docker-java-stream-926242780] DEBUG org.apache.hc.client5.http.wire - http-outgoing-1 << "{"status":"Pull complete","progressDetail":{},"id":"58e4d9631bb6"}[\r][\n]"
21:16:14.986 [docker-java-stream-926242780] DEBUG org.apache.hc.client5.http.wire - http-outgoing-1 << "[\r][\n]"
21:16:14.991 [docker-java-stream-926242780] DEBUG org.apache.hc.client5.http.wire - http-outgoing-1 << "b8[\r][\n]"
21:16:14.991 [docker-java-stream-926242780] DEBUG org.apache.hc.client5.http.wire - http-outgoing-1 << "{"status":"Extracting","progressDetail":{"current":32768,"total":119289},"progress":"[=============\u003e                                     ]  32.77kB/119.3kB","id":"27904742a1ee"}[\r][\n]"
21:16:14.991 [docker-java-stream-926242780] DEBUG org.apache.hc.client5.http.wire - http-outgoing-1 << "[\r][\n]"
21:16:14.991 [docker-java-stream-926242780] DEBUG org.apache.hc.client5.http.wire - http-outgoing-1 << "b9[\r][\n]"
21:16:14.991 [docker-java-stream-926242780] DEBUG org.apache.hc.client5.http.wire - http-outgoing-1 << "{"status":"Extracting","progressDetail":{"current":119289,"total":119289},"progress":"[==================================================\u003e]  119.3kB/119.3kB","id":"27904742a1ee"}[\r][\n]"
21:16:14.991 [docker-java-stream-926242780] DEBUG org.apache.hc.client5.http.wire - http-outgoing-1 << "[\r][\n]"
21:16:15.126 [docker-java-stream-926242780] DEBUG org.apache.hc.client5.http.wire - http-outgoing-1 << "44[\r][\n]"
21:16:15.126 [docker-java-stream-926242780] DEBUG org.apache.hc.client5.http.wire - http-outgoing-1 << "{"status":"Pull complete","progressDetail":{},"id":"27904742a1ee"}[\r][\n]"
21:16:15.126 [docker-java-stream-926242780] DEBUG org.apache.hc.client5.http.wire - http-outgoing-1 << "[\r][\n]"
21:16:15.131 [docker-java-stream-926242780] DEBUG org.apache.hc.client5.http.wire - http-outgoing-1 << "b9[\r][\n]"
21:16:15.131 [docker-java-stream-926242780] DEBUG org.apache.hc.client5.http.wire - http-outgoing-1 << "{"status":"Extracting","progressDetail":{"current":32768,"total":1885801},"progress":"[\u003e                                                  ]  32.77kB/1.886MB","id":"609040a14272"}[\r][\n]"
21:16:15.131 [docker-java-stream-926242780] DEBUG org.apache.hc.client5.http.wire - http-outgoing-1 << "[\r][\n]"
21:16:15.184 [docker-java-stream-926242780] DEBUG org.apache.hc.client5.http.wire - http-outgoing-1 << "bb[\r][\n]"
21:16:15.184 [docker-java-stream-926242780] DEBUG org.apache.hc.client5.http.wire - http-outgoing-1 << "{"status":"Extracting","progressDetail":{"current":1885801,"total":1885801},"progress":"[==================================================\u003e]  1.886MB/1.886MB","id":"609040a14272"}[\r][\n]"
21:16:15.184 [docker-java-stream-926242780] DEBUG org.apache.hc.client5.http.wire - http-outgoing-1 << "[\r][\n]"
21:16:15.199 [docker-java-stream-926242780] DEBUG org.apache.hc.client5.http.wire - http-outgoing-1 << "44[\r][\n]"
21:16:15.199 [docker-java-stream-926242780] DEBUG org.apache.hc.client5.http.wire - http-outgoing-1 << "{"status":"Pull complete","progressDetail":{},"id":"609040a14272"}[\r][\n]"
21:16:15.199 [docker-java-stream-926242780] DEBUG org.apache.hc.client5.http.wire - http-outgoing-1 << "[\r][\n]"
21:16:15.203 [docker-java-stream-926242780] DEBUG org.apache.hc.client5.http.wire - http-outgoing-1 << "b8[\r][\n]"
21:16:15.203 [docker-java-stream-926242780] DEBUG org.apache.hc.client5.http.wire - http-outgoing-1 << "{"status":"Extracting","progressDetail":{"current":32768,"total":1839669},"progress":"[\u003e                                                  ]  32.77kB/1.84MB","id":"cc2e5657153e"}[\r][\n]"
21:16:15.203 [docker-java-stream-926242780] DEBUG org.apache.hc.client5.http.wire - http-outgoing-1 << "[\r][\n]"
21:16:15.238 [docker-java-stream-926242780] DEBUG org.apache.hc.client5.http.wire - http-outgoing-1 << "ba[\r][\n]"
21:16:15.238 [docker-java-stream-926242780] DEBUG org.apache.hc.client5.http.wire - http-outgoing-1 << "{"status":"Extracting","progressDetail":{"current":1839669,"total":1839669},"progress":"[==================================================\u003e]   1.84MB/1.84MB","id":"cc2e5657153e"}[\r][\n]"
21:16:15.238 [docker-java-stream-926242780] DEBUG org.apache.hc.client5.http.wire - http-outgoing-1 << "[\r][\n]"
21:16:15.250 [docker-java-stream-926242780] DEBUG org.apache.hc.client5.http.wire - http-outgoing-1 << "44[\r][\n]"
21:16:15.250 [docker-java-stream-926242780] DEBUG org.apache.hc.client5.http.wire - http-outgoing-1 << "{"status":"Pull complete","progressDetail":{},"id":"cc2e5657153e"}[\r][\n]"
21:16:15.250 [docker-java-stream-926242780] DEBUG org.apache.hc.client5.http.wire - http-outgoing-1 << "[\r][\n]"
21:16:15.298 [docker-java-stream-926242780] DEBUG org.apache.hc.client5.http.wire - http-outgoing-1 << "bc[\r][\n]"
21:16:15.298 [docker-java-stream-926242780] DEBUG org.apache.hc.client5.http.wire - http-outgoing-1 << "{"status":"Extracting","progressDetail":{"current":557056,"total":142117631},"progress":"[\u003e                                                  ]  557.1kB/142.1MB","id":"cef47928a8bc"}[\r][\n]"
21:16:15.298 [docker-java-stream-926242780] DEBUG org.apache.hc.client5.http.wire - http-outgoing-1 << "[\r][\n]"
21:16:15.404 [docker-java-stream-926242780] DEBUG org.apache.hc.client5.http.wire - http-outgoing-1 << "bd[\r][\n]"
21:16:15.404 [docker-java-stream-926242780] DEBUG org.apache.hc.client5.http.wire - http-outgoing-1 << "{"status":"Extracting","progressDetail":{"current":8355840,"total":142117631},"progress":"[==\u003e                                                ]  8.356MB/142.1MB","id":"cef47928a8bc"}[\r][\n]"
21:16:15.404 [docker-java-stream-926242780] DEBUG org.apache.hc.client5.http.wire - http-outgoing-1 << "[\r][\n]"
21:16:15.526 [docker-java-stream-926242780] DEBUG org.apache.hc.client5.http.wire - http-outgoing-1 << "be[\r][\n]"
21:16:15.526 [docker-java-stream-926242780] DEBUG org.apache.hc.client5.http.wire - http-outgoing-1 << "{"status":"Extracting","progressDetail":{"current":13926400,"total":142117631},"progress":"[====\u003e                                              ]  13.93MB/142.1MB","id":"cef47928a8bc"}[\r][\n]"
21:16:15.527 [docker-java-stream-926242780] DEBUG org.apache.hc.client5.http.wire - http-outgoing-1 << "[\r][\n]"
21:16:15.632 [docker-java-stream-926242780] DEBUG org.apache.hc.client5.http.wire - http-outgoing-1 << "be[\r][\n]"
21:16:15.632 [docker-java-stream-926242780] DEBUG org.apache.hc.client5.http.wire - http-outgoing-1 << "{"status":"Extracting","progressDetail":{"current":16711680,"total":142117631},"progress":"[=====\u003e                                             ]  16.71MB/142.1MB","id":"cef47928a8bc"}[\r][\n]"
21:16:15.632 [docker-java-stream-926242780] DEBUG org.apache.hc.client5.http.wire - http-outgoing-1 << "[\r][\n]"
21:16:15.732 [docker-java-stream-926242780] DEBUG org.apache.hc.client5.http.wire - http-outgoing-1 << "be[\r][\n]"
21:16:15.732 [docker-java-stream-926242780] DEBUG org.apache.hc.client5.http.wire - http-outgoing-1 << "{"status":"Extracting","progressDetail":{"current":23953408,"total":142117631},"progress":"[========\u003e                                          ]  23.95MB/142.1MB","id":"cef47928a8bc"}[\r][\n]"
21:16:15.732 [docker-java-stream-926242780] DEBUG org.apache.hc.client5.http.wire - http-outgoing-1 << "[\r][\n]"
21:16:15.834 [docker-java-stream-926242780] DEBUG org.apache.hc.client5.http.wire - http-outgoing-1 << "be[\r][\n]"
21:16:15.834 [docker-java-stream-926242780] DEBUG org.apache.hc.client5.http.wire - http-outgoing-1 << "{"status":"Extracting","progressDetail":{"current":31195136,"total":142117631},"progress":"[==========\u003e                                        ]   31.2MB/142.1MB","id":"cef47928a8bc"}[\r][\n]"
21:16:15.834 [docker-java-stream-926242780] DEBUG org.apache.hc.client5.http.wire - http-outgoing-1 << "[\r][\n]"
21:16:15.938 [docker-java-stream-926242780] DEBUG org.apache.hc.client5.http.wire - http-outgoing-1 << "be[\r][\n]"
21:16:15.938 [docker-java-stream-926242780] DEBUG org.apache.hc.client5.http.wire - http-outgoing-1 << "{"status":"Extracting","progressDetail":{"current":38436864,"total":142117631},"progress":"[=============\u003e                                     ]  38.44MB/142.1MB","id":"cef47928a8bc"}[\r][\n]"
21:16:15.938 [docker-java-stream-926242780] DEBUG org.apache.hc.client5.http.wire - http-outgoing-1 << "[\r][\n]"
21:16:16.042 [docker-java-stream-926242780] DEBUG org.apache.hc.client5.http.wire - http-outgoing-1 << "be[\r][\n]"
21:16:16.042 [docker-java-stream-926242780] DEBUG org.apache.hc.client5.http.wire - http-outgoing-1 << "{"status":"Extracting","progressDetail":{"current":46235648,"total":142117631},"progress":"[================\u003e                                  ]  46.24MB/142.1MB","id":"cef47928a8bc"}[\r][\n]"
21:16:16.042 [docker-java-stream-926242780] DEBUG org.apache.hc.client5.http.wire - http-outgoing-1 << "[\r][\n]"
21:16:16.154 [docker-java-stream-926242780] DEBUG org.apache.hc.client5.http.wire - http-outgoing-1 << "be[\r][\n]"
21:16:16.154 [docker-java-stream-926242780] DEBUG org.apache.hc.client5.http.wire - http-outgoing-1 << "{"status":"Extracting","progressDetail":{"current":55705600,"total":142117631},"progress":"[===================\u003e                               ]  55.71MB/142.1MB","id":"cef47928a8bc"}[\r][\n]"
21:16:16.154 [docker-java-stream-926242780] DEBUG org.apache.hc.client5.http.wire - http-outgoing-1 << "[\r][\n]"
21:16:16.257 [docker-java-stream-926242780] DEBUG org.apache.hc.client5.http.wire - http-outgoing-1 << "be[\r][\n]"
21:16:16.258 [docker-java-stream-926242780] DEBUG org.apache.hc.client5.http.wire - http-outgoing-1 << "{"status":"Extracting","progressDetail":{"current":63504384,"total":142117631},"progress":"[======================\u003e                            ]   63.5MB/142.1MB","id":"cef47928a8bc"}[\r][\n]"
21:16:16.258 [docker-java-stream-926242780] DEBUG org.apache.hc.client5.http.wire - http-outgoing-1 << "[\r][\n]"
21:16:16.361 [docker-java-stream-926242780] DEBUG org.apache.hc.client5.http.wire - http-outgoing-1 << "be[\r][\n]"
21:16:16.362 [docker-java-stream-926242780] DEBUG org.apache.hc.client5.http.wire - http-outgoing-1 << "{"status":"Extracting","progressDetail":{"current":72417280,"total":142117631},"progress":"[=========================\u003e                         ]  72.42MB/142.1MB","id":"cef47928a8bc"}[\r][\n]"
21:16:16.362 [docker-java-stream-926242780] DEBUG org.apache.hc.client5.http.wire - http-outgoing-1 << "[\r][\n]"
21:16:16.468 [docker-java-stream-926242780] DEBUG org.apache.hc.client5.http.wire - http-outgoing-1 << "be[\r][\n]"
21:16:16.468 [docker-java-stream-926242780] DEBUG org.apache.hc.client5.http.wire - http-outgoing-1 << "{"status":"Extracting","progressDetail":{"current":80216064,"total":142117631},"progress":"[============================\u003e                      ]  80.22MB/142.1MB","id":"cef47928a8bc"}[\r][\n]"
21:16:16.468 [docker-java-stream-926242780] DEBUG org.apache.hc.client5.http.wire - http-outgoing-1 << "[\r][\n]"
21:16:16.581 [docker-java-stream-926242780] DEBUG org.apache.hc.client5.http.wire - http-outgoing-1 << "be[\r][\n]"
21:16:16.581 [docker-java-stream-926242780] DEBUG org.apache.hc.client5.http.wire - http-outgoing-1 << "{"status":"Extracting","progressDetail":{"current":86900736,"total":142117631},"progress":"[==============================\u003e                    ]   86.9MB/142.1MB","id":"cef47928a8bc"}[\r][\n]"
21:16:16.581 [docker-java-stream-926242780] DEBUG org.apache.hc.client5.http.wire - http-outgoing-1 << "[\r][\n]"
21:16:16.685 [docker-java-stream-926242780] DEBUG org.apache.hc.client5.http.wire - http-outgoing-1 << "be[\r][\n]"
21:16:16.685 [docker-java-stream-926242780] DEBUG org.apache.hc.client5.http.wire - http-outgoing-1 << "{"status":"Extracting","progressDetail":{"current":90243072,"total":142117631},"progress":"[===============================\u003e                   ]  90.24MB/142.1MB","id":"cef47928a8bc"}[\r][\n]"
21:16:16.685 [docker-java-stream-926242780] DEBUG org.apache.hc.client5.http.wire - http-outgoing-1 << "[\r][\n]"
21:16:16.789 [docker-java-stream-926242780] DEBUG org.apache.hc.client5.http.wire - http-outgoing-1 << "be[\r][\n]"
21:16:16.789 [docker-java-stream-926242780] DEBUG org.apache.hc.client5.http.wire - http-outgoing-1 << "{"status":"Extracting","progressDetail":{"current":99155968,"total":142117631},"progress":"[==================================\u003e                ]  99.16MB/142.1MB","id":"cef47928a8bc"}[\r][\n]"
21:16:16.789 [docker-java-stream-926242780] DEBUG org.apache.hc.client5.http.wire - http-outgoing-1 << "[\r][\n]"
21:16:16.892 [docker-java-stream-926242780] DEBUG org.apache.hc.client5.http.wire - http-outgoing-1 << "bf[\r][\n]"
21:16:16.892 [docker-java-stream-926242780] DEBUG org.apache.hc.client5.http.wire - http-outgoing-1 << "{"status":"Extracting","progressDetail":{"current":111411200,"total":142117631},"progress":"[=======================================\u003e           ]  111.4MB/142.1MB","id":"cef47928a8bc"}[\r][\n]"
21:16:16.892 [docker-java-stream-926242780] DEBUG org.apache.hc.client5.http.wire - http-outgoing-1 << "[\r][\n]"
21:16:17.000 [docker-java-stream-926242780] DEBUG org.apache.hc.client5.http.wire - http-outgoing-1 << "bf[\r][\n]"
21:16:17.000 [docker-java-stream-926242780] DEBUG org.apache.hc.client5.http.wire - http-outgoing-1 << "{"status":"Extracting","progressDetail":{"current":118652928,"total":142117631},"progress":"[=========================================\u003e         ]  118.7MB/142.1MB","id":"cef47928a8bc"}[\r][\n]"
21:16:17.000 [docker-java-stream-926242780] DEBUG org.apache.hc.client5.http.wire - http-outgoing-1 << "[\r][\n]"
21:16:17.115 [docker-java-stream-926242780] DEBUG org.apache.hc.client5.http.wire - http-outgoing-1 << "bf[\r][\n]"
21:16:17.115 [docker-java-stream-926242780] DEBUG org.apache.hc.client5.http.wire - http-outgoing-1 << "{"status":"Extracting","progressDetail":{"current":123109376,"total":142117631},"progress":"[===========================================\u003e       ]  123.1MB/142.1MB","id":"cef47928a8bc"}[\r][\n]"
21:16:17.115 [docker-java-stream-926242780] DEBUG org.apache.hc.client5.http.wire - http-outgoing-1 << "[\r][\n]"
21:16:17.241 [docker-java-stream-926242780] DEBUG org.apache.hc.client5.http.wire - http-outgoing-1 << "bf[\r][\n]"
21:16:17.241 [docker-java-stream-926242780] DEBUG org.apache.hc.client5.http.wire - http-outgoing-1 << "{"status":"Extracting","progressDetail":{"current":129794048,"total":142117631},"progress":"[=============================================\u003e     ]  129.8MB/142.1MB","id":"cef47928a8bc"}[\r][\n]"
21:16:17.241 [docker-java-stream-926242780] DEBUG org.apache.hc.client5.http.wire - http-outgoing-1 << "[\r][\n]"
21:16:17.365 [docker-java-stream-926242780] DEBUG org.apache.hc.client5.http.wire - http-outgoing-1 << "bf[\r][\n]"
21:16:17.365 [docker-java-stream-926242780] DEBUG org.apache.hc.client5.http.wire - http-outgoing-1 << "{"status":"Extracting","progressDetail":{"current":134807552,"total":142117631},"progress":"[===============================================\u003e   ]  134.8MB/142.1MB","id":"cef47928a8bc"}[\r][\n]"
21:16:17.365 [docker-java-stream-926242780] DEBUG org.apache.hc.client5.http.wire - http-outgoing-1 << "[\r][\n]"
21:16:17.528 [docker-java-stream-926242780] DEBUG org.apache.hc.client5.http.wire - http-outgoing-1 << "bf[\r][\n]"
21:16:17.528 [docker-java-stream-926242780] DEBUG org.apache.hc.client5.http.wire - http-outgoing-1 << "{"status":"Extracting","progressDetail":{"current":138149888,"total":142117631},"progress":"[================================================\u003e  ]  138.1MB/142.1MB","id":"cef47928a8bc"}[\r][\n]"
21:16:17.528 [docker-java-stream-926242780] DEBUG org.apache.hc.client5.http.wire - http-outgoing-1 << "[\r][\n]"
21:16:17.699 [docker-java-stream-926242780] DEBUG org.apache.hc.client5.http.wire - http-outgoing-1 << "bf[\r][\n]"
21:16:17.699 [docker-java-stream-926242780] DEBUG org.apache.hc.client5.http.wire - http-outgoing-1 << "{"status":"Extracting","progressDetail":{"current":139821056,"total":142117631},"progress":"[=================================================\u003e ]  139.8MB/142.1MB","id":"cef47928a8bc"}[\r][\n]"
21:16:17.699 [docker-java-stream-926242780] DEBUG org.apache.hc.client5.http.wire - http-outgoing-1 << "[\r][\n]"
21:16:17.969 [docker-java-stream-926242780] DEBUG org.apache.hc.client5.http.wire - http-outgoing-1 << "bf[\r][\n]"
21:16:17.969 [docker-java-stream-926242780] DEBUG org.apache.hc.client5.http.wire - http-outgoing-1 << "{"status":"Extracting","progressDetail":{"current":140935168,"total":142117631},"progress":"[=================================================\u003e ]  140.9MB/142.1MB","id":"cef47928a8bc"}[\r][\n]"
21:16:17.969 [docker-java-stream-926242780] DEBUG org.apache.hc.client5.http.wire - http-outgoing-1 << "[\r][\n]"
21:16:18.101 [docker-java-stream-926242780] DEBUG org.apache.hc.client5.http.wire - http-outgoing-1 << "bf[\r][\n]"
21:16:18.101 [docker-java-stream-926242780] DEBUG org.apache.hc.client5.http.wire - http-outgoing-1 << "{"status":"Extracting","progressDetail":{"current":142049280,"total":142117631},"progress":"[=================================================\u003e ]    142MB/142.1MB","id":"cef47928a8bc"}[\r][\n]"
21:16:18.101 [docker-java-stream-926242780] DEBUG org.apache.hc.client5.http.wire - http-outgoing-1 << "[\r][\n]"
21:16:18.103 [docker-java-stream-926242780] DEBUG org.apache.hc.client5.http.wire - http-outgoing-1 << "bf[\r][\n]"
21:16:18.103 [docker-java-stream-926242780] DEBUG org.apache.hc.client5.http.wire - http-outgoing-1 << "{"status":"Extracting","progressDetail":{"current":142117631,"total":142117631},"progress":"[==================================================\u003e]  142.1MB/142.1MB","id":"cef47928a8bc"}[\r][\n]"
21:16:18.103 [docker-java-stream-926242780] DEBUG org.apache.hc.client5.http.wire - http-outgoing-1 << "[\r][\n]"
21:16:18.217 [docker-java-stream-926242780] DEBUG org.apache.hc.client5.http.wire - http-outgoing-1 << "44[\r][\n]"
21:16:18.217 [docker-java-stream-926242780] DEBUG org.apache.hc.client5.http.wire - http-outgoing-1 << "{"status":"Pull complete","progressDetail":{},"id":"cef47928a8bc"}[\r][\n]"
21:16:18.217 [docker-java-stream-926242780] DEBUG org.apache.hc.client5.http.wire - http-outgoing-1 << "[\r][\n]"
21:16:18.221 [docker-java-stream-926242780] DEBUG org.apache.hc.client5.http.wire - http-outgoing-1 << "b9[\r][\n]"
21:16:18.221 [docker-java-stream-926242780] DEBUG org.apache.hc.client5.http.wire - http-outgoing-1 << "{"status":"Extracting","progressDetail":{"current":32768,"total":3099471},"progress":"[\u003e                                                  ]  32.77kB/3.099MB","id":"2a1f3cb1db98"}[\r][\n]"
21:16:18.221 [docker-java-stream-926242780] DEBUG org.apache.hc.client5.http.wire - http-outgoing-1 << "[\r][\n]"
21:16:18.298 [docker-java-stream-926242780] DEBUG org.apache.hc.client5.http.wire - http-outgoing-1 << "bb[\r][\n]"
21:16:18.298 [docker-java-stream-926242780] DEBUG org.apache.hc.client5.http.wire - http-outgoing-1 << "{"status":"Extracting","progressDetail":{"current":3099471,"total":3099471},"progress":"[==================================================\u003e]  3.099MB/3.099MB","id":"2a1f3cb1db98"}[\r][\n]"
21:16:18.298 [docker-java-stream-926242780] DEBUG org.apache.hc.client5.http.wire - http-outgoing-1 << "[\r][\n]"
21:16:18.313 [docker-java-stream-926242780] DEBUG org.apache.hc.client5.http.wire - http-outgoing-1 << "44[\r][\n]"
21:16:18.313 [docker-java-stream-926242780] DEBUG org.apache.hc.client5.http.wire - http-outgoing-1 << "{"status":"Pull complete","progressDetail":{},"id":"2a1f3cb1db98"}[\r][\n]"
21:16:18.313 [docker-java-stream-926242780] DEBUG org.apache.hc.client5.http.wire - http-outgoing-1 << "[\r][\n]"
21:16:18.318 [docker-java-stream-926242780] DEBUG org.apache.hc.client5.http.wire - http-outgoing-1 << "b9[\r][\n]"
21:16:18.318 [docker-java-stream-926242780] DEBUG org.apache.hc.client5.http.wire - http-outgoing-1 << "{"status":"Extracting","progressDetail":{"current":65536,"total":3543714},"progress":"[\u003e                                                  ]  65.54kB/3.544MB","id":"44e49441abf7"}[\r][\n]"
21:16:18.318 [docker-java-stream-926242780] DEBUG org.apache.hc.client5.http.wire - http-outgoing-1 << "[\r][\n]"
21:16:18.404 [docker-java-stream-926242780] DEBUG org.apache.hc.client5.http.wire - http-outgoing-1 << "bb[\r][\n]"
21:16:18.404 [docker-java-stream-926242780] DEBUG org.apache.hc.client5.http.wire - http-outgoing-1 << "{"status":"Extracting","progressDetail":{"current":3543714,"total":3543714},"progress":"[==================================================\u003e]  3.544MB/3.544MB","id":"44e49441abf7"}[\r][\n]"
21:16:18.404 [docker-java-stream-926242780] DEBUG org.apache.hc.client5.http.wire - http-outgoing-1 << "[\r][\n]"
21:16:18.418 [docker-java-stream-926242780] DEBUG org.apache.hc.client5.http.wire - http-outgoing-1 << "44[\r][\n]"
21:16:18.418 [docker-java-stream-926242780] DEBUG org.apache.hc.client5.http.wire - http-outgoing-1 << "{"status":"Pull complete","progressDetail":{},"id":"44e49441abf7"}[\r][\n]"
21:16:18.418 [docker-java-stream-926242780] DEBUG org.apache.hc.client5.http.wire - http-outgoing-1 << "[\r][\n]"
21:16:18.423 [docker-java-stream-926242780] DEBUG org.apache.hc.client5.http.wire - http-outgoing-1 << "b0[\r][\n]"
21:16:18.423 [docker-java-stream-926242780] DEBUG org.apache.hc.client5.http.wire - http-outgoing-1 << "{"status":"Extracting","progressDetail":{"current":284,"total":284},"progress":"[==================================================\u003e]     284B/284B","id":"851db030709a"}[\r][\n]"
21:16:18.423 [docker-java-stream-926242780] DEBUG org.apache.hc.client5.http.wire - http-outgoing-1 << "[\r][\n]"
21:16:18.423 [docker-java-stream-926242780] DEBUG org.apache.hc.client5.http.wire - http-outgoing-1 << "b0[\r][\n]"
21:16:18.424 [docker-java-stream-926242780] DEBUG org.apache.hc.client5.http.wire - http-outgoing-1 << "{"status":"Extracting","progressDetail":{"current":284,"total":284},"progress":"[==================================================\u003e]     284B/284B","id":"851db030709a"}[\r][\n]"
21:16:18.424 [docker-java-stream-926242780] DEBUG org.apache.hc.client5.http.wire - http-outgoing-1 << "[\r][\n]"
21:16:18.470 [docker-java-stream-926242780] DEBUG org.apache.hc.client5.http.wire - http-outgoing-1 << "44[\r][\n]"
21:16:18.470 [docker-java-stream-926242780] DEBUG org.apache.hc.client5.http.wire - http-outgoing-1 << "{"status":"Pull complete","progressDetail":{},"id":"851db030709a"}[\r][\n]"
21:16:18.470 [docker-java-stream-926242780] DEBUG org.apache.hc.client5.http.wire - http-outgoing-1 << "[\r][\n]"
21:16:18.474 [docker-java-stream-926242780] DEBUG org.apache.hc.client5.http.wire - http-outgoing-1 << "b5[\r][\n]"
21:16:18.474 [docker-java-stream-926242780] DEBUG org.apache.hc.client5.http.wire - http-outgoing-1 << "{"status":"Extracting","progressDetail":{"current":1602,"total":1602},"progress":"[==================================================\u003e]  1.602kB/1.602kB","id":"061490423c2a"}[\r][\n]"
21:16:18.474 [docker-java-stream-926242780] DEBUG org.apache.hc.client5.http.wire - http-outgoing-1 << "[\r][\n]"
21:16:18.474 [docker-java-stream-926242780] DEBUG org.apache.hc.client5.http.wire - http-outgoing-1 << "b5[\r][\n]"
21:16:18.474 [docker-java-stream-926242780] DEBUG org.apache.hc.client5.http.wire - http-outgoing-1 << "{"status":"Extracting","progressDetail":{"current":1602,"total":1602},"progress":"[==================================================\u003e]  1.602kB/1.602kB","id":"061490423c2a"}[\r][\n]"
21:16:18.474 [docker-java-stream-926242780] DEBUG org.apache.hc.client5.http.wire - http-outgoing-1 << "[\r][\n]"
21:16:18.522 [docker-java-stream-926242780] DEBUG org.apache.hc.client5.http.wire - http-outgoing-1 << "44[\r][\n]"
21:16:18.522 [docker-java-stream-926242780] DEBUG org.apache.hc.client5.http.wire - http-outgoing-1 << "{"status":"Pull complete","progressDetail":{},"id":"061490423c2a"}[\r][\n]"
21:16:18.522 [docker-java-stream-926242780] DEBUG org.apache.hc.client5.http.wire - http-outgoing-1 << "[\r][\n]"
21:16:18.534 [docker-java-stream-926242780] DEBUG org.apache.hc.client5.http.wire - http-outgoing-1 << "5e[\r][\n]"
21:16:18.534 [docker-java-stream-926242780] DEBUG org.apache.hc.client5.http.wire - http-outgoing-1 << "{"status":"Digest: sha256:32a6f1b35cae22a390a54d332a4cc1a69a5093c7711e265fc1d51adcfa5f5ffa"}[\r][\n]"
21:16:18.534 [docker-java-stream-926242780] DEBUG org.apache.hc.client5.http.wire - http-outgoing-1 << "[\r][\n]"
21:16:18.538 [docker-java-stream-926242780] DEBUG org.apache.hc.client5.http.wire - http-outgoing-1 << "4c[\r][\n]"
21:16:18.538 [docker-java-stream-926242780] DEBUG org.apache.hc.client5.http.wire - http-outgoing-1 << "{"status":"Status: Downloaded newer image for selenoid/vnc:firefox_110.0"}[\r][\n]"
21:16:18.538 [docker-java-stream-926242780] DEBUG org.apache.hc.client5.http.wire - http-outgoing-1 << "[\r][\n]"
21:16:18.541 [docker-java-stream-926242780] DEBUG org.apache.hc.client5.http.wire - http-outgoing-1 << "0[\r][\n]"
21:16:18.541 [docker-java-stream-926242780] DEBUG org.apache.hc.client5.http.wire - http-outgoing-1 << "[\r][\n]"
21:16:18.541 [docker-java-stream-926242780] DEBUG org.apache.hc.client5.http.impl.classic.InternalHttpClient - ep-0000000004 releasing valid endpoint
21:16:18.541 [docker-java-stream-926242780] DEBUG org.apache.hc.client5.http.impl.io.PoolingHttpClientConnectionManager - ep-0000000004 releasing endpoint
21:16:18.541 [docker-java-stream-926242780] DEBUG org.apache.hc.client5.http.impl.io.PoolingHttpClientConnectionManager - ep-0000000004 connection http-outgoing-1 can be kept alive for 3 MINUTES
21:16:18.541 [docker-java-stream-926242780] DEBUG org.apache.hc.client5.http.impl.io.PoolingHttpClientConnectionManager - ep-0000000004 connection released [route: {}->unix://localhost:2375][total available: 1; route allocated: 1 of 2147483647; total allocated: 1 of 2147483647]
21:16:18.548 [main] DEBUG io.github.bonigarcia.wdm.cache.ResolutionCache - Storing resolution firefox-container-latest=110.0 in cache (valid until 22:16:18 16/03/2023 WET)
21:16:18.560 [main] INFO io.github.bonigarcia.wdm.docker.DockerService - Starting Docker container selenoid/vnc:firefox_110.0
21:16:18.566 [main] DEBUG com.github.dockerjava.core.command.AbstrDockerCmd - Cmd: com.github.dockerjava.core.command.CreateContainerCmdImpl@304a3655[aliases=<null>,argsEscaped=<null>,attachStderr=<null>,attachStdin=<null>,attachStdout=<null>,authConfig=<null>,cmd=<null>,domainName=<null>,entrypoint=<null>,env={TZ=Etc/UTC,LANGUAGE=EN,SCREEN_RESOLUTION=1280x1080x24},exposedPorts=ExposedPorts(exposedPorts=[4444/tcp]),healthcheck=<null>,hostConfig=HostConfig(binds=[], blkioWeight=null, blkioWeightDevice=null, blkioDeviceReadBps=null, blkioDeviceWriteBps=null, blkioDeviceReadIOps=null, blkioDeviceWriteIOps=null, memorySwappiness=null, nanoCPUs=null, capAdd=[SYS_ADMIN], capDrop=null, containerIDFile=null, cpuPeriod=null, cpuRealtimePeriod=null, cpuRealtimeRuntime=null, cpuShares=null, cpuQuota=null, cpusetCpus=null, cpusetMems=null, devices=null, deviceCgroupRules=null, deviceRequests=null, diskQuota=null, dns=null, dnsOptions=null, dnsSearch=null, extraHosts=[], groupAdd=null, ipcMode=null, cgroup=null, links=[], logConfig=LogConfig(type=null, config=null), lxcConf=null, memory=null, memorySwap=null, memoryReservation=null, kernelMemory=null, networkMode=bridge, oomKillDisable=null, init=null, autoRemove=null, oomScoreAdj=null, portBindings={4444/tcp=[Lcom.github.dockerjava.api.model.Ports$Binding;@51751e5f}, privileged=null, publishAllPorts=true, readonlyRootfs=null, restartPolicy=null, ulimits=null, cpuCount=null, cpuPercent=null, ioMaximumIOps=null, ioMaximumBandwidth=null, volumesFrom=null, mounts=[Mount(type=TMPFS, source=null, target=/tmp, readOnly=null, bindOptions=null, volumeOptions=null, tmpfsOptions=TmpfsOptions(sizeBytes=134217728, mode=null))], pidMode=null, isolation=null, securityOpts=null, storageOpt=null, cgroupParent=null, volumeDriver=null, shmSize=268435456, pidsLimit=null, runtime=null, tmpFs=null, utSMode=null, usernsMode=null, sysctls=null, consoleSize=null, cgroupnsMode=null),hostName=<null>,image=selenoid/vnc:firefox_110.0,ipv4Address=<null>,ipv6Address=<null>,labels=<null>,macAddress=<null>,name=<null>,networkDisabled=<null>,networkingConfig=<null>,onBuild=<null>,platform=<null>,portSpecs=<null>,shell=<null>,stdInOnce=<null>,stdinOpen=<null>,stopSignal=<null>,stopTimeout=<null>,tty=<null>,user=<null>,volumes=Volumes(volumes=[]),workingDir=<null>]
21:16:18.624 [main] DEBUG org.apache.hc.client5.http.impl.classic.InternalHttpClient - ex-0000000005 preparing request execution
21:16:18.625 [main] DEBUG org.apache.hc.client5.http.impl.classic.ProtocolExec - ex-0000000005 target auth state: UNCHALLENGED
21:16:18.625 [main] DEBUG org.apache.hc.client5.http.impl.classic.ProtocolExec - ex-0000000005 proxy auth state: UNCHALLENGED
21:16:18.625 [main] DEBUG org.apache.hc.client5.http.impl.classic.ConnectExec - ex-0000000005 acquiring connection with route {}->unix://localhost:2375
21:16:18.625 [main] DEBUG org.apache.hc.client5.http.impl.classic.InternalHttpClient - ex-0000000005 acquiring endpoint (3 MINUTES)
21:16:18.625 [main] DEBUG org.apache.hc.client5.http.impl.io.PoolingHttpClientConnectionManager - ex-0000000005 endpoint lease request (3 MINUTES) [route: {}->unix://localhost:2375][total available: 1; route allocated: 1 of 2147483647; total allocated: 1 of 2147483647]
21:16:18.625 [main] DEBUG org.apache.hc.client5.http.impl.io.PoolingHttpClientConnectionManager - ex-0000000005 endpoint leased [route: {}->unix://localhost:2375][total available: 0; route allocated: 1 of 2147483647; total allocated: 1 of 2147483647]
21:16:18.625 [main] DEBUG org.apache.hc.client5.http.impl.io.PoolingHttpClientConnectionManager - ex-0000000005 acquired ep-0000000005
21:16:18.625 [main] DEBUG org.apache.hc.client5.http.impl.classic.InternalHttpClient - ex-0000000005 acquired endpoint ep-0000000005
21:16:18.625 [main] DEBUG org.apache.hc.client5.http.impl.classic.MainClientExec - ex-0000000005 executing POST /containers/create HTTP/1.1
21:16:18.625 [main] DEBUG org.apache.hc.client5.http.protocol.RequestAddCookies - ex-0000000005 Cookie spec selected: strict
21:16:18.625 [main] DEBUG org.apache.hc.client5.http.impl.classic.InternalHttpClient - ep-0000000005 start execution ex-0000000005
21:16:18.625 [main] DEBUG org.apache.hc.client5.http.impl.io.PoolingHttpClientConnectionManager - ep-0000000005 executing exchange ex-0000000005 over http-outgoing-1
21:16:18.625 [main] DEBUG org.apache.hc.client5.http.headers - http-outgoing-1 >> POST /containers/create HTTP/1.1
21:16:18.625 [main] DEBUG org.apache.hc.client5.http.headers - http-outgoing-1 >> accept: application/json
21:16:18.625 [main] DEBUG org.apache.hc.client5.http.headers - http-outgoing-1 >> content-type: application/json
21:16:18.625 [main] DEBUG org.apache.hc.client5.http.headers - http-outgoing-1 >> Accept-Encoding: gzip, x-gzip, deflate, br
21:16:18.625 [main] DEBUG org.apache.hc.client5.http.headers - http-outgoing-1 >> Content-Length: 2047
21:16:18.625 [main] DEBUG org.apache.hc.client5.http.headers - http-outgoing-1 >> Host: localhost:2375
21:16:18.625 [main] DEBUG org.apache.hc.client5.http.headers - http-outgoing-1 >> Connection: keep-alive
21:16:18.625 [main] DEBUG org.apache.hc.client5.http.headers - http-outgoing-1 >> User-Agent: Apache-HttpClient/5.2.1 (Java/17.0.6)
21:16:18.625 [main] DEBUG org.apache.hc.client5.http.wire - http-outgoing-1 >> "POST /containers/create HTTP/1.1[\r][\n]"
21:16:18.625 [main] DEBUG org.apache.hc.client5.http.wire - http-outgoing-1 >> "accept: application/json[\r][\n]"
21:16:18.625 [main] DEBUG org.apache.hc.client5.http.wire - http-outgoing-1 >> "content-type: application/json[\r][\n]"
21:16:18.625 [main] DEBUG org.apache.hc.client5.http.wire - http-outgoing-1 >> "Accept-Encoding: gzip, x-gzip, deflate, br[\r][\n]"
21:16:18.625 [main] DEBUG org.apache.hc.client5.http.wire - http-outgoing-1 >> "Content-Length: 2047[\r][\n]"
21:16:18.625 [main] DEBUG org.apache.hc.client5.http.wire - http-outgoing-1 >> "Host: localhost:2375[\r][\n]"
21:16:18.625 [main] DEBUG org.apache.hc.client5.http.wire - http-outgoing-1 >> "Connection: keep-alive[\r][\n]"
21:16:18.625 [main] DEBUG org.apache.hc.client5.http.wire - http-outgoing-1 >> "User-Agent: Apache-HttpClient/5.2.1 (Java/17.0.6)[\r][\n]"
21:16:18.625 [main] DEBUG org.apache.hc.client5.http.wire - http-outgoing-1 >> "[\r][\n]"
21:16:18.625 [main] DEBUG org.apache.hc.client5.http.wire - http-outgoing-1 >> "{"Hostname":null,"Domainname":null,"User":null,"AttachStdin":null,"AttachStdout":null,"AttachStderr":null,"PortSpecs":null,"Tty":null,"OpenStdin":null,"StdinOnce":null,"Env":["TZ=Etc/UTC","LANGUAGE=EN","SCREEN_RESOLUTION=1280x1080x24"],"Cmd":null,"Healthcheck":null,"ArgsEscaped":null,"Entrypoint":null,"Image":"selenoid/vnc:firefox_110.0","Volumes":{},"WorkingDir":null,"MacAddress":null,"OnBuild":null,"NetworkDisabled":null,"ExposedPorts":{"4444/tcp":{}},"StopSignal":null,"StopTimeout":null,"HostConfig":{"Binds":[],"BlkioWeight":null,"BlkioWeightDevice":null,"BlkioDeviceReadBps":null,"BlkioDeviceWriteBps":null,"BlkioDeviceReadIOps":null,"BlkioDeviceWriteIOps":null,"MemorySwappiness":null,"NanoCpus":null,"CapAdd":["SYS_ADMIN"],"CapDrop":null,"ContainerIDFile":null,"CpuPeriod":null,"CpuRealtimePeriod":null,"CpuRealtimeRuntime":null,"CpuShares":null,"CpuQuota":null,"CpusetCpus":null,"CpusetMems":null,"Devices":null,"DeviceCgroupRules":null,"DeviceRequests":null,"DiskQuota":null,"Dns":null,"DnsOptions":null,"DnsSearch":null,"ExtraHosts":[],"GroupAdd":null,"IpcMode":null,"Cgroup":null,"Links":null,"LogConfig":null,"LxcConf":null,"Memory":null,"MemorySwap":null,"MemoryReservation":null,"KernelMemory":null,"NetworkMode":"bridge","OomKillDisable":null,"Init":null,"AutoRemove":null,"OomScoreAdj":null,"PortBindings":{"4444/tcp":[{"HostIp":"","HostPort":""}]},"Privileged":null,"PublishAllPorts":true,"ReadonlyRootfs":null,"RestartPolicy":null,"Ulimits":null,"CpuCount":null,"CpuPercent":null,"IOMaximumIOps":null,"IOMaximumBandwidth":null,"VolumesFrom":null,"Mounts":[{"Type":"tmpfs","Source":null,"Target":"/tmp","ReadOnly":null,"BindOptions":null,"VolumeOptions":null,"TmpfsOptions":{"SizeBytes":134217728,"Mode":null}}],"PidMode":null,"Isolation":null,"SecurityOpt":null,"StorageOpt":null,"CgroupParent":null,"VolumeDriver":null,"ShmSize":268435456,"PidsLimit":null,"Runtime":null,"Tmpfs":null,"UTSMode":null,"UsernsMode":null,"Sysctls":null,"ConsoleSize":null,"CgroupnsMode":null},"Labels":null,"Shell":null,"NetworkingConfig":null}"
21:16:18.934 [main] DEBUG org.apache.hc.client5.http.wire - http-outgoing-1 << "HTTP/1.1 201 Created[\r][\n]"
21:16:18.934 [main] DEBUG org.apache.hc.client5.http.wire - http-outgoing-1 << "Api-Version: 1.41[\r][\n]"
21:16:18.934 [main] DEBUG org.apache.hc.client5.http.wire - http-outgoing-1 << "Content-Type: application/json[\r][\n]"
21:16:18.934 [main] DEBUG org.apache.hc.client5.http.wire - http-outgoing-1 << "Docker-Experimental: false[\r][\n]"
21:16:18.934 [main] DEBUG org.apache.hc.client5.http.wire - http-outgoing-1 << "Ostype: linux[\r][\n]"
21:16:18.934 [main] DEBUG org.apache.hc.client5.http.wire - http-outgoing-1 << "Server: Docker/20.10.21 (linux)[\r][\n]"
21:16:18.934 [main] DEBUG org.apache.hc.client5.http.wire - http-outgoing-1 << "Date: Thu, 16 Mar 2023 21:16:18 GMT[\r][\n]"
21:16:18.934 [main] DEBUG org.apache.hc.client5.http.wire - http-outgoing-1 << "Content-Length: 88[\r][\n]"
21:16:18.934 [main] DEBUG org.apache.hc.client5.http.wire - http-outgoing-1 << "[\r][\n]"
21:16:18.934 [main] DEBUG org.apache.hc.client5.http.wire - http-outgoing-1 << "{"Id":"9bb323ed2b6638e0889d0e354079e0e6d36b940b89f008d1751b7692243bb2cf","Warnings":[]}[\n]"
21:16:18.934 [main] DEBUG org.apache.hc.client5.http.headers - http-outgoing-1 << HTTP/1.1 201 Created
21:16:18.934 [main] DEBUG org.apache.hc.client5.http.headers - http-outgoing-1 << Api-Version: 1.41
21:16:18.934 [main] DEBUG org.apache.hc.client5.http.headers - http-outgoing-1 << Content-Type: application/json
21:16:18.934 [main] DEBUG org.apache.hc.client5.http.headers - http-outgoing-1 << Docker-Experimental: false
21:16:18.934 [main] DEBUG org.apache.hc.client5.http.headers - http-outgoing-1 << Ostype: linux
21:16:18.934 [main] DEBUG org.apache.hc.client5.http.headers - http-outgoing-1 << Server: Docker/20.10.21 (linux)
21:16:18.934 [main] DEBUG org.apache.hc.client5.http.headers - http-outgoing-1 << Date: Thu, 16 Mar 2023 21:16:18 GMT
21:16:18.934 [main] DEBUG org.apache.hc.client5.http.headers - http-outgoing-1 << Content-Length: 88
21:16:18.934 [main] DEBUG org.apache.hc.client5.http.impl.classic.MainClientExec - ex-0000000005 connection can be kept alive for 3 MINUTES
21:16:18.938 [main] DEBUG org.apache.hc.client5.http.impl.classic.InternalHttpClient - ep-0000000005 releasing valid endpoint
21:16:18.938 [main] DEBUG org.apache.hc.client5.http.impl.io.PoolingHttpClientConnectionManager - ep-0000000005 releasing endpoint
21:16:18.938 [main] DEBUG org.apache.hc.client5.http.impl.io.PoolingHttpClientConnectionManager - ep-0000000005 connection http-outgoing-1 can be kept alive for 3 MINUTES
21:16:18.938 [main] DEBUG org.apache.hc.client5.http.impl.io.PoolingHttpClientConnectionManager - ep-0000000005 connection released [route: {}->unix://localhost:2375][total available: 1; route allocated: 1 of 2147483647; total allocated: 1 of 2147483647]
21:16:18.939 [main] DEBUG com.github.dockerjava.core.command.AbstrDockerCmd - Cmd: 9bb323ed2b6638e0889d0e354079e0e6d36b940b89f008d1751b7692243bb2cf
21:16:18.939 [main] DEBUG org.apache.hc.client5.http.impl.classic.InternalHttpClient - ex-0000000006 preparing request execution
21:16:18.939 [main] DEBUG org.apache.hc.client5.http.impl.classic.ProtocolExec - ex-0000000006 target auth state: UNCHALLENGED
21:16:18.939 [main] DEBUG org.apache.hc.client5.http.impl.classic.ProtocolExec - ex-0000000006 proxy auth state: UNCHALLENGED
21:16:18.939 [main] DEBUG org.apache.hc.client5.http.impl.classic.ConnectExec - ex-0000000006 acquiring connection with route {}->unix://localhost:2375
21:16:18.939 [main] DEBUG org.apache.hc.client5.http.impl.classic.InternalHttpClient - ex-0000000006 acquiring endpoint (3 MINUTES)
21:16:18.940 [main] DEBUG org.apache.hc.client5.http.impl.io.PoolingHttpClientConnectionManager - ex-0000000006 endpoint lease request (3 MINUTES) [route: {}->unix://localhost:2375][total available: 1; route allocated: 1 of 2147483647; total allocated: 1 of 2147483647]
21:16:18.940 [main] DEBUG org.apache.hc.client5.http.impl.io.PoolingHttpClientConnectionManager - ex-0000000006 endpoint leased [route: {}->unix://localhost:2375][total available: 0; route allocated: 1 of 2147483647; total allocated: 1 of 2147483647]
21:16:18.940 [main] DEBUG org.apache.hc.client5.http.impl.io.PoolingHttpClientConnectionManager - ex-0000000006 acquired ep-0000000006
21:16:18.940 [main] DEBUG org.apache.hc.client5.http.impl.classic.InternalHttpClient - ex-0000000006 acquired endpoint ep-0000000006
21:16:18.940 [main] DEBUG org.apache.hc.client5.http.impl.classic.MainClientExec - ex-0000000006 executing POST /containers/9bb323ed2b6638e0889d0e354079e0e6d36b940b89f008d1751b7692243bb2cf/start HTTP/1.1
21:16:18.940 [main] DEBUG org.apache.hc.client5.http.protocol.RequestAddCookies - ex-0000000006 Cookie spec selected: strict
21:16:18.940 [main] DEBUG org.apache.hc.client5.http.impl.classic.InternalHttpClient - ep-0000000006 start execution ex-0000000006
21:16:18.940 [main] DEBUG org.apache.hc.client5.http.impl.io.PoolingHttpClientConnectionManager - ep-0000000006 executing exchange ex-0000000006 over http-outgoing-1
21:16:18.940 [main] DEBUG org.apache.hc.client5.http.headers - http-outgoing-1 >> POST /containers/9bb323ed2b6638e0889d0e354079e0e6d36b940b89f008d1751b7692243bb2cf/start HTTP/1.1
21:16:18.940 [main] DEBUG org.apache.hc.client5.http.headers - http-outgoing-1 >> accept: application/json
21:16:18.940 [main] DEBUG org.apache.hc.client5.http.headers - http-outgoing-1 >> content-type: application/json
21:16:18.940 [main] DEBUG org.apache.hc.client5.http.headers - http-outgoing-1 >> Accept-Encoding: gzip, x-gzip, deflate, br
21:16:18.940 [main] DEBUG org.apache.hc.client5.http.headers - http-outgoing-1 >> Host: localhost:2375
21:16:18.940 [main] DEBUG org.apache.hc.client5.http.headers - http-outgoing-1 >> Connection: keep-alive
21:16:18.940 [main] DEBUG org.apache.hc.client5.http.headers - http-outgoing-1 >> User-Agent: Apache-HttpClient/5.2.1 (Java/17.0.6)
21:16:18.940 [main] DEBUG org.apache.hc.client5.http.wire - http-outgoing-1 >> "POST /containers/9bb323ed2b6638e0889d0e354079e0e6d36b940b89f008d1751b7692243bb2cf/start HTTP/1.1[\r][\n]"
21:16:18.940 [main] DEBUG org.apache.hc.client5.http.wire - http-outgoing-1 >> "accept: application/json[\r][\n]"
21:16:18.940 [main] DEBUG org.apache.hc.client5.http.wire - http-outgoing-1 >> "content-type: application/json[\r][\n]"
21:16:18.940 [main] DEBUG org.apache.hc.client5.http.wire - http-outgoing-1 >> "Accept-Encoding: gzip, x-gzip, deflate, br[\r][\n]"
21:16:18.940 [main] DEBUG org.apache.hc.client5.http.wire - http-outgoing-1 >> "Host: localhost:2375[\r][\n]"
21:16:18.940 [main] DEBUG org.apache.hc.client5.http.wire - http-outgoing-1 >> "Connection: keep-alive[\r][\n]"
21:16:18.940 [main] DEBUG org.apache.hc.client5.http.wire - http-outgoing-1 >> "User-Agent: Apache-HttpClient/5.2.1 (Java/17.0.6)[\r][\n]"
21:16:18.940 [main] DEBUG org.apache.hc.client5.http.wire - http-outgoing-1 >> "[\r][\n]"
21:16:19.394 [main] DEBUG org.apache.hc.client5.http.wire - http-outgoing-1 << "HTTP/1.1 204 No Content[\r][\n]"
21:16:19.394 [main] DEBUG org.apache.hc.client5.http.wire - http-outgoing-1 << "Api-Version: 1.41[\r][\n]"
21:16:19.394 [main] DEBUG org.apache.hc.client5.http.wire - http-outgoing-1 << "Docker-Experimental: false[\r][\n]"
21:16:19.394 [main] DEBUG org.apache.hc.client5.http.wire - http-outgoing-1 << "Ostype: linux[\r][\n]"
21:16:19.394 [main] DEBUG org.apache.hc.client5.http.wire - http-outgoing-1 << "Server: Docker/20.10.21 (linux)[\r][\n]"
21:16:19.394 [main] DEBUG org.apache.hc.client5.http.wire - http-outgoing-1 << "Date: Thu, 16 Mar 2023 21:16:19 GMT[\r][\n]"
21:16:19.394 [main] DEBUG org.apache.hc.client5.http.wire - http-outgoing-1 << "[\r][\n]"
21:16:19.394 [main] DEBUG org.apache.hc.client5.http.headers - http-outgoing-1 << HTTP/1.1 204 No Content
21:16:19.394 [main] DEBUG org.apache.hc.client5.http.headers - http-outgoing-1 << Api-Version: 1.41
21:16:19.394 [main] DEBUG org.apache.hc.client5.http.headers - http-outgoing-1 << Docker-Experimental: false
21:16:19.394 [main] DEBUG org.apache.hc.client5.http.headers - http-outgoing-1 << Ostype: linux
21:16:19.394 [main] DEBUG org.apache.hc.client5.http.headers - http-outgoing-1 << Server: Docker/20.10.21 (linux)
21:16:19.394 [main] DEBUG org.apache.hc.client5.http.headers - http-outgoing-1 << Date: Thu, 16 Mar 2023 21:16:19 GMT
21:16:19.394 [main] DEBUG org.apache.hc.client5.http.impl.classic.MainClientExec - ex-0000000006 connection can be kept alive for 3 MINUTES
21:16:19.394 [main] DEBUG org.apache.hc.client5.http.impl.classic.InternalHttpClient - ep-0000000006 releasing valid endpoint
21:16:19.394 [main] DEBUG org.apache.hc.client5.http.impl.io.PoolingHttpClientConnectionManager - ep-0000000006 releasing endpoint
21:16:19.394 [main] DEBUG org.apache.hc.client5.http.impl.io.PoolingHttpClientConnectionManager - ep-0000000006 connection http-outgoing-1 can be kept alive for 3 MINUTES
21:16:19.394 [main] DEBUG org.apache.hc.client5.http.impl.io.PoolingHttpClientConnectionManager - ep-0000000006 connection released [route: {}->unix://localhost:2375][total available: 1; route allocated: 1 of 2147483647; total allocated: 1 of 2147483647]
21:16:19.429 [main] DEBUG com.github.dockerjava.core.command.AbstrDockerCmd - Cmd: 9bb323ed2b6638e0889d0e354079e0e6d36b940b89f008d1751b7692243bb2cf,false
21:16:19.429 [main] DEBUG com.github.dockerjava.core.exec.InspectContainerCmdExec - GET: DefaultWebTarget{path=[/containers/9bb323ed2b6638e0889d0e354079e0e6d36b940b89f008d1751b7692243bb2cf/json], queryParams={}}
21:16:19.429 [main] DEBUG org.apache.hc.client5.http.impl.classic.InternalHttpClient - ex-0000000007 preparing request execution
21:16:19.430 [main] DEBUG org.apache.hc.client5.http.impl.classic.ProtocolExec - ex-0000000007 target auth state: UNCHALLENGED
21:16:19.430 [main] DEBUG org.apache.hc.client5.http.impl.classic.ProtocolExec - ex-0000000007 proxy auth state: UNCHALLENGED
21:16:19.430 [main] DEBUG org.apache.hc.client5.http.impl.classic.ConnectExec - ex-0000000007 acquiring connection with route {}->unix://localhost:2375
21:16:19.430 [main] DEBUG org.apache.hc.client5.http.impl.classic.InternalHttpClient - ex-0000000007 acquiring endpoint (3 MINUTES)
21:16:19.430 [main] DEBUG org.apache.hc.client5.http.impl.io.PoolingHttpClientConnectionManager - ex-0000000007 endpoint lease request (3 MINUTES) [route: {}->unix://localhost:2375][total available: 1; route allocated: 1 of 2147483647; total allocated: 1 of 2147483647]
21:16:19.430 [main] DEBUG org.apache.hc.client5.http.impl.io.PoolingHttpClientConnectionManager - ex-0000000007 endpoint leased [route: {}->unix://localhost:2375][total available: 0; route allocated: 1 of 2147483647; total allocated: 1 of 2147483647]
21:16:19.430 [main] DEBUG org.apache.hc.client5.http.impl.io.PoolingHttpClientConnectionManager - ex-0000000007 acquired ep-0000000007
21:16:19.430 [main] DEBUG org.apache.hc.client5.http.impl.classic.InternalHttpClient - ex-0000000007 acquired endpoint ep-0000000007
21:16:19.430 [main] DEBUG org.apache.hc.client5.http.impl.classic.MainClientExec - ex-0000000007 executing GET /containers/9bb323ed2b6638e0889d0e354079e0e6d36b940b89f008d1751b7692243bb2cf/json HTTP/1.1
21:16:19.430 [main] DEBUG org.apache.hc.client5.http.protocol.RequestAddCookies - ex-0000000007 Cookie spec selected: strict
21:16:19.430 [main] DEBUG org.apache.hc.client5.http.impl.classic.InternalHttpClient - ep-0000000007 start execution ex-0000000007
21:16:19.430 [main] DEBUG org.apache.hc.client5.http.impl.io.PoolingHttpClientConnectionManager - ep-0000000007 executing exchange ex-0000000007 over http-outgoing-1
21:16:19.430 [main] DEBUG org.apache.hc.client5.http.headers - http-outgoing-1 >> GET /containers/9bb323ed2b6638e0889d0e354079e0e6d36b940b89f008d1751b7692243bb2cf/json HTTP/1.1
21:16:19.430 [main] DEBUG org.apache.hc.client5.http.headers - http-outgoing-1 >> accept: application/json
21:16:19.430 [main] DEBUG org.apache.hc.client5.http.headers - http-outgoing-1 >> Accept-Encoding: gzip, x-gzip, deflate, br
21:16:19.430 [main] DEBUG org.apache.hc.client5.http.headers - http-outgoing-1 >> Host: localhost:2375
21:16:19.430 [main] DEBUG org.apache.hc.client5.http.headers - http-outgoing-1 >> Connection: keep-alive
21:16:19.430 [main] DEBUG org.apache.hc.client5.http.headers - http-outgoing-1 >> User-Agent: Apache-HttpClient/5.2.1 (Java/17.0.6)
21:16:19.430 [main] DEBUG org.apache.hc.client5.http.wire - http-outgoing-1 >> "GET /containers/9bb323ed2b6638e0889d0e354079e0e6d36b940b89f008d1751b7692243bb2cf/json HTTP/1.1[\r][\n]"
21:16:19.430 [main] DEBUG org.apache.hc.client5.http.wire - http-outgoing-1 >> "accept: application/json[\r][\n]"
21:16:19.430 [main] DEBUG org.apache.hc.client5.http.wire - http-outgoing-1 >> "Accept-Encoding: gzip, x-gzip, deflate, br[\r][\n]"
21:16:19.430 [main] DEBUG org.apache.hc.client5.http.wire - http-outgoing-1 >> "Host: localhost:2375[\r][\n]"
21:16:19.430 [main] DEBUG org.apache.hc.client5.http.wire - http-outgoing-1 >> "Connection: keep-alive[\r][\n]"
21:16:19.430 [main] DEBUG org.apache.hc.client5.http.wire - http-outgoing-1 >> "User-Agent: Apache-HttpClient/5.2.1 (Java/17.0.6)[\r][\n]"
21:16:19.430 [main] DEBUG org.apache.hc.client5.http.wire - http-outgoing-1 >> "[\r][\n]"
21:16:19.431 [main] DEBUG org.apache.hc.client5.http.wire - http-outgoing-1 << "HTTP/1.1 200 OK[\r][\n]"
21:16:19.431 [main] DEBUG org.apache.hc.client5.http.wire - http-outgoing-1 << "Api-Version: 1.41[\r][\n]"
21:16:19.431 [main] DEBUG org.apache.hc.client5.http.wire - http-outgoing-1 << "Content-Type: application/json[\r][\n]"
21:16:19.431 [main] DEBUG org.apache.hc.client5.http.wire - http-outgoing-1 << "Docker-Experimental: false[\r][\n]"
21:16:19.431 [main] DEBUG org.apache.hc.client5.http.wire - http-outgoing-1 << "Ostype: linux[\r][\n]"
21:16:19.431 [main] DEBUG org.apache.hc.client5.http.wire - http-outgoing-1 << "Server: Docker/20.10.21 (linux)[\r][\n]"
21:16:19.431 [main] DEBUG org.apache.hc.client5.http.wire - http-outgoing-1 << "Date: Thu, 16 Mar 2023 21:16:19 GMT[\r][\n]"
21:16:19.431 [main] DEBUG org.apache.hc.client5.http.wire - http-outgoing-1 << "Transfer-Encoding: chunked[\r][\n]"
21:16:19.431 [main] DEBUG org.apache.hc.client5.http.wire - http-outgoing-1 << "[\r][\n]"
21:16:19.431 [main] DEBUG org.apache.hc.client5.http.wire - http-outgoing-1 << "17e9[\r][\n]"
21:16:19.431 [main] DEBUG org.apache.hc.client5.http.wire - http-outgoing-1 << "{"Id":"9bb323ed2b6638e0889d0e354079e0e6d36b940b89f008d1751b7692243bb2cf","Created":"2023-03-16T21:16:18.632961897Z","Path":"/entrypoint.sh","Args":[],"State":{"Status":"running","Running":true,"Paused":false,"Restarting":false,"OOMKilled":false,"Dead":false,"Pid":57134,"ExitCode":0,"Error":"","StartedAt":"2023-03-16T21:16:19.38772143Z","FinishedAt":"0001-01-01T00:00:00Z"},"Image":"sha256:f3966259af82a7e8729e5b312aa6edc2686d058de457ba4b22d7428cbaaf158d","ResolvConfPath":"/var/lib/docker/containers/9bb323ed2b6638e0889d0e354079e0e6d36b940b89f008d1751b7692243bb2cf/resolv.conf","HostnamePath":"/var/lib/docker/containers/9bb323ed2b6638e0889d0e354079e0e6d36b940b89f008d1751b7692243bb2cf/hostname","HostsPath":"/var/lib/docker/containers/9bb323ed2b6638e0889d0e354079e0e6d36b940b89f008d1751b7692243bb2cf/hosts","LogPath":"/var/lib/docker/containers/9bb323ed2b6638e0889d0e354079e0e6d36b940b89f008d1751b7692243bb2cf/9bb323ed2b6638e0889d0e354079e0e6d36b940b89f008d1751b7692243bb2cf-json.log","Name":"/unruffled_elion","RestartCount":0,"Driver":"overlay2","Platform":"linux","MountLabel":"","ProcessLabel":"","AppArmorProfile":"docker-default","ExecIDs":null,"HostConfig":{"Binds":[],"ContainerIDFile":"","LogConfig":{"Type":"json-file","Config":{}},"NetworkMode":"bridge","PortBindings":{"4444/tcp":[{"HostIp":"","HostPort":""}]},"RestartPolicy":{"Name":"","MaximumRetryCount":0},"AutoRemove":false,"VolumeDriver":"","VolumesFrom":null,"CapAdd":["SYS_ADMIN"],"CapDrop":null,"CgroupnsMode":"host","Dns":null,"DnsOptions":null,"DnsSearch":null,"ExtraHosts":[],"GroupAdd":null,"IpcMode":"private","Cgroup":"","Links":null,"OomScoreAdj":0,"PidMode":"","Privileged":false,"PublishAllPorts":true,"ReadonlyRootfs":false,"SecurityOpt":null,"UTSMode":"","UsernsMode":"","ShmSize":268435456,"Runtime":"runc","ConsoleSize":[0,0],"Isolation":"","CpuShares":0,"Memory":0,"NanoCpus":0,"CgroupParent":"","BlkioWeight":0,"BlkioWeightDevice":null,"BlkioDeviceReadBps":null,"BlkioDeviceWriteBps":null,"BlkioDeviceReadIOps":null,"BlkioDeviceWriteIOps":null,"CpuPeriod":0,"CpuQuota":0,"CpuRealtimePeriod":0,"CpuRealtimeRuntime":0,"CpusetCpus":"","CpusetMems":"","Devices":null,"DeviceCgroupRules":null,"DeviceRequests":null,"KernelMemory":0,"KernelMemoryTCP":0,"MemoryReservation":0,"MemorySwap":0,"MemorySwappiness":null,"OomKillDisable":false,"PidsLimit":null,"Ulimits":null,"CpuCount":0,"CpuPercent":0,"IOMaximumIOps":0,"IOMaximumBandwidth":0,"Mounts":[{"Type":"tmpfs","Target":"/tmp","TmpfsOptions":{"SizeBytes":134217728}}],"MaskedPaths":["/proc/asound","/proc/acpi","/proc/kcore","/proc/keys","/proc/latency_stats","/proc/timer_list","/proc/timer_stats","/proc/sched_debug","/proc/scsi","/sys/firmware"],"ReadonlyPaths":["/proc/bus","/proc/fs","/proc/irq","/proc/sys","/proc/sysrq-trigger"]},"GraphDriver":{"Data":{"LowerDir":"/var/lib/docker/overlay2/0e6b64ad6549205fb7a5f49a49453a4732f4c7df472f18939a0a7cc70ef64a48-init/diff:/var/lib/docker/overlay2/3776a426302b833d0cbdeb8645f9003b4c457b90da38edcf67ec0f9841499660/diff:/var/lib/docker/overlay2/45ef182e590ba451ec11d2b87163bc8386b622332e3f35aad107a022fd89d832/diff:/var/lib/docker/overlay2/7db5e93aab822ae2e0d1e0f083d374425d0ef20f05582107e7ef319ea9401e19/diff:/var/lib/docker/overlay2/e2e6c2e79e624d3258838706839142a394fbf68ba442ea67eb8d04a8dbc26301/diff:/var/lib/docker/overlay2/3d55120b9d049096a0c3e5302a26632dd920a26a8eeaeafff166460ce9da5641/diff:/var/lib/docker/overlay2/7ebe0539e3974948378596c22637ae4db10d15b7c78890c849b2ba88dba48a16/diff:/var/lib/docker/overlay2/de29af287ee984d823181d0fbe3a3941afe7cb5ee286636be37a7fb4eaa0cabc/diff:/var/lib/docker/overlay2/b2fa645f04cf94737c6307dc4b11f4d7a0a8c01d88af0c176447edecbc0dd07f/diff:/var/lib/docker/overlay2/4805cb82cbc8aa626efe69e386afc8e8ccb62402595e572d5b90605b3574a286/diff:/var/lib/docker/overlay2/4ca4b4f742ecd0dea4243a4499ce4683433d1c7a15ef20765132afb2ab92681c/diff:/var/lib/docker/overlay2/1b1fe3a9e176d20f93b15e336c654613fa6b8e85b31bc5d41e583e45fce45f7a/diff:/var/lib/docker/overlay2/de03a254cdf73f6a70e9ea80cabdd3a46e159cce99f49f84704b16f6b1fcc421/diff","MergedDir":"/var/lib/docker/overlay2/0e6b64ad6549205fb7a5f49a49453a4732f4c7df472f18939a0a7cc70ef64a48/merged","UpperDir":"/var/lib/docker/overlay2/0e6b64ad6549205fb7a5f49a49453a4732f4c7df472f18939a0a7cc70ef64a48/diff","WorkDir":"/var/lib/docker/overlay2/0e6b64ad6549205fb7a5f49a49453a4732f4c7df472f18939a0a7cc70ef64a48/work"},"Name":"overlay2"},"Mounts":[{"Type":"tmpfs","Source":"","Destination":"/tmp","Mode":"","RW":true,"Propagation":""}],"Config":{"Hostname":"9bb323ed2b66","Domainname":"","User":"selenium","AttachStdin":false,"AttachStdout":false,"AttachStderr":false,"ExposedPorts":{"4444/tcp":{}},"Tty":false,"OpenStdin":false,"StdinOnce":false,"Env":["TZ=Etc/UTC","LANGUAGE=EN","SCREEN_RESOLUTION=1280x1080x24","PATH=/usr/local/sbin:/usr/local/bin:/usr/sbin:/usr/bin:/sbin:/bin"],"Cmd":null,"Image":"selenoid/vnc:firefox_110.0","Volumes":null,"WorkingDir":"","Entrypoint":["/entrypoint.sh"],"OnBuild":null,"Labels":{"browser":"firefox:110.0+build1-0ubuntu0.22.04.1~mt1","driver":"geckodriver:0.32.2","selenoid":"1.10.9"}},"NetworkSettings":{"Bridge":"","SandboxID":"986355dcaae5e51a7d53aefe7d9395f4a535241339ca705dc0d63bc8fd2c7e67","HairpinMode":false,"LinkLocalIPv6Address":"","LinkLocalIPv6PrefixLen":0,"Ports":{"4444/tcp":[{"HostIp":"0.0.0.0","HostPort":"49153"},{"HostIp":"::","HostPort":"49153"}]},"SandboxKey":"/var/run/docker/netns/986355dcaae5","SecondaryIPAddresses":null,"SecondaryIPv6Addresses":null,"EndpointID":"95ed9c6cd11fc0c3ca60caf49bc0f2c0b3448c86e354acdd54a40f43b430c365","Gateway":"10.10.0.1","GlobalIPv6Address":"","GlobalIPv6PrefixLen":0,"IPAddress":"10.10.0.2","IPPrefixLen":24,"IPv6Gateway":"","MacAddress":"02:42:0a:0a:00:02","Networks":{"bridge":{"IPAMConfig":null,"Links":null,"Aliases":null,"NetworkID":"ad911e77cece84e9019d993aeb8a203f7f4568ca905635b64898351019307ba8","EndpointID":"95ed9c6cd11fc0c3ca60caf49bc0f2c0b3448c86e354acdd54a40f43b430c365","Gateway":"10.10.0.1","IPAddress":"10.10.0.2","IPPrefixLen":24,"IPv6Gateway":"","GlobalIPv6Address":"","GlobalIPv6PrefixLen":0,"MacAddress":"02:42:0a:0a:00:02","DriverOpts":null}}}}[\n]"
21:16:19.431 [main] DEBUG org.apache.hc.client5.http.wire - http-outgoing-1 << "[\r][\n]"
21:16:19.431 [main] DEBUG org.apache.hc.client5.http.wire - http-outgoing-1 << "0[\r][\n]"
21:16:19.431 [main] DEBUG org.apache.hc.client5.http.wire - http-outgoing-1 << "[\r][\n]"
21:16:19.431 [main] DEBUG org.apache.hc.client5.http.headers - http-outgoing-1 << HTTP/1.1 200 OK
21:16:19.431 [main] DEBUG org.apache.hc.client5.http.headers - http-outgoing-1 << Api-Version: 1.41
21:16:19.431 [main] DEBUG org.apache.hc.client5.http.headers - http-outgoing-1 << Content-Type: application/json
21:16:19.431 [main] DEBUG org.apache.hc.client5.http.headers - http-outgoing-1 << Docker-Experimental: false
21:16:19.431 [main] DEBUG org.apache.hc.client5.http.headers - http-outgoing-1 << Ostype: linux
21:16:19.431 [main] DEBUG org.apache.hc.client5.http.headers - http-outgoing-1 << Server: Docker/20.10.21 (linux)
21:16:19.431 [main] DEBUG org.apache.hc.client5.http.headers - http-outgoing-1 << Date: Thu, 16 Mar 2023 21:16:19 GMT
21:16:19.431 [main] DEBUG org.apache.hc.client5.http.headers - http-outgoing-1 << Transfer-Encoding: chunked
21:16:19.431 [main] DEBUG org.apache.hc.client5.http.impl.classic.MainClientExec - ex-0000000007 connection can be kept alive for 3 MINUTES
21:16:19.514 [main] DEBUG org.apache.hc.client5.http.impl.classic.InternalHttpClient - ep-0000000007 releasing valid endpoint
21:16:19.514 [main] DEBUG org.apache.hc.client5.http.impl.io.PoolingHttpClientConnectionManager - ep-0000000007 releasing endpoint
21:16:19.514 [main] DEBUG org.apache.hc.client5.http.impl.io.PoolingHttpClientConnectionManager - ep-0000000007 connection http-outgoing-1 can be kept alive for 3 MINUTES
21:16:19.514 [main] DEBUG org.apache.hc.client5.http.impl.io.PoolingHttpClientConnectionManager - ep-0000000007 connection released [route: {}->unix://localhost:2375][total available: 1; route allocated: 1 of 2147483647; total allocated: 1 of 2147483647]
21:16:19.515 [main] DEBUG com.github.dockerjava.core.command.AbstrDockerCmd - Cmd: 9bb323ed2b6638e0889d0e354079e0e6d36b940b89f008d1751b7692243bb2cf,false
21:16:19.515 [main] DEBUG com.github.dockerjava.core.exec.InspectContainerCmdExec - GET: DefaultWebTarget{path=[/containers/9bb323ed2b6638e0889d0e354079e0e6d36b940b89f008d1751b7692243bb2cf/json], queryParams={}}
21:16:19.515 [main] DEBUG org.apache.hc.client5.http.impl.classic.InternalHttpClient - ex-0000000008 preparing request execution
21:16:19.515 [main] DEBUG org.apache.hc.client5.http.impl.classic.ProtocolExec - ex-0000000008 target auth state: UNCHALLENGED
21:16:19.515 [main] DEBUG org.apache.hc.client5.http.impl.classic.ProtocolExec - ex-0000000008 proxy auth state: UNCHALLENGED
21:16:19.515 [main] DEBUG org.apache.hc.client5.http.impl.classic.ConnectExec - ex-0000000008 acquiring connection with route {}->unix://localhost:2375
21:16:19.515 [main] DEBUG org.apache.hc.client5.http.impl.classic.InternalHttpClient - ex-0000000008 acquiring endpoint (3 MINUTES)
21:16:19.515 [main] DEBUG org.apache.hc.client5.http.impl.io.PoolingHttpClientConnectionManager - ex-0000000008 endpoint lease request (3 MINUTES) [route: {}->unix://localhost:2375][total available: 1; route allocated: 1 of 2147483647; total allocated: 1 of 2147483647]
21:16:19.515 [main] DEBUG org.apache.hc.client5.http.impl.io.PoolingHttpClientConnectionManager - ex-0000000008 endpoint leased [route: {}->unix://localhost:2375][total available: 0; route allocated: 1 of 2147483647; total allocated: 1 of 2147483647]
21:16:19.515 [main] DEBUG org.apache.hc.client5.http.impl.io.PoolingHttpClientConnectionManager - ex-0000000008 acquired ep-0000000008
21:16:19.515 [main] DEBUG org.apache.hc.client5.http.impl.classic.InternalHttpClient - ex-0000000008 acquired endpoint ep-0000000008
21:16:19.515 [main] DEBUG org.apache.hc.client5.http.impl.classic.MainClientExec - ex-0000000008 executing GET /containers/9bb323ed2b6638e0889d0e354079e0e6d36b940b89f008d1751b7692243bb2cf/json HTTP/1.1
21:16:19.515 [main] DEBUG org.apache.hc.client5.http.protocol.RequestAddCookies - ex-0000000008 Cookie spec selected: strict
21:16:19.515 [main] DEBUG org.apache.hc.client5.http.impl.classic.InternalHttpClient - ep-0000000008 start execution ex-0000000008
21:16:19.515 [main] DEBUG org.apache.hc.client5.http.impl.io.PoolingHttpClientConnectionManager - ep-0000000008 executing exchange ex-0000000008 over http-outgoing-1
21:16:19.515 [main] DEBUG org.apache.hc.client5.http.headers - http-outgoing-1 >> GET /containers/9bb323ed2b6638e0889d0e354079e0e6d36b940b89f008d1751b7692243bb2cf/json HTTP/1.1
21:16:19.515 [main] DEBUG org.apache.hc.client5.http.headers - http-outgoing-1 >> accept: application/json
21:16:19.515 [main] DEBUG org.apache.hc.client5.http.headers - http-outgoing-1 >> Accept-Encoding: gzip, x-gzip, deflate, br
21:16:19.515 [main] DEBUG org.apache.hc.client5.http.headers - http-outgoing-1 >> Host: localhost:2375
21:16:19.515 [main] DEBUG org.apache.hc.client5.http.headers - http-outgoing-1 >> Connection: keep-alive
21:16:19.515 [main] DEBUG org.apache.hc.client5.http.headers - http-outgoing-1 >> User-Agent: Apache-HttpClient/5.2.1 (Java/17.0.6)
21:16:19.515 [main] DEBUG org.apache.hc.client5.http.wire - http-outgoing-1 >> "GET /containers/9bb323ed2b6638e0889d0e354079e0e6d36b940b89f008d1751b7692243bb2cf/json HTTP/1.1[\r][\n]"
21:16:19.515 [main] DEBUG org.apache.hc.client5.http.wire - http-outgoing-1 >> "accept: application/json[\r][\n]"
21:16:19.515 [main] DEBUG org.apache.hc.client5.http.wire - http-outgoing-1 >> "Accept-Encoding: gzip, x-gzip, deflate, br[\r][\n]"
21:16:19.515 [main] DEBUG org.apache.hc.client5.http.wire - http-outgoing-1 >> "Host: localhost:2375[\r][\n]"
21:16:19.515 [main] DEBUG org.apache.hc.client5.http.wire - http-outgoing-1 >> "Connection: keep-alive[\r][\n]"
21:16:19.515 [main] DEBUG org.apache.hc.client5.http.wire - http-outgoing-1 >> "User-Agent: Apache-HttpClient/5.2.1 (Java/17.0.6)[\r][\n]"
21:16:19.515 [main] DEBUG org.apache.hc.client5.http.wire - http-outgoing-1 >> "[\r][\n]"
21:16:19.516 [main] DEBUG org.apache.hc.client5.http.wire - http-outgoing-1 << "HTTP/1.1 200 OK[\r][\n]"
21:16:19.516 [main] DEBUG org.apache.hc.client5.http.wire - http-outgoing-1 << "Api-Version: 1.41[\r][\n]"
21:16:19.516 [main] DEBUG org.apache.hc.client5.http.wire - http-outgoing-1 << "Content-Type: application/json[\r][\n]"
21:16:19.516 [main] DEBUG org.apache.hc.client5.http.wire - http-outgoing-1 << "Docker-Experimental: false[\r][\n]"
21:16:19.516 [main] DEBUG org.apache.hc.client5.http.wire - http-outgoing-1 << "Ostype: linux[\r][\n]"
21:16:19.516 [main] DEBUG org.apache.hc.client5.http.wire - http-outgoing-1 << "Server: Docker/20.10.21 (linux)[\r][\n]"
21:16:19.516 [main] DEBUG org.apache.hc.client5.http.wire - http-outgoing-1 << "Date: Thu, 16 Mar 2023 21:16:19 GMT[\r][\n]"
21:16:19.516 [main] DEBUG org.apache.hc.client5.http.wire - http-outgoing-1 << "Transfer-Encoding: chunked[\r][\n]"
21:16:19.516 [main] DEBUG org.apache.hc.client5.http.wire - http-outgoing-1 << "[\r][\n]"
21:16:19.516 [main] DEBUG org.apache.hc.client5.http.wire - http-outgoing-1 << "17e9[\r][\n]"
21:16:19.516 [main] DEBUG org.apache.hc.client5.http.wire - http-outgoing-1 << "{"Id":"9bb323ed2b6638e0889d0e354079e0e6d36b940b89f008d1751b7692243bb2cf","Created":"2023-03-16T21:16:18.632961897Z","Path":"/entrypoint.sh","Args":[],"State":{"Status":"running","Running":true,"Paused":false,"Restarting":false,"OOMKilled":false,"Dead":false,"Pid":57134,"ExitCode":0,"Error":"","StartedAt":"2023-03-16T21:16:19.38772143Z","FinishedAt":"0001-01-01T00:00:00Z"},"Image":"sha256:f3966259af82a7e8729e5b312aa6edc2686d058de457ba4b22d7428cbaaf158d","ResolvConfPath":"/var/lib/docker/containers/9bb323ed2b6638e0889d0e354079e0e6d36b940b89f008d1751b7692243bb2cf/resolv.conf","HostnamePath":"/var/lib/docker/containers/9bb323ed2b6638e0889d0e354079e0e6d36b940b89f008d1751b7692243bb2cf/hostname","HostsPath":"/var/lib/docker/containers/9bb323ed2b6638e0889d0e354079e0e6d36b940b89f008d1751b7692243bb2cf/hosts","LogPath":"/var/lib/docker/containers/9bb323ed2b6638e0889d0e354079e0e6d36b940b89f008d1751b7692243bb2cf/9bb323ed2b6638e0889d0e354079e0e6d36b940b89f008d1751b7692243bb2cf-json.log","Name":"/unruffled_elion","RestartCount":0,"Driver":"overlay2","Platform":"linux","MountLabel":"","ProcessLabel":"","AppArmorProfile":"docker-default","ExecIDs":null,"HostConfig":{"Binds":[],"ContainerIDFile":"","LogConfig":{"Type":"json-file","Config":{}},"NetworkMode":"bridge","PortBindings":{"4444/tcp":[{"HostIp":"","HostPort":""}]},"RestartPolicy":{"Name":"","MaximumRetryCount":0},"AutoRemove":false,"VolumeDriver":"","VolumesFrom":null,"CapAdd":["SYS_ADMIN"],"CapDrop":null,"CgroupnsMode":"host","Dns":null,"DnsOptions":null,"DnsSearch":null,"ExtraHosts":[],"GroupAdd":null,"IpcMode":"private","Cgroup":"","Links":null,"OomScoreAdj":0,"PidMode":"","Privileged":false,"PublishAllPorts":true,"ReadonlyRootfs":false,"SecurityOpt":null,"UTSMode":"","UsernsMode":"","ShmSize":268435456,"Runtime":"runc","ConsoleSize":[0,0],"Isolation":"","CpuShares":0,"Memory":0,"NanoCpus":0,"CgroupParent":"","BlkioWeight":0,"BlkioWeightDevice":null,"BlkioDeviceReadBps":null,"BlkioDeviceWriteBps":null,"BlkioDeviceReadIOps":null,"BlkioDeviceWriteIOps":null,"CpuPeriod":0,"CpuQuota":0,"CpuRealtimePeriod":0,"CpuRealtimeRuntime":0,"CpusetCpus":"","CpusetMems":"","Devices":null,"DeviceCgroupRules":null,"DeviceRequests":null,"KernelMemory":0,"KernelMemoryTCP":0,"MemoryReservation":0,"MemorySwap":0,"MemorySwappiness":null,"OomKillDisable":false,"PidsLimit":null,"Ulimits":null,"CpuCount":0,"CpuPercent":0,"IOMaximumIOps":0,"IOMaximumBandwidth":0,"Mounts":[{"Type":"tmpfs","Target":"/tmp","TmpfsOptions":{"SizeBytes":134217728}}],"MaskedPaths":["/proc/asound","/proc/acpi","/proc/kcore","/proc/keys","/proc/latency_stats","/proc/timer_list","/proc/timer_stats","/proc/sched_debug","/proc/scsi","/sys/firmware"],"ReadonlyPaths":["/proc/bus","/proc/fs","/proc/irq","/proc/sys","/proc/sysrq-trigger"]},"GraphDriver":{"Data":{"LowerDir":"/var/lib/docker/overlay2/0e6b64ad6549205fb7a5f49a49453a4732f4c7df472f18939a0a7cc70ef64a48-init/diff:/var/lib/docker/overlay2/3776a426302b833d0cbdeb8645f9003b4c457b90da38edcf67ec0f9841499660/diff:/var/lib/docker/overlay2/45ef182e590ba451ec11d2b87163bc8386b622332e3f35aad107a022fd89d832/diff:/var/lib/docker/overlay2/7db5e93aab822ae2e0d1e0f083d374425d0ef20f05582107e7ef319ea9401e19/diff:/var/lib/docker/overlay2/e2e6c2e79e624d3258838706839142a394fbf68ba442ea67eb8d04a8dbc26301/diff:/var/lib/docker/overlay2/3d55120b9d049096a0c3e5302a26632dd920a26a8eeaeafff166460ce9da5641/diff:/var/lib/docker/overlay2/7ebe0539e3974948378596c22637ae4db10d15b7c78890c849b2ba88dba48a16/diff:/var/lib/docker/overlay2/de29af287ee984d823181d0fbe3a3941afe7cb5ee286636be37a7fb4eaa0cabc/diff:/var/lib/docker/overlay2/b2fa645f04cf94737c6307dc4b11f4d7a0a8c01d88af0c176447edecbc0dd07f/diff:/var/lib/docker/overlay2/4805cb82cbc8aa626efe69e386afc8e8ccb62402595e572d5b90605b3574a286/diff:/var/lib/docker/overlay2/4ca4b4f742ecd0dea4243a4499ce4683433d1c7a15ef20765132afb2ab92681c/diff:/var/lib/docker/overlay2/1b1fe3a9e176d20f93b15e336c654613fa6b8e85b31bc5d41e583e45fce45f7a/diff:/var/lib/docker/overlay2/de03a254cdf73f6a70e9ea80cabdd3a46e159cce99f49f84704b16f6b1fcc421/diff","MergedDir":"/var/lib/docker/overlay2/0e6b64ad6549205fb7a5f49a49453a4732f4c7df472f18939a0a7cc70ef64a48/merged","UpperDir":"/var/lib/docker/overlay2/0e6b64ad6549205fb7a5f49a49453a4732f4c7df472f18939a0a7cc70ef64a48/diff","WorkDir":"/var/lib/docker/overlay2/0e6b64ad6549205fb7a5f49a49453a4732f4c7df472f18939a0a7cc70ef64a48/work"},"Name":"overlay2"},"Mounts":[{"Type":"tmpfs","Source":"","Destination":"/tmp","Mode":"","RW":true,"Propagation":""}],"Config":{"Hostname":"9bb323ed2b66","Domainname":"","User":"selenium","AttachStdin":false,"AttachStdout":false,"AttachStderr":false,"ExposedPorts":{"4444/tcp":{}},"Tty":false,"OpenStdin":false,"StdinOnce":false,"Env":["TZ=Etc/UTC","LANGUAGE=EN","SCREEN_RESOLUTION=1280x1080x24","PATH=/usr/local/sbin:/usr/local/bin:/usr/sbin:/usr/bin:/sbin:/bin"],"Cmd":null,"Image":"selenoid/vnc:firefox_110.0","Volumes":null,"WorkingDir":"","Entrypoint":["/entrypoint.sh"],"OnBuild":null,"Labels":{"browser":"firefox:110.0+build1-0ubuntu0.22.04.1~mt1","driver":"geckodriver:0.32.2","selenoid":"1.10.9"}},"NetworkSettings":{"Bridge":"","SandboxID":"986355dcaae5e51a7d53aefe7d9395f4a535241339ca705dc0d63bc8fd2c7e67","HairpinMode":false,"LinkLocalIPv6Address":"","LinkLocalIPv6PrefixLen":0,"Ports":{"4444/tcp":[{"HostIp":"0.0.0.0","HostPort":"49153"},{"HostIp":"::","HostPort":"49153"}]},"SandboxKey":"/var/run/docker/netns/986355dcaae5","SecondaryIPAddresses":null,"SecondaryIPv6Addresses":null,"EndpointID":"95ed9c6cd11fc0c3ca60caf49bc0f2c0b3448c86e354acdd54a40f43b430c365","Gateway":"10.10.0.1","GlobalIPv6Address":"","GlobalIPv6PrefixLen":0,"IPAddress":"10.10.0.2","IPPrefixLen":24,"IPv6Gateway":"","MacAddress":"02:42:0a:0a:00:02","Networks":{"bridge":{"IPAMConfig":null,"Links":null,"Aliases":null,"NetworkID":"ad911e77cece84e9019d993aeb8a203f7f4568ca905635b64898351019307ba8","EndpointID":"95ed9c6cd11fc0c3ca60caf49bc0f2c0b3448c86e354acdd54a40f43b430c365","Gateway":"10.10.0.1","IPAddress":"10.10.0.2","IPPrefixLen":24,"IPv6Gateway":"","GlobalIPv6Address":"","GlobalIPv6PrefixLen":0,"MacAddress":"02:42:0a:0a:00:02","DriverOpts":null}}}}[\n]"
21:16:19.516 [main] DEBUG org.apache.hc.client5.http.wire - http-outgoing-1 << "[\r][\n]"
21:16:19.516 [main] DEBUG org.apache.hc.client5.http.wire - http-outgoing-1 << "0[\r][\n]"
21:16:19.516 [main] DEBUG org.apache.hc.client5.http.wire - http-outgoing-1 << "[\r][\n]"
21:16:19.516 [main] DEBUG org.apache.hc.client5.http.headers - http-outgoing-1 << HTTP/1.1 200 OK
21:16:19.516 [main] DEBUG org.apache.hc.client5.http.headers - http-outgoing-1 << Api-Version: 1.41
21:16:19.516 [main] DEBUG org.apache.hc.client5.http.headers - http-outgoing-1 << Content-Type: application/json
21:16:19.516 [main] DEBUG org.apache.hc.client5.http.headers - http-outgoing-1 << Docker-Experimental: false
21:16:19.516 [main] DEBUG org.apache.hc.client5.http.headers - http-outgoing-1 << Ostype: linux
21:16:19.516 [main] DEBUG org.apache.hc.client5.http.headers - http-outgoing-1 << Server: Docker/20.10.21 (linux)
21:16:19.516 [main] DEBUG org.apache.hc.client5.http.headers - http-outgoing-1 << Date: Thu, 16 Mar 2023 21:16:19 GMT
21:16:19.516 [main] DEBUG org.apache.hc.client5.http.headers - http-outgoing-1 << Transfer-Encoding: chunked
21:16:19.517 [main] DEBUG org.apache.hc.client5.http.impl.classic.MainClientExec - ex-0000000008 connection can be kept alive for 3 MINUTES
21:16:19.517 [main] DEBUG org.apache.hc.client5.http.impl.classic.InternalHttpClient - ep-0000000008 releasing valid endpoint
21:16:19.517 [main] DEBUG org.apache.hc.client5.http.impl.io.PoolingHttpClientConnectionManager - ep-0000000008 releasing endpoint
21:16:19.518 [main] DEBUG org.apache.hc.client5.http.impl.io.PoolingHttpClientConnectionManager - ep-0000000008 connection http-outgoing-1 can be kept alive for 3 MINUTES
21:16:19.518 [main] DEBUG org.apache.hc.client5.http.impl.io.PoolingHttpClientConnectionManager - ep-0000000008 connection released [route: {}->unix://localhost:2375][total available: 1; route allocated: 1 of 2147483647; total allocated: 1 of 2147483647]
21:16:19.518 [main] DEBUG com.github.dockerjava.core.command.AbstrDockerCmd - Cmd: 9bb323ed2b6638e0889d0e354079e0e6d36b940b89f008d1751b7692243bb2cf,false
21:16:19.518 [main] DEBUG com.github.dockerjava.core.exec.InspectContainerCmdExec - GET: DefaultWebTarget{path=[/containers/9bb323ed2b6638e0889d0e354079e0e6d36b940b89f008d1751b7692243bb2cf/json], queryParams={}}
21:16:19.518 [main] DEBUG org.apache.hc.client5.http.impl.classic.InternalHttpClient - ex-0000000009 preparing request execution
21:16:19.518 [main] DEBUG org.apache.hc.client5.http.impl.classic.ProtocolExec - ex-0000000009 target auth state: UNCHALLENGED
21:16:19.518 [main] DEBUG org.apache.hc.client5.http.impl.classic.ProtocolExec - ex-0000000009 proxy auth state: UNCHALLENGED
21:16:19.518 [main] DEBUG org.apache.hc.client5.http.impl.classic.ConnectExec - ex-0000000009 acquiring connection with route {}->unix://localhost:2375
21:16:19.518 [main] DEBUG org.apache.hc.client5.http.impl.classic.InternalHttpClient - ex-0000000009 acquiring endpoint (3 MINUTES)
21:16:19.518 [main] DEBUG org.apache.hc.client5.http.impl.io.PoolingHttpClientConnectionManager - ex-0000000009 endpoint lease request (3 MINUTES) [route: {}->unix://localhost:2375][total available: 1; route allocated: 1 of 2147483647; total allocated: 1 of 2147483647]
21:16:19.518 [main] DEBUG org.apache.hc.client5.http.impl.io.PoolingHttpClientConnectionManager - ex-0000000009 endpoint leased [route: {}->unix://localhost:2375][total available: 0; route allocated: 1 of 2147483647; total allocated: 1 of 2147483647]
21:16:19.518 [main] DEBUG org.apache.hc.client5.http.impl.io.PoolingHttpClientConnectionManager - ex-0000000009 acquired ep-0000000009
21:16:19.518 [main] DEBUG org.apache.hc.client5.http.impl.classic.InternalHttpClient - ex-0000000009 acquired endpoint ep-0000000009
21:16:19.518 [main] DEBUG org.apache.hc.client5.http.impl.classic.MainClientExec - ex-0000000009 executing GET /containers/9bb323ed2b6638e0889d0e354079e0e6d36b940b89f008d1751b7692243bb2cf/json HTTP/1.1
21:16:19.518 [main] DEBUG org.apache.hc.client5.http.protocol.RequestAddCookies - ex-0000000009 Cookie spec selected: strict
21:16:19.518 [main] DEBUG org.apache.hc.client5.http.impl.classic.InternalHttpClient - ep-0000000009 start execution ex-0000000009
21:16:19.518 [main] DEBUG org.apache.hc.client5.http.impl.io.PoolingHttpClientConnectionManager - ep-0000000009 executing exchange ex-0000000009 over http-outgoing-1
21:16:19.518 [main] DEBUG org.apache.hc.client5.http.headers - http-outgoing-1 >> GET /containers/9bb323ed2b6638e0889d0e354079e0e6d36b940b89f008d1751b7692243bb2cf/json HTTP/1.1
21:16:19.518 [main] DEBUG org.apache.hc.client5.http.headers - http-outgoing-1 >> accept: application/json
21:16:19.518 [main] DEBUG org.apache.hc.client5.http.headers - http-outgoing-1 >> Accept-Encoding: gzip, x-gzip, deflate, br
21:16:19.518 [main] DEBUG org.apache.hc.client5.http.headers - http-outgoing-1 >> Host: localhost:2375
21:16:19.518 [main] DEBUG org.apache.hc.client5.http.headers - http-outgoing-1 >> Connection: keep-alive
21:16:19.518 [main] DEBUG org.apache.hc.client5.http.headers - http-outgoing-1 >> User-Agent: Apache-HttpClient/5.2.1 (Java/17.0.6)
21:16:19.518 [main] DEBUG org.apache.hc.client5.http.wire - http-outgoing-1 >> "GET /containers/9bb323ed2b6638e0889d0e354079e0e6d36b940b89f008d1751b7692243bb2cf/json HTTP/1.1[\r][\n]"
21:16:19.518 [main] DEBUG org.apache.hc.client5.http.wire - http-outgoing-1 >> "accept: application/json[\r][\n]"
21:16:19.518 [main] DEBUG org.apache.hc.client5.http.wire - http-outgoing-1 >> "Accept-Encoding: gzip, x-gzip, deflate, br[\r][\n]"
21:16:19.518 [main] DEBUG org.apache.hc.client5.http.wire - http-outgoing-1 >> "Host: localhost:2375[\r][\n]"
21:16:19.518 [main] DEBUG org.apache.hc.client5.http.wire - http-outgoing-1 >> "Connection: keep-alive[\r][\n]"
21:16:19.518 [main] DEBUG org.apache.hc.client5.http.wire - http-outgoing-1 >> "User-Agent: Apache-HttpClient/5.2.1 (Java/17.0.6)[\r][\n]"
21:16:19.518 [main] DEBUG org.apache.hc.client5.http.wire - http-outgoing-1 >> "[\r][\n]"
21:16:19.519 [main] DEBUG org.apache.hc.client5.http.wire - http-outgoing-1 << "HTTP/1.1 200 OK[\r][\n]"
21:16:19.519 [main] DEBUG org.apache.hc.client5.http.wire - http-outgoing-1 << "Api-Version: 1.41[\r][\n]"
21:16:19.519 [main] DEBUG org.apache.hc.client5.http.wire - http-outgoing-1 << "Content-Type: application/json[\r][\n]"
21:16:19.519 [main] DEBUG org.apache.hc.client5.http.wire - http-outgoing-1 << "Docker-Experimental: false[\r][\n]"
21:16:19.519 [main] DEBUG org.apache.hc.client5.http.wire - http-outgoing-1 << "Ostype: linux[\r][\n]"
21:16:19.519 [main] DEBUG org.apache.hc.client5.http.wire - http-outgoing-1 << "Server: Docker/20.10.21 (linux)[\r][\n]"
21:16:19.519 [main] DEBUG org.apache.hc.client5.http.wire - http-outgoing-1 << "Date: Thu, 16 Mar 2023 21:16:19 GMT[\r][\n]"
21:16:19.519 [main] DEBUG org.apache.hc.client5.http.wire - http-outgoing-1 << "Transfer-Encoding: chunked[\r][\n]"
21:16:19.519 [main] DEBUG org.apache.hc.client5.http.wire - http-outgoing-1 << "[\r][\n]"
21:16:19.519 [main] DEBUG org.apache.hc.client5.http.wire - http-outgoing-1 << "17e9[\r][\n]"
21:16:19.519 [main] DEBUG org.apache.hc.client5.http.wire - http-outgoing-1 << "{"Id":"9bb323ed2b6638e0889d0e354079e0e6d36b940b89f008d1751b7692243bb2cf","Created":"2023-03-16T21:16:18.632961897Z","Path":"/entrypoint.sh","Args":[],"State":{"Status":"running","Running":true,"Paused":false,"Restarting":false,"OOMKilled":false,"Dead":false,"Pid":57134,"ExitCode":0,"Error":"","StartedAt":"2023-03-16T21:16:19.38772143Z","FinishedAt":"0001-01-01T00:00:00Z"},"Image":"sha256:f3966259af82a7e8729e5b312aa6edc2686d058de457ba4b22d7428cbaaf158d","ResolvConfPath":"/var/lib/docker/containers/9bb323ed2b6638e0889d0e354079e0e6d36b940b89f008d1751b7692243bb2cf/resolv.conf","HostnamePath":"/var/lib/docker/containers/9bb323ed2b6638e0889d0e354079e0e6d36b940b89f008d1751b7692243bb2cf/hostname","HostsPath":"/var/lib/docker/containers/9bb323ed2b6638e0889d0e354079e0e6d36b940b89f008d1751b7692243bb2cf/hosts","LogPath":"/var/lib/docker/containers/9bb323ed2b6638e0889d0e354079e0e6d36b940b89f008d1751b7692243bb2cf/9bb323ed2b6638e0889d0e354079e0e6d36b940b89f008d1751b7692243bb2cf-json.log","Name":"/unruffled_elion","RestartCount":0,"Driver":"overlay2","Platform":"linux","MountLabel":"","ProcessLabel":"","AppArmorProfile":"docker-default","ExecIDs":null,"HostConfig":{"Binds":[],"ContainerIDFile":"","LogConfig":{"Type":"json-file","Config":{}},"NetworkMode":"bridge","PortBindings":{"4444/tcp":[{"HostIp":"","HostPort":""}]},"RestartPolicy":{"Name":"","MaximumRetryCount":0},"AutoRemove":false,"VolumeDriver":"","VolumesFrom":null,"CapAdd":["SYS_ADMIN"],"CapDrop":null,"CgroupnsMode":"host","Dns":null,"DnsOptions":null,"DnsSearch":null,"ExtraHosts":[],"GroupAdd":null,"IpcMode":"private","Cgroup":"","Links":null,"OomScoreAdj":0,"PidMode":"","Privileged":false,"PublishAllPorts":true,"ReadonlyRootfs":false,"SecurityOpt":null,"UTSMode":"","UsernsMode":"","ShmSize":268435456,"Runtime":"runc","ConsoleSize":[0,0],"Isolation":"","CpuShares":0,"Memory":0,"NanoCpus":0,"CgroupParent":"","BlkioWeight":0,"BlkioWeightDevice":null,"BlkioDeviceReadBps":null,"BlkioDeviceWriteBps":null,"BlkioDeviceReadIOps":null,"BlkioDeviceWriteIOps":null,"CpuPeriod":0,"CpuQuota":0,"CpuRealtimePeriod":0,"CpuRealtimeRuntime":0,"CpusetCpus":"","CpusetMems":"","Devices":null,"DeviceCgroupRules":null,"DeviceRequests":null,"KernelMemory":0,"KernelMemoryTCP":0,"MemoryReservation":0,"MemorySwap":0,"MemorySwappiness":null,"OomKillDisable":false,"PidsLimit":null,"Ulimits":null,"CpuCount":0,"CpuPercent":0,"IOMaximumIOps":0,"IOMaximumBandwidth":0,"Mounts":[{"Type":"tmpfs","Target":"/tmp","TmpfsOptions":{"SizeBytes":134217728}}],"MaskedPaths":["/proc/asound","/proc/acpi","/proc/kcore","/proc/keys","/proc/latency_stats","/proc/timer_list","/proc/timer_stats","/proc/sched_debug","/proc/scsi","/sys/firmware"],"ReadonlyPaths":["/proc/bus","/proc/fs","/proc/irq","/proc/sys","/proc/sysrq-trigger"]},"GraphDriver":{"Data":{"LowerDir":"/var/lib/docker/overlay2/0e6b64ad6549205fb7a5f49a49453a4732f4c7df472f18939a0a7cc70ef64a48-init/diff:/var/lib/docker/overlay2/3776a426302b833d0cbdeb8645f9003b4c457b90da38edcf67ec0f9841499660/diff:/var/lib/docker/overlay2/45ef182e590ba451ec11d2b87163bc8386b622332e3f35aad107a022fd89d832/diff:/var/lib/docker/overlay2/7db5e93aab822ae2e0d1e0f083d374425d0ef20f05582107e7ef319ea9401e19/diff:/var/lib/docker/overlay2/e2e6c2e79e624d3258838706839142a394fbf68ba442ea67eb8d04a8dbc26301/diff:/var/lib/docker/overlay2/3d55120b9d049096a0c3e5302a26632dd920a26a8eeaeafff166460ce9da5641/diff:/var/lib/docker/overlay2/7ebe0539e3974948378596c22637ae4db10d15b7c78890c849b2ba88dba48a16/diff:/var/lib/docker/overlay2/de29af287ee984d823181d0fbe3a3941afe7cb5ee286636be37a7fb4eaa0cabc/diff:/var/lib/docker/overlay2/b2fa645f04cf94737c6307dc4b11f4d7a0a8c01d88af0c176447edecbc0dd07f/diff:/var/lib/docker/overlay2/4805cb82cbc8aa626efe69e386afc8e8ccb62402595e572d5b90605b3574a286/diff:/var/lib/docker/overlay2/4ca4b4f742ecd0dea4243a4499ce4683433d1c7a15ef20765132afb2ab92681c/diff:/var/lib/docker/overlay2/1b1fe3a9e176d20f93b15e336c654613fa6b8e85b31bc5d41e583e45fce45f7a/diff:/var/lib/docker/overlay2/de03a254cdf73f6a70e9ea80cabdd3a46e159cce99f49f84704b16f6b1fcc421/diff","MergedDir":"/var/lib/docker/overlay2/0e6b64ad6549205fb7a5f49a49453a4732f4c7df472f18939a0a7cc70ef64a48/merged","UpperDir":"/var/lib/docker/overlay2/0e6b64ad6549205fb7a5f49a49453a4732f4c7df472f18939a0a7cc70ef64a48/diff","WorkDir":"/var/lib/docker/overlay2/0e6b64ad6549205fb7a5f49a49453a4732f4c7df472f18939a0a7cc70ef64a48/work"},"Name":"overlay2"},"Mounts":[{"Type":"tmpfs","Source":"","Destination":"/tmp","Mode":"","RW":true,"Propagation":""}],"Config":{"Hostname":"9bb323ed2b66","Domainname":"","User":"selenium","AttachStdin":false,"AttachStdout":false,"AttachStderr":false,"ExposedPorts":{"4444/tcp":{}},"Tty":false,"OpenStdin":false,"StdinOnce":false,"Env":["TZ=Etc/UTC","LANGUAGE=EN","SCREEN_RESOLUTION=1280x1080x24","PATH=/usr/local/sbin:/usr/local/bin:/usr/sbin:/usr/bin:/sbin:/bin"],"Cmd":null,"Image":"selenoid/vnc:firefox_110.0","Volumes":null,"WorkingDir":"","Entrypoint":["/entrypoint.sh"],"OnBuild":null,"Labels":{"browser":"firefox:110.0+build1-0ubuntu0.22.04.1~mt1","driver":"geckodriver:0.32.2","selenoid":"1.10.9"}},"NetworkSettings":{"Bridge":"","SandboxID":"986355dcaae5e51a7d53aefe7d9395f4a535241339ca705dc0d63bc8fd2c7e67","HairpinMode":false,"LinkLocalIPv6Address":"","LinkLocalIPv6PrefixLen":0,"Ports":{"4444/tcp":[{"HostIp":"0.0.0.0","HostPort":"49153"},{"HostIp":"::","HostPort":"49153"}]},"SandboxKey":"/var/run/docker/netns/986355dcaae5","SecondaryIPAddresses":null,"SecondaryIPv6Addresses":null,"EndpointID":"95ed9c6cd11fc0c3ca60caf49bc0f2c0b3448c86e354acdd54a40f43b430c365","Gateway":"10.10.0.1","GlobalIPv6Address":"","GlobalIPv6PrefixLen":0,"IPAddress":"10.10.0.2","IPPrefixLen":24,"IPv6Gateway":"","MacAddress":"02:42:0a:0a:00:02","Networks":{"bridge":{"IPAMConfig":null,"Links":null,"Aliases":null,"NetworkID":"ad911e77cece84e9019d993aeb8a203f7f4568ca905635b64898351019307ba8","EndpointID":"95ed9c6cd11fc0c3ca60caf49bc0f2c0b3448c86e354acdd54a40f43b430c365","Gateway":"10.10.0.1","IPAddress":"10.10.0.2","IPPrefixLen":24,"IPv6Gateway":"","GlobalIPv6Address":"","GlobalIPv6PrefixLen":0,"MacAddress":"02:42:0a:0a:00:02","DriverOpts":null}}}}[\n]"
21:16:19.519 [main] DEBUG org.apache.hc.client5.http.wire - http-outgoing-1 << "[\r][\n]"
21:16:19.519 [main] DEBUG org.apache.hc.client5.http.wire - http-outgoing-1 << "0[\r][\n]"
21:16:19.519 [main] DEBUG org.apache.hc.client5.http.wire - http-outgoing-1 << "[\r][\n]"
21:16:19.519 [main] DEBUG org.apache.hc.client5.http.headers - http-outgoing-1 << HTTP/1.1 200 OK
21:16:19.519 [main] DEBUG org.apache.hc.client5.http.headers - http-outgoing-1 << Api-Version: 1.41
21:16:19.519 [main] DEBUG org.apache.hc.client5.http.headers - http-outgoing-1 << Content-Type: application/json
21:16:19.519 [main] DEBUG org.apache.hc.client5.http.headers - http-outgoing-1 << Docker-Experimental: false
21:16:19.519 [main] DEBUG org.apache.hc.client5.http.headers - http-outgoing-1 << Ostype: linux
21:16:19.519 [main] DEBUG org.apache.hc.client5.http.headers - http-outgoing-1 << Server: Docker/20.10.21 (linux)
21:16:19.519 [main] DEBUG org.apache.hc.client5.http.headers - http-outgoing-1 << Date: Thu, 16 Mar 2023 21:16:19 GMT
21:16:19.519 [main] DEBUG org.apache.hc.client5.http.headers - http-outgoing-1 << Transfer-Encoding: chunked
21:16:19.519 [main] DEBUG org.apache.hc.client5.http.impl.classic.MainClientExec - ex-0000000009 connection can be kept alive for 3 MINUTES
21:16:19.520 [main] DEBUG org.apache.hc.client5.http.impl.classic.InternalHttpClient - ep-0000000009 releasing valid endpoint
21:16:19.520 [main] DEBUG org.apache.hc.client5.http.impl.io.PoolingHttpClientConnectionManager - ep-0000000009 releasing endpoint
21:16:19.520 [main] DEBUG org.apache.hc.client5.http.impl.io.PoolingHttpClientConnectionManager - ep-0000000009 connection http-outgoing-1 can be kept alive for 3 MINUTES
21:16:19.520 [main] DEBUG org.apache.hc.client5.http.impl.io.PoolingHttpClientConnectionManager - ep-0000000009 connection released [route: {}->unix://localhost:2375][total available: 1; route allocated: 1 of 2147483647; total allocated: 1 of 2147483647]
21:16:19.523 [main] DEBUG io.github.bonigarcia.wdm.webdriver.WebDriverCreator - Creating WebDriver object for firefox at http://localhost:49153/wd/hub with Capabilities {acceptInsecureCerts: true, browserName: firefox, moz:debuggerAddress: true, moz:firefoxOptions: {}}
21:16:20.664 [main] DEBUG io.netty.util.internal.logging.InternalLoggerFactory - Using SLF4J as the default logging framework
21:16:20.665 [main] DEBUG io.netty.util.ResourceLeakDetector - -Dio.netty.leakDetection.level: simple
21:16:20.665 [main] DEBUG io.netty.util.ResourceLeakDetector - -Dio.netty.leakDetection.targetRecords: 4
21:16:20.667 [main] DEBUG io.netty.util.ResourceLeakDetectorFactory - Loaded default ResourceLeakDetector: io.netty.util.ResourceLeakDetector@327ed9f5
21:16:20.683 [main] DEBUG io.netty.util.internal.PlatformDependent0 - -Dio.netty.noUnsafe: false
21:16:20.683 [main] DEBUG io.netty.util.internal.PlatformDependent0 - Java version: 17
21:16:20.684 [main] DEBUG io.netty.util.internal.PlatformDependent0 - sun.misc.Unsafe.theUnsafe: available
21:16:20.684 [main] DEBUG io.netty.util.internal.PlatformDependent0 - sun.misc.Unsafe.copyMemory: available
21:16:20.684 [main] DEBUG io.netty.util.internal.PlatformDependent0 - sun.misc.Unsafe.storeFence: available
21:16:20.684 [main] DEBUG io.netty.util.internal.PlatformDependent0 - java.nio.Buffer.address: available
21:16:20.684 [main] DEBUG io.netty.util.internal.PlatformDependent0 - direct buffer constructor: unavailable: Reflective setAccessible(true) disabled
21:16:20.685 [main] DEBUG io.netty.util.internal.PlatformDependent0 - java.nio.Bits.unaligned: available, true
21:16:20.685 [main] DEBUG io.netty.util.internal.PlatformDependent0 - jdk.internal.misc.Unsafe.allocateUninitializedArray(int): unavailable: class io.netty.util.internal.PlatformDependent0$7 cannot access class jdk.internal.misc.Unsafe (in module java.base) because module java.base does not export jdk.internal.misc to unnamed module @336eb6ed
21:16:20.686 [main] DEBUG io.netty.util.internal.PlatformDependent0 - java.nio.DirectByteBuffer.<init>(long, int): unavailable
21:16:20.686 [main] DEBUG io.netty.util.internal.PlatformDependent - sun.misc.Unsafe: available
21:16:20.687 [main] DEBUG io.netty.util.internal.PlatformDependent - maxDirectMemory: 4154458112 bytes (maybe)
21:16:20.687 [main] DEBUG io.netty.util.internal.PlatformDependent - -Dio.netty.tmpdir: /tmp (java.io.tmpdir)
21:16:20.687 [main] DEBUG io.netty.util.internal.PlatformDependent - -Dio.netty.bitMode: 64 (sun.arch.data.model)
21:16:20.687 [main] DEBUG io.netty.util.internal.PlatformDependent - -Dio.netty.maxDirectMemory: -1 bytes
21:16:20.687 [main] DEBUG io.netty.util.internal.PlatformDependent - -Dio.netty.uninitializedArrayAllocationThreshold: -1
21:16:20.688 [main] DEBUG io.netty.util.internal.CleanerJava9 - java.nio.ByteBuffer.cleaner(): available
21:16:20.688 [main] DEBUG io.netty.util.internal.PlatformDependent - -Dio.netty.noPreferDirect: false
21:16:20.694 [main] DEBUG io.netty.util.internal.PlatformDependent - org.jctools-core.MpscChunkedArrayQueue: available
21:16:20.707 [main] DEBUG io.netty.util.internal.InternalThreadLocalMap - -Dio.netty.threadLocalMap.stringBuilder.initialSize: 1024
21:16:20.707 [main] DEBUG io.netty.util.internal.InternalThreadLocalMap - -Dio.netty.threadLocalMap.stringBuilder.maxSize: 4096
21:16:20.714 [main] DEBUG io.netty.handler.ssl.JdkSslContext - Default protocols (JDK): [TLSv1.3, TLSv1.2] 
21:16:20.714 [main] DEBUG io.netty.handler.ssl.JdkSslContext - Default cipher suites (JDK): [TLS_ECDHE_ECDSA_WITH_AES_256_GCM_SHA384, TLS_ECDHE_ECDSA_WITH_AES_128_GCM_SHA256, TLS_ECDHE_RSA_WITH_AES_128_GCM_SHA256, TLS_ECDHE_RSA_WITH_AES_256_GCM_SHA384, TLS_ECDHE_RSA_WITH_AES_128_CBC_SHA, TLS_ECDHE_RSA_WITH_AES_256_CBC_SHA, TLS_RSA_WITH_AES_128_GCM_SHA256, TLS_RSA_WITH_AES_128_CBC_SHA, TLS_RSA_WITH_AES_256_CBC_SHA, TLS_AES_128_GCM_SHA256, TLS_AES_256_GCM_SHA384]
21:16:20.727 [main] DEBUG io.netty.channel.MultithreadEventLoopGroup - -Dio.netty.eventLoopThreads: 24
21:16:20.732 [main] DEBUG io.netty.channel.nio.NioEventLoop - -Dio.netty.noKeySetOptimization: false
21:16:20.732 [main] DEBUG io.netty.channel.nio.NioEventLoop - -Dio.netty.selectorAutoRebuildThreshold: 512
21:16:20.750 [main] DEBUG io.netty.buffer.PooledByteBufAllocator - -Dio.netty.allocator.numHeapArenas: 24
21:16:20.750 [main] DEBUG io.netty.buffer.PooledByteBufAllocator - -Dio.netty.allocator.numDirectArenas: 24
21:16:20.750 [main] DEBUG io.netty.buffer.PooledByteBufAllocator - -Dio.netty.allocator.pageSize: 8192
21:16:20.750 [main] DEBUG io.netty.buffer.PooledByteBufAllocator - -Dio.netty.allocator.maxOrder: 9
21:16:20.750 [main] DEBUG io.netty.buffer.PooledByteBufAllocator - -Dio.netty.allocator.chunkSize: 4194304
21:16:20.750 [main] DEBUG io.netty.buffer.PooledByteBufAllocator - -Dio.netty.allocator.smallCacheSize: 256
21:16:20.750 [main] DEBUG io.netty.buffer.PooledByteBufAllocator - -Dio.netty.allocator.normalCacheSize: 64
21:16:20.750 [main] DEBUG io.netty.buffer.PooledByteBufAllocator - -Dio.netty.allocator.maxCachedBufferCapacity: 32768
21:16:20.750 [main] DEBUG io.netty.buffer.PooledByteBufAllocator - -Dio.netty.allocator.cacheTrimInterval: 8192
21:16:20.750 [main] DEBUG io.netty.buffer.PooledByteBufAllocator - -Dio.netty.allocator.cacheTrimIntervalMillis: 0
21:16:20.750 [main] DEBUG io.netty.buffer.PooledByteBufAllocator - -Dio.netty.allocator.useCacheForAllThreads: false
21:16:20.750 [main] DEBUG io.netty.buffer.PooledByteBufAllocator - -Dio.netty.allocator.maxCachedByteBuffersPerChunk: 1023
21:16:20.758 [main] DEBUG io.netty.buffer.ByteBufUtil - -Dio.netty.allocator.type: pooled
21:16:20.758 [main] DEBUG io.netty.buffer.ByteBufUtil - -Dio.netty.threadLocalDirectBufferSize: 0
21:16:20.758 [main] DEBUG io.netty.buffer.ByteBufUtil - -Dio.netty.maxThreadLocalCharBufferSize: 16384
21:16:20.877 [Forwarding newSession on session null to remote] DEBUG io.netty.channel.DefaultChannelId - -Dio.netty.processId: 56153 (auto-detected)
21:16:20.878 [Forwarding newSession on session null to remote] DEBUG io.netty.util.NetUtil - -Djava.net.preferIPv4Stack: false
21:16:20.878 [Forwarding newSession on session null to remote] DEBUG io.netty.util.NetUtil - -Djava.net.preferIPv6Addresses: false
21:16:20.879 [Forwarding newSession on session null to remote] DEBUG io.netty.util.NetUtilInitializations - Loopback interface: lo (lo, 0:0:0:0:0:0:0:1%lo)
21:16:20.879 [Forwarding newSession on session null to remote] DEBUG io.netty.util.NetUtil - /proc/sys/net/core/somaxconn: 4096
21:16:20.880 [Forwarding newSession on session null to remote] DEBUG io.netty.channel.DefaultChannelId - -Dio.netty.machineId: 0c:7a:15:ff:fe:43:28:5d (auto-detected)
21:16:20.915 [AsyncHttpClient-1-2] DEBUG io.netty.buffer.AbstractByteBuf - -Dio.netty.buffer.checkAccessible: true
21:16:20.915 [AsyncHttpClient-1-2] DEBUG io.netty.buffer.AbstractByteBuf - -Dio.netty.buffer.checkBounds: true
21:16:20.915 [AsyncHttpClient-1-2] DEBUG io.netty.util.ResourceLeakDetectorFactory - Loaded default ResourceLeakDetector: io.netty.util.ResourceLeakDetector@56f7ead
21:16:20.922 [AsyncHttpClient-1-2] DEBUG org.asynchttpclient.netty.channel.NettyConnectListener - Using new Channel '[id: 0x1b760b3c, L:/127.0.0.1:46022 - R:localhost/127.0.0.1:49153]' for 'POST' to '/wd/hub/session'
21:16:20.930 [AsyncHttpClient-1-2] DEBUG io.netty.util.Recycler - -Dio.netty.recycler.maxCapacityPerThread: 4096
21:16:20.930 [AsyncHttpClient-1-2] DEBUG io.netty.util.Recycler - -Dio.netty.recycler.ratio: 8
21:16:20.930 [AsyncHttpClient-1-2] DEBUG io.netty.util.Recycler - -Dio.netty.recycler.chunkSize: 32
21:16:20.930 [AsyncHttpClient-1-2] DEBUG io.netty.util.Recycler - -Dio.netty.recycler.blocking: false
21:16:22.698 [AsyncHttpClient-1-2] DEBUG io.netty.handler.codec.compression.Brotli - brotli4j not in the classpath; Brotli support will be unavailable.
21:16:22.698 [AsyncHttpClient-1-2] DEBUG org.asynchttpclient.netty.handler.HttpHandler - 

Request DefaultHttpRequest(decodeResult: success, version: HTTP/1.1)
POST /wd/hub/session HTTP/1.1
User-Agent: selenium/4.8.0 (java unix)
traceparent: 00-5d93400d0272c63084399387f4526c00-bd571d143bc3370b-01
Content-Length: 381
Content-Type: application/json; charset=utf-8
host: localhost:49153
accept: */*

Response DefaultHttpResponse(decodeResult: success, version: HTTP/1.1)
HTTP/1.1 200 OK
Content-Type: application/json
Date: Thu, 16 Mar 2023 21:16:22 GMT
Content-Length: 761

21:16:22.701 [AsyncHttpClient-1-2] DEBUG org.asynchttpclient.netty.channel.ChannelManager - Adding key: http://localhost:49153 for channel [id: 0x1b760b3c, L:/127.0.0.1:46022 - R:localhost/127.0.0.1:49153]
21:16:22.756 [main] DEBUG io.github.bonigarcia.wdm.webdriver.WebDriverCreator - The sessionId is 2b3487f8-ebe8-4e60-8480-65b34158f924
21:16:22.762 [Forwarding get on session 2b3487f8-ebe8-4e60-8480-65b34158f924 to remote] DEBUG org.asynchttpclient.netty.request.NettyRequestSender - Using pooled Channel '[id: 0x1b760b3c, L:/127.0.0.1:46022 - R:localhost/127.0.0.1:49153]' for 'POST' to 'http://localhost:49153/wd/hub/session/2b3487f8-ebe8-4e60-8480-65b34158f924/url'
21:16:22.762 [Forwarding get on session 2b3487f8-ebe8-4e60-8480-65b34158f924 to remote] DEBUG org.asynchttpclient.netty.request.NettyRequestSender - Using open Channel [id: 0x1b760b3c, L:/127.0.0.1:46022 - R:localhost/127.0.0.1:49153] for POST '/wd/hub/session/2b3487f8-ebe8-4e60-8480-65b34158f924/url'
21:16:24.061 [AsyncHttpClient-1-2] DEBUG org.asynchttpclient.netty.handler.HttpHandler - 

Request DefaultHttpRequest(decodeResult: success, version: HTTP/1.1)
POST /wd/hub/session/2b3487f8-ebe8-4e60-8480-65b34158f924/url HTTP/1.1
User-Agent: selenium/4.8.0 (java unix)
traceparent: 00-c04dd9410430b05738d669527be41966-428257193eb1a5f0-01
Content-Length: 52
Content-Type: application/json; charset=utf-8
host: localhost:49153
accept: */*

Response DefaultHttpResponse(decodeResult: success, version: HTTP/1.1)
HTTP/1.1 200 OK
Cache-Control: no-cache
Content-Length: 14
Content-Type: application/json
Content-Type: application/json; charset=utf-8
Date: Thu, 16 Mar 2023 21:16:22 GMT

21:16:24.061 [AsyncHttpClient-1-2] DEBUG org.asynchttpclient.netty.channel.ChannelManager - Adding key: http://localhost:49153 for channel [id: 0x1b760b3c, L:/127.0.0.1:46022 - R:localhost/127.0.0.1:49153]
21:16:24.081 [Forwarding findElement on session 2b3487f8-ebe8-4e60-8480-65b34158f924 to remote] DEBUG org.asynchttpclient.netty.request.NettyRequestSender - Using pooled Channel '[id: 0x1b760b3c, L:/127.0.0.1:46022 - R:localhost/127.0.0.1:49153]' for 'POST' to 'http://localhost:49153/wd/hub/session/2b3487f8-ebe8-4e60-8480-65b34158f924/element'
21:16:24.082 [Forwarding findElement on session 2b3487f8-ebe8-4e60-8480-65b34158f924 to remote] DEBUG org.asynchttpclient.netty.request.NettyRequestSender - Using open Channel [id: 0x1b760b3c, L:/127.0.0.1:46022 - R:localhost/127.0.0.1:49153] for POST '/wd/hub/session/2b3487f8-ebe8-4e60-8480-65b34158f924/element'
21:16:24.096 [AsyncHttpClient-1-2] DEBUG org.asynchttpclient.netty.handler.HttpHandler - 

Request DefaultHttpRequest(decodeResult: success, version: HTTP/1.1)
POST /wd/hub/session/2b3487f8-ebe8-4e60-8480-65b34158f924/element HTTP/1.1
User-Agent: selenium/4.8.0 (java unix)
traceparent: 00-f13e47ee14755e1193e3213cbaa6c2a8-01b1700e3c221b0b-01
Content-Length: 62
Content-Type: application/json; charset=utf-8
host: localhost:49153
accept: */*

Response DefaultHttpResponse(decodeResult: success, version: HTTP/1.1)
HTTP/1.1 200 OK
Cache-Control: no-cache
Content-Length: 88
Content-Type: application/json
Content-Type: application/json; charset=utf-8
Date: Thu, 16 Mar 2023 21:16:24 GMT

21:16:24.096 [AsyncHttpClient-1-2] DEBUG org.asynchttpclient.netty.channel.ChannelManager - Adding key: http://localhost:49153 for channel [id: 0x1b760b3c, L:/127.0.0.1:46022 - R:localhost/127.0.0.1:49153]
21:16:24.100 [Forwarding clickElement on session 2b3487f8-ebe8-4e60-8480-65b34158f924 to remote] DEBUG org.asynchttpclient.netty.request.NettyRequestSender - Using pooled Channel '[id: 0x1b760b3c, L:/127.0.0.1:46022 - R:localhost/127.0.0.1:49153]' for 'POST' to 'http://localhost:49153/wd/hub/session/2b3487f8-ebe8-4e60-8480-65b34158f924/element/53bd8edf-2cb6-429b-b6a1-51c0c66b700d/click'
21:16:24.100 [Forwarding clickElement on session 2b3487f8-ebe8-4e60-8480-65b34158f924 to remote] DEBUG org.asynchttpclient.netty.request.NettyRequestSender - Using open Channel [id: 0x1b760b3c, L:/127.0.0.1:46022 - R:localhost/127.0.0.1:49153] for POST '/wd/hub/session/2b3487f8-ebe8-4e60-8480-65b34158f924/element/53bd8edf-2cb6-429b-b6a1-51c0c66b700d/click'
21:16:24.351 [AsyncHttpClient-1-2] DEBUG org.asynchttpclient.netty.handler.HttpHandler - 

Request DefaultHttpRequest(decodeResult: success, version: HTTP/1.1)
POST /wd/hub/session/2b3487f8-ebe8-4e60-8480-65b34158f924/element/53bd8edf-2cb6-429b-b6a1-51c0c66b700d/click HTTP/1.1
User-Agent: selenium/4.8.0 (java unix)
traceparent: 00-90a08f5425d1db4e61c33a2dcd785f57-5a46ab4ca66fb359-01
Content-Length: 50
Content-Type: application/json; charset=utf-8
host: localhost:49153
accept: */*

Response DefaultHttpResponse(decodeResult: success, version: HTTP/1.1)
HTTP/1.1 200 OK
Cache-Control: no-cache
Content-Length: 14
Content-Type: application/json
Content-Type: application/json; charset=utf-8
Date: Thu, 16 Mar 2023 21:16:24 GMT

21:16:24.351 [AsyncHttpClient-1-2] DEBUG org.asynchttpclient.netty.channel.ChannelManager - Adding key: http://localhost:49153 for channel [id: 0x1b760b3c, L:/127.0.0.1:46022 - R:localhost/127.0.0.1:49153]
21:16:24.354 [Forwarding findElement on session 2b3487f8-ebe8-4e60-8480-65b34158f924 to remote] DEBUG org.asynchttpclient.netty.request.NettyRequestSender - Using pooled Channel '[id: 0x1b760b3c, L:/127.0.0.1:46022 - R:localhost/127.0.0.1:49153]' for 'POST' to 'http://localhost:49153/wd/hub/session/2b3487f8-ebe8-4e60-8480-65b34158f924/element'
21:16:24.355 [Forwarding findElement on session 2b3487f8-ebe8-4e60-8480-65b34158f924 to remote] DEBUG org.asynchttpclient.netty.request.NettyRequestSender - Using open Channel [id: 0x1b760b3c, L:/127.0.0.1:46022 - R:localhost/127.0.0.1:49153] for POST '/wd/hub/session/2b3487f8-ebe8-4e60-8480-65b34158f924/element'
21:16:24.357 [AsyncHttpClient-1-2] DEBUG org.asynchttpclient.netty.handler.HttpHandler - 

Request DefaultHttpRequest(decodeResult: success, version: HTTP/1.1)
POST /wd/hub/session/2b3487f8-ebe8-4e60-8480-65b34158f924/element HTTP/1.1
User-Agent: selenium/4.8.0 (java unix)
traceparent: 00-86147f73dba306ade7ef392bd382b3f3-a04c62717929c0e9-01
Content-Length: 62
Content-Type: application/json; charset=utf-8
host: localhost:49153
accept: */*

Response DefaultHttpResponse(decodeResult: success, version: HTTP/1.1)
HTTP/1.1 200 OK
Cache-Control: no-cache
Content-Length: 88
Content-Type: application/json
Content-Type: application/json; charset=utf-8
Date: Thu, 16 Mar 2023 21:16:24 GMT

21:16:24.357 [AsyncHttpClient-1-2] DEBUG org.asynchttpclient.netty.channel.ChannelManager - Adding key: http://localhost:49153 for channel [id: 0x1b760b3c, L:/127.0.0.1:46022 - R:localhost/127.0.0.1:49153]
21:16:24.363 [Forwarding getElementTagName on session 2b3487f8-ebe8-4e60-8480-65b34158f924 to remote] DEBUG org.asynchttpclient.netty.request.NettyRequestSender - Using pooled Channel '[id: 0x1b760b3c, L:/127.0.0.1:46022 - R:localhost/127.0.0.1:49153]' for 'GET' to 'http://localhost:49153/wd/hub/session/2b3487f8-ebe8-4e60-8480-65b34158f924/element/53bd8edf-2cb6-429b-b6a1-51c0c66b700d/name'
21:16:24.363 [Forwarding getElementTagName on session 2b3487f8-ebe8-4e60-8480-65b34158f924 to remote] DEBUG org.asynchttpclient.netty.request.NettyRequestSender - Using open Channel [id: 0x1b760b3c, L:/127.0.0.1:46022 - R:localhost/127.0.0.1:49153] for GET '/wd/hub/session/2b3487f8-ebe8-4e60-8480-65b34158f924/element/53bd8edf-2cb6-429b-b6a1-51c0c66b700d/name'
21:16:24.366 [AsyncHttpClient-1-2] DEBUG org.asynchttpclient.netty.handler.HttpHandler - 

Request DefaultFullHttpRequest(decodeResult: success, version: HTTP/1.1, content: EmptyByteBufBE)
GET /wd/hub/session/2b3487f8-ebe8-4e60-8480-65b34158f924/element/53bd8edf-2cb6-429b-b6a1-51c0c66b700d/name HTTP/1.1
User-Agent: selenium/4.8.0 (java unix)
Cache-Control: no-cache
traceparent: 00-c9e5aedd4485a73ba7dadd53cafc1ac5-b10f6977ea21a987-01
Content-Type: application/json; charset=utf-8
host: localhost:49153
accept: */*

Response DefaultHttpResponse(decodeResult: success, version: HTTP/1.1)
HTTP/1.1 200 OK
Cache-Control: no-cache
Content-Length: 18
Content-Type: application/json
Content-Type: application/json; charset=utf-8
Date: Thu, 16 Mar 2023 21:16:24 GMT

21:16:24.367 [AsyncHttpClient-1-2] DEBUG org.asynchttpclient.netty.channel.ChannelManager - Adding key: http://localhost:49153 for channel [id: 0x1b760b3c, L:/127.0.0.1:46022 - R:localhost/127.0.0.1:49153]
21:16:24.369 [Forwarding findElement on session 2b3487f8-ebe8-4e60-8480-65b34158f924 to remote] DEBUG org.asynchttpclient.netty.request.NettyRequestSender - Using pooled Channel '[id: 0x1b760b3c, L:/127.0.0.1:46022 - R:localhost/127.0.0.1:49153]' for 'POST' to 'http://localhost:49153/wd/hub/session/2b3487f8-ebe8-4e60-8480-65b34158f924/element'
21:16:24.369 [Forwarding findElement on session 2b3487f8-ebe8-4e60-8480-65b34158f924 to remote] DEBUG org.asynchttpclient.netty.request.NettyRequestSender - Using open Channel [id: 0x1b760b3c, L:/127.0.0.1:46022 - R:localhost/127.0.0.1:49153] for POST '/wd/hub/session/2b3487f8-ebe8-4e60-8480-65b34158f924/element'
21:16:24.372 [AsyncHttpClient-1-2] DEBUG org.asynchttpclient.netty.handler.HttpHandler - 

Request DefaultHttpRequest(decodeResult: success, version: HTTP/1.1)
POST /wd/hub/session/2b3487f8-ebe8-4e60-8480-65b34158f924/element HTTP/1.1
User-Agent: selenium/4.8.0 (java unix)
traceparent: 00-096b28ca3da274a3318f33e4effb39ec-9c09cdcb81b61204-01
Content-Length: 62
Content-Type: application/json; charset=utf-8
host: localhost:49153
accept: */*

Response DefaultHttpResponse(decodeResult: success, version: HTTP/1.1)
HTTP/1.1 200 OK
Cache-Control: no-cache
Content-Length: 88
Content-Type: application/json
Content-Type: application/json; charset=utf-8
Date: Thu, 16 Mar 2023 21:16:24 GMT

21:16:24.372 [AsyncHttpClient-1-2] DEBUG org.asynchttpclient.netty.channel.ChannelManager - Adding key: http://localhost:49153 for channel [id: 0x1b760b3c, L:/127.0.0.1:46022 - R:localhost/127.0.0.1:49153]
21:16:24.374 [Forwarding getElementDomAttribute on session 2b3487f8-ebe8-4e60-8480-65b34158f924 to remote] DEBUG org.asynchttpclient.netty.request.NettyRequestSender - Using pooled Channel '[id: 0x1b760b3c, L:/127.0.0.1:46022 - R:localhost/127.0.0.1:49153]' for 'GET' to 'http://localhost:49153/wd/hub/session/2b3487f8-ebe8-4e60-8480-65b34158f924/element/53bd8edf-2cb6-429b-b6a1-51c0c66b700d/attribute/multiple'
21:16:24.374 [Forwarding getElementDomAttribute on session 2b3487f8-ebe8-4e60-8480-65b34158f924 to remote] DEBUG org.asynchttpclient.netty.request.NettyRequestSender - Using open Channel [id: 0x1b760b3c, L:/127.0.0.1:46022 - R:localhost/127.0.0.1:49153] for GET '/wd/hub/session/2b3487f8-ebe8-4e60-8480-65b34158f924/element/53bd8edf-2cb6-429b-b6a1-51c0c66b700d/attribute/multiple'
21:16:24.378 [AsyncHttpClient-1-2] DEBUG org.asynchttpclient.netty.handler.HttpHandler - 

Request DefaultFullHttpRequest(decodeResult: success, version: HTTP/1.1, content: EmptyByteBufBE)
GET /wd/hub/session/2b3487f8-ebe8-4e60-8480-65b34158f924/element/53bd8edf-2cb6-429b-b6a1-51c0c66b700d/attribute/multiple HTTP/1.1
User-Agent: selenium/4.8.0 (java unix)
Cache-Control: no-cache
traceparent: 00-830a2485c7ad23c3ea1f9275219226bc-2a846909cea8d156-01
Content-Type: application/json; charset=utf-8
host: localhost:49153
accept: */*

Response DefaultHttpResponse(decodeResult: success, version: HTTP/1.1)
HTTP/1.1 200 OK
Cache-Control: no-cache
Content-Length: 14
Content-Type: application/json
Content-Type: application/json; charset=utf-8
Date: Thu, 16 Mar 2023 21:16:24 GMT

21:16:24.379 [AsyncHttpClient-1-2] DEBUG org.asynchttpclient.netty.channel.ChannelManager - Adding key: http://localhost:49153 for channel [id: 0x1b760b3c, L:/127.0.0.1:46022 - R:localhost/127.0.0.1:49153]
21:16:24.380 [Forwarding findElement on session 2b3487f8-ebe8-4e60-8480-65b34158f924 to remote] DEBUG org.asynchttpclient.netty.request.NettyRequestSender - Using pooled Channel '[id: 0x1b760b3c, L:/127.0.0.1:46022 - R:localhost/127.0.0.1:49153]' for 'POST' to 'http://localhost:49153/wd/hub/session/2b3487f8-ebe8-4e60-8480-65b34158f924/element'
21:16:24.380 [Forwarding findElement on session 2b3487f8-ebe8-4e60-8480-65b34158f924 to remote] DEBUG org.asynchttpclient.netty.request.NettyRequestSender - Using open Channel [id: 0x1b760b3c, L:/127.0.0.1:46022 - R:localhost/127.0.0.1:49153] for POST '/wd/hub/session/2b3487f8-ebe8-4e60-8480-65b34158f924/element'
21:16:24.383 [AsyncHttpClient-1-2] DEBUG org.asynchttpclient.netty.handler.HttpHandler - 

Request DefaultHttpRequest(decodeResult: success, version: HTTP/1.1)
POST /wd/hub/session/2b3487f8-ebe8-4e60-8480-65b34158f924/element HTTP/1.1
User-Agent: selenium/4.8.0 (java unix)
traceparent: 00-56f2c30997634b5859d11f20f843c0a8-e3c6305699481914-01
Content-Length: 62
Content-Type: application/json; charset=utf-8
host: localhost:49153
accept: */*

Response DefaultHttpResponse(decodeResult: success, version: HTTP/1.1)
HTTP/1.1 200 OK
Cache-Control: no-cache
Content-Length: 88
Content-Type: application/json
Content-Type: application/json; charset=utf-8
Date: Thu, 16 Mar 2023 21:16:24 GMT

21:16:24.384 [AsyncHttpClient-1-2] DEBUG org.asynchttpclient.netty.channel.ChannelManager - Adding key: http://localhost:49153 for channel [id: 0x1b760b3c, L:/127.0.0.1:46022 - R:localhost/127.0.0.1:49153]
21:16:24.386 [Forwarding isElementEnabled on session 2b3487f8-ebe8-4e60-8480-65b34158f924 to remote] DEBUG org.asynchttpclient.netty.request.NettyRequestSender - Using pooled Channel '[id: 0x1b760b3c, L:/127.0.0.1:46022 - R:localhost/127.0.0.1:49153]' for 'GET' to 'http://localhost:49153/wd/hub/session/2b3487f8-ebe8-4e60-8480-65b34158f924/element/53bd8edf-2cb6-429b-b6a1-51c0c66b700d/enabled'
21:16:24.386 [Forwarding isElementEnabled on session 2b3487f8-ebe8-4e60-8480-65b34158f924 to remote] DEBUG org.asynchttpclient.netty.request.NettyRequestSender - Using open Channel [id: 0x1b760b3c, L:/127.0.0.1:46022 - R:localhost/127.0.0.1:49153] for GET '/wd/hub/session/2b3487f8-ebe8-4e60-8480-65b34158f924/element/53bd8edf-2cb6-429b-b6a1-51c0c66b700d/enabled'
21:16:24.404 [AsyncHttpClient-1-2] DEBUG org.asynchttpclient.netty.handler.HttpHandler - 

Request DefaultFullHttpRequest(decodeResult: success, version: HTTP/1.1, content: EmptyByteBufBE)
GET /wd/hub/session/2b3487f8-ebe8-4e60-8480-65b34158f924/element/53bd8edf-2cb6-429b-b6a1-51c0c66b700d/enabled HTTP/1.1
User-Agent: selenium/4.8.0 (java unix)
Cache-Control: no-cache
traceparent: 00-05b9a7652144394bfb24086e95995f57-744a96aa89d47bf2-01
Content-Type: application/json; charset=utf-8
host: localhost:49153
accept: */*

Response DefaultHttpResponse(decodeResult: success, version: HTTP/1.1)
HTTP/1.1 200 OK
Cache-Control: no-cache
Content-Length: 14
Content-Type: application/json
Content-Type: application/json; charset=utf-8
Date: Thu, 16 Mar 2023 21:16:24 GMT

21:16:24.404 [AsyncHttpClient-1-2] DEBUG org.asynchttpclient.netty.channel.ChannelManager - Adding key: http://localhost:49153 for channel [id: 0x1b760b3c, L:/127.0.0.1:46022 - R:localhost/127.0.0.1:49153]
21:16:24.406 [Forwarding findElement on session 2b3487f8-ebe8-4e60-8480-65b34158f924 to remote] DEBUG org.asynchttpclient.netty.request.NettyRequestSender - Using pooled Channel '[id: 0x1b760b3c, L:/127.0.0.1:46022 - R:localhost/127.0.0.1:49153]' for 'POST' to 'http://localhost:49153/wd/hub/session/2b3487f8-ebe8-4e60-8480-65b34158f924/element'
21:16:24.406 [Forwarding findElement on session 2b3487f8-ebe8-4e60-8480-65b34158f924 to remote] DEBUG org.asynchttpclient.netty.request.NettyRequestSender - Using open Channel [id: 0x1b760b3c, L:/127.0.0.1:46022 - R:localhost/127.0.0.1:49153] for POST '/wd/hub/session/2b3487f8-ebe8-4e60-8480-65b34158f924/element'
21:16:24.410 [AsyncHttpClient-1-2] DEBUG org.asynchttpclient.netty.handler.HttpHandler - 

Request DefaultHttpRequest(decodeResult: success, version: HTTP/1.1)
POST /wd/hub/session/2b3487f8-ebe8-4e60-8480-65b34158f924/element HTTP/1.1
User-Agent: selenium/4.8.0 (java unix)
traceparent: 00-2b425a4480ae6b5a898ba0ce48f298fe-3982284f7017d4a6-01
Content-Length: 62
Content-Type: application/json; charset=utf-8
host: localhost:49153
accept: */*

Response DefaultHttpResponse(decodeResult: success, version: HTTP/1.1)
HTTP/1.1 200 OK
Cache-Control: no-cache
Content-Length: 88
Content-Type: application/json
Content-Type: application/json; charset=utf-8
Date: Thu, 16 Mar 2023 21:16:24 GMT

21:16:24.411 [AsyncHttpClient-1-2] DEBUG org.asynchttpclient.netty.channel.ChannelManager - Adding key: http://localhost:49153 for channel [id: 0x1b760b3c, L:/127.0.0.1:46022 - R:localhost/127.0.0.1:49153]
21:16:24.412 [Forwarding findChildElements on session 2b3487f8-ebe8-4e60-8480-65b34158f924 to remote] DEBUG org.asynchttpclient.netty.request.NettyRequestSender - Using pooled Channel '[id: 0x1b760b3c, L:/127.0.0.1:46022 - R:localhost/127.0.0.1:49153]' for 'POST' to 'http://localhost:49153/wd/hub/session/2b3487f8-ebe8-4e60-8480-65b34158f924/element/53bd8edf-2cb6-429b-b6a1-51c0c66b700d/elements'
21:16:24.413 [Forwarding findChildElements on session 2b3487f8-ebe8-4e60-8480-65b34158f924 to remote] DEBUG org.asynchttpclient.netty.request.NettyRequestSender - Using open Channel [id: 0x1b760b3c, L:/127.0.0.1:46022 - R:localhost/127.0.0.1:49153] for POST '/wd/hub/session/2b3487f8-ebe8-4e60-8480-65b34158f924/element/53bd8edf-2cb6-429b-b6a1-51c0c66b700d/elements'
21:16:24.418 [AsyncHttpClient-1-2] DEBUG org.asynchttpclient.netty.handler.HttpHandler - 

Request DefaultHttpRequest(decodeResult: success, version: HTTP/1.1)
POST /wd/hub/session/2b3487f8-ebe8-4e60-8480-65b34158f924/element/53bd8edf-2cb6-429b-b6a1-51c0c66b700d/elements HTTP/1.1
User-Agent: selenium/4.8.0 (java unix)
traceparent: 00-c74253aa7b2e1351baf6972eb392ad33-e1689169937a3cc8-01
Content-Length: 127
Content-Type: application/json; charset=utf-8
host: localhost:49153
accept: */*

Response DefaultHttpResponse(decodeResult: success, version: HTTP/1.1)
HTTP/1.1 200 OK
Cache-Control: no-cache
Content-Length: 90
Content-Type: application/json
Content-Type: application/json; charset=utf-8
Date: Thu, 16 Mar 2023 21:16:24 GMT

21:16:24.418 [AsyncHttpClient-1-2] DEBUG org.asynchttpclient.netty.channel.ChannelManager - Adding key: http://localhost:49153 for channel [id: 0x1b760b3c, L:/127.0.0.1:46022 - R:localhost/127.0.0.1:49153]
21:16:24.422 [Forwarding isElementEnabled on session 2b3487f8-ebe8-4e60-8480-65b34158f924 to remote] DEBUG org.asynchttpclient.netty.request.NettyRequestSender - Using pooled Channel '[id: 0x1b760b3c, L:/127.0.0.1:46022 - R:localhost/127.0.0.1:49153]' for 'GET' to 'http://localhost:49153/wd/hub/session/2b3487f8-ebe8-4e60-8480-65b34158f924/element/af556b4a-7e64-4474-870c-caadc7556a4b/enabled'
21:16:24.422 [Forwarding isElementEnabled on session 2b3487f8-ebe8-4e60-8480-65b34158f924 to remote] DEBUG org.asynchttpclient.netty.request.NettyRequestSender - Using open Channel [id: 0x1b760b3c, L:/127.0.0.1:46022 - R:localhost/127.0.0.1:49153] for GET '/wd/hub/session/2b3487f8-ebe8-4e60-8480-65b34158f924/element/af556b4a-7e64-4474-870c-caadc7556a4b/enabled'
21:16:24.426 [AsyncHttpClient-1-2] DEBUG org.asynchttpclient.netty.handler.HttpHandler - 

Request DefaultFullHttpRequest(decodeResult: success, version: HTTP/1.1, content: EmptyByteBufBE)
GET /wd/hub/session/2b3487f8-ebe8-4e60-8480-65b34158f924/element/af556b4a-7e64-4474-870c-caadc7556a4b/enabled HTTP/1.1
User-Agent: selenium/4.8.0 (java unix)
Cache-Control: no-cache
traceparent: 00-eed78040f665bd53d6182a86946b2eb5-dceaf0e7cca08012-01
Content-Type: application/json; charset=utf-8
host: localhost:49153
accept: */*

Response DefaultHttpResponse(decodeResult: success, version: HTTP/1.1)
HTTP/1.1 200 OK
Cache-Control: no-cache
Content-Length: 14
Content-Type: application/json
Content-Type: application/json; charset=utf-8
Date: Thu, 16 Mar 2023 21:16:24 GMT

21:16:24.427 [AsyncHttpClient-1-2] DEBUG org.asynchttpclient.netty.channel.ChannelManager - Adding key: http://localhost:49153 for channel [id: 0x1b760b3c, L:/127.0.0.1:46022 - R:localhost/127.0.0.1:49153]
21:16:24.429 [Forwarding isElementSelected on session 2b3487f8-ebe8-4e60-8480-65b34158f924 to remote] DEBUG org.asynchttpclient.netty.request.NettyRequestSender - Using pooled Channel '[id: 0x1b760b3c, L:/127.0.0.1:46022 - R:localhost/127.0.0.1:49153]' for 'GET' to 'http://localhost:49153/wd/hub/session/2b3487f8-ebe8-4e60-8480-65b34158f924/element/af556b4a-7e64-4474-870c-caadc7556a4b/selected'
21:16:24.429 [Forwarding isElementSelected on session 2b3487f8-ebe8-4e60-8480-65b34158f924 to remote] DEBUG org.asynchttpclient.netty.request.NettyRequestSender - Using open Channel [id: 0x1b760b3c, L:/127.0.0.1:46022 - R:localhost/127.0.0.1:49153] for GET '/wd/hub/session/2b3487f8-ebe8-4e60-8480-65b34158f924/element/af556b4a-7e64-4474-870c-caadc7556a4b/selected'
21:16:24.431 [AsyncHttpClient-1-2] DEBUG org.asynchttpclient.netty.handler.HttpHandler - 

Request DefaultFullHttpRequest(decodeResult: success, version: HTTP/1.1, content: EmptyByteBufBE)
GET /wd/hub/session/2b3487f8-ebe8-4e60-8480-65b34158f924/element/af556b4a-7e64-4474-870c-caadc7556a4b/selected HTTP/1.1
User-Agent: selenium/4.8.0 (java unix)
Cache-Control: no-cache
traceparent: 00-0e2473078ffafdf17dcce28f2282cd34-a5cb128ced77eaab-01
Content-Type: application/json; charset=utf-8
host: localhost:49153
accept: */*

Response DefaultHttpResponse(decodeResult: success, version: HTTP/1.1)
HTTP/1.1 200 OK
Cache-Control: no-cache
Content-Length: 15
Content-Type: application/json
Content-Type: application/json; charset=utf-8
Date: Thu, 16 Mar 2023 21:16:24 GMT

21:16:24.431 [AsyncHttpClient-1-2] DEBUG org.asynchttpclient.netty.channel.ChannelManager - Adding key: http://localhost:49153 for channel [id: 0x1b760b3c, L:/127.0.0.1:46022 - R:localhost/127.0.0.1:49153]
21:16:24.432 [Forwarding clickElement on session 2b3487f8-ebe8-4e60-8480-65b34158f924 to remote] DEBUG org.asynchttpclient.netty.request.NettyRequestSender - Using pooled Channel '[id: 0x1b760b3c, L:/127.0.0.1:46022 - R:localhost/127.0.0.1:49153]' for 'POST' to 'http://localhost:49153/wd/hub/session/2b3487f8-ebe8-4e60-8480-65b34158f924/element/af556b4a-7e64-4474-870c-caadc7556a4b/click'
21:16:24.433 [Forwarding clickElement on session 2b3487f8-ebe8-4e60-8480-65b34158f924 to remote] DEBUG org.asynchttpclient.netty.request.NettyRequestSender - Using open Channel [id: 0x1b760b3c, L:/127.0.0.1:46022 - R:localhost/127.0.0.1:49153] for POST '/wd/hub/session/2b3487f8-ebe8-4e60-8480-65b34158f924/element/af556b4a-7e64-4474-870c-caadc7556a4b/click'
21:16:24.643 [AsyncHttpClient-1-2] DEBUG org.asynchttpclient.netty.handler.HttpHandler - 

Request DefaultHttpRequest(decodeResult: success, version: HTTP/1.1)
POST /wd/hub/session/2b3487f8-ebe8-4e60-8480-65b34158f924/element/af556b4a-7e64-4474-870c-caadc7556a4b/click HTTP/1.1
User-Agent: selenium/4.8.0 (java unix)
traceparent: 00-8e9bfc9a4bb694111b6de8ce5a8f12ed-5bae68d0ce3d9031-01
Content-Length: 50
Content-Type: application/json; charset=utf-8
host: localhost:49153
accept: */*

Response DefaultHttpResponse(decodeResult: success, version: HTTP/1.1)
HTTP/1.1 200 OK
Cache-Control: no-cache
Content-Length: 14
Content-Type: application/json
Content-Type: application/json; charset=utf-8
Date: Thu, 16 Mar 2023 21:16:24 GMT

21:16:24.643 [AsyncHttpClient-1-2] DEBUG org.asynchttpclient.netty.channel.ChannelManager - Adding key: http://localhost:49153 for channel [id: 0x1b760b3c, L:/127.0.0.1:46022 - R:localhost/127.0.0.1:49153]
21:16:24.645 [Forwarding findElement on session 2b3487f8-ebe8-4e60-8480-65b34158f924 to remote] DEBUG org.asynchttpclient.netty.request.NettyRequestSender - Using pooled Channel '[id: 0x1b760b3c, L:/127.0.0.1:46022 - R:localhost/127.0.0.1:49153]' for 'POST' to 'http://localhost:49153/wd/hub/session/2b3487f8-ebe8-4e60-8480-65b34158f924/element'
21:16:24.645 [Forwarding findElement on session 2b3487f8-ebe8-4e60-8480-65b34158f924 to remote] DEBUG org.asynchttpclient.netty.request.NettyRequestSender - Using open Channel [id: 0x1b760b3c, L:/127.0.0.1:46022 - R:localhost/127.0.0.1:49153] for POST '/wd/hub/session/2b3487f8-ebe8-4e60-8480-65b34158f924/element'
21:16:24.649 [AsyncHttpClient-1-2] DEBUG org.asynchttpclient.netty.handler.HttpHandler - 

Request DefaultHttpRequest(decodeResult: success, version: HTTP/1.1)
POST /wd/hub/session/2b3487f8-ebe8-4e60-8480-65b34158f924/element HTTP/1.1
User-Agent: selenium/4.8.0 (java unix)
traceparent: 00-d7e772b1af3d7e239573d784ae182905-4a24d1448ba8b021-01
Content-Length: 60
Content-Type: application/json; charset=utf-8
host: localhost:49153
accept: */*

Response DefaultHttpResponse(decodeResult: success, version: HTTP/1.1)
HTTP/1.1 200 OK
Cache-Control: no-cache
Content-Length: 88
Content-Type: application/json
Content-Type: application/json; charset=utf-8
Date: Thu, 16 Mar 2023 21:16:24 GMT

21:16:24.650 [AsyncHttpClient-1-2] DEBUG org.asynchttpclient.netty.channel.ChannelManager - Adding key: http://localhost:49153 for channel [id: 0x1b760b3c, L:/127.0.0.1:46022 - R:localhost/127.0.0.1:49153]
21:16:24.652 [Forwarding clickElement on session 2b3487f8-ebe8-4e60-8480-65b34158f924 to remote] DEBUG org.asynchttpclient.netty.request.NettyRequestSender - Using pooled Channel '[id: 0x1b760b3c, L:/127.0.0.1:46022 - R:localhost/127.0.0.1:49153]' for 'POST' to 'http://localhost:49153/wd/hub/session/2b3487f8-ebe8-4e60-8480-65b34158f924/element/bd53a12e-0f35-4d37-8b94-5e0bcd95a19b/click'
21:16:24.652 [Forwarding clickElement on session 2b3487f8-ebe8-4e60-8480-65b34158f924 to remote] DEBUG org.asynchttpclient.netty.request.NettyRequestSender - Using open Channel [id: 0x1b760b3c, L:/127.0.0.1:46022 - R:localhost/127.0.0.1:49153] for POST '/wd/hub/session/2b3487f8-ebe8-4e60-8480-65b34158f924/element/bd53a12e-0f35-4d37-8b94-5e0bcd95a19b/click'
21:16:24.913 [AsyncHttpClient-1-2] DEBUG org.asynchttpclient.netty.handler.HttpHandler - 

Request DefaultHttpRequest(decodeResult: success, version: HTTP/1.1)
POST /wd/hub/session/2b3487f8-ebe8-4e60-8480-65b34158f924/element/bd53a12e-0f35-4d37-8b94-5e0bcd95a19b/click HTTP/1.1
User-Agent: selenium/4.8.0 (java unix)
traceparent: 00-db8f2147fe1e790bef4e4219000b35e4-1ff12773d75533b7-01
Content-Length: 50
Content-Type: application/json; charset=utf-8
host: localhost:49153
accept: */*

Response DefaultHttpResponse(decodeResult: success, version: HTTP/1.1)
HTTP/1.1 200 OK
Cache-Control: no-cache
Content-Length: 14
Content-Type: application/json
Content-Type: application/json; charset=utf-8
Date: Thu, 16 Mar 2023 21:16:24 GMT

21:16:24.914 [AsyncHttpClient-1-2] DEBUG org.asynchttpclient.netty.channel.ChannelManager - Adding key: http://localhost:49153 for channel [id: 0x1b760b3c, L:/127.0.0.1:46022 - R:localhost/127.0.0.1:49153]
21:16:24.915 [Forwarding findElement on session 2b3487f8-ebe8-4e60-8480-65b34158f924 to remote] DEBUG org.asynchttpclient.netty.request.NettyRequestSender - Using pooled Channel '[id: 0x1b760b3c, L:/127.0.0.1:46022 - R:localhost/127.0.0.1:49153]' for 'POST' to 'http://localhost:49153/wd/hub/session/2b3487f8-ebe8-4e60-8480-65b34158f924/element'
21:16:24.915 [Forwarding findElement on session 2b3487f8-ebe8-4e60-8480-65b34158f924 to remote] DEBUG org.asynchttpclient.netty.request.NettyRequestSender - Using open Channel [id: 0x1b760b3c, L:/127.0.0.1:46022 - R:localhost/127.0.0.1:49153] for POST '/wd/hub/session/2b3487f8-ebe8-4e60-8480-65b34158f924/element'
21:16:24.919 [AsyncHttpClient-1-2] DEBUG org.asynchttpclient.netty.handler.HttpHandler - 

Request DefaultHttpRequest(decodeResult: success, version: HTTP/1.1)
POST /wd/hub/session/2b3487f8-ebe8-4e60-8480-65b34158f924/element HTTP/1.1
User-Agent: selenium/4.8.0 (java unix)
traceparent: 00-d06ba156fd1cec4c8e155a66eb00f049-418826549762905a-01
Content-Length: 60
Content-Type: application/json; charset=utf-8
host: localhost:49153
accept: */*

Response DefaultHttpResponse(decodeResult: success, version: HTTP/1.1)
HTTP/1.1 200 OK
Cache-Control: no-cache
Content-Length: 88
Content-Type: application/json
Content-Type: application/json; charset=utf-8
Date: Thu, 16 Mar 2023 21:16:24 GMT

21:16:24.919 [AsyncHttpClient-1-2] DEBUG org.asynchttpclient.netty.channel.ChannelManager - Adding key: http://localhost:49153 for channel [id: 0x1b760b3c, L:/127.0.0.1:46022 - R:localhost/127.0.0.1:49153]
21:16:24.921 [Forwarding getElementTagName on session 2b3487f8-ebe8-4e60-8480-65b34158f924 to remote] DEBUG org.asynchttpclient.netty.request.NettyRequestSender - Using pooled Channel '[id: 0x1b760b3c, L:/127.0.0.1:46022 - R:localhost/127.0.0.1:49153]' for 'GET' to 'http://localhost:49153/wd/hub/session/2b3487f8-ebe8-4e60-8480-65b34158f924/element/bd53a12e-0f35-4d37-8b94-5e0bcd95a19b/name'
21:16:24.921 [Forwarding getElementTagName on session 2b3487f8-ebe8-4e60-8480-65b34158f924 to remote] DEBUG org.asynchttpclient.netty.request.NettyRequestSender - Using open Channel [id: 0x1b760b3c, L:/127.0.0.1:46022 - R:localhost/127.0.0.1:49153] for GET '/wd/hub/session/2b3487f8-ebe8-4e60-8480-65b34158f924/element/bd53a12e-0f35-4d37-8b94-5e0bcd95a19b/name'
21:16:24.924 [AsyncHttpClient-1-2] DEBUG org.asynchttpclient.netty.handler.HttpHandler - 

Request DefaultFullHttpRequest(decodeResult: success, version: HTTP/1.1, content: EmptyByteBufBE)
GET /wd/hub/session/2b3487f8-ebe8-4e60-8480-65b34158f924/element/bd53a12e-0f35-4d37-8b94-5e0bcd95a19b/name HTTP/1.1
User-Agent: selenium/4.8.0 (java unix)
Cache-Control: no-cache
traceparent: 00-7a6aaed17b9c7cef7fa5b64801bf373e-28bc17ca81da8677-01
Content-Type: application/json; charset=utf-8
host: localhost:49153
accept: */*

Response DefaultHttpResponse(decodeResult: success, version: HTTP/1.1)
HTTP/1.1 200 OK
Cache-Control: no-cache
Content-Length: 18
Content-Type: application/json
Content-Type: application/json; charset=utf-8
Date: Thu, 16 Mar 2023 21:16:24 GMT

21:16:24.924 [AsyncHttpClient-1-2] DEBUG org.asynchttpclient.netty.channel.ChannelManager - Adding key: http://localhost:49153 for channel [id: 0x1b760b3c, L:/127.0.0.1:46022 - R:localhost/127.0.0.1:49153]
21:16:24.926 [Forwarding findElement on session 2b3487f8-ebe8-4e60-8480-65b34158f924 to remote] DEBUG org.asynchttpclient.netty.request.NettyRequestSender - Using pooled Channel '[id: 0x1b760b3c, L:/127.0.0.1:46022 - R:localhost/127.0.0.1:49153]' for 'POST' to 'http://localhost:49153/wd/hub/session/2b3487f8-ebe8-4e60-8480-65b34158f924/element'
21:16:24.926 [Forwarding findElement on session 2b3487f8-ebe8-4e60-8480-65b34158f924 to remote] DEBUG org.asynchttpclient.netty.request.NettyRequestSender - Using open Channel [id: 0x1b760b3c, L:/127.0.0.1:46022 - R:localhost/127.0.0.1:49153] for POST '/wd/hub/session/2b3487f8-ebe8-4e60-8480-65b34158f924/element'
21:16:24.930 [AsyncHttpClient-1-2] DEBUG org.asynchttpclient.netty.handler.HttpHandler - 

Request DefaultHttpRequest(decodeResult: success, version: HTTP/1.1)
POST /wd/hub/session/2b3487f8-ebe8-4e60-8480-65b34158f924/element HTTP/1.1
User-Agent: selenium/4.8.0 (java unix)
traceparent: 00-25533ba12dc3fe91a38dd385b8961fda-ade8c40fd8a0e76f-01
Content-Length: 60
Content-Type: application/json; charset=utf-8
host: localhost:49153
accept: */*

Response DefaultHttpResponse(decodeResult: success, version: HTTP/1.1)
HTTP/1.1 200 OK
Cache-Control: no-cache
Content-Length: 88
Content-Type: application/json
Content-Type: application/json; charset=utf-8
Date: Thu, 16 Mar 2023 21:16:24 GMT

21:16:24.931 [AsyncHttpClient-1-2] DEBUG org.asynchttpclient.netty.channel.ChannelManager - Adding key: http://localhost:49153 for channel [id: 0x1b760b3c, L:/127.0.0.1:46022 - R:localhost/127.0.0.1:49153]
21:16:24.932 [Forwarding getElementDomAttribute on session 2b3487f8-ebe8-4e60-8480-65b34158f924 to remote] DEBUG org.asynchttpclient.netty.request.NettyRequestSender - Using pooled Channel '[id: 0x1b760b3c, L:/127.0.0.1:46022 - R:localhost/127.0.0.1:49153]' for 'GET' to 'http://localhost:49153/wd/hub/session/2b3487f8-ebe8-4e60-8480-65b34158f924/element/bd53a12e-0f35-4d37-8b94-5e0bcd95a19b/attribute/multiple'
21:16:24.932 [Forwarding getElementDomAttribute on session 2b3487f8-ebe8-4e60-8480-65b34158f924 to remote] DEBUG org.asynchttpclient.netty.request.NettyRequestSender - Using open Channel [id: 0x1b760b3c, L:/127.0.0.1:46022 - R:localhost/127.0.0.1:49153] for GET '/wd/hub/session/2b3487f8-ebe8-4e60-8480-65b34158f924/element/bd53a12e-0f35-4d37-8b94-5e0bcd95a19b/attribute/multiple'
21:16:24.935 [AsyncHttpClient-1-2] DEBUG org.asynchttpclient.netty.handler.HttpHandler - 

Request DefaultFullHttpRequest(decodeResult: success, version: HTTP/1.1, content: EmptyByteBufBE)
GET /wd/hub/session/2b3487f8-ebe8-4e60-8480-65b34158f924/element/bd53a12e-0f35-4d37-8b94-5e0bcd95a19b/attribute/multiple HTTP/1.1
User-Agent: selenium/4.8.0 (java unix)
Cache-Control: no-cache
traceparent: 00-2de0c129cfaa8909aec2d805615da61c-df7ea258e3657c47-01
Content-Type: application/json; charset=utf-8
host: localhost:49153
accept: */*

Response DefaultHttpResponse(decodeResult: success, version: HTTP/1.1)
HTTP/1.1 200 OK
Cache-Control: no-cache
Content-Length: 14
Content-Type: application/json
Content-Type: application/json; charset=utf-8
Date: Thu, 16 Mar 2023 21:16:24 GMT

21:16:24.935 [AsyncHttpClient-1-2] DEBUG org.asynchttpclient.netty.channel.ChannelManager - Adding key: http://localhost:49153 for channel [id: 0x1b760b3c, L:/127.0.0.1:46022 - R:localhost/127.0.0.1:49153]
21:16:24.938 [Forwarding findElement on session 2b3487f8-ebe8-4e60-8480-65b34158f924 to remote] DEBUG org.asynchttpclient.netty.request.NettyRequestSender - Using pooled Channel '[id: 0x1b760b3c, L:/127.0.0.1:46022 - R:localhost/127.0.0.1:49153]' for 'POST' to 'http://localhost:49153/wd/hub/session/2b3487f8-ebe8-4e60-8480-65b34158f924/element'
21:16:24.938 [Forwarding findElement on session 2b3487f8-ebe8-4e60-8480-65b34158f924 to remote] DEBUG org.asynchttpclient.netty.request.NettyRequestSender - Using open Channel [id: 0x1b760b3c, L:/127.0.0.1:46022 - R:localhost/127.0.0.1:49153] for POST '/wd/hub/session/2b3487f8-ebe8-4e60-8480-65b34158f924/element'
21:16:24.942 [AsyncHttpClient-1-2] DEBUG org.asynchttpclient.netty.handler.HttpHandler - 

Request DefaultHttpRequest(decodeResult: success, version: HTTP/1.1)
POST /wd/hub/session/2b3487f8-ebe8-4e60-8480-65b34158f924/element HTTP/1.1
User-Agent: selenium/4.8.0 (java unix)
traceparent: 00-676966b50fba8565b270cbdcaecad6cb-9ee0a805bb87e7be-01
Content-Length: 60
Content-Type: application/json; charset=utf-8
host: localhost:49153
accept: */*

Response DefaultHttpResponse(decodeResult: success, version: HTTP/1.1)
HTTP/1.1 200 OK
Cache-Control: no-cache
Content-Length: 88
Content-Type: application/json
Content-Type: application/json; charset=utf-8
Date: Thu, 16 Mar 2023 21:16:24 GMT

21:16:24.942 [AsyncHttpClient-1-2] DEBUG org.asynchttpclient.netty.channel.ChannelManager - Adding key: http://localhost:49153 for channel [id: 0x1b760b3c, L:/127.0.0.1:46022 - R:localhost/127.0.0.1:49153]
21:16:24.943 [Forwarding isElementEnabled on session 2b3487f8-ebe8-4e60-8480-65b34158f924 to remote] DEBUG org.asynchttpclient.netty.request.NettyRequestSender - Using pooled Channel '[id: 0x1b760b3c, L:/127.0.0.1:46022 - R:localhost/127.0.0.1:49153]' for 'GET' to 'http://localhost:49153/wd/hub/session/2b3487f8-ebe8-4e60-8480-65b34158f924/element/bd53a12e-0f35-4d37-8b94-5e0bcd95a19b/enabled'
21:16:24.943 [Forwarding isElementEnabled on session 2b3487f8-ebe8-4e60-8480-65b34158f924 to remote] DEBUG org.asynchttpclient.netty.request.NettyRequestSender - Using open Channel [id: 0x1b760b3c, L:/127.0.0.1:46022 - R:localhost/127.0.0.1:49153] for GET '/wd/hub/session/2b3487f8-ebe8-4e60-8480-65b34158f924/element/bd53a12e-0f35-4d37-8b94-5e0bcd95a19b/enabled'
21:16:24.948 [AsyncHttpClient-1-2] DEBUG org.asynchttpclient.netty.handler.HttpHandler - 

Request DefaultFullHttpRequest(decodeResult: success, version: HTTP/1.1, content: EmptyByteBufBE)
GET /wd/hub/session/2b3487f8-ebe8-4e60-8480-65b34158f924/element/bd53a12e-0f35-4d37-8b94-5e0bcd95a19b/enabled HTTP/1.1
User-Agent: selenium/4.8.0 (java unix)
Cache-Control: no-cache
traceparent: 00-7a3863dec8c0d102bf9c3e8c2df23170-5a6bd61263565f11-01
Content-Type: application/json; charset=utf-8
host: localhost:49153
accept: */*

Response DefaultHttpResponse(decodeResult: success, version: HTTP/1.1)
HTTP/1.1 200 OK
Cache-Control: no-cache
Content-Length: 14
Content-Type: application/json
Content-Type: application/json; charset=utf-8
Date: Thu, 16 Mar 2023 21:16:24 GMT

21:16:24.948 [AsyncHttpClient-1-2] DEBUG org.asynchttpclient.netty.channel.ChannelManager - Adding key: http://localhost:49153 for channel [id: 0x1b760b3c, L:/127.0.0.1:46022 - R:localhost/127.0.0.1:49153]
21:16:24.950 [Forwarding findElement on session 2b3487f8-ebe8-4e60-8480-65b34158f924 to remote] DEBUG org.asynchttpclient.netty.request.NettyRequestSender - Using pooled Channel '[id: 0x1b760b3c, L:/127.0.0.1:46022 - R:localhost/127.0.0.1:49153]' for 'POST' to 'http://localhost:49153/wd/hub/session/2b3487f8-ebe8-4e60-8480-65b34158f924/element'
21:16:24.950 [Forwarding findElement on session 2b3487f8-ebe8-4e60-8480-65b34158f924 to remote] DEBUG org.asynchttpclient.netty.request.NettyRequestSender - Using open Channel [id: 0x1b760b3c, L:/127.0.0.1:46022 - R:localhost/127.0.0.1:49153] for POST '/wd/hub/session/2b3487f8-ebe8-4e60-8480-65b34158f924/element'
21:16:24.953 [AsyncHttpClient-1-2] DEBUG org.asynchttpclient.netty.handler.HttpHandler - 

Request DefaultHttpRequest(decodeResult: success, version: HTTP/1.1)
POST /wd/hub/session/2b3487f8-ebe8-4e60-8480-65b34158f924/element HTTP/1.1
User-Agent: selenium/4.8.0 (java unix)
traceparent: 00-ee213f7ec4641f128ac98f74cf6edeb6-6c3cfb27a079b57c-01
Content-Length: 60
Content-Type: application/json; charset=utf-8
host: localhost:49153
accept: */*

Response DefaultHttpResponse(decodeResult: success, version: HTTP/1.1)
HTTP/1.1 200 OK
Cache-Control: no-cache
Content-Length: 88
Content-Type: application/json
Content-Type: application/json; charset=utf-8
Date: Thu, 16 Mar 2023 21:16:24 GMT

21:16:24.953 [AsyncHttpClient-1-2] DEBUG org.asynchttpclient.netty.channel.ChannelManager - Adding key: http://localhost:49153 for channel [id: 0x1b760b3c, L:/127.0.0.1:46022 - R:localhost/127.0.0.1:49153]
21:16:24.956 [Forwarding findChildElements on session 2b3487f8-ebe8-4e60-8480-65b34158f924 to remote] DEBUG org.asynchttpclient.netty.request.NettyRequestSender - Using pooled Channel '[id: 0x1b760b3c, L:/127.0.0.1:46022 - R:localhost/127.0.0.1:49153]' for 'POST' to 'http://localhost:49153/wd/hub/session/2b3487f8-ebe8-4e60-8480-65b34158f924/element/bd53a12e-0f35-4d37-8b94-5e0bcd95a19b/elements'
21:16:24.956 [Forwarding findChildElements on session 2b3487f8-ebe8-4e60-8480-65b34158f924 to remote] DEBUG org.asynchttpclient.netty.request.NettyRequestSender - Using open Channel [id: 0x1b760b3c, L:/127.0.0.1:46022 - R:localhost/127.0.0.1:49153] for POST '/wd/hub/session/2b3487f8-ebe8-4e60-8480-65b34158f924/element/bd53a12e-0f35-4d37-8b94-5e0bcd95a19b/elements'
21:16:24.960 [AsyncHttpClient-1-2] DEBUG org.asynchttpclient.netty.handler.HttpHandler - 

Request DefaultHttpRequest(decodeResult: success, version: HTTP/1.1)
POST /wd/hub/session/2b3487f8-ebe8-4e60-8480-65b34158f924/element/bd53a12e-0f35-4d37-8b94-5e0bcd95a19b/elements HTTP/1.1
User-Agent: selenium/4.8.0 (java unix)
traceparent: 00-bcb4f3cfe4b581af96f51a2ff3694542-8c0e853918042cfd-01
Content-Length: 125
Content-Type: application/json; charset=utf-8
host: localhost:49153
accept: */*

Response DefaultHttpResponse(decodeResult: success, version: HTTP/1.1)
HTTP/1.1 200 OK
Cache-Control: no-cache
Content-Length: 90
Content-Type: application/json
Content-Type: application/json; charset=utf-8
Date: Thu, 16 Mar 2023 21:16:24 GMT

21:16:24.960 [AsyncHttpClient-1-2] DEBUG org.asynchttpclient.netty.channel.ChannelManager - Adding key: http://localhost:49153 for channel [id: 0x1b760b3c, L:/127.0.0.1:46022 - R:localhost/127.0.0.1:49153]
21:16:24.963 [Forwarding isElementEnabled on session 2b3487f8-ebe8-4e60-8480-65b34158f924 to remote] DEBUG org.asynchttpclient.netty.request.NettyRequestSender - Using pooled Channel '[id: 0x1b760b3c, L:/127.0.0.1:46022 - R:localhost/127.0.0.1:49153]' for 'GET' to 'http://localhost:49153/wd/hub/session/2b3487f8-ebe8-4e60-8480-65b34158f924/element/b3052b89-bebd-4e5c-83f9-7b8d47c74bf1/enabled'
21:16:24.963 [Forwarding isElementEnabled on session 2b3487f8-ebe8-4e60-8480-65b34158f924 to remote] DEBUG org.asynchttpclient.netty.request.NettyRequestSender - Using open Channel [id: 0x1b760b3c, L:/127.0.0.1:46022 - R:localhost/127.0.0.1:49153] for GET '/wd/hub/session/2b3487f8-ebe8-4e60-8480-65b34158f924/element/b3052b89-bebd-4e5c-83f9-7b8d47c74bf1/enabled'
21:16:24.967 [AsyncHttpClient-1-2] DEBUG org.asynchttpclient.netty.handler.HttpHandler - 

Request DefaultFullHttpRequest(decodeResult: success, version: HTTP/1.1, content: EmptyByteBufBE)
GET /wd/hub/session/2b3487f8-ebe8-4e60-8480-65b34158f924/element/b3052b89-bebd-4e5c-83f9-7b8d47c74bf1/enabled HTTP/1.1
User-Agent: selenium/4.8.0 (java unix)
Cache-Control: no-cache
traceparent: 00-53cc067f2448426bd18cd18759e3ac7e-8e285f11c52e2f83-01
Content-Type: application/json; charset=utf-8
host: localhost:49153
accept: */*

Response DefaultHttpResponse(decodeResult: success, version: HTTP/1.1)
HTTP/1.1 200 OK
Cache-Control: no-cache
Content-Length: 14
Content-Type: application/json
Content-Type: application/json; charset=utf-8
Date: Thu, 16 Mar 2023 21:16:24 GMT

21:16:24.967 [AsyncHttpClient-1-2] DEBUG org.asynchttpclient.netty.channel.ChannelManager - Adding key: http://localhost:49153 for channel [id: 0x1b760b3c, L:/127.0.0.1:46022 - R:localhost/127.0.0.1:49153]
21:16:24.969 [Forwarding isElementSelected on session 2b3487f8-ebe8-4e60-8480-65b34158f924 to remote] DEBUG org.asynchttpclient.netty.request.NettyRequestSender - Using pooled Channel '[id: 0x1b760b3c, L:/127.0.0.1:46022 - R:localhost/127.0.0.1:49153]' for 'GET' to 'http://localhost:49153/wd/hub/session/2b3487f8-ebe8-4e60-8480-65b34158f924/element/b3052b89-bebd-4e5c-83f9-7b8d47c74bf1/selected'
21:16:24.970 [Forwarding isElementSelected on session 2b3487f8-ebe8-4e60-8480-65b34158f924 to remote] DEBUG org.asynchttpclient.netty.request.NettyRequestSender - Using open Channel [id: 0x1b760b3c, L:/127.0.0.1:46022 - R:localhost/127.0.0.1:49153] for GET '/wd/hub/session/2b3487f8-ebe8-4e60-8480-65b34158f924/element/b3052b89-bebd-4e5c-83f9-7b8d47c74bf1/selected'
21:16:24.974 [AsyncHttpClient-1-2] DEBUG org.asynchttpclient.netty.handler.HttpHandler - 

Request DefaultFullHttpRequest(decodeResult: success, version: HTTP/1.1, content: EmptyByteBufBE)
GET /wd/hub/session/2b3487f8-ebe8-4e60-8480-65b34158f924/element/b3052b89-bebd-4e5c-83f9-7b8d47c74bf1/selected HTTP/1.1
User-Agent: selenium/4.8.0 (java unix)
Cache-Control: no-cache
traceparent: 00-9d9d448a8402c14e50a37233d0f7d10e-9b7fda9b32f2cbe8-01
Content-Type: application/json; charset=utf-8
host: localhost:49153
accept: */*

Response DefaultHttpResponse(decodeResult: success, version: HTTP/1.1)
HTTP/1.1 200 OK
Cache-Control: no-cache
Content-Length: 15
Content-Type: application/json
Content-Type: application/json; charset=utf-8
Date: Thu, 16 Mar 2023 21:16:24 GMT

21:16:24.975 [AsyncHttpClient-1-2] DEBUG org.asynchttpclient.netty.channel.ChannelManager - Adding key: http://localhost:49153 for channel [id: 0x1b760b3c, L:/127.0.0.1:46022 - R:localhost/127.0.0.1:49153]
21:16:24.977 [Forwarding clickElement on session 2b3487f8-ebe8-4e60-8480-65b34158f924 to remote] DEBUG org.asynchttpclient.netty.request.NettyRequestSender - Using pooled Channel '[id: 0x1b760b3c, L:/127.0.0.1:46022 - R:localhost/127.0.0.1:49153]' for 'POST' to 'http://localhost:49153/wd/hub/session/2b3487f8-ebe8-4e60-8480-65b34158f924/element/b3052b89-bebd-4e5c-83f9-7b8d47c74bf1/click'
21:16:24.977 [Forwarding clickElement on session 2b3487f8-ebe8-4e60-8480-65b34158f924 to remote] DEBUG org.asynchttpclient.netty.request.NettyRequestSender - Using open Channel [id: 0x1b760b3c, L:/127.0.0.1:46022 - R:localhost/127.0.0.1:49153] for POST '/wd/hub/session/2b3487f8-ebe8-4e60-8480-65b34158f924/element/b3052b89-bebd-4e5c-83f9-7b8d47c74bf1/click'
21:16:25.187 [AsyncHttpClient-1-2] DEBUG org.asynchttpclient.netty.handler.HttpHandler - 

Request DefaultHttpRequest(decodeResult: success, version: HTTP/1.1)
POST /wd/hub/session/2b3487f8-ebe8-4e60-8480-65b34158f924/element/b3052b89-bebd-4e5c-83f9-7b8d47c74bf1/click HTTP/1.1
User-Agent: selenium/4.8.0 (java unix)
traceparent: 00-b142d78452518e74b92ffe64e1c5a0e0-efea16af0af17df6-01
Content-Length: 50
Content-Type: application/json; charset=utf-8
host: localhost:49153
accept: */*

Response DefaultHttpResponse(decodeResult: success, version: HTTP/1.1)
HTTP/1.1 200 OK
Cache-Control: no-cache
Content-Length: 14
Content-Type: application/json
Content-Type: application/json; charset=utf-8
Date: Thu, 16 Mar 2023 21:16:24 GMT

21:16:25.187 [AsyncHttpClient-1-2] DEBUG org.asynchttpclient.netty.channel.ChannelManager - Adding key: http://localhost:49153 for channel [id: 0x1b760b3c, L:/127.0.0.1:46022 - R:localhost/127.0.0.1:49153]
21:16:25.189 [Forwarding findElement on session 2b3487f8-ebe8-4e60-8480-65b34158f924 to remote] DEBUG org.asynchttpclient.netty.request.NettyRequestSender - Using pooled Channel '[id: 0x1b760b3c, L:/127.0.0.1:46022 - R:localhost/127.0.0.1:49153]' for 'POST' to 'http://localhost:49153/wd/hub/session/2b3487f8-ebe8-4e60-8480-65b34158f924/element'
21:16:25.189 [Forwarding findElement on session 2b3487f8-ebe8-4e60-8480-65b34158f924 to remote] DEBUG org.asynchttpclient.netty.request.NettyRequestSender - Using open Channel [id: 0x1b760b3c, L:/127.0.0.1:46022 - R:localhost/127.0.0.1:49153] for POST '/wd/hub/session/2b3487f8-ebe8-4e60-8480-65b34158f924/element'
21:16:25.191 [AsyncHttpClient-1-2] DEBUG org.asynchttpclient.netty.handler.HttpHandler - 

Request DefaultHttpRequest(decodeResult: success, version: HTTP/1.1)
POST /wd/hub/session/2b3487f8-ebe8-4e60-8480-65b34158f924/element HTTP/1.1
User-Agent: selenium/4.8.0 (java unix)
traceparent: 00-36aa212e214e4b7861aaf720894a81f4-891d16d81eb25004-01
Content-Length: 56
Content-Type: application/json; charset=utf-8
host: localhost:49153
accept: */*

Response DefaultHttpResponse(decodeResult: success, version: HTTP/1.1)
HTTP/1.1 200 OK
Cache-Control: no-cache
Content-Length: 88
Content-Type: application/json
Content-Type: application/json; charset=utf-8
Date: Thu, 16 Mar 2023 21:16:25 GMT

21:16:25.191 [AsyncHttpClient-1-2] DEBUG org.asynchttpclient.netty.channel.ChannelManager - Adding key: http://localhost:49153 for channel [id: 0x1b760b3c, L:/127.0.0.1:46022 - R:localhost/127.0.0.1:49153]
21:16:25.193 [Forwarding clickElement on session 2b3487f8-ebe8-4e60-8480-65b34158f924 to remote] DEBUG org.asynchttpclient.netty.request.NettyRequestSender - Using pooled Channel '[id: 0x1b760b3c, L:/127.0.0.1:46022 - R:localhost/127.0.0.1:49153]' for 'POST' to 'http://localhost:49153/wd/hub/session/2b3487f8-ebe8-4e60-8480-65b34158f924/element/e71908d1-0b18-432c-901f-d7f101e004d3/click'
21:16:25.193 [Forwarding clickElement on session 2b3487f8-ebe8-4e60-8480-65b34158f924 to remote] DEBUG org.asynchttpclient.netty.request.NettyRequestSender - Using open Channel [id: 0x1b760b3c, L:/127.0.0.1:46022 - R:localhost/127.0.0.1:49153] for POST '/wd/hub/session/2b3487f8-ebe8-4e60-8480-65b34158f924/element/e71908d1-0b18-432c-901f-d7f101e004d3/click'
21:16:25.535 [AsyncHttpClient-1-2] DEBUG org.asynchttpclient.netty.handler.HttpHandler - 

Request DefaultHttpRequest(decodeResult: success, version: HTTP/1.1)
POST /wd/hub/session/2b3487f8-ebe8-4e60-8480-65b34158f924/element/e71908d1-0b18-432c-901f-d7f101e004d3/click HTTP/1.1
User-Agent: selenium/4.8.0 (java unix)
traceparent: 00-d8933747bcb9222b14433e223e749fcf-ccb1ba147de0b7a0-01
Content-Length: 50
Content-Type: application/json; charset=utf-8
host: localhost:49153
accept: */*

Response DefaultHttpResponse(decodeResult: success, version: HTTP/1.1)
HTTP/1.1 200 OK
Cache-Control: no-cache
Content-Length: 14
Content-Type: application/json
Content-Type: application/json; charset=utf-8
Date: Thu, 16 Mar 2023 21:16:25 GMT

21:16:25.535 [AsyncHttpClient-1-2] DEBUG org.asynchttpclient.netty.channel.ChannelManager - Adding key: http://localhost:49153 for channel [id: 0x1b760b3c, L:/127.0.0.1:46022 - R:localhost/127.0.0.1:49153]
21:16:25.537 [Forwarding findElement on session 2b3487f8-ebe8-4e60-8480-65b34158f924 to remote] DEBUG org.asynchttpclient.netty.request.NettyRequestSender - Using pooled Channel '[id: 0x1b760b3c, L:/127.0.0.1:46022 - R:localhost/127.0.0.1:49153]' for 'POST' to 'http://localhost:49153/wd/hub/session/2b3487f8-ebe8-4e60-8480-65b34158f924/element'
21:16:25.537 [Forwarding findElement on session 2b3487f8-ebe8-4e60-8480-65b34158f924 to remote] DEBUG org.asynchttpclient.netty.request.NettyRequestSender - Using open Channel [id: 0x1b760b3c, L:/127.0.0.1:46022 - R:localhost/127.0.0.1:49153] for POST '/wd/hub/session/2b3487f8-ebe8-4e60-8480-65b34158f924/element'
21:16:25.540 [AsyncHttpClient-1-2] DEBUG org.asynchttpclient.netty.handler.HttpHandler - 

Request DefaultHttpRequest(decodeResult: success, version: HTTP/1.1)
POST /wd/hub/session/2b3487f8-ebe8-4e60-8480-65b34158f924/element HTTP/1.1
User-Agent: selenium/4.8.0 (java unix)
traceparent: 00-22a965f09f7d6c242e89d5ad8d3fcf8e-5200db01c44ddf3b-01
Content-Length: 46
Content-Type: application/json; charset=utf-8
host: localhost:49153
accept: */*

Response DefaultHttpResponse(decodeResult: success, version: HTTP/1.1)
HTTP/1.1 200 OK
Cache-Control: no-cache
Content-Length: 88
Content-Type: application/json
Content-Type: application/json; charset=utf-8
Date: Thu, 16 Mar 2023 21:16:25 GMT

21:16:25.540 [AsyncHttpClient-1-2] DEBUG org.asynchttpclient.netty.channel.ChannelManager - Adding key: http://localhost:49153 for channel [id: 0x1b760b3c, L:/127.0.0.1:46022 - R:localhost/127.0.0.1:49153]
21:16:25.541 [Forwarding getElementText on session 2b3487f8-ebe8-4e60-8480-65b34158f924 to remote] DEBUG org.asynchttpclient.netty.request.NettyRequestSender - Using pooled Channel '[id: 0x1b760b3c, L:/127.0.0.1:46022 - R:localhost/127.0.0.1:49153]' for 'GET' to 'http://localhost:49153/wd/hub/session/2b3487f8-ebe8-4e60-8480-65b34158f924/element/66143f2f-0ee7-4c17-878f-22a5a63ebb7e/text'
21:16:25.541 [Forwarding getElementText on session 2b3487f8-ebe8-4e60-8480-65b34158f924 to remote] DEBUG org.asynchttpclient.netty.request.NettyRequestSender - Using open Channel [id: 0x1b760b3c, L:/127.0.0.1:46022 - R:localhost/127.0.0.1:49153] for GET '/wd/hub/session/2b3487f8-ebe8-4e60-8480-65b34158f924/element/66143f2f-0ee7-4c17-878f-22a5a63ebb7e/text'
21:16:25.552 [AsyncHttpClient-1-2] DEBUG org.asynchttpclient.netty.handler.HttpHandler - 

Request DefaultFullHttpRequest(decodeResult: success, version: HTTP/1.1, content: EmptyByteBufBE)
GET /wd/hub/session/2b3487f8-ebe8-4e60-8480-65b34158f924/element/66143f2f-0ee7-4c17-878f-22a5a63ebb7e/text HTTP/1.1
User-Agent: selenium/4.8.0 (java unix)
Cache-Control: no-cache
traceparent: 00-6e050ed39f03ca1003f2b433af75df3e-a129404ab2c209d2-01
Content-Type: application/json; charset=utf-8
host: localhost:49153
accept: */*

Response DefaultHttpResponse(decodeResult: success, version: HTTP/1.1)
HTTP/1.1 200 OK
Cache-Control: no-cache
Content-Length: 44
Content-Type: application/json
Content-Type: application/json; charset=utf-8
Date: Thu, 16 Mar 2023 21:16:25 GMT

21:16:25.552 [AsyncHttpClient-1-2] DEBUG org.asynchttpclient.netty.channel.ChannelManager - Adding key: http://localhost:49153 for channel [id: 0x1b760b3c, L:/127.0.0.1:46022 - R:localhost/127.0.0.1:49153]
21:16:25.599 [Forwarding findElement on session 2b3487f8-ebe8-4e60-8480-65b34158f924 to remote] DEBUG org.asynchttpclient.netty.request.NettyRequestSender - Using pooled Channel '[id: 0x1b760b3c, L:/127.0.0.1:46022 - R:localhost/127.0.0.1:49153]' for 'POST' to 'http://localhost:49153/wd/hub/session/2b3487f8-ebe8-4e60-8480-65b34158f924/element'
21:16:25.599 [Forwarding findElement on session 2b3487f8-ebe8-4e60-8480-65b34158f924 to remote] DEBUG org.asynchttpclient.netty.request.NettyRequestSender - Using open Channel [id: 0x1b760b3c, L:/127.0.0.1:46022 - R:localhost/127.0.0.1:49153] for POST '/wd/hub/session/2b3487f8-ebe8-4e60-8480-65b34158f924/element'
21:16:25.603 [AsyncHttpClient-1-2] DEBUG org.asynchttpclient.netty.handler.HttpHandler - 

Request DefaultHttpRequest(decodeResult: success, version: HTTP/1.1)
POST /wd/hub/session/2b3487f8-ebe8-4e60-8480-65b34158f924/element HTTP/1.1
User-Agent: selenium/4.8.0 (java unix)
traceparent: 00-98872d7ed3c30206781f72174a7053c7-1aa190a04330cdad-01
Content-Length: 64
Content-Type: application/json; charset=utf-8
host: localhost:49153
accept: */*

Response DefaultHttpResponse(decodeResult: success, version: HTTP/1.1)
HTTP/1.1 200 OK
Cache-Control: no-cache
Content-Length: 88
Content-Type: application/json
Content-Type: application/json; charset=utf-8
Date: Thu, 16 Mar 2023 21:16:25 GMT

21:16:25.604 [AsyncHttpClient-1-2] DEBUG org.asynchttpclient.netty.channel.ChannelManager - Adding key: http://localhost:49153 for channel [id: 0x1b760b3c, L:/127.0.0.1:46022 - R:localhost/127.0.0.1:49153]
21:16:25.605 [Forwarding clickElement on session 2b3487f8-ebe8-4e60-8480-65b34158f924 to remote] DEBUG org.asynchttpclient.netty.request.NettyRequestSender - Using pooled Channel '[id: 0x1b760b3c, L:/127.0.0.1:46022 - R:localhost/127.0.0.1:49153]' for 'POST' to 'http://localhost:49153/wd/hub/session/2b3487f8-ebe8-4e60-8480-65b34158f924/element/2ffaca47-e849-47df-9ba4-921c2e955470/click'
21:16:25.605 [Forwarding clickElement on session 2b3487f8-ebe8-4e60-8480-65b34158f924 to remote] DEBUG org.asynchttpclient.netty.request.NettyRequestSender - Using open Channel [id: 0x1b760b3c, L:/127.0.0.1:46022 - R:localhost/127.0.0.1:49153] for POST '/wd/hub/session/2b3487f8-ebe8-4e60-8480-65b34158f924/element/2ffaca47-e849-47df-9ba4-921c2e955470/click'
21:16:25.948 [AsyncHttpClient-1-2] DEBUG org.asynchttpclient.netty.handler.HttpHandler - 

Request DefaultHttpRequest(decodeResult: success, version: HTTP/1.1)
POST /wd/hub/session/2b3487f8-ebe8-4e60-8480-65b34158f924/element/2ffaca47-e849-47df-9ba4-921c2e955470/click HTTP/1.1
User-Agent: selenium/4.8.0 (java unix)
traceparent: 00-30a13751122f87df90aa98a5797e1910-0a5b99e83e9708f5-01
Content-Length: 50
Content-Type: application/json; charset=utf-8
host: localhost:49153
accept: */*

Response DefaultHttpResponse(decodeResult: success, version: HTTP/1.1)
HTTP/1.1 200 OK
Cache-Control: no-cache
Content-Length: 14
Content-Type: application/json
Content-Type: application/json; charset=utf-8
Date: Thu, 16 Mar 2023 21:16:25 GMT

21:16:25.948 [AsyncHttpClient-1-2] DEBUG org.asynchttpclient.netty.channel.ChannelManager - Adding key: http://localhost:49153 for channel [id: 0x1b760b3c, L:/127.0.0.1:46022 - R:localhost/127.0.0.1:49153]
21:16:25.950 [Forwarding findElement on session 2b3487f8-ebe8-4e60-8480-65b34158f924 to remote] DEBUG org.asynchttpclient.netty.request.NettyRequestSender - Using pooled Channel '[id: 0x1b760b3c, L:/127.0.0.1:46022 - R:localhost/127.0.0.1:49153]' for 'POST' to 'http://localhost:49153/wd/hub/session/2b3487f8-ebe8-4e60-8480-65b34158f924/element'
21:16:25.950 [Forwarding findElement on session 2b3487f8-ebe8-4e60-8480-65b34158f924 to remote] DEBUG org.asynchttpclient.netty.request.NettyRequestSender - Using open Channel [id: 0x1b760b3c, L:/127.0.0.1:46022 - R:localhost/127.0.0.1:49153] for POST '/wd/hub/session/2b3487f8-ebe8-4e60-8480-65b34158f924/element'
21:16:25.953 [AsyncHttpClient-1-2] DEBUG org.asynchttpclient.netty.handler.HttpHandler - 

Request DefaultHttpRequest(decodeResult: success, version: HTTP/1.1)
POST /wd/hub/session/2b3487f8-ebe8-4e60-8480-65b34158f924/element HTTP/1.1
User-Agent: selenium/4.8.0 (java unix)
traceparent: 00-71ff3a347ecbdee579d6cf74cb373e56-3c7b0850a9eba031-01
Content-Length: 45
Content-Type: application/json; charset=utf-8
host: localhost:49153
accept: */*

Response DefaultHttpResponse(decodeResult: success, version: HTTP/1.1)
HTTP/1.1 200 OK
Cache-Control: no-cache
Content-Length: 88
Content-Type: application/json
Content-Type: application/json; charset=utf-8
Date: Thu, 16 Mar 2023 21:16:25 GMT

21:16:25.953 [AsyncHttpClient-1-2] DEBUG org.asynchttpclient.netty.channel.ChannelManager - Adding key: http://localhost:49153 for channel [id: 0x1b760b3c, L:/127.0.0.1:46022 - R:localhost/127.0.0.1:49153]
21:16:25.954 [Forwarding getElementText on session 2b3487f8-ebe8-4e60-8480-65b34158f924 to remote] DEBUG org.asynchttpclient.netty.request.NettyRequestSender - Using pooled Channel '[id: 0x1b760b3c, L:/127.0.0.1:46022 - R:localhost/127.0.0.1:49153]' for 'GET' to 'http://localhost:49153/wd/hub/session/2b3487f8-ebe8-4e60-8480-65b34158f924/element/093e7991-207d-4a0f-8220-8fd325036029/text'
21:16:25.954 [Forwarding getElementText on session 2b3487f8-ebe8-4e60-8480-65b34158f924 to remote] DEBUG org.asynchttpclient.netty.request.NettyRequestSender - Using open Channel [id: 0x1b760b3c, L:/127.0.0.1:46022 - R:localhost/127.0.0.1:49153] for GET '/wd/hub/session/2b3487f8-ebe8-4e60-8480-65b34158f924/element/093e7991-207d-4a0f-8220-8fd325036029/text'
21:16:25.962 [AsyncHttpClient-1-2] DEBUG org.asynchttpclient.netty.handler.HttpHandler - 

Request DefaultFullHttpRequest(decodeResult: success, version: HTTP/1.1, content: EmptyByteBufBE)
GET /wd/hub/session/2b3487f8-ebe8-4e60-8480-65b34158f924/element/093e7991-207d-4a0f-8220-8fd325036029/text HTTP/1.1
User-Agent: selenium/4.8.0 (java unix)
Cache-Control: no-cache
traceparent: 00-89eb5cd8ad711e6c0ba91b323a9b9eef-08b4afa58ac43706-01
Content-Type: application/json; charset=utf-8
host: localhost:49153
accept: */*

Response DefaultHttpResponse(decodeResult: success, version: HTTP/1.1)
HTTP/1.1 200 OK
Cache-Control: no-cache
Content-Length: 12
Content-Type: application/json
Content-Type: application/json; charset=utf-8
Date: Thu, 16 Mar 2023 21:16:25 GMT

21:16:25.962 [AsyncHttpClient-1-2] DEBUG org.asynchttpclient.netty.channel.ChannelManager - Adding key: http://localhost:49153 for channel [id: 0x1b760b3c, L:/127.0.0.1:46022 - R:localhost/127.0.0.1:49153]
21:16:25.964 [Forwarding findElement on session 2b3487f8-ebe8-4e60-8480-65b34158f924 to remote] DEBUG org.asynchttpclient.netty.request.NettyRequestSender - Using pooled Channel '[id: 0x1b760b3c, L:/127.0.0.1:46022 - R:localhost/127.0.0.1:49153]' for 'POST' to 'http://localhost:49153/wd/hub/session/2b3487f8-ebe8-4e60-8480-65b34158f924/element'
21:16:25.964 [Forwarding findElement on session 2b3487f8-ebe8-4e60-8480-65b34158f924 to remote] DEBUG org.asynchttpclient.netty.request.NettyRequestSender - Using open Channel [id: 0x1b760b3c, L:/127.0.0.1:46022 - R:localhost/127.0.0.1:49153] for POST '/wd/hub/session/2b3487f8-ebe8-4e60-8480-65b34158f924/element'
21:16:25.966 [AsyncHttpClient-1-2] DEBUG org.asynchttpclient.netty.handler.HttpHandler - 

Request DefaultHttpRequest(decodeResult: success, version: HTTP/1.1)
POST /wd/hub/session/2b3487f8-ebe8-4e60-8480-65b34158f924/element HTTP/1.1
User-Agent: selenium/4.8.0 (java unix)
traceparent: 00-a25c4f0cf33046cda53a8d3c5eec6757-0d5729a9aba6d63c-01
Content-Length: 56
Content-Type: application/json; charset=utf-8
host: localhost:49153
accept: */*

Response DefaultHttpResponse(decodeResult: success, version: HTTP/1.1)
HTTP/1.1 200 OK
Cache-Control: no-cache
Content-Length: 88
Content-Type: application/json
Content-Type: application/json; charset=utf-8
Date: Thu, 16 Mar 2023 21:16:25 GMT

21:16:25.966 [AsyncHttpClient-1-2] DEBUG org.asynchttpclient.netty.channel.ChannelManager - Adding key: http://localhost:49153 for channel [id: 0x1b760b3c, L:/127.0.0.1:46022 - R:localhost/127.0.0.1:49153]
21:16:25.968 [Forwarding clickElement on session 2b3487f8-ebe8-4e60-8480-65b34158f924 to remote] DEBUG org.asynchttpclient.netty.request.NettyRequestSender - Using pooled Channel '[id: 0x1b760b3c, L:/127.0.0.1:46022 - R:localhost/127.0.0.1:49153]' for 'POST' to 'http://localhost:49153/wd/hub/session/2b3487f8-ebe8-4e60-8480-65b34158f924/element/4d3a7070-8463-4ef8-b726-6af2e6558196/click'
21:16:25.968 [Forwarding clickElement on session 2b3487f8-ebe8-4e60-8480-65b34158f924 to remote] DEBUG org.asynchttpclient.netty.request.NettyRequestSender - Using open Channel [id: 0x1b760b3c, L:/127.0.0.1:46022 - R:localhost/127.0.0.1:49153] for POST '/wd/hub/session/2b3487f8-ebe8-4e60-8480-65b34158f924/element/4d3a7070-8463-4ef8-b726-6af2e6558196/click'
21:16:26.284 [AsyncHttpClient-1-2] DEBUG org.asynchttpclient.netty.handler.HttpHandler - 

Request DefaultHttpRequest(decodeResult: success, version: HTTP/1.1)
POST /wd/hub/session/2b3487f8-ebe8-4e60-8480-65b34158f924/element/4d3a7070-8463-4ef8-b726-6af2e6558196/click HTTP/1.1
User-Agent: selenium/4.8.0 (java unix)
traceparent: 00-e24f56f26cae19d9242bd3d5c5dc4844-f0d34c01c6700eff-01
Content-Length: 50
Content-Type: application/json; charset=utf-8
host: localhost:49153
accept: */*

Response DefaultHttpResponse(decodeResult: success, version: HTTP/1.1)
HTTP/1.1 200 OK
Cache-Control: no-cache
Content-Length: 14
Content-Type: application/json
Content-Type: application/json; charset=utf-8
Date: Thu, 16 Mar 2023 21:16:25 GMT

21:16:26.284 [AsyncHttpClient-1-2] DEBUG org.asynchttpclient.netty.channel.ChannelManager - Adding key: http://localhost:49153 for channel [id: 0x1b760b3c, L:/127.0.0.1:46022 - R:localhost/127.0.0.1:49153]
21:16:26.286 [Forwarding findElement on session 2b3487f8-ebe8-4e60-8480-65b34158f924 to remote] DEBUG org.asynchttpclient.netty.request.NettyRequestSender - Using pooled Channel '[id: 0x1b760b3c, L:/127.0.0.1:46022 - R:localhost/127.0.0.1:49153]' for 'POST' to 'http://localhost:49153/wd/hub/session/2b3487f8-ebe8-4e60-8480-65b34158f924/element'
21:16:26.286 [Forwarding findElement on session 2b3487f8-ebe8-4e60-8480-65b34158f924 to remote] DEBUG org.asynchttpclient.netty.request.NettyRequestSender - Using open Channel [id: 0x1b760b3c, L:/127.0.0.1:46022 - R:localhost/127.0.0.1:49153] for POST '/wd/hub/session/2b3487f8-ebe8-4e60-8480-65b34158f924/element'
21:16:26.289 [AsyncHttpClient-1-2] DEBUG org.asynchttpclient.netty.handler.HttpHandler - 

Request DefaultHttpRequest(decodeResult: success, version: HTTP/1.1)
POST /wd/hub/session/2b3487f8-ebe8-4e60-8480-65b34158f924/element HTTP/1.1
User-Agent: selenium/4.8.0 (java unix)
traceparent: 00-9085af9d1990261ac0f916751a3d226c-247374f3102c014e-01
Content-Length: 45
Content-Type: application/json; charset=utf-8
host: localhost:49153
accept: */*

Response DefaultHttpResponse(decodeResult: success, version: HTTP/1.1)
HTTP/1.1 200 OK
Cache-Control: no-cache
Content-Length: 88
Content-Type: application/json
Content-Type: application/json; charset=utf-8
Date: Thu, 16 Mar 2023 21:16:26 GMT

21:16:26.289 [AsyncHttpClient-1-2] DEBUG org.asynchttpclient.netty.channel.ChannelManager - Adding key: http://localhost:49153 for channel [id: 0x1b760b3c, L:/127.0.0.1:46022 - R:localhost/127.0.0.1:49153]
21:16:26.290 [Forwarding getElementText on session 2b3487f8-ebe8-4e60-8480-65b34158f924 to remote] DEBUG org.asynchttpclient.netty.request.NettyRequestSender - Using pooled Channel '[id: 0x1b760b3c, L:/127.0.0.1:46022 - R:localhost/127.0.0.1:49153]' for 'GET' to 'http://localhost:49153/wd/hub/session/2b3487f8-ebe8-4e60-8480-65b34158f924/element/aaaa858b-27fd-40ea-a72c-a4b14a66cd98/text'
21:16:26.290 [Forwarding getElementText on session 2b3487f8-ebe8-4e60-8480-65b34158f924 to remote] DEBUG org.asynchttpclient.netty.request.NettyRequestSender - Using open Channel [id: 0x1b760b3c, L:/127.0.0.1:46022 - R:localhost/127.0.0.1:49153] for GET '/wd/hub/session/2b3487f8-ebe8-4e60-8480-65b34158f924/element/aaaa858b-27fd-40ea-a72c-a4b14a66cd98/text'
21:16:26.299 [AsyncHttpClient-1-2] DEBUG org.asynchttpclient.netty.handler.HttpHandler - 

Request DefaultFullHttpRequest(decodeResult: success, version: HTTP/1.1, content: EmptyByteBufBE)
GET /wd/hub/session/2b3487f8-ebe8-4e60-8480-65b34158f924/element/aaaa858b-27fd-40ea-a72c-a4b14a66cd98/text HTTP/1.1
User-Agent: selenium/4.8.0 (java unix)
Cache-Control: no-cache
traceparent: 00-e9742661f36b091f9bd965844906763f-c5264405ef26692a-01
Content-Type: application/json; charset=utf-8
host: localhost:49153
accept: */*

Response DefaultHttpResponse(decodeResult: success, version: HTTP/1.1)
HTTP/1.1 200 OK
Cache-Control: no-cache
Content-Length: 12
Content-Type: application/json
Content-Type: application/json; charset=utf-8
Date: Thu, 16 Mar 2023 21:16:26 GMT

21:16:26.300 [AsyncHttpClient-1-2] DEBUG org.asynchttpclient.netty.channel.ChannelManager - Adding key: http://localhost:49153 for channel [id: 0x1b760b3c, L:/127.0.0.1:46022 - R:localhost/127.0.0.1:49153]
21:16:27.298 [AsyncHttpClient-1-1] DEBUG org.asynchttpclient.netty.channel.DefaultChannelPool - Entry count for : http://localhost:49153 : 1
21:16:28.305 [main] DEBUG io.github.bonigarcia.wdm.WebDriverManager - Quitting RemoteWebDriver: firefox on LINUX (2b3487f8-ebe8-4e60-8480-65b34158f924)
21:16:28.306 [Forwarding quit on session 2b3487f8-ebe8-4e60-8480-65b34158f924 to remote] DEBUG org.asynchttpclient.netty.request.NettyRequestSender - Using pooled Channel '[id: 0x1b760b3c, L:/127.0.0.1:46022 - R:localhost/127.0.0.1:49153]' for 'DELETE' to 'http://localhost:49153/wd/hub/session/2b3487f8-ebe8-4e60-8480-65b34158f924'
21:16:28.306 [Forwarding quit on session 2b3487f8-ebe8-4e60-8480-65b34158f924 to remote] DEBUG org.asynchttpclient.netty.request.NettyRequestSender - Using open Channel [id: 0x1b760b3c, L:/127.0.0.1:46022 - R:localhost/127.0.0.1:49153] for DELETE '/wd/hub/session/2b3487f8-ebe8-4e60-8480-65b34158f924'
21:16:28.783 [AsyncHttpClient-1-2] DEBUG org.asynchttpclient.netty.handler.HttpHandler - 

Request DefaultFullHttpRequest(decodeResult: success, version: HTTP/1.1, content: EmptyByteBufBE)
DELETE /wd/hub/session/2b3487f8-ebe8-4e60-8480-65b34158f924 HTTP/1.1
User-Agent: selenium/4.8.0 (java unix)
traceparent: 00-e66746ea2c5a927843cf50592cc4cae3-97fafc64ac952a7a-01
Content-Type: application/json; charset=utf-8
host: localhost:49153
accept: */*

Response DefaultHttpResponse(decodeResult: success, version: HTTP/1.1)
HTTP/1.1 200 OK
Cache-Control: no-cache
Content-Length: 14
Content-Type: application/json
Content-Type: application/json; charset=utf-8
Date: Thu, 16 Mar 2023 21:16:28 GMT

21:16:28.783 [AsyncHttpClient-1-2] DEBUG org.asynchttpclient.netty.channel.ChannelManager - Adding key: http://localhost:49153 for channel [id: 0x1b760b3c, L:/127.0.0.1:46022 - R:localhost/127.0.0.1:49153]
21:16:28.784 [main] INFO io.github.bonigarcia.wdm.docker.DockerService - Stopping Docker container selenoid/vnc:firefox_110.0
21:16:28.784 [main] DEBUG com.github.dockerjava.core.command.AbstrDockerCmd - Cmd: 9bb323ed2b6638e0889d0e354079e0e6d36b940b89f008d1751b7692243bb2cf,5
21:16:28.785 [main] DEBUG org.apache.hc.client5.http.impl.classic.InternalHttpClient - ex-0000000010 preparing request execution
21:16:28.785 [main] DEBUG org.apache.hc.client5.http.impl.classic.ProtocolExec - ex-0000000010 target auth state: UNCHALLENGED
21:16:28.785 [main] DEBUG org.apache.hc.client5.http.impl.classic.ProtocolExec - ex-0000000010 proxy auth state: UNCHALLENGED
21:16:28.785 [main] DEBUG org.apache.hc.client5.http.impl.classic.ConnectExec - ex-0000000010 acquiring connection with route {}->unix://localhost:2375
21:16:28.785 [main] DEBUG org.apache.hc.client5.http.impl.classic.InternalHttpClient - ex-0000000010 acquiring endpoint (3 MINUTES)
21:16:28.785 [main] DEBUG org.apache.hc.client5.http.impl.io.PoolingHttpClientConnectionManager - ex-0000000010 endpoint lease request (3 MINUTES) [route: {}->unix://localhost:2375][total available: 1; route allocated: 1 of 2147483647; total allocated: 1 of 2147483647]
21:16:28.785 [main] DEBUG org.apache.hc.client5.http.impl.io.PoolingHttpClientConnectionManager - ex-0000000010 endpoint leased [route: {}->unix://localhost:2375][total available: 0; route allocated: 1 of 2147483647; total allocated: 1 of 2147483647]
21:16:28.785 [main] DEBUG org.apache.hc.client5.http.impl.io.PoolingHttpClientConnectionManager - ex-0000000010 acquired ep-0000000010
21:16:28.785 [main] DEBUG org.apache.hc.client5.http.impl.classic.InternalHttpClient - ex-0000000010 acquired endpoint ep-0000000010
21:16:28.785 [main] DEBUG org.apache.hc.client5.http.impl.classic.MainClientExec - ex-0000000010 executing POST /containers/9bb323ed2b6638e0889d0e354079e0e6d36b940b89f008d1751b7692243bb2cf/stop?t=5 HTTP/1.1
21:16:28.785 [main] DEBUG org.apache.hc.client5.http.protocol.RequestAddCookies - ex-0000000010 Cookie spec selected: strict
21:16:28.786 [main] DEBUG org.apache.hc.client5.http.impl.classic.InternalHttpClient - ep-0000000010 start execution ex-0000000010
21:16:28.786 [main] DEBUG org.apache.hc.client5.http.impl.io.PoolingHttpClientConnectionManager - ep-0000000010 executing exchange ex-0000000010 over http-outgoing-1
21:16:28.786 [main] DEBUG org.apache.hc.client5.http.headers - http-outgoing-1 >> POST /containers/9bb323ed2b6638e0889d0e354079e0e6d36b940b89f008d1751b7692243bb2cf/stop?t=5 HTTP/1.1
21:16:28.786 [main] DEBUG org.apache.hc.client5.http.headers - http-outgoing-1 >> accept: application/json
21:16:28.786 [main] DEBUG org.apache.hc.client5.http.headers - http-outgoing-1 >> content-type: application/json
21:16:28.786 [main] DEBUG org.apache.hc.client5.http.headers - http-outgoing-1 >> Accept-Encoding: gzip, x-gzip, deflate, br
21:16:28.786 [main] DEBUG org.apache.hc.client5.http.headers - http-outgoing-1 >> Host: localhost:2375
21:16:28.786 [main] DEBUG org.apache.hc.client5.http.headers - http-outgoing-1 >> Connection: keep-alive
21:16:28.786 [main] DEBUG org.apache.hc.client5.http.headers - http-outgoing-1 >> User-Agent: Apache-HttpClient/5.2.1 (Java/17.0.6)
21:16:28.786 [main] DEBUG org.apache.hc.client5.http.wire - http-outgoing-1 >> "POST /containers/9bb323ed2b6638e0889d0e354079e0e6d36b940b89f008d1751b7692243bb2cf/stop?t=5 HTTP/1.1[\r][\n]"
21:16:28.786 [main] DEBUG org.apache.hc.client5.http.wire - http-outgoing-1 >> "accept: application/json[\r][\n]"
21:16:28.786 [main] DEBUG org.apache.hc.client5.http.wire - http-outgoing-1 >> "content-type: application/json[\r][\n]"
21:16:28.786 [main] DEBUG org.apache.hc.client5.http.wire - http-outgoing-1 >> "Accept-Encoding: gzip, x-gzip, deflate, br[\r][\n]"
21:16:28.786 [main] DEBUG org.apache.hc.client5.http.wire - http-outgoing-1 >> "Host: localhost:2375[\r][\n]"
21:16:28.786 [main] DEBUG org.apache.hc.client5.http.wire - http-outgoing-1 >> "Connection: keep-alive[\r][\n]"
21:16:28.786 [main] DEBUG org.apache.hc.client5.http.wire - http-outgoing-1 >> "User-Agent: Apache-HttpClient/5.2.1 (Java/17.0.6)[\r][\n]"
21:16:28.786 [main] DEBUG org.apache.hc.client5.http.wire - http-outgoing-1 >> "[\r][\n]"
21:16:28.801 [AsyncHttpClient-1-2] DEBUG org.asynchttpclient.netty.handler.HttpHandler - Channel Closed: [id: 0x1b760b3c, L:/127.0.0.1:46022 ! R:localhost/127.0.0.1:49153] with attribute DISCARD
21:16:28.986 [main] DEBUG org.apache.hc.client5.http.wire - http-outgoing-1 << "HTTP/1.1 204 No Content[\r][\n]"
21:16:28.986 [main] DEBUG org.apache.hc.client5.http.wire - http-outgoing-1 << "Api-Version: 1.41[\r][\n]"
21:16:28.986 [main] DEBUG org.apache.hc.client5.http.wire - http-outgoing-1 << "Docker-Experimental: false[\r][\n]"
21:16:28.986 [main] DEBUG org.apache.hc.client5.http.wire - http-outgoing-1 << "Ostype: linux[\r][\n]"
21:16:28.986 [main] DEBUG org.apache.hc.client5.http.wire - http-outgoing-1 << "Server: Docker/20.10.21 (linux)[\r][\n]"
21:16:28.986 [main] DEBUG org.apache.hc.client5.http.wire - http-outgoing-1 << "Date: Thu, 16 Mar 2023 21:16:28 GMT[\r][\n]"
21:16:28.986 [main] DEBUG org.apache.hc.client5.http.wire - http-outgoing-1 << "[\r][\n]"
21:16:28.986 [main] DEBUG org.apache.hc.client5.http.headers - http-outgoing-1 << HTTP/1.1 204 No Content
21:16:28.986 [main] DEBUG org.apache.hc.client5.http.headers - http-outgoing-1 << Api-Version: 1.41
21:16:28.986 [main] DEBUG org.apache.hc.client5.http.headers - http-outgoing-1 << Docker-Experimental: false
21:16:28.986 [main] DEBUG org.apache.hc.client5.http.headers - http-outgoing-1 << Ostype: linux
21:16:28.986 [main] DEBUG org.apache.hc.client5.http.headers - http-outgoing-1 << Server: Docker/20.10.21 (linux)
21:16:28.986 [main] DEBUG org.apache.hc.client5.http.headers - http-outgoing-1 << Date: Thu, 16 Mar 2023 21:16:28 GMT
21:16:28.986 [main] DEBUG org.apache.hc.client5.http.impl.classic.MainClientExec - ex-0000000010 connection can be kept alive for 3 MINUTES
21:16:28.986 [main] DEBUG org.apache.hc.client5.http.impl.classic.InternalHttpClient - ep-0000000010 releasing valid endpoint
21:16:28.986 [main] DEBUG org.apache.hc.client5.http.impl.io.PoolingHttpClientConnectionManager - ep-0000000010 releasing endpoint
21:16:28.986 [main] DEBUG org.apache.hc.client5.http.impl.io.PoolingHttpClientConnectionManager - ep-0000000010 connection http-outgoing-1 can be kept alive for 3 MINUTES
21:16:28.986 [main] DEBUG org.apache.hc.client5.http.impl.io.PoolingHttpClientConnectionManager - ep-0000000010 connection released [route: {}->unix://localhost:2375][total available: 1; route allocated: 1 of 2147483647; total allocated: 1 of 2147483647]
21:16:28.987 [main] DEBUG com.github.dockerjava.core.command.AbstrDockerCmd - Cmd: 9bb323ed2b6638e0889d0e354079e0e6d36b940b89f008d1751b7692243bb2cf,<null>,<null>
21:16:28.987 [main] DEBUG org.apache.hc.client5.http.impl.classic.InternalHttpClient - ex-0000000011 preparing request execution
21:16:28.988 [main] DEBUG org.apache.hc.client5.http.impl.classic.ProtocolExec - ex-0000000011 target auth state: UNCHALLENGED
21:16:28.988 [main] DEBUG org.apache.hc.client5.http.impl.classic.ProtocolExec - ex-0000000011 proxy auth state: UNCHALLENGED
21:16:28.988 [main] DEBUG org.apache.hc.client5.http.impl.classic.ConnectExec - ex-0000000011 acquiring connection with route {}->unix://localhost:2375
21:16:28.988 [main] DEBUG org.apache.hc.client5.http.impl.classic.InternalHttpClient - ex-0000000011 acquiring endpoint (3 MINUTES)
21:16:28.988 [main] DEBUG org.apache.hc.client5.http.impl.io.PoolingHttpClientConnectionManager - ex-0000000011 endpoint lease request (3 MINUTES) [route: {}->unix://localhost:2375][total available: 1; route allocated: 1 of 2147483647; total allocated: 1 of 2147483647]
21:16:28.988 [main] DEBUG org.apache.hc.client5.http.impl.io.PoolingHttpClientConnectionManager - ex-0000000011 endpoint leased [route: {}->unix://localhost:2375][total available: 0; route allocated: 1 of 2147483647; total allocated: 1 of 2147483647]
21:16:28.988 [main] DEBUG org.apache.hc.client5.http.impl.io.PoolingHttpClientConnectionManager - ex-0000000011 acquired ep-0000000011
21:16:28.988 [main] DEBUG org.apache.hc.client5.http.impl.classic.InternalHttpClient - ex-0000000011 acquired endpoint ep-0000000011
21:16:28.988 [main] DEBUG org.apache.hc.client5.http.impl.classic.MainClientExec - ex-0000000011 executing DELETE /containers/9bb323ed2b6638e0889d0e354079e0e6d36b940b89f008d1751b7692243bb2cf HTTP/1.1
21:16:28.988 [main] DEBUG org.apache.hc.client5.http.protocol.RequestAddCookies - ex-0000000011 Cookie spec selected: strict
21:16:28.988 [main] DEBUG org.apache.hc.client5.http.impl.classic.InternalHttpClient - ep-0000000011 start execution ex-0000000011
21:16:28.988 [main] DEBUG org.apache.hc.client5.http.impl.io.PoolingHttpClientConnectionManager - ep-0000000011 executing exchange ex-0000000011 over http-outgoing-1
21:16:28.988 [main] DEBUG org.apache.hc.client5.http.headers - http-outgoing-1 >> DELETE /containers/9bb323ed2b6638e0889d0e354079e0e6d36b940b89f008d1751b7692243bb2cf HTTP/1.1
21:16:28.988 [main] DEBUG org.apache.hc.client5.http.headers - http-outgoing-1 >> accept: application/json
21:16:28.988 [main] DEBUG org.apache.hc.client5.http.headers - http-outgoing-1 >> Accept-Encoding: gzip, x-gzip, deflate, br
21:16:28.988 [main] DEBUG org.apache.hc.client5.http.headers - http-outgoing-1 >> Host: localhost:2375
21:16:28.988 [main] DEBUG org.apache.hc.client5.http.headers - http-outgoing-1 >> Connection: keep-alive
21:16:28.988 [main] DEBUG org.apache.hc.client5.http.headers - http-outgoing-1 >> User-Agent: Apache-HttpClient/5.2.1 (Java/17.0.6)
21:16:28.988 [main] DEBUG org.apache.hc.client5.http.wire - http-outgoing-1 >> "DELETE /containers/9bb323ed2b6638e0889d0e354079e0e6d36b940b89f008d1751b7692243bb2cf HTTP/1.1[\r][\n]"
21:16:28.988 [main] DEBUG org.apache.hc.client5.http.wire - http-outgoing-1 >> "accept: application/json[\r][\n]"
21:16:28.988 [main] DEBUG org.apache.hc.client5.http.wire - http-outgoing-1 >> "Accept-Encoding: gzip, x-gzip, deflate, br[\r][\n]"
21:16:28.988 [main] DEBUG org.apache.hc.client5.http.wire - http-outgoing-1 >> "Host: localhost:2375[\r][\n]"
21:16:28.988 [main] DEBUG org.apache.hc.client5.http.wire - http-outgoing-1 >> "Connection: keep-alive[\r][\n]"
21:16:28.988 [main] DEBUG org.apache.hc.client5.http.wire - http-outgoing-1 >> "User-Agent: Apache-HttpClient/5.2.1 (Java/17.0.6)[\r][\n]"
21:16:28.988 [main] DEBUG org.apache.hc.client5.http.wire - http-outgoing-1 >> "[\r][\n]"
21:16:28.994 [main] DEBUG org.apache.hc.client5.http.wire - http-outgoing-1 << "HTTP/1.1 204 No Content[\r][\n]"
21:16:28.994 [main] DEBUG org.apache.hc.client5.http.wire - http-outgoing-1 << "Api-Version: 1.41[\r][\n]"
21:16:28.994 [main] DEBUG org.apache.hc.client5.http.wire - http-outgoing-1 << "Docker-Experimental: false[\r][\n]"
21:16:28.994 [main] DEBUG org.apache.hc.client5.http.wire - http-outgoing-1 << "Ostype: linux[\r][\n]"
21:16:28.994 [main] DEBUG org.apache.hc.client5.http.wire - http-outgoing-1 << "Server: Docker/20.10.21 (linux)[\r][\n]"
21:16:28.994 [main] DEBUG org.apache.hc.client5.http.wire - http-outgoing-1 << "Date: Thu, 16 Mar 2023 21:16:28 GMT[\r][\n]"
21:16:28.994 [main] DEBUG org.apache.hc.client5.http.wire - http-outgoing-1 << "[\r][\n]"
21:16:28.994 [main] DEBUG org.apache.hc.client5.http.headers - http-outgoing-1 << HTTP/1.1 204 No Content
21:16:28.994 [main] DEBUG org.apache.hc.client5.http.headers - http-outgoing-1 << Api-Version: 1.41
21:16:28.994 [main] DEBUG org.apache.hc.client5.http.headers - http-outgoing-1 << Docker-Experimental: false
21:16:28.994 [main] DEBUG org.apache.hc.client5.http.headers - http-outgoing-1 << Ostype: linux
21:16:28.994 [main] DEBUG org.apache.hc.client5.http.headers - http-outgoing-1 << Server: Docker/20.10.21 (linux)
21:16:28.994 [main] DEBUG org.apache.hc.client5.http.headers - http-outgoing-1 << Date: Thu, 16 Mar 2023 21:16:28 GMT
21:16:28.995 [main] DEBUG org.apache.hc.client5.http.impl.classic.MainClientExec - ex-0000000011 connection can be kept alive for 3 MINUTES
21:16:28.995 [main] DEBUG org.apache.hc.client5.http.impl.classic.InternalHttpClient - ep-0000000011 releasing valid endpoint
21:16:28.995 [main] DEBUG org.apache.hc.client5.http.impl.io.PoolingHttpClientConnectionManager - ep-0000000011 releasing endpoint
21:16:28.995 [main] DEBUG org.apache.hc.client5.http.impl.io.PoolingHttpClientConnectionManager - ep-0000000011 connection http-outgoing-1 can be kept alive for 3 MINUTES
21:16:28.995 [main] DEBUG org.apache.hc.client5.http.impl.io.PoolingHttpClientConnectionManager - ep-0000000011 connection released [route: {}->unix://localhost:2375][total available: 1; route allocated: 1 of 2147483647; total allocated: 1 of 2147483647]
]]></system-out>
    <system-err><![CDATA[mar. 16, 2023 9:16:20 DA TARDE org.openqa.selenium.remote.tracing.opentelemetry.OpenTelemetryTracer createTracer
INFO: Using OpenTelemetry for tracing
]]></system-err>
  </testcase>
</testsuite>