<?xml version="1.0" encoding="UTF-8"?>
<testsuite xmlns:xsi="http://www.w3.org/2001/XMLSchema-instance" xsi:noNamespaceSchemaLocation="https://maven.apache.org/surefire/maven-surefire-plugin/xsd/surefire-test-report-3.0.xsd" version="3.0" name="TestTravel" time="9.978" tests="1" errors="0" skipped="0" failures="0">
  <properties>
    <property name="java.specification.version" value="17"/>
    <property name="sun.jnu.encoding" value="UTF-8"/>
    <property name="java.class.path" value="/home/bruna/Desktop/TQS/lab4/lab4_3/exerciseB/target/test-classes:/home/bruna/Desktop/TQS/lab4/lab4_3/exerciseB/target/classes:/home/bruna/.m2/repository/org/junit/jupiter/junit-jupiter/5.9.2/junit-jupiter-5.9.2.jar:/home/bruna/.m2/repository/org/junit/jupiter/junit-jupiter-api/5.9.2/junit-jupiter-api-5.9.2.jar:/home/bruna/.m2/repository/org/opentest4j/opentest4j/1.2.0/opentest4j-1.2.0.jar:/home/bruna/.m2/repository/org/junit/platform/junit-platform-commons/1.9.2/junit-platform-commons-1.9.2.jar:/home/bruna/.m2/repository/org/apiguardian/apiguardian-api/1.1.2/apiguardian-api-1.1.2.jar:/home/bruna/.m2/repository/org/junit/jupiter/junit-jupiter-params/5.9.2/junit-jupiter-params-5.9.2.jar:/home/bruna/.m2/repository/org/junit/jupiter/junit-jupiter-engine/5.9.2/junit-jupiter-engine-5.9.2.jar:/home/bruna/.m2/repository/org/junit/platform/junit-platform-engine/1.9.2/junit-platform-engine-1.9.2.jar:/home/bruna/.m2/repository/org/seleniumhq/selenium/selenium-java/4.8.0/selenium-java-4.8.0.jar:/home/bruna/.m2/repository/org/seleniumhq/selenium/selenium-api/4.8.0/selenium-api-4.8.0.jar:/home/bruna/.m2/repository/org/seleniumhq/selenium/selenium-chrome-driver/4.8.0/selenium-chrome-driver-4.8.0.jar:/home/bruna/.m2/repository/com/google/auto/service/auto-service-annotations/1.0.1/auto-service-annotations-1.0.1.jar:/home/bruna/.m2/repository/com/google/auto/service/auto-service/1.0.1/auto-service-1.0.1.jar:/home/bruna/.m2/repository/com/google/auto/auto-common/1.2/auto-common-1.2.jar:/home/bruna/.m2/repository/com/google/guava/guava/31.1-jre/guava-31.1-jre.jar:/home/bruna/.m2/repository/com/google/guava/failureaccess/1.0.1/failureaccess-1.0.1.jar:/home/bruna/.m2/repository/com/google/guava/listenablefuture/9999.0-empty-to-avoid-conflict-with-guava/listenablefuture-9999.0-empty-to-avoid-conflict-with-guava.jar:/home/bruna/.m2/repository/com/google/code/findbugs/jsr305/3.0.2/jsr305-3.0.2.jar:/home/bruna/.m2/repository/org/checkerframework/checker-qual/3.12.0/checker-qual-3.12.0.jar:/home/bruna/.m2/repository/com/google/errorprone/error_prone_annotations/2.11.0/error_prone_annotations-2.11.0.jar:/home/bruna/.m2/repository/com/google/j2objc/j2objc-annotations/1.3/j2objc-annotations-1.3.jar:/home/bruna/.m2/repository/org/seleniumhq/selenium/selenium-chromium-driver/4.8.0/selenium-chromium-driver-4.8.0.jar:/home/bruna/.m2/repository/org/seleniumhq/selenium/selenium-json/4.8.0/selenium-json-4.8.0.jar:/home/bruna/.m2/repository/org/seleniumhq/selenium/selenium-devtools-v107/4.8.0/selenium-devtools-v107-4.8.0.jar:/home/bruna/.m2/repository/org/seleniumhq/selenium/selenium-devtools-v108/4.8.0/selenium-devtools-v108-4.8.0.jar:/home/bruna/.m2/repository/org/seleniumhq/selenium/selenium-devtools-v109/4.8.0/selenium-devtools-v109-4.8.0.jar:/home/bruna/.m2/repository/org/seleniumhq/selenium/selenium-devtools-v85/4.8.0/selenium-devtools-v85-4.8.0.jar:/home/bruna/.m2/repository/org/seleniumhq/selenium/selenium-edge-driver/4.8.0/selenium-edge-driver-4.8.0.jar:/home/bruna/.m2/repository/org/seleniumhq/selenium/selenium-firefox-driver/4.8.0/selenium-firefox-driver-4.8.0.jar:/home/bruna/.m2/repository/org/seleniumhq/selenium/selenium-http/4.8.0/selenium-http-4.8.0.jar:/home/bruna/.m2/repository/dev/failsafe/failsafe/3.3.0/failsafe-3.3.0.jar:/home/bruna/.m2/repository/org/seleniumhq/selenium/selenium-ie-driver/4.8.0/selenium-ie-driver-4.8.0.jar:/home/bruna/.m2/repository/org/seleniumhq/selenium/selenium-remote-driver/4.8.0/selenium-remote-driver-4.8.0.jar:/home/bruna/.m2/repository/com/beust/jcommander/1.82/jcommander-1.82.jar:/home/bruna/.m2/repository/io/netty/netty-buffer/4.1.87.Final/netty-buffer-4.1.87.Final.jar:/home/bruna/.m2/repository/io/netty/netty-codec-http/4.1.87.Final/netty-codec-http-4.1.87.Final.jar:/home/bruna/.m2/repository/io/netty/netty-codec/4.1.87.Final/netty-codec-4.1.87.Final.jar:/home/bruna/.m2/repository/io/netty/netty-handler/4.1.87.Final/netty-handler-4.1.87.Final.jar:/home/bruna/.m2/repository/io/netty/netty-common/4.1.87.Final/netty-common-4.1.87.Final.jar:/home/bruna/.m2/repository/io/netty/netty-transport-classes-epoll/4.1.87.Final/netty-transport-classes-epoll-4.1.87.Final.jar:/home/bruna/.m2/repository/io/netty/netty-transport-classes-kqueue/4.1.87.Final/netty-transport-classes-kqueue-4.1.87.Final.jar:/home/bruna/.m2/repository/io/netty/netty-transport-native-epoll/4.1.87.Final/netty-transport-native-epoll-4.1.87.Final.jar:/home/bruna/.m2/repository/io/netty/netty-transport-native-kqueue/4.1.87.Final/netty-transport-native-kqueue-4.1.87.Final.jar:/home/bruna/.m2/repository/io/netty/netty-transport-native-unix-common/4.1.87.Final/netty-transport-native-unix-common-4.1.87.Final.jar:/home/bruna/.m2/repository/io/netty/netty-transport/4.1.87.Final/netty-transport-4.1.87.Final.jar:/home/bruna/.m2/repository/io/netty/netty-resolver/4.1.87.Final/netty-resolver-4.1.87.Final.jar:/home/bruna/.m2/repository/io/opentelemetry/opentelemetry-api/1.22.0/opentelemetry-api-1.22.0.jar:/home/bruna/.m2/repository/io/opentelemetry/opentelemetry-context/1.22.0/opentelemetry-context-1.22.0.jar:/home/bruna/.m2/repository/io/opentelemetry/opentelemetry-exporter-logging/1.22.0/opentelemetry-exporter-logging-1.22.0.jar:/home/bruna/.m2/repository/io/opentelemetry/opentelemetry-sdk-metrics/1.22.0/opentelemetry-sdk-metrics-1.22.0.jar:/home/bruna/.m2/repository/io/opentelemetry/opentelemetry-sdk-logs/1.22.0-alpha/opentelemetry-sdk-logs-1.22.0-alpha.jar:/home/bruna/.m2/repository/io/opentelemetry/opentelemetry-api-logs/1.22.0-alpha/opentelemetry-api-logs-1.22.0-alpha.jar:/home/bruna/.m2/repository/io/opentelemetry/opentelemetry-sdk-common/1.22.0/opentelemetry-sdk-common-1.22.0.jar:/home/bruna/.m2/repository/io/opentelemetry/opentelemetry-sdk-extension-autoconfigure-spi/1.22.0/opentelemetry-sdk-extension-autoconfigure-spi-1.22.0.jar:/home/bruna/.m2/repository/io/opentelemetry/opentelemetry-sdk-extension-autoconfigure/1.22.0-alpha/opentelemetry-sdk-extension-autoconfigure-1.22.0-alpha.jar:/home/bruna/.m2/repository/io/opentelemetry/opentelemetry-sdk-trace/1.22.0/opentelemetry-sdk-trace-1.22.0.jar:/home/bruna/.m2/repository/io/opentelemetry/opentelemetry-sdk/1.22.0/opentelemetry-sdk-1.22.0.jar:/home/bruna/.m2/repository/io/opentelemetry/opentelemetry-semconv/1.22.0-alpha/opentelemetry-semconv-1.22.0-alpha.jar:/home/bruna/.m2/repository/io/ous/jtoml/2.0.0/jtoml-2.0.0.jar:/home/bruna/.m2/repository/org/apache/commons/commons-exec/1.3/commons-exec-1.3.jar:/home/bruna/.m2/repository/org/asynchttpclient/async-http-client/2.12.3/async-http-client-2.12.3.jar:/home/bruna/.m2/repository/org/asynchttpclient/async-http-client-netty-utils/2.12.3/async-http-client-netty-utils-2.12.3.jar:/home/bruna/.m2/repository/io/netty/netty-codec-socks/4.1.60.Final/netty-codec-socks-4.1.60.Final.jar:/home/bruna/.m2/repository/io/netty/netty-handler-proxy/4.1.60.Final/netty-handler-proxy-4.1.60.Final.jar:/home/bruna/.m2/repository/io/netty/netty-transport-native-epoll/4.1.60.Final/netty-transport-native-epoll-4.1.60.Final-linux-x86_64.jar:/home/bruna/.m2/repository/io/netty/netty-transport-native-kqueue/4.1.60.Final/netty-transport-native-kqueue-4.1.60.Final-osx-x86_64.jar:/home/bruna/.m2/repository/org/reactivestreams/reactive-streams/1.0.3/reactive-streams-1.0.3.jar:/home/bruna/.m2/repository/com/typesafe/netty/netty-reactive-streams/2.0.4/netty-reactive-streams-2.0.4.jar:/home/bruna/.m2/repository/com/sun/activation/jakarta.activation/1.2.2/jakarta.activation-1.2.2.jar:/home/bruna/.m2/repository/org/seleniumhq/selenium/selenium-manager/4.8.0/selenium-manager-4.8.0.jar:/home/bruna/.m2/repository/org/seleniumhq/selenium/selenium-safari-driver/4.8.0/selenium-safari-driver-4.8.0.jar:/home/bruna/.m2/repository/org/seleniumhq/selenium/selenium-support/4.8.0/selenium-support-4.8.0.jar:/home/bruna/.m2/repository/org/slf4j/slf4j-api/2.0.6/slf4j-api-2.0.6.jar:/home/bruna/.m2/repository/ch/qos/logback/logback-classic/1.4.1/logback-classic-1.4.1.jar:/home/bruna/.m2/repository/ch/qos/logback/logback-core/1.4.1/logback-core-1.4.1.jar:/home/bruna/.m2/repository/io/github/bonigarcia/selenium-jupiter/4.3.3/selenium-jupiter-4.3.3.jar:/home/bruna/.m2/repository/io/github/bonigarcia/webdrivermanager/5.3.2/webdrivermanager-5.3.2.jar:/home/bruna/.m2/repository/com/google/code/gson/gson/2.10.1/gson-2.10.1.jar:/home/bruna/.m2/repository/com/github/docker-java/docker-java/3.2.14/docker-java-3.2.14.jar:/home/bruna/.m2/repository/com/github/docker-java/docker-java-core/3.2.14/docker-java-core-3.2.14.jar:/home/bruna/.m2/repository/com/github/docker-java/docker-java-api/3.2.14/docker-java-api-3.2.14.jar:/home/bruna/.m2/repository/com/fasterxml/jackson/core/jackson-annotations/2.10.3/jackson-annotations-2.10.3.jar:/home/bruna/.m2/repository/commons-io/commons-io/2.6/commons-io-2.6.jar:/home/bruna/.m2/repository/org/apache/commons/commons-compress/1.21/commons-compress-1.21.jar:/home/bruna/.m2/repository/com/fasterxml/jackson/core/jackson-databind/2.10.3/jackson-databind-2.10.3.jar:/home/bruna/.m2/repository/com/fasterxml/jackson/core/jackson-core/2.10.3/jackson-core-2.10.3.jar:/home/bruna/.m2/repository/org/bouncycastle/bcpkix-jdk15on/1.64/bcpkix-jdk15on-1.64.jar:/home/bruna/.m2/repository/org/bouncycastle/bcprov-jdk15on/1.64/bcprov-jdk15on-1.64.jar:/home/bruna/.m2/repository/org/slf4j/jcl-over-slf4j/1.7.30/jcl-over-slf4j-1.7.30.jar:/home/bruna/.m2/repository/com/github/docker-java/docker-java-transport-httpclient5/3.2.14/docker-java-transport-httpclient5-3.2.14.jar:/home/bruna/.m2/repository/com/github/docker-java/docker-java-transport/3.2.14/docker-java-transport-3.2.14.jar:/home/bruna/.m2/repository/net/java/dev/jna/jna/5.12.1/jna-5.12.1.jar:/home/bruna/.m2/repository/org/brotli/dec/0.1.2/dec-0.1.2.jar:/home/bruna/.m2/repository/org/apache/commons/commons-lang3/3.12.0/commons-lang3-3.12.0.jar:/home/bruna/.m2/repository/org/apache/httpcomponents/client5/httpclient5/5.2.1/httpclient5-5.2.1.jar:/home/bruna/.m2/repository/org/apache/httpcomponents/core5/httpcore5/5.2/httpcore5-5.2.jar:/home/bruna/.m2/repository/org/apache/httpcomponents/core5/httpcore5-h2/5.2/httpcore5-h2-5.2.jar:/home/bruna/.m2/repository/org/assertj/assertj-core/3.24.2/assertj-core-3.24.2.jar:/home/bruna/.m2/repository/net/bytebuddy/byte-buddy/1.12.21/byte-buddy-1.12.21.jar:"/>
    <property name="java.vm.vendor" value="Private Build"/>
    <property name="sun.arch.data.model" value="64"/>
    <property name="java.vendor.url" value="Unknown"/>
    <property name="user.timezone" value="Europe/Lisbon"/>
    <property name="user.country.format" value="PT"/>
    <property name="os.name" value="Linux"/>
    <property name="java.vm.specification.version" value="17"/>
    <property name="sun.java.launcher" value="SUN_STANDARD"/>
    <property name="user.country" value="US"/>
    <property name="sun.boot.library.path" value="/usr/lib/jvm/java-17-openjdk-amd64/lib"/>
    <property name="sun.java.command" value="/home/bruna/Desktop/TQS/lab4/lab4_3/exerciseB/target/surefire/surefirebooter-20230316203954836_3.jar /home/bruna/Desktop/TQS/lab4/lab4_3/exerciseB/target/surefire 2023-03-16T20-39-54_602-jvmRun1 surefire-20230316203954836_1tmp surefire_0-20230316203954836_2tmp"/>
    <property name="jdk.debug" value="release"/>
    <property name="surefire.test.class.path" value="/home/bruna/Desktop/TQS/lab4/lab4_3/exerciseB/target/test-classes:/home/bruna/Desktop/TQS/lab4/lab4_3/exerciseB/target/classes:/home/bruna/.m2/repository/org/junit/jupiter/junit-jupiter/5.9.2/junit-jupiter-5.9.2.jar:/home/bruna/.m2/repository/org/junit/jupiter/junit-jupiter-api/5.9.2/junit-jupiter-api-5.9.2.jar:/home/bruna/.m2/repository/org/opentest4j/opentest4j/1.2.0/opentest4j-1.2.0.jar:/home/bruna/.m2/repository/org/junit/platform/junit-platform-commons/1.9.2/junit-platform-commons-1.9.2.jar:/home/bruna/.m2/repository/org/apiguardian/apiguardian-api/1.1.2/apiguardian-api-1.1.2.jar:/home/bruna/.m2/repository/org/junit/jupiter/junit-jupiter-params/5.9.2/junit-jupiter-params-5.9.2.jar:/home/bruna/.m2/repository/org/junit/jupiter/junit-jupiter-engine/5.9.2/junit-jupiter-engine-5.9.2.jar:/home/bruna/.m2/repository/org/junit/platform/junit-platform-engine/1.9.2/junit-platform-engine-1.9.2.jar:/home/bruna/.m2/repository/org/seleniumhq/selenium/selenium-java/4.8.0/selenium-java-4.8.0.jar:/home/bruna/.m2/repository/org/seleniumhq/selenium/selenium-api/4.8.0/selenium-api-4.8.0.jar:/home/bruna/.m2/repository/org/seleniumhq/selenium/selenium-chrome-driver/4.8.0/selenium-chrome-driver-4.8.0.jar:/home/bruna/.m2/repository/com/google/auto/service/auto-service-annotations/1.0.1/auto-service-annotations-1.0.1.jar:/home/bruna/.m2/repository/com/google/auto/service/auto-service/1.0.1/auto-service-1.0.1.jar:/home/bruna/.m2/repository/com/google/auto/auto-common/1.2/auto-common-1.2.jar:/home/bruna/.m2/repository/com/google/guava/guava/31.1-jre/guava-31.1-jre.jar:/home/bruna/.m2/repository/com/google/guava/failureaccess/1.0.1/failureaccess-1.0.1.jar:/home/bruna/.m2/repository/com/google/guava/listenablefuture/9999.0-empty-to-avoid-conflict-with-guava/listenablefuture-9999.0-empty-to-avoid-conflict-with-guava.jar:/home/bruna/.m2/repository/com/google/code/findbugs/jsr305/3.0.2/jsr305-3.0.2.jar:/home/bruna/.m2/repository/org/checkerframework/checker-qual/3.12.0/checker-qual-3.12.0.jar:/home/bruna/.m2/repository/com/google/errorprone/error_prone_annotations/2.11.0/error_prone_annotations-2.11.0.jar:/home/bruna/.m2/repository/com/google/j2objc/j2objc-annotations/1.3/j2objc-annotations-1.3.jar:/home/bruna/.m2/repository/org/seleniumhq/selenium/selenium-chromium-driver/4.8.0/selenium-chromium-driver-4.8.0.jar:/home/bruna/.m2/repository/org/seleniumhq/selenium/selenium-json/4.8.0/selenium-json-4.8.0.jar:/home/bruna/.m2/repository/org/seleniumhq/selenium/selenium-devtools-v107/4.8.0/selenium-devtools-v107-4.8.0.jar:/home/bruna/.m2/repository/org/seleniumhq/selenium/selenium-devtools-v108/4.8.0/selenium-devtools-v108-4.8.0.jar:/home/bruna/.m2/repository/org/seleniumhq/selenium/selenium-devtools-v109/4.8.0/selenium-devtools-v109-4.8.0.jar:/home/bruna/.m2/repository/org/seleniumhq/selenium/selenium-devtools-v85/4.8.0/selenium-devtools-v85-4.8.0.jar:/home/bruna/.m2/repository/org/seleniumhq/selenium/selenium-edge-driver/4.8.0/selenium-edge-driver-4.8.0.jar:/home/bruna/.m2/repository/org/seleniumhq/selenium/selenium-firefox-driver/4.8.0/selenium-firefox-driver-4.8.0.jar:/home/bruna/.m2/repository/org/seleniumhq/selenium/selenium-http/4.8.0/selenium-http-4.8.0.jar:/home/bruna/.m2/repository/dev/failsafe/failsafe/3.3.0/failsafe-3.3.0.jar:/home/bruna/.m2/repository/org/seleniumhq/selenium/selenium-ie-driver/4.8.0/selenium-ie-driver-4.8.0.jar:/home/bruna/.m2/repository/org/seleniumhq/selenium/selenium-remote-driver/4.8.0/selenium-remote-driver-4.8.0.jar:/home/bruna/.m2/repository/com/beust/jcommander/1.82/jcommander-1.82.jar:/home/bruna/.m2/repository/io/netty/netty-buffer/4.1.87.Final/netty-buffer-4.1.87.Final.jar:/home/bruna/.m2/repository/io/netty/netty-codec-http/4.1.87.Final/netty-codec-http-4.1.87.Final.jar:/home/bruna/.m2/repository/io/netty/netty-codec/4.1.87.Final/netty-codec-4.1.87.Final.jar:/home/bruna/.m2/repository/io/netty/netty-handler/4.1.87.Final/netty-handler-4.1.87.Final.jar:/home/bruna/.m2/repository/io/netty/netty-common/4.1.87.Final/netty-common-4.1.87.Final.jar:/home/bruna/.m2/repository/io/netty/netty-transport-classes-epoll/4.1.87.Final/netty-transport-classes-epoll-4.1.87.Final.jar:/home/bruna/.m2/repository/io/netty/netty-transport-classes-kqueue/4.1.87.Final/netty-transport-classes-kqueue-4.1.87.Final.jar:/home/bruna/.m2/repository/io/netty/netty-transport-native-epoll/4.1.87.Final/netty-transport-native-epoll-4.1.87.Final.jar:/home/bruna/.m2/repository/io/netty/netty-transport-native-kqueue/4.1.87.Final/netty-transport-native-kqueue-4.1.87.Final.jar:/home/bruna/.m2/repository/io/netty/netty-transport-native-unix-common/4.1.87.Final/netty-transport-native-unix-common-4.1.87.Final.jar:/home/bruna/.m2/repository/io/netty/netty-transport/4.1.87.Final/netty-transport-4.1.87.Final.jar:/home/bruna/.m2/repository/io/netty/netty-resolver/4.1.87.Final/netty-resolver-4.1.87.Final.jar:/home/bruna/.m2/repository/io/opentelemetry/opentelemetry-api/1.22.0/opentelemetry-api-1.22.0.jar:/home/bruna/.m2/repository/io/opentelemetry/opentelemetry-context/1.22.0/opentelemetry-context-1.22.0.jar:/home/bruna/.m2/repository/io/opentelemetry/opentelemetry-exporter-logging/1.22.0/opentelemetry-exporter-logging-1.22.0.jar:/home/bruna/.m2/repository/io/opentelemetry/opentelemetry-sdk-metrics/1.22.0/opentelemetry-sdk-metrics-1.22.0.jar:/home/bruna/.m2/repository/io/opentelemetry/opentelemetry-sdk-logs/1.22.0-alpha/opentelemetry-sdk-logs-1.22.0-alpha.jar:/home/bruna/.m2/repository/io/opentelemetry/opentelemetry-api-logs/1.22.0-alpha/opentelemetry-api-logs-1.22.0-alpha.jar:/home/bruna/.m2/repository/io/opentelemetry/opentelemetry-sdk-common/1.22.0/opentelemetry-sdk-common-1.22.0.jar:/home/bruna/.m2/repository/io/opentelemetry/opentelemetry-sdk-extension-autoconfigure-spi/1.22.0/opentelemetry-sdk-extension-autoconfigure-spi-1.22.0.jar:/home/bruna/.m2/repository/io/opentelemetry/opentelemetry-sdk-extension-autoconfigure/1.22.0-alpha/opentelemetry-sdk-extension-autoconfigure-1.22.0-alpha.jar:/home/bruna/.m2/repository/io/opentelemetry/opentelemetry-sdk-trace/1.22.0/opentelemetry-sdk-trace-1.22.0.jar:/home/bruna/.m2/repository/io/opentelemetry/opentelemetry-sdk/1.22.0/opentelemetry-sdk-1.22.0.jar:/home/bruna/.m2/repository/io/opentelemetry/opentelemetry-semconv/1.22.0-alpha/opentelemetry-semconv-1.22.0-alpha.jar:/home/bruna/.m2/repository/io/ous/jtoml/2.0.0/jtoml-2.0.0.jar:/home/bruna/.m2/repository/org/apache/commons/commons-exec/1.3/commons-exec-1.3.jar:/home/bruna/.m2/repository/org/asynchttpclient/async-http-client/2.12.3/async-http-client-2.12.3.jar:/home/bruna/.m2/repository/org/asynchttpclient/async-http-client-netty-utils/2.12.3/async-http-client-netty-utils-2.12.3.jar:/home/bruna/.m2/repository/io/netty/netty-codec-socks/4.1.60.Final/netty-codec-socks-4.1.60.Final.jar:/home/bruna/.m2/repository/io/netty/netty-handler-proxy/4.1.60.Final/netty-handler-proxy-4.1.60.Final.jar:/home/bruna/.m2/repository/io/netty/netty-transport-native-epoll/4.1.60.Final/netty-transport-native-epoll-4.1.60.Final-linux-x86_64.jar:/home/bruna/.m2/repository/io/netty/netty-transport-native-kqueue/4.1.60.Final/netty-transport-native-kqueue-4.1.60.Final-osx-x86_64.jar:/home/bruna/.m2/repository/org/reactivestreams/reactive-streams/1.0.3/reactive-streams-1.0.3.jar:/home/bruna/.m2/repository/com/typesafe/netty/netty-reactive-streams/2.0.4/netty-reactive-streams-2.0.4.jar:/home/bruna/.m2/repository/com/sun/activation/jakarta.activation/1.2.2/jakarta.activation-1.2.2.jar:/home/bruna/.m2/repository/org/seleniumhq/selenium/selenium-manager/4.8.0/selenium-manager-4.8.0.jar:/home/bruna/.m2/repository/org/seleniumhq/selenium/selenium-safari-driver/4.8.0/selenium-safari-driver-4.8.0.jar:/home/bruna/.m2/repository/org/seleniumhq/selenium/selenium-support/4.8.0/selenium-support-4.8.0.jar:/home/bruna/.m2/repository/org/slf4j/slf4j-api/2.0.6/slf4j-api-2.0.6.jar:/home/bruna/.m2/repository/ch/qos/logback/logback-classic/1.4.1/logback-classic-1.4.1.jar:/home/bruna/.m2/repository/ch/qos/logback/logback-core/1.4.1/logback-core-1.4.1.jar:/home/bruna/.m2/repository/io/github/bonigarcia/selenium-jupiter/4.3.3/selenium-jupiter-4.3.3.jar:/home/bruna/.m2/repository/io/github/bonigarcia/webdrivermanager/5.3.2/webdrivermanager-5.3.2.jar:/home/bruna/.m2/repository/com/google/code/gson/gson/2.10.1/gson-2.10.1.jar:/home/bruna/.m2/repository/com/github/docker-java/docker-java/3.2.14/docker-java-3.2.14.jar:/home/bruna/.m2/repository/com/github/docker-java/docker-java-core/3.2.14/docker-java-core-3.2.14.jar:/home/bruna/.m2/repository/com/github/docker-java/docker-java-api/3.2.14/docker-java-api-3.2.14.jar:/home/bruna/.m2/repository/com/fasterxml/jackson/core/jackson-annotations/2.10.3/jackson-annotations-2.10.3.jar:/home/bruna/.m2/repository/commons-io/commons-io/2.6/commons-io-2.6.jar:/home/bruna/.m2/repository/org/apache/commons/commons-compress/1.21/commons-compress-1.21.jar:/home/bruna/.m2/repository/com/fasterxml/jackson/core/jackson-databind/2.10.3/jackson-databind-2.10.3.jar:/home/bruna/.m2/repository/com/fasterxml/jackson/core/jackson-core/2.10.3/jackson-core-2.10.3.jar:/home/bruna/.m2/repository/org/bouncycastle/bcpkix-jdk15on/1.64/bcpkix-jdk15on-1.64.jar:/home/bruna/.m2/repository/org/bouncycastle/bcprov-jdk15on/1.64/bcprov-jdk15on-1.64.jar:/home/bruna/.m2/repository/org/slf4j/jcl-over-slf4j/1.7.30/jcl-over-slf4j-1.7.30.jar:/home/bruna/.m2/repository/com/github/docker-java/docker-java-transport-httpclient5/3.2.14/docker-java-transport-httpclient5-3.2.14.jar:/home/bruna/.m2/repository/com/github/docker-java/docker-java-transport/3.2.14/docker-java-transport-3.2.14.jar:/home/bruna/.m2/repository/net/java/dev/jna/jna/5.12.1/jna-5.12.1.jar:/home/bruna/.m2/repository/org/brotli/dec/0.1.2/dec-0.1.2.jar:/home/bruna/.m2/repository/org/apache/commons/commons-lang3/3.12.0/commons-lang3-3.12.0.jar:/home/bruna/.m2/repository/org/apache/httpcomponents/client5/httpclient5/5.2.1/httpclient5-5.2.1.jar:/home/bruna/.m2/repository/org/apache/httpcomponents/core5/httpcore5/5.2/httpcore5-5.2.jar:/home/bruna/.m2/repository/org/apache/httpcomponents/core5/httpcore5-h2/5.2/httpcore5-h2-5.2.jar:/home/bruna/.m2/repository/org/assertj/assertj-core/3.24.2/assertj-core-3.24.2.jar:/home/bruna/.m2/repository/net/bytebuddy/byte-buddy/1.12.21/byte-buddy-1.12.21.jar:"/>
    <property name="sun.cpu.endian" value="little"/>
    <property name="user.home" value="/home/bruna"/>
    <property name="user.language" value="en"/>
    <property name="java.specification.vendor" value="Oracle Corporation"/>
    <property name="java.version.date" value="2023-01-17"/>
    <property name="java.home" value="/usr/lib/jvm/java-17-openjdk-amd64"/>
    <property name="file.separator" value="/"/>
    <property name="basedir" value="/home/bruna/Desktop/TQS/lab4/lab4_3/exerciseB"/>
    <property name="java.vm.compressedOopsMode" value="Zero based"/>
    <property name="line.separator" value="&#10;"/>
    <property name="java.vm.specification.vendor" value="Oracle Corporation"/>
    <property name="java.specification.name" value="Java Platform API Specification"/>
    <property name="surefire.real.class.path" value="/home/bruna/Desktop/TQS/lab4/lab4_3/exerciseB/target/surefire/surefirebooter-20230316203954836_3.jar"/>
    <property name="sun.management.compiler" value="HotSpot 64-Bit Tiered Compilers"/>
    <property name="java.runtime.version" value="17.0.6+10-Ubuntu-0ubuntu120.04.1"/>
    <property name="user.name" value="bruna"/>
    <property name="path.separator" value=":"/>
    <property name="os.version" value="5.15.0-67-generic"/>
    <property name="java.runtime.name" value="OpenJDK Runtime Environment"/>
    <property name="file.encoding" value="UTF-8"/>
    <property name="java.vm.name" value="OpenJDK 64-Bit Server VM"/>
    <property name="localRepository" value="/home/bruna/.m2/repository"/>
    <property name="java.vendor.url.bug" value="Unknown"/>
    <property name="java.io.tmpdir" value="/tmp"/>
    <property name="java.version" value="17.0.6"/>
    <property name="user.dir" value="/home/bruna/Desktop/TQS/lab4/lab4_3/exerciseB"/>
    <property name="os.arch" value="amd64"/>
    <property name="webdriver.gecko.driver" value="/home/bruna/.cache/selenium/geckodriver/linux64/0.32.2/geckodriver"/>
    <property name="java.vm.specification.name" value="Java Virtual Machine Specification"/>
    <property name="user.language.format" value="pt"/>
    <property name="native.encoding" value="UTF-8"/>
    <property name="java.library.path" value="/usr/java/packages/lib:/usr/lib/x86_64-linux-gnu/jni:/lib/x86_64-linux-gnu:/usr/lib/x86_64-linux-gnu:/usr/lib/jni:/lib:/usr/lib"/>
    <property name="java.vm.info" value="mixed mode, sharing"/>
    <property name="java.vendor" value="Private Build"/>
    <property name="java.vm.version" value="17.0.6+10-Ubuntu-0ubuntu120.04.1"/>
    <property name="sun.io.unicode.encoding" value="UnicodeLittle"/>
    <property name="java.class.version" value="61.0"/>
  </properties>
  <testcase name="Teste(FirefoxDriver)" classname="TestTravel" time="9.96">
    <system-out><![CDATA[20:39:55.626 [main] DEBUG io.github.bonigarcia.wdm.cache.ResolutionCache - Resolution firefox=111 in cache (valid until 21:02:20 16/03/2023 WET)
20:39:55.630 [main] DEBUG io.github.bonigarcia.wdm.cache.ResolutionCache - Resolution firefox111=0.32.2 in cache (valid until 13:05:08 17/03/2023 WET)
20:39:55.630 [main] INFO io.github.bonigarcia.wdm.WebDriverManager - Using geckodriver 0.32.2 (resolved driver for Firefox 111)
20:39:55.639 [main] DEBUG io.github.bonigarcia.wdm.WebDriverManager - Driver geckodriver 0.32.2 found in cache
20:39:55.640 [main] INFO io.github.bonigarcia.wdm.WebDriverManager - Exporting webdriver.gecko.driver as /home/bruna/.cache/selenium/geckodriver/linux64/0.32.2/geckodriver
20:39:55.712 [main] DEBUG io.netty.util.internal.logging.InternalLoggerFactory - Using SLF4J as the default logging framework
20:39:55.713 [main] DEBUG io.netty.util.ResourceLeakDetector - -Dio.netty.leakDetection.level: simple
20:39:55.713 [main] DEBUG io.netty.util.ResourceLeakDetector - -Dio.netty.leakDetection.targetRecords: 4
20:39:55.716 [main] DEBUG io.netty.util.ResourceLeakDetectorFactory - Loaded default ResourceLeakDetector: io.netty.util.ResourceLeakDetector@5827af16
20:39:55.727 [main] DEBUG io.netty.util.internal.PlatformDependent0 - -Dio.netty.noUnsafe: false
20:39:55.727 [main] DEBUG io.netty.util.internal.PlatformDependent0 - Java version: 17
20:39:55.727 [main] DEBUG io.netty.util.internal.PlatformDependent0 - sun.misc.Unsafe.theUnsafe: available
20:39:55.728 [main] DEBUG io.netty.util.internal.PlatformDependent0 - sun.misc.Unsafe.copyMemory: available
20:39:55.728 [main] DEBUG io.netty.util.internal.PlatformDependent0 - sun.misc.Unsafe.storeFence: available
20:39:55.728 [main] DEBUG io.netty.util.internal.PlatformDependent0 - java.nio.Buffer.address: available
20:39:55.729 [main] DEBUG io.netty.util.internal.PlatformDependent0 - direct buffer constructor: unavailable: Reflective setAccessible(true) disabled
20:39:55.729 [main] DEBUG io.netty.util.internal.PlatformDependent0 - java.nio.Bits.unaligned: available, true
20:39:55.730 [main] DEBUG io.netty.util.internal.PlatformDependent0 - jdk.internal.misc.Unsafe.allocateUninitializedArray(int): unavailable: class io.netty.util.internal.PlatformDependent0$7 cannot access class jdk.internal.misc.Unsafe (in module java.base) because module java.base does not export jdk.internal.misc to unnamed module @336eb6ed
20:39:55.730 [main] DEBUG io.netty.util.internal.PlatformDependent0 - java.nio.DirectByteBuffer.<init>(long, int): unavailable
20:39:55.730 [main] DEBUG io.netty.util.internal.PlatformDependent - sun.misc.Unsafe: available
20:39:55.731 [main] DEBUG io.netty.util.internal.PlatformDependent - maxDirectMemory: 4154458112 bytes (maybe)
20:39:55.731 [main] DEBUG io.netty.util.internal.PlatformDependent - -Dio.netty.tmpdir: /tmp (java.io.tmpdir)
20:39:55.731 [main] DEBUG io.netty.util.internal.PlatformDependent - -Dio.netty.bitMode: 64 (sun.arch.data.model)
20:39:55.732 [main] DEBUG io.netty.util.internal.PlatformDependent - -Dio.netty.maxDirectMemory: -1 bytes
20:39:55.732 [main] DEBUG io.netty.util.internal.PlatformDependent - -Dio.netty.uninitializedArrayAllocationThreshold: -1
20:39:55.732 [main] DEBUG io.netty.util.internal.CleanerJava9 - java.nio.ByteBuffer.cleaner(): available
20:39:55.733 [main] DEBUG io.netty.util.internal.PlatformDependent - -Dio.netty.noPreferDirect: false
20:39:55.737 [main] DEBUG io.netty.util.internal.PlatformDependent - org.jctools-core.MpscChunkedArrayQueue: available
20:39:55.748 [main] DEBUG io.netty.util.internal.InternalThreadLocalMap - -Dio.netty.threadLocalMap.stringBuilder.initialSize: 1024
20:39:55.748 [main] DEBUG io.netty.util.internal.InternalThreadLocalMap - -Dio.netty.threadLocalMap.stringBuilder.maxSize: 4096
20:39:55.779 [main] DEBUG io.netty.handler.ssl.JdkSslContext - Default protocols (JDK): [TLSv1.3, TLSv1.2] 
20:39:55.779 [main] DEBUG io.netty.handler.ssl.JdkSslContext - Default cipher suites (JDK): [TLS_ECDHE_ECDSA_WITH_AES_256_GCM_SHA384, TLS_ECDHE_ECDSA_WITH_AES_128_GCM_SHA256, TLS_ECDHE_RSA_WITH_AES_128_GCM_SHA256, TLS_ECDHE_RSA_WITH_AES_256_GCM_SHA384, TLS_ECDHE_RSA_WITH_AES_128_CBC_SHA, TLS_ECDHE_RSA_WITH_AES_256_CBC_SHA, TLS_RSA_WITH_AES_128_GCM_SHA256, TLS_RSA_WITH_AES_128_CBC_SHA, TLS_RSA_WITH_AES_256_CBC_SHA, TLS_AES_128_GCM_SHA256, TLS_AES_256_GCM_SHA384]
20:39:55.796 [main] DEBUG io.netty.channel.MultithreadEventLoopGroup - -Dio.netty.eventLoopThreads: 24
20:39:55.801 [main] DEBUG io.netty.channel.nio.NioEventLoop - -Dio.netty.noKeySetOptimization: false
20:39:55.801 [main] DEBUG io.netty.channel.nio.NioEventLoop - -Dio.netty.selectorAutoRebuildThreshold: 512
20:39:55.839 [main] DEBUG io.netty.buffer.PooledByteBufAllocator - -Dio.netty.allocator.numHeapArenas: 24
20:39:55.839 [main] DEBUG io.netty.buffer.PooledByteBufAllocator - -Dio.netty.allocator.numDirectArenas: 24
20:39:55.839 [main] DEBUG io.netty.buffer.PooledByteBufAllocator - -Dio.netty.allocator.pageSize: 8192
20:39:55.839 [main] DEBUG io.netty.buffer.PooledByteBufAllocator - -Dio.netty.allocator.maxOrder: 9
20:39:55.839 [main] DEBUG io.netty.buffer.PooledByteBufAllocator - -Dio.netty.allocator.chunkSize: 4194304
20:39:55.839 [main] DEBUG io.netty.buffer.PooledByteBufAllocator - -Dio.netty.allocator.smallCacheSize: 256
20:39:55.839 [main] DEBUG io.netty.buffer.PooledByteBufAllocator - -Dio.netty.allocator.normalCacheSize: 64
20:39:55.839 [main] DEBUG io.netty.buffer.PooledByteBufAllocator - -Dio.netty.allocator.maxCachedBufferCapacity: 32768
20:39:55.840 [main] DEBUG io.netty.buffer.PooledByteBufAllocator - -Dio.netty.allocator.cacheTrimInterval: 8192
20:39:55.840 [main] DEBUG io.netty.buffer.PooledByteBufAllocator - -Dio.netty.allocator.cacheTrimIntervalMillis: 0
20:39:55.840 [main] DEBUG io.netty.buffer.PooledByteBufAllocator - -Dio.netty.allocator.useCacheForAllThreads: false
20:39:55.840 [main] DEBUG io.netty.buffer.PooledByteBufAllocator - -Dio.netty.allocator.maxCachedByteBuffersPerChunk: 1023
20:39:55.847 [main] DEBUG io.netty.buffer.ByteBufUtil - -Dio.netty.allocator.type: pooled
20:39:55.847 [main] DEBUG io.netty.buffer.ByteBufUtil - -Dio.netty.threadLocalDirectBufferSize: 0
20:39:55.847 [main] DEBUG io.netty.buffer.ByteBufUtil - -Dio.netty.maxThreadLocalCharBufferSize: 16384
20:39:56.029 [Forwarding newSession on session null to remote] DEBUG io.netty.channel.DefaultChannelId - -Dio.netty.processId: 37512 (auto-detected)
20:39:56.030 [Forwarding newSession on session null to remote] DEBUG io.netty.util.NetUtil - -Djava.net.preferIPv4Stack: false
20:39:56.031 [Forwarding newSession on session null to remote] DEBUG io.netty.util.NetUtil - -Djava.net.preferIPv6Addresses: false
20:39:56.031 [Forwarding newSession on session null to remote] DEBUG io.netty.util.NetUtilInitializations - Loopback interface: lo (lo, 0:0:0:0:0:0:0:1%lo)
20:39:56.032 [Forwarding newSession on session null to remote] DEBUG io.netty.util.NetUtil - /proc/sys/net/core/somaxconn: 4096
20:39:56.032 [Forwarding newSession on session null to remote] DEBUG io.netty.channel.DefaultChannelId - -Dio.netty.machineId: 0c:7a:15:ff:fe:43:28:5d (auto-detected)
20:39:56.065 [AsyncHttpClient-1-2] DEBUG io.netty.buffer.AbstractByteBuf - -Dio.netty.buffer.checkAccessible: true
20:39:56.065 [AsyncHttpClient-1-2] DEBUG io.netty.buffer.AbstractByteBuf - -Dio.netty.buffer.checkBounds: true
20:39:56.065 [AsyncHttpClient-1-2] DEBUG io.netty.util.ResourceLeakDetectorFactory - Loaded default ResourceLeakDetector: io.netty.util.ResourceLeakDetector@1f1ecdaf
20:39:56.076 [AsyncHttpClient-1-2] DEBUG org.asynchttpclient.netty.channel.NettyConnectListener - Using new Channel '[id: 0xb6be4c35, L:/127.0.0.1:35190 - R:localhost/127.0.0.1:20146]' for 'POST' to '/session'
20:39:56.089 [AsyncHttpClient-1-2] DEBUG io.netty.util.Recycler - -Dio.netty.recycler.maxCapacityPerThread: 4096
20:39:56.089 [AsyncHttpClient-1-2] DEBUG io.netty.util.Recycler - -Dio.netty.recycler.ratio: 8
20:39:56.089 [AsyncHttpClient-1-2] DEBUG io.netty.util.Recycler - -Dio.netty.recycler.chunkSize: 32
20:39:56.089 [AsyncHttpClient-1-2] DEBUG io.netty.util.Recycler - -Dio.netty.recycler.blocking: false
20:39:58.232 [AsyncHttpClient-1-2] DEBUG io.netty.handler.codec.compression.Brotli - brotli4j not in the classpath; Brotli support will be unavailable.
20:39:58.232 [AsyncHttpClient-1-2] DEBUG org.asynchttpclient.netty.handler.HttpHandler - 

Request DefaultHttpRequest(decodeResult: success, version: HTTP/1.1)
POST /session HTTP/1.1
User-Agent: selenium/4.8.0 (java unix)
Content-Length: 381
Content-Type: application/json; charset=utf-8
host: localhost:20146
accept: */*

Response DefaultHttpResponse(decodeResult: success, version: HTTP/1.1)
HTTP/1.1 200 OK
content-type: application/json; charset=utf-8
cache-control: no-cache
content-length: 765
date: Thu, 16 Mar 2023 20:39:55 GMT

20:39:58.236 [AsyncHttpClient-1-2] DEBUG org.asynchttpclient.netty.channel.ChannelManager - Adding key: http://localhost:20146 for channel [id: 0xb6be4c35, L:/127.0.0.1:35190 - R:localhost/127.0.0.1:20146]
20:39:58.300 [AsyncHttpClient-1-3] DEBUG org.asynchttpclient.netty.channel.NettyConnectListener - Using new Channel '[id: 0x22dc6dac, L:/127.0.0.1:51986 - R:/127.0.0.1:15183]' for 'GET' to '/json/version'
20:39:58.310 [AsyncHttpClient-1-3] DEBUG org.asynchttpclient.netty.handler.HttpHandler - 

Request DefaultFullHttpRequest(decodeResult: success, version: HTTP/1.1, content: EmptyByteBufBE)
GET /json/version HTTP/1.1
User-Agent: selenium/4.8.0 (java unix)
host: 127.0.0.1:15183
accept: */*

Response DefaultHttpResponse(decodeResult: success, version: HTTP/1.1)
HTTP/1.1 200 OK
content-type: application/json
connection: close
server: httpd.js
date: Thu, 16 Mar 2023 20:39:58 GMT
content-length: 307

20:39:58.311 [AsyncHttpClient-1-3] DEBUG org.asynchttpclient.netty.channel.ChannelManager - Closing Channel [id: 0x22dc6dac, L:/127.0.0.1:51986 - R:/127.0.0.1:15183] 
20:39:58.312 [AsyncHttpClient-1-3] DEBUG org.asynchttpclient.netty.handler.HttpHandler - Channel Closed: [id: 0x22dc6dac, L:/127.0.0.1:51986 ! R:/127.0.0.1:15183] with attribute DISCARD
20:39:58.328 [Forwarding get on session dcf5619b-0654-4ec9-835c-a384d98aaff0 to remote] DEBUG org.asynchttpclient.netty.request.NettyRequestSender - Using pooled Channel '[id: 0xb6be4c35, L:/127.0.0.1:35190 - R:localhost/127.0.0.1:20146]' for 'POST' to 'http://localhost:20146/session/dcf5619b-0654-4ec9-835c-a384d98aaff0/url'
20:39:58.329 [Forwarding get on session dcf5619b-0654-4ec9-835c-a384d98aaff0 to remote] DEBUG org.asynchttpclient.netty.request.NettyRequestSender - Using open Channel [id: 0xb6be4c35, L:/127.0.0.1:35190 - R:localhost/127.0.0.1:20146] for POST '/session/dcf5619b-0654-4ec9-835c-a384d98aaff0/url'
20:39:59.479 [AsyncHttpClient-1-2] DEBUG org.asynchttpclient.netty.handler.HttpHandler - 

Request DefaultHttpRequest(decodeResult: success, version: HTTP/1.1)
POST /session/dcf5619b-0654-4ec9-835c-a384d98aaff0/url HTTP/1.1
User-Agent: selenium/4.8.0 (java unix)
Content-Length: 52
Content-Type: application/json; charset=utf-8
host: localhost:20146
accept: */*

Response DefaultHttpResponse(decodeResult: success, version: HTTP/1.1)
HTTP/1.1 200 OK
content-type: application/json; charset=utf-8
cache-control: no-cache
content-length: 14
date: Thu, 16 Mar 2023 20:39:58 GMT

20:39:59.479 [AsyncHttpClient-1-2] DEBUG org.asynchttpclient.netty.channel.ChannelManager - Adding key: http://localhost:20146 for channel [id: 0xb6be4c35, L:/127.0.0.1:35190 - R:localhost/127.0.0.1:20146]
20:39:59.499 [Forwarding findElement on session dcf5619b-0654-4ec9-835c-a384d98aaff0 to remote] DEBUG org.asynchttpclient.netty.request.NettyRequestSender - Using pooled Channel '[id: 0xb6be4c35, L:/127.0.0.1:35190 - R:localhost/127.0.0.1:20146]' for 'POST' to 'http://localhost:20146/session/dcf5619b-0654-4ec9-835c-a384d98aaff0/element'
20:39:59.499 [Forwarding findElement on session dcf5619b-0654-4ec9-835c-a384d98aaff0 to remote] DEBUG org.asynchttpclient.netty.request.NettyRequestSender - Using open Channel [id: 0xb6be4c35, L:/127.0.0.1:35190 - R:localhost/127.0.0.1:20146] for POST '/session/dcf5619b-0654-4ec9-835c-a384d98aaff0/element'
20:39:59.513 [AsyncHttpClient-1-2] DEBUG org.asynchttpclient.netty.handler.HttpHandler - 

Request DefaultHttpRequest(decodeResult: success, version: HTTP/1.1)
POST /session/dcf5619b-0654-4ec9-835c-a384d98aaff0/element HTTP/1.1
User-Agent: selenium/4.8.0 (java unix)
Content-Length: 62
Content-Type: application/json; charset=utf-8
host: localhost:20146
accept: */*

Response DefaultHttpResponse(decodeResult: success, version: HTTP/1.1)
HTTP/1.1 200 OK
content-type: application/json; charset=utf-8
cache-control: no-cache
content-length: 88
date: Thu, 16 Mar 2023 20:39:59 GMT

20:39:59.513 [AsyncHttpClient-1-2] DEBUG org.asynchttpclient.netty.channel.ChannelManager - Adding key: http://localhost:20146 for channel [id: 0xb6be4c35, L:/127.0.0.1:35190 - R:localhost/127.0.0.1:20146]
20:39:59.516 [Forwarding clickElement on session dcf5619b-0654-4ec9-835c-a384d98aaff0 to remote] DEBUG org.asynchttpclient.netty.request.NettyRequestSender - Using pooled Channel '[id: 0xb6be4c35, L:/127.0.0.1:35190 - R:localhost/127.0.0.1:20146]' for 'POST' to 'http://localhost:20146/session/dcf5619b-0654-4ec9-835c-a384d98aaff0/element/3794dcfb-30f0-40b7-88f7-58d8c20d4b61/click'
20:39:59.516 [Forwarding clickElement on session dcf5619b-0654-4ec9-835c-a384d98aaff0 to remote] DEBUG org.asynchttpclient.netty.request.NettyRequestSender - Using open Channel [id: 0xb6be4c35, L:/127.0.0.1:35190 - R:localhost/127.0.0.1:20146] for POST '/session/dcf5619b-0654-4ec9-835c-a384d98aaff0/element/3794dcfb-30f0-40b7-88f7-58d8c20d4b61/click'
20:39:59.778 [AsyncHttpClient-1-2] DEBUG org.asynchttpclient.netty.handler.HttpHandler - 

Request DefaultHttpRequest(decodeResult: success, version: HTTP/1.1)
POST /session/dcf5619b-0654-4ec9-835c-a384d98aaff0/element/3794dcfb-30f0-40b7-88f7-58d8c20d4b61/click HTTP/1.1
User-Agent: selenium/4.8.0 (java unix)
Content-Length: 50
Content-Type: application/json; charset=utf-8
host: localhost:20146
accept: */*

Response DefaultHttpResponse(decodeResult: success, version: HTTP/1.1)
HTTP/1.1 200 OK
content-type: application/json; charset=utf-8
cache-control: no-cache
content-length: 14
date: Thu, 16 Mar 2023 20:39:59 GMT

20:39:59.778 [AsyncHttpClient-1-2] DEBUG org.asynchttpclient.netty.channel.ChannelManager - Adding key: http://localhost:20146 for channel [id: 0xb6be4c35, L:/127.0.0.1:35190 - R:localhost/127.0.0.1:20146]
20:39:59.781 [Forwarding findElement on session dcf5619b-0654-4ec9-835c-a384d98aaff0 to remote] DEBUG org.asynchttpclient.netty.request.NettyRequestSender - Using pooled Channel '[id: 0xb6be4c35, L:/127.0.0.1:35190 - R:localhost/127.0.0.1:20146]' for 'POST' to 'http://localhost:20146/session/dcf5619b-0654-4ec9-835c-a384d98aaff0/element'
20:39:59.781 [Forwarding findElement on session dcf5619b-0654-4ec9-835c-a384d98aaff0 to remote] DEBUG org.asynchttpclient.netty.request.NettyRequestSender - Using open Channel [id: 0xb6be4c35, L:/127.0.0.1:35190 - R:localhost/127.0.0.1:20146] for POST '/session/dcf5619b-0654-4ec9-835c-a384d98aaff0/element'
20:39:59.784 [AsyncHttpClient-1-2] DEBUG org.asynchttpclient.netty.handler.HttpHandler - 

Request DefaultHttpRequest(decodeResult: success, version: HTTP/1.1)
POST /session/dcf5619b-0654-4ec9-835c-a384d98aaff0/element HTTP/1.1
User-Agent: selenium/4.8.0 (java unix)
Content-Length: 62
Content-Type: application/json; charset=utf-8
host: localhost:20146
accept: */*

Response DefaultHttpResponse(decodeResult: success, version: HTTP/1.1)
HTTP/1.1 200 OK
content-type: application/json; charset=utf-8
cache-control: no-cache
content-length: 88
date: Thu, 16 Mar 2023 20:39:59 GMT

20:39:59.784 [AsyncHttpClient-1-2] DEBUG org.asynchttpclient.netty.channel.ChannelManager - Adding key: http://localhost:20146 for channel [id: 0xb6be4c35, L:/127.0.0.1:35190 - R:localhost/127.0.0.1:20146]
20:39:59.787 [Forwarding getElementTagName on session dcf5619b-0654-4ec9-835c-a384d98aaff0 to remote] DEBUG org.asynchttpclient.netty.request.NettyRequestSender - Using pooled Channel '[id: 0xb6be4c35, L:/127.0.0.1:35190 - R:localhost/127.0.0.1:20146]' for 'GET' to 'http://localhost:20146/session/dcf5619b-0654-4ec9-835c-a384d98aaff0/element/3794dcfb-30f0-40b7-88f7-58d8c20d4b61/name'
20:39:59.787 [Forwarding getElementTagName on session dcf5619b-0654-4ec9-835c-a384d98aaff0 to remote] DEBUG org.asynchttpclient.netty.request.NettyRequestSender - Using open Channel [id: 0xb6be4c35, L:/127.0.0.1:35190 - R:localhost/127.0.0.1:20146] for GET '/session/dcf5619b-0654-4ec9-835c-a384d98aaff0/element/3794dcfb-30f0-40b7-88f7-58d8c20d4b61/name'
20:39:59.790 [AsyncHttpClient-1-2] DEBUG org.asynchttpclient.netty.handler.HttpHandler - 

Request DefaultFullHttpRequest(decodeResult: success, version: HTTP/1.1, content: EmptyByteBufBE)
GET /session/dcf5619b-0654-4ec9-835c-a384d98aaff0/element/3794dcfb-30f0-40b7-88f7-58d8c20d4b61/name HTTP/1.1
User-Agent: selenium/4.8.0 (java unix)
Cache-Control: no-cache
Content-Type: application/json; charset=utf-8
host: localhost:20146
accept: */*

Response DefaultHttpResponse(decodeResult: success, version: HTTP/1.1)
HTTP/1.1 200 OK
content-type: application/json; charset=utf-8
cache-control: no-cache
content-length: 18
date: Thu, 16 Mar 2023 20:39:59 GMT

20:39:59.790 [AsyncHttpClient-1-2] DEBUG org.asynchttpclient.netty.channel.ChannelManager - Adding key: http://localhost:20146 for channel [id: 0xb6be4c35, L:/127.0.0.1:35190 - R:localhost/127.0.0.1:20146]
20:39:59.793 [Forwarding findElement on session dcf5619b-0654-4ec9-835c-a384d98aaff0 to remote] DEBUG org.asynchttpclient.netty.request.NettyRequestSender - Using pooled Channel '[id: 0xb6be4c35, L:/127.0.0.1:35190 - R:localhost/127.0.0.1:20146]' for 'POST' to 'http://localhost:20146/session/dcf5619b-0654-4ec9-835c-a384d98aaff0/element'
20:39:59.793 [Forwarding findElement on session dcf5619b-0654-4ec9-835c-a384d98aaff0 to remote] DEBUG org.asynchttpclient.netty.request.NettyRequestSender - Using open Channel [id: 0xb6be4c35, L:/127.0.0.1:35190 - R:localhost/127.0.0.1:20146] for POST '/session/dcf5619b-0654-4ec9-835c-a384d98aaff0/element'
20:39:59.796 [AsyncHttpClient-1-2] DEBUG org.asynchttpclient.netty.handler.HttpHandler - 

Request DefaultHttpRequest(decodeResult: success, version: HTTP/1.1)
POST /session/dcf5619b-0654-4ec9-835c-a384d98aaff0/element HTTP/1.1
User-Agent: selenium/4.8.0 (java unix)
Content-Length: 62
Content-Type: application/json; charset=utf-8
host: localhost:20146
accept: */*

Response DefaultHttpResponse(decodeResult: success, version: HTTP/1.1)
HTTP/1.1 200 OK
content-type: application/json; charset=utf-8
cache-control: no-cache
content-length: 88
date: Thu, 16 Mar 2023 20:39:59 GMT

20:39:59.796 [AsyncHttpClient-1-2] DEBUG org.asynchttpclient.netty.channel.ChannelManager - Adding key: http://localhost:20146 for channel [id: 0xb6be4c35, L:/127.0.0.1:35190 - R:localhost/127.0.0.1:20146]
20:39:59.797 [Forwarding getElementDomAttribute on session dcf5619b-0654-4ec9-835c-a384d98aaff0 to remote] DEBUG org.asynchttpclient.netty.request.NettyRequestSender - Using pooled Channel '[id: 0xb6be4c35, L:/127.0.0.1:35190 - R:localhost/127.0.0.1:20146]' for 'GET' to 'http://localhost:20146/session/dcf5619b-0654-4ec9-835c-a384d98aaff0/element/3794dcfb-30f0-40b7-88f7-58d8c20d4b61/attribute/multiple'
20:39:59.798 [Forwarding getElementDomAttribute on session dcf5619b-0654-4ec9-835c-a384d98aaff0 to remote] DEBUG org.asynchttpclient.netty.request.NettyRequestSender - Using open Channel [id: 0xb6be4c35, L:/127.0.0.1:35190 - R:localhost/127.0.0.1:20146] for GET '/session/dcf5619b-0654-4ec9-835c-a384d98aaff0/element/3794dcfb-30f0-40b7-88f7-58d8c20d4b61/attribute/multiple'
20:39:59.800 [AsyncHttpClient-1-2] DEBUG org.asynchttpclient.netty.handler.HttpHandler - 

Request DefaultFullHttpRequest(decodeResult: success, version: HTTP/1.1, content: EmptyByteBufBE)
GET /session/dcf5619b-0654-4ec9-835c-a384d98aaff0/element/3794dcfb-30f0-40b7-88f7-58d8c20d4b61/attribute/multiple HTTP/1.1
User-Agent: selenium/4.8.0 (java unix)
Cache-Control: no-cache
Content-Type: application/json; charset=utf-8
host: localhost:20146
accept: */*

Response DefaultHttpResponse(decodeResult: success, version: HTTP/1.1)
HTTP/1.1 200 OK
content-type: application/json; charset=utf-8
cache-control: no-cache
content-length: 14
date: Thu, 16 Mar 2023 20:39:59 GMT

20:39:59.801 [AsyncHttpClient-1-2] DEBUG org.asynchttpclient.netty.channel.ChannelManager - Adding key: http://localhost:20146 for channel [id: 0xb6be4c35, L:/127.0.0.1:35190 - R:localhost/127.0.0.1:20146]
20:39:59.803 [Forwarding findElement on session dcf5619b-0654-4ec9-835c-a384d98aaff0 to remote] DEBUG org.asynchttpclient.netty.request.NettyRequestSender - Using pooled Channel '[id: 0xb6be4c35, L:/127.0.0.1:35190 - R:localhost/127.0.0.1:20146]' for 'POST' to 'http://localhost:20146/session/dcf5619b-0654-4ec9-835c-a384d98aaff0/element'
20:39:59.803 [Forwarding findElement on session dcf5619b-0654-4ec9-835c-a384d98aaff0 to remote] DEBUG org.asynchttpclient.netty.request.NettyRequestSender - Using open Channel [id: 0xb6be4c35, L:/127.0.0.1:35190 - R:localhost/127.0.0.1:20146] for POST '/session/dcf5619b-0654-4ec9-835c-a384d98aaff0/element'
20:39:59.806 [AsyncHttpClient-1-2] DEBUG org.asynchttpclient.netty.handler.HttpHandler - 

Request DefaultHttpRequest(decodeResult: success, version: HTTP/1.1)
POST /session/dcf5619b-0654-4ec9-835c-a384d98aaff0/element HTTP/1.1
User-Agent: selenium/4.8.0 (java unix)
Content-Length: 62
Content-Type: application/json; charset=utf-8
host: localhost:20146
accept: */*

Response DefaultHttpResponse(decodeResult: success, version: HTTP/1.1)
HTTP/1.1 200 OK
content-type: application/json; charset=utf-8
cache-control: no-cache
content-length: 88
date: Thu, 16 Mar 2023 20:39:59 GMT

20:39:59.806 [AsyncHttpClient-1-2] DEBUG org.asynchttpclient.netty.channel.ChannelManager - Adding key: http://localhost:20146 for channel [id: 0xb6be4c35, L:/127.0.0.1:35190 - R:localhost/127.0.0.1:20146]
20:39:59.808 [Forwarding isElementEnabled on session dcf5619b-0654-4ec9-835c-a384d98aaff0 to remote] DEBUG org.asynchttpclient.netty.request.NettyRequestSender - Using pooled Channel '[id: 0xb6be4c35, L:/127.0.0.1:35190 - R:localhost/127.0.0.1:20146]' for 'GET' to 'http://localhost:20146/session/dcf5619b-0654-4ec9-835c-a384d98aaff0/element/3794dcfb-30f0-40b7-88f7-58d8c20d4b61/enabled'
20:39:59.808 [Forwarding isElementEnabled on session dcf5619b-0654-4ec9-835c-a384d98aaff0 to remote] DEBUG org.asynchttpclient.netty.request.NettyRequestSender - Using open Channel [id: 0xb6be4c35, L:/127.0.0.1:35190 - R:localhost/127.0.0.1:20146] for GET '/session/dcf5619b-0654-4ec9-835c-a384d98aaff0/element/3794dcfb-30f0-40b7-88f7-58d8c20d4b61/enabled'
20:39:59.826 [AsyncHttpClient-1-2] DEBUG org.asynchttpclient.netty.handler.HttpHandler - 

Request DefaultFullHttpRequest(decodeResult: success, version: HTTP/1.1, content: EmptyByteBufBE)
GET /session/dcf5619b-0654-4ec9-835c-a384d98aaff0/element/3794dcfb-30f0-40b7-88f7-58d8c20d4b61/enabled HTTP/1.1
User-Agent: selenium/4.8.0 (java unix)
Cache-Control: no-cache
Content-Type: application/json; charset=utf-8
host: localhost:20146
accept: */*

Response DefaultHttpResponse(decodeResult: success, version: HTTP/1.1)
HTTP/1.1 200 OK
content-type: application/json; charset=utf-8
cache-control: no-cache
content-length: 14
date: Thu, 16 Mar 2023 20:39:59 GMT

20:39:59.827 [AsyncHttpClient-1-2] DEBUG org.asynchttpclient.netty.channel.ChannelManager - Adding key: http://localhost:20146 for channel [id: 0xb6be4c35, L:/127.0.0.1:35190 - R:localhost/127.0.0.1:20146]
20:39:59.829 [Forwarding findElement on session dcf5619b-0654-4ec9-835c-a384d98aaff0 to remote] DEBUG org.asynchttpclient.netty.request.NettyRequestSender - Using pooled Channel '[id: 0xb6be4c35, L:/127.0.0.1:35190 - R:localhost/127.0.0.1:20146]' for 'POST' to 'http://localhost:20146/session/dcf5619b-0654-4ec9-835c-a384d98aaff0/element'
20:39:59.829 [Forwarding findElement on session dcf5619b-0654-4ec9-835c-a384d98aaff0 to remote] DEBUG org.asynchttpclient.netty.request.NettyRequestSender - Using open Channel [id: 0xb6be4c35, L:/127.0.0.1:35190 - R:localhost/127.0.0.1:20146] for POST '/session/dcf5619b-0654-4ec9-835c-a384d98aaff0/element'
20:39:59.832 [AsyncHttpClient-1-2] DEBUG org.asynchttpclient.netty.handler.HttpHandler - 

Request DefaultHttpRequest(decodeResult: success, version: HTTP/1.1)
POST /session/dcf5619b-0654-4ec9-835c-a384d98aaff0/element HTTP/1.1
User-Agent: selenium/4.8.0 (java unix)
Content-Length: 62
Content-Type: application/json; charset=utf-8
host: localhost:20146
accept: */*

Response DefaultHttpResponse(decodeResult: success, version: HTTP/1.1)
HTTP/1.1 200 OK
content-type: application/json; charset=utf-8
cache-control: no-cache
content-length: 88
date: Thu, 16 Mar 2023 20:39:59 GMT

20:39:59.832 [AsyncHttpClient-1-2] DEBUG org.asynchttpclient.netty.channel.ChannelManager - Adding key: http://localhost:20146 for channel [id: 0xb6be4c35, L:/127.0.0.1:35190 - R:localhost/127.0.0.1:20146]
20:39:59.835 [Forwarding findChildElements on session dcf5619b-0654-4ec9-835c-a384d98aaff0 to remote] DEBUG org.asynchttpclient.netty.request.NettyRequestSender - Using pooled Channel '[id: 0xb6be4c35, L:/127.0.0.1:35190 - R:localhost/127.0.0.1:20146]' for 'POST' to 'http://localhost:20146/session/dcf5619b-0654-4ec9-835c-a384d98aaff0/element/3794dcfb-30f0-40b7-88f7-58d8c20d4b61/elements'
20:39:59.835 [Forwarding findChildElements on session dcf5619b-0654-4ec9-835c-a384d98aaff0 to remote] DEBUG org.asynchttpclient.netty.request.NettyRequestSender - Using open Channel [id: 0xb6be4c35, L:/127.0.0.1:35190 - R:localhost/127.0.0.1:20146] for POST '/session/dcf5619b-0654-4ec9-835c-a384d98aaff0/element/3794dcfb-30f0-40b7-88f7-58d8c20d4b61/elements'
20:39:59.839 [AsyncHttpClient-1-2] DEBUG org.asynchttpclient.netty.handler.HttpHandler - 

Request DefaultHttpRequest(decodeResult: success, version: HTTP/1.1)
POST /session/dcf5619b-0654-4ec9-835c-a384d98aaff0/element/3794dcfb-30f0-40b7-88f7-58d8c20d4b61/elements HTTP/1.1
User-Agent: selenium/4.8.0 (java unix)
Content-Length: 127
Content-Type: application/json; charset=utf-8
host: localhost:20146
accept: */*

Response DefaultHttpResponse(decodeResult: success, version: HTTP/1.1)
HTTP/1.1 200 OK
content-type: application/json; charset=utf-8
cache-control: no-cache
content-length: 90
date: Thu, 16 Mar 2023 20:39:59 GMT

20:39:59.839 [AsyncHttpClient-1-2] DEBUG org.asynchttpclient.netty.channel.ChannelManager - Adding key: http://localhost:20146 for channel [id: 0xb6be4c35, L:/127.0.0.1:35190 - R:localhost/127.0.0.1:20146]
20:39:59.844 [Forwarding isElementEnabled on session dcf5619b-0654-4ec9-835c-a384d98aaff0 to remote] DEBUG org.asynchttpclient.netty.request.NettyRequestSender - Using pooled Channel '[id: 0xb6be4c35, L:/127.0.0.1:35190 - R:localhost/127.0.0.1:20146]' for 'GET' to 'http://localhost:20146/session/dcf5619b-0654-4ec9-835c-a384d98aaff0/element/94a38a79-7a1e-4822-86b3-afd9075fda15/enabled'
20:39:59.844 [Forwarding isElementEnabled on session dcf5619b-0654-4ec9-835c-a384d98aaff0 to remote] DEBUG org.asynchttpclient.netty.request.NettyRequestSender - Using open Channel [id: 0xb6be4c35, L:/127.0.0.1:35190 - R:localhost/127.0.0.1:20146] for GET '/session/dcf5619b-0654-4ec9-835c-a384d98aaff0/element/94a38a79-7a1e-4822-86b3-afd9075fda15/enabled'
20:39:59.847 [AsyncHttpClient-1-2] DEBUG org.asynchttpclient.netty.handler.HttpHandler - 

Request DefaultFullHttpRequest(decodeResult: success, version: HTTP/1.1, content: EmptyByteBufBE)
GET /session/dcf5619b-0654-4ec9-835c-a384d98aaff0/element/94a38a79-7a1e-4822-86b3-afd9075fda15/enabled HTTP/1.1
User-Agent: selenium/4.8.0 (java unix)
Cache-Control: no-cache
Content-Type: application/json; charset=utf-8
host: localhost:20146
accept: */*

Response DefaultHttpResponse(decodeResult: success, version: HTTP/1.1)
HTTP/1.1 200 OK
content-type: application/json; charset=utf-8
cache-control: no-cache
content-length: 14
date: Thu, 16 Mar 2023 20:39:59 GMT

20:39:59.847 [AsyncHttpClient-1-2] DEBUG org.asynchttpclient.netty.channel.ChannelManager - Adding key: http://localhost:20146 for channel [id: 0xb6be4c35, L:/127.0.0.1:35190 - R:localhost/127.0.0.1:20146]
20:39:59.848 [Forwarding isElementSelected on session dcf5619b-0654-4ec9-835c-a384d98aaff0 to remote] DEBUG org.asynchttpclient.netty.request.NettyRequestSender - Using pooled Channel '[id: 0xb6be4c35, L:/127.0.0.1:35190 - R:localhost/127.0.0.1:20146]' for 'GET' to 'http://localhost:20146/session/dcf5619b-0654-4ec9-835c-a384d98aaff0/element/94a38a79-7a1e-4822-86b3-afd9075fda15/selected'
20:39:59.848 [Forwarding isElementSelected on session dcf5619b-0654-4ec9-835c-a384d98aaff0 to remote] DEBUG org.asynchttpclient.netty.request.NettyRequestSender - Using open Channel [id: 0xb6be4c35, L:/127.0.0.1:35190 - R:localhost/127.0.0.1:20146] for GET '/session/dcf5619b-0654-4ec9-835c-a384d98aaff0/element/94a38a79-7a1e-4822-86b3-afd9075fda15/selected'
20:39:59.851 [AsyncHttpClient-1-2] DEBUG org.asynchttpclient.netty.handler.HttpHandler - 

Request DefaultFullHttpRequest(decodeResult: success, version: HTTP/1.1, content: EmptyByteBufBE)
GET /session/dcf5619b-0654-4ec9-835c-a384d98aaff0/element/94a38a79-7a1e-4822-86b3-afd9075fda15/selected HTTP/1.1
User-Agent: selenium/4.8.0 (java unix)
Cache-Control: no-cache
Content-Type: application/json; charset=utf-8
host: localhost:20146
accept: */*

Response DefaultHttpResponse(decodeResult: success, version: HTTP/1.1)
HTTP/1.1 200 OK
content-type: application/json; charset=utf-8
cache-control: no-cache
content-length: 15
date: Thu, 16 Mar 2023 20:39:59 GMT

20:39:59.852 [AsyncHttpClient-1-2] DEBUG org.asynchttpclient.netty.channel.ChannelManager - Adding key: http://localhost:20146 for channel [id: 0xb6be4c35, L:/127.0.0.1:35190 - R:localhost/127.0.0.1:20146]
20:39:59.854 [Forwarding clickElement on session dcf5619b-0654-4ec9-835c-a384d98aaff0 to remote] DEBUG org.asynchttpclient.netty.request.NettyRequestSender - Using pooled Channel '[id: 0xb6be4c35, L:/127.0.0.1:35190 - R:localhost/127.0.0.1:20146]' for 'POST' to 'http://localhost:20146/session/dcf5619b-0654-4ec9-835c-a384d98aaff0/element/94a38a79-7a1e-4822-86b3-afd9075fda15/click'
20:39:59.854 [Forwarding clickElement on session dcf5619b-0654-4ec9-835c-a384d98aaff0 to remote] DEBUG org.asynchttpclient.netty.request.NettyRequestSender - Using open Channel [id: 0xb6be4c35, L:/127.0.0.1:35190 - R:localhost/127.0.0.1:20146] for POST '/session/dcf5619b-0654-4ec9-835c-a384d98aaff0/element/94a38a79-7a1e-4822-86b3-afd9075fda15/click'
20:40:00.069 [AsyncHttpClient-1-2] DEBUG org.asynchttpclient.netty.handler.HttpHandler - 

Request DefaultHttpRequest(decodeResult: success, version: HTTP/1.1)
POST /session/dcf5619b-0654-4ec9-835c-a384d98aaff0/element/94a38a79-7a1e-4822-86b3-afd9075fda15/click HTTP/1.1
User-Agent: selenium/4.8.0 (java unix)
Content-Length: 50
Content-Type: application/json; charset=utf-8
host: localhost:20146
accept: */*

Response DefaultHttpResponse(decodeResult: success, version: HTTP/1.1)
HTTP/1.1 200 OK
content-type: application/json; charset=utf-8
cache-control: no-cache
content-length: 14
date: Thu, 16 Mar 2023 20:39:59 GMT

20:40:00.070 [AsyncHttpClient-1-2] DEBUG org.asynchttpclient.netty.channel.ChannelManager - Adding key: http://localhost:20146 for channel [id: 0xb6be4c35, L:/127.0.0.1:35190 - R:localhost/127.0.0.1:20146]
20:40:00.071 [Forwarding findElement on session dcf5619b-0654-4ec9-835c-a384d98aaff0 to remote] DEBUG org.asynchttpclient.netty.request.NettyRequestSender - Using pooled Channel '[id: 0xb6be4c35, L:/127.0.0.1:35190 - R:localhost/127.0.0.1:20146]' for 'POST' to 'http://localhost:20146/session/dcf5619b-0654-4ec9-835c-a384d98aaff0/element'
20:40:00.072 [Forwarding findElement on session dcf5619b-0654-4ec9-835c-a384d98aaff0 to remote] DEBUG org.asynchttpclient.netty.request.NettyRequestSender - Using open Channel [id: 0xb6be4c35, L:/127.0.0.1:35190 - R:localhost/127.0.0.1:20146] for POST '/session/dcf5619b-0654-4ec9-835c-a384d98aaff0/element'
20:40:00.074 [AsyncHttpClient-1-2] DEBUG org.asynchttpclient.netty.handler.HttpHandler - 

Request DefaultHttpRequest(decodeResult: success, version: HTTP/1.1)
POST /session/dcf5619b-0654-4ec9-835c-a384d98aaff0/element HTTP/1.1
User-Agent: selenium/4.8.0 (java unix)
Content-Length: 60
Content-Type: application/json; charset=utf-8
host: localhost:20146
accept: */*

Response DefaultHttpResponse(decodeResult: success, version: HTTP/1.1)
HTTP/1.1 200 OK
content-type: application/json; charset=utf-8
cache-control: no-cache
content-length: 88
date: Thu, 16 Mar 2023 20:39:59 GMT

20:40:00.074 [AsyncHttpClient-1-2] DEBUG org.asynchttpclient.netty.channel.ChannelManager - Adding key: http://localhost:20146 for channel [id: 0xb6be4c35, L:/127.0.0.1:35190 - R:localhost/127.0.0.1:20146]
20:40:00.077 [Forwarding clickElement on session dcf5619b-0654-4ec9-835c-a384d98aaff0 to remote] DEBUG org.asynchttpclient.netty.request.NettyRequestSender - Using pooled Channel '[id: 0xb6be4c35, L:/127.0.0.1:35190 - R:localhost/127.0.0.1:20146]' for 'POST' to 'http://localhost:20146/session/dcf5619b-0654-4ec9-835c-a384d98aaff0/element/72a500e8-4990-4f97-b222-db9a0255462d/click'
20:40:00.077 [Forwarding clickElement on session dcf5619b-0654-4ec9-835c-a384d98aaff0 to remote] DEBUG org.asynchttpclient.netty.request.NettyRequestSender - Using open Channel [id: 0xb6be4c35, L:/127.0.0.1:35190 - R:localhost/127.0.0.1:20146] for POST '/session/dcf5619b-0654-4ec9-835c-a384d98aaff0/element/72a500e8-4990-4f97-b222-db9a0255462d/click'
20:40:00.304 [AsyncHttpClient-1-2] DEBUG org.asynchttpclient.netty.handler.HttpHandler - 

Request DefaultHttpRequest(decodeResult: success, version: HTTP/1.1)
POST /session/dcf5619b-0654-4ec9-835c-a384d98aaff0/element/72a500e8-4990-4f97-b222-db9a0255462d/click HTTP/1.1
User-Agent: selenium/4.8.0 (java unix)
Content-Length: 50
Content-Type: application/json; charset=utf-8
host: localhost:20146
accept: */*

Response DefaultHttpResponse(decodeResult: success, version: HTTP/1.1)
HTTP/1.1 200 OK
content-type: application/json; charset=utf-8
cache-control: no-cache
content-length: 14
date: Thu, 16 Mar 2023 20:39:59 GMT

20:40:00.305 [AsyncHttpClient-1-2] DEBUG org.asynchttpclient.netty.channel.ChannelManager - Adding key: http://localhost:20146 for channel [id: 0xb6be4c35, L:/127.0.0.1:35190 - R:localhost/127.0.0.1:20146]
20:40:00.306 [Forwarding findElement on session dcf5619b-0654-4ec9-835c-a384d98aaff0 to remote] DEBUG org.asynchttpclient.netty.request.NettyRequestSender - Using pooled Channel '[id: 0xb6be4c35, L:/127.0.0.1:35190 - R:localhost/127.0.0.1:20146]' for 'POST' to 'http://localhost:20146/session/dcf5619b-0654-4ec9-835c-a384d98aaff0/element'
20:40:00.306 [Forwarding findElement on session dcf5619b-0654-4ec9-835c-a384d98aaff0 to remote] DEBUG org.asynchttpclient.netty.request.NettyRequestSender - Using open Channel [id: 0xb6be4c35, L:/127.0.0.1:35190 - R:localhost/127.0.0.1:20146] for POST '/session/dcf5619b-0654-4ec9-835c-a384d98aaff0/element'
20:40:00.309 [AsyncHttpClient-1-2] DEBUG org.asynchttpclient.netty.handler.HttpHandler - 

Request DefaultHttpRequest(decodeResult: success, version: HTTP/1.1)
POST /session/dcf5619b-0654-4ec9-835c-a384d98aaff0/element HTTP/1.1
User-Agent: selenium/4.8.0 (java unix)
Content-Length: 60
Content-Type: application/json; charset=utf-8
host: localhost:20146
accept: */*

Response DefaultHttpResponse(decodeResult: success, version: HTTP/1.1)
HTTP/1.1 200 OK
content-type: application/json; charset=utf-8
cache-control: no-cache
content-length: 88
date: Thu, 16 Mar 2023 20:39:59 GMT

20:40:00.309 [AsyncHttpClient-1-2] DEBUG org.asynchttpclient.netty.channel.ChannelManager - Adding key: http://localhost:20146 for channel [id: 0xb6be4c35, L:/127.0.0.1:35190 - R:localhost/127.0.0.1:20146]
20:40:00.310 [Forwarding getElementTagName on session dcf5619b-0654-4ec9-835c-a384d98aaff0 to remote] DEBUG org.asynchttpclient.netty.request.NettyRequestSender - Using pooled Channel '[id: 0xb6be4c35, L:/127.0.0.1:35190 - R:localhost/127.0.0.1:20146]' for 'GET' to 'http://localhost:20146/session/dcf5619b-0654-4ec9-835c-a384d98aaff0/element/72a500e8-4990-4f97-b222-db9a0255462d/name'
20:40:00.310 [Forwarding getElementTagName on session dcf5619b-0654-4ec9-835c-a384d98aaff0 to remote] DEBUG org.asynchttpclient.netty.request.NettyRequestSender - Using open Channel [id: 0xb6be4c35, L:/127.0.0.1:35190 - R:localhost/127.0.0.1:20146] for GET '/session/dcf5619b-0654-4ec9-835c-a384d98aaff0/element/72a500e8-4990-4f97-b222-db9a0255462d/name'
20:40:00.313 [AsyncHttpClient-1-2] DEBUG org.asynchttpclient.netty.handler.HttpHandler - 

Request DefaultFullHttpRequest(decodeResult: success, version: HTTP/1.1, content: EmptyByteBufBE)
GET /session/dcf5619b-0654-4ec9-835c-a384d98aaff0/element/72a500e8-4990-4f97-b222-db9a0255462d/name HTTP/1.1
User-Agent: selenium/4.8.0 (java unix)
Cache-Control: no-cache
Content-Type: application/json; charset=utf-8
host: localhost:20146
accept: */*

Response DefaultHttpResponse(decodeResult: success, version: HTTP/1.1)
HTTP/1.1 200 OK
content-type: application/json; charset=utf-8
cache-control: no-cache
content-length: 18
date: Thu, 16 Mar 2023 20:39:59 GMT

20:40:00.313 [AsyncHttpClient-1-2] DEBUG org.asynchttpclient.netty.channel.ChannelManager - Adding key: http://localhost:20146 for channel [id: 0xb6be4c35, L:/127.0.0.1:35190 - R:localhost/127.0.0.1:20146]
20:40:00.315 [Forwarding findElement on session dcf5619b-0654-4ec9-835c-a384d98aaff0 to remote] DEBUG org.asynchttpclient.netty.request.NettyRequestSender - Using pooled Channel '[id: 0xb6be4c35, L:/127.0.0.1:35190 - R:localhost/127.0.0.1:20146]' for 'POST' to 'http://localhost:20146/session/dcf5619b-0654-4ec9-835c-a384d98aaff0/element'
20:40:00.315 [Forwarding findElement on session dcf5619b-0654-4ec9-835c-a384d98aaff0 to remote] DEBUG org.asynchttpclient.netty.request.NettyRequestSender - Using open Channel [id: 0xb6be4c35, L:/127.0.0.1:35190 - R:localhost/127.0.0.1:20146] for POST '/session/dcf5619b-0654-4ec9-835c-a384d98aaff0/element'
20:40:00.317 [AsyncHttpClient-1-2] DEBUG org.asynchttpclient.netty.handler.HttpHandler - 

Request DefaultHttpRequest(decodeResult: success, version: HTTP/1.1)
POST /session/dcf5619b-0654-4ec9-835c-a384d98aaff0/element HTTP/1.1
User-Agent: selenium/4.8.0 (java unix)
Content-Length: 60
Content-Type: application/json; charset=utf-8
host: localhost:20146
accept: */*

Response DefaultHttpResponse(decodeResult: success, version: HTTP/1.1)
HTTP/1.1 200 OK
content-type: application/json; charset=utf-8
cache-control: no-cache
content-length: 88
date: Thu, 16 Mar 2023 20:39:59 GMT

20:40:00.318 [AsyncHttpClient-1-2] DEBUG org.asynchttpclient.netty.channel.ChannelManager - Adding key: http://localhost:20146 for channel [id: 0xb6be4c35, L:/127.0.0.1:35190 - R:localhost/127.0.0.1:20146]
20:40:00.319 [Forwarding getElementDomAttribute on session dcf5619b-0654-4ec9-835c-a384d98aaff0 to remote] DEBUG org.asynchttpclient.netty.request.NettyRequestSender - Using pooled Channel '[id: 0xb6be4c35, L:/127.0.0.1:35190 - R:localhost/127.0.0.1:20146]' for 'GET' to 'http://localhost:20146/session/dcf5619b-0654-4ec9-835c-a384d98aaff0/element/72a500e8-4990-4f97-b222-db9a0255462d/attribute/multiple'
20:40:00.319 [Forwarding getElementDomAttribute on session dcf5619b-0654-4ec9-835c-a384d98aaff0 to remote] DEBUG org.asynchttpclient.netty.request.NettyRequestSender - Using open Channel [id: 0xb6be4c35, L:/127.0.0.1:35190 - R:localhost/127.0.0.1:20146] for GET '/session/dcf5619b-0654-4ec9-835c-a384d98aaff0/element/72a500e8-4990-4f97-b222-db9a0255462d/attribute/multiple'
20:40:00.322 [AsyncHttpClient-1-2] DEBUG org.asynchttpclient.netty.handler.HttpHandler - 

Request DefaultFullHttpRequest(decodeResult: success, version: HTTP/1.1, content: EmptyByteBufBE)
GET /session/dcf5619b-0654-4ec9-835c-a384d98aaff0/element/72a500e8-4990-4f97-b222-db9a0255462d/attribute/multiple HTTP/1.1
User-Agent: selenium/4.8.0 (java unix)
Cache-Control: no-cache
Content-Type: application/json; charset=utf-8
host: localhost:20146
accept: */*

Response DefaultHttpResponse(decodeResult: success, version: HTTP/1.1)
HTTP/1.1 200 OK
content-type: application/json; charset=utf-8
cache-control: no-cache
content-length: 14
date: Thu, 16 Mar 2023 20:39:59 GMT

20:40:00.322 [AsyncHttpClient-1-2] DEBUG org.asynchttpclient.netty.channel.ChannelManager - Adding key: http://localhost:20146 for channel [id: 0xb6be4c35, L:/127.0.0.1:35190 - R:localhost/127.0.0.1:20146]
20:40:00.323 [Forwarding findElement on session dcf5619b-0654-4ec9-835c-a384d98aaff0 to remote] DEBUG org.asynchttpclient.netty.request.NettyRequestSender - Using pooled Channel '[id: 0xb6be4c35, L:/127.0.0.1:35190 - R:localhost/127.0.0.1:20146]' for 'POST' to 'http://localhost:20146/session/dcf5619b-0654-4ec9-835c-a384d98aaff0/element'
20:40:00.324 [Forwarding findElement on session dcf5619b-0654-4ec9-835c-a384d98aaff0 to remote] DEBUG org.asynchttpclient.netty.request.NettyRequestSender - Using open Channel [id: 0xb6be4c35, L:/127.0.0.1:35190 - R:localhost/127.0.0.1:20146] for POST '/session/dcf5619b-0654-4ec9-835c-a384d98aaff0/element'
20:40:00.326 [AsyncHttpClient-1-2] DEBUG org.asynchttpclient.netty.handler.HttpHandler - 

Request DefaultHttpRequest(decodeResult: success, version: HTTP/1.1)
POST /session/dcf5619b-0654-4ec9-835c-a384d98aaff0/element HTTP/1.1
User-Agent: selenium/4.8.0 (java unix)
Content-Length: 60
Content-Type: application/json; charset=utf-8
host: localhost:20146
accept: */*

Response DefaultHttpResponse(decodeResult: success, version: HTTP/1.1)
HTTP/1.1 200 OK
content-type: application/json; charset=utf-8
cache-control: no-cache
content-length: 88
date: Thu, 16 Mar 2023 20:39:59 GMT

20:40:00.326 [AsyncHttpClient-1-2] DEBUG org.asynchttpclient.netty.channel.ChannelManager - Adding key: http://localhost:20146 for channel [id: 0xb6be4c35, L:/127.0.0.1:35190 - R:localhost/127.0.0.1:20146]
20:40:00.328 [Forwarding isElementEnabled on session dcf5619b-0654-4ec9-835c-a384d98aaff0 to remote] DEBUG org.asynchttpclient.netty.request.NettyRequestSender - Using pooled Channel '[id: 0xb6be4c35, L:/127.0.0.1:35190 - R:localhost/127.0.0.1:20146]' for 'GET' to 'http://localhost:20146/session/dcf5619b-0654-4ec9-835c-a384d98aaff0/element/72a500e8-4990-4f97-b222-db9a0255462d/enabled'
20:40:00.328 [Forwarding isElementEnabled on session dcf5619b-0654-4ec9-835c-a384d98aaff0 to remote] DEBUG org.asynchttpclient.netty.request.NettyRequestSender - Using open Channel [id: 0xb6be4c35, L:/127.0.0.1:35190 - R:localhost/127.0.0.1:20146] for GET '/session/dcf5619b-0654-4ec9-835c-a384d98aaff0/element/72a500e8-4990-4f97-b222-db9a0255462d/enabled'
20:40:00.331 [AsyncHttpClient-1-2] DEBUG org.asynchttpclient.netty.handler.HttpHandler - 

Request DefaultFullHttpRequest(decodeResult: success, version: HTTP/1.1, content: EmptyByteBufBE)
GET /session/dcf5619b-0654-4ec9-835c-a384d98aaff0/element/72a500e8-4990-4f97-b222-db9a0255462d/enabled HTTP/1.1
User-Agent: selenium/4.8.0 (java unix)
Cache-Control: no-cache
Content-Type: application/json; charset=utf-8
host: localhost:20146
accept: */*

Response DefaultHttpResponse(decodeResult: success, version: HTTP/1.1)
HTTP/1.1 200 OK
content-type: application/json; charset=utf-8
cache-control: no-cache
content-length: 14
date: Thu, 16 Mar 2023 20:39:59 GMT

20:40:00.331 [AsyncHttpClient-1-2] DEBUG org.asynchttpclient.netty.channel.ChannelManager - Adding key: http://localhost:20146 for channel [id: 0xb6be4c35, L:/127.0.0.1:35190 - R:localhost/127.0.0.1:20146]
20:40:00.332 [Forwarding findElement on session dcf5619b-0654-4ec9-835c-a384d98aaff0 to remote] DEBUG org.asynchttpclient.netty.request.NettyRequestSender - Using pooled Channel '[id: 0xb6be4c35, L:/127.0.0.1:35190 - R:localhost/127.0.0.1:20146]' for 'POST' to 'http://localhost:20146/session/dcf5619b-0654-4ec9-835c-a384d98aaff0/element'
20:40:00.332 [Forwarding findElement on session dcf5619b-0654-4ec9-835c-a384d98aaff0 to remote] DEBUG org.asynchttpclient.netty.request.NettyRequestSender - Using open Channel [id: 0xb6be4c35, L:/127.0.0.1:35190 - R:localhost/127.0.0.1:20146] for POST '/session/dcf5619b-0654-4ec9-835c-a384d98aaff0/element'
20:40:00.335 [AsyncHttpClient-1-2] DEBUG org.asynchttpclient.netty.handler.HttpHandler - 

Request DefaultHttpRequest(decodeResult: success, version: HTTP/1.1)
POST /session/dcf5619b-0654-4ec9-835c-a384d98aaff0/element HTTP/1.1
User-Agent: selenium/4.8.0 (java unix)
Content-Length: 60
Content-Type: application/json; charset=utf-8
host: localhost:20146
accept: */*

Response DefaultHttpResponse(decodeResult: success, version: HTTP/1.1)
HTTP/1.1 200 OK
content-type: application/json; charset=utf-8
cache-control: no-cache
content-length: 88
date: Thu, 16 Mar 2023 20:39:59 GMT

20:40:00.336 [AsyncHttpClient-1-2] DEBUG org.asynchttpclient.netty.channel.ChannelManager - Adding key: http://localhost:20146 for channel [id: 0xb6be4c35, L:/127.0.0.1:35190 - R:localhost/127.0.0.1:20146]
20:40:00.338 [Forwarding findChildElements on session dcf5619b-0654-4ec9-835c-a384d98aaff0 to remote] DEBUG org.asynchttpclient.netty.request.NettyRequestSender - Using pooled Channel '[id: 0xb6be4c35, L:/127.0.0.1:35190 - R:localhost/127.0.0.1:20146]' for 'POST' to 'http://localhost:20146/session/dcf5619b-0654-4ec9-835c-a384d98aaff0/element/72a500e8-4990-4f97-b222-db9a0255462d/elements'
20:40:00.338 [Forwarding findChildElements on session dcf5619b-0654-4ec9-835c-a384d98aaff0 to remote] DEBUG org.asynchttpclient.netty.request.NettyRequestSender - Using open Channel [id: 0xb6be4c35, L:/127.0.0.1:35190 - R:localhost/127.0.0.1:20146] for POST '/session/dcf5619b-0654-4ec9-835c-a384d98aaff0/element/72a500e8-4990-4f97-b222-db9a0255462d/elements'
20:40:00.341 [AsyncHttpClient-1-2] DEBUG org.asynchttpclient.netty.handler.HttpHandler - 

Request DefaultHttpRequest(decodeResult: success, version: HTTP/1.1)
POST /session/dcf5619b-0654-4ec9-835c-a384d98aaff0/element/72a500e8-4990-4f97-b222-db9a0255462d/elements HTTP/1.1
User-Agent: selenium/4.8.0 (java unix)
Content-Length: 125
Content-Type: application/json; charset=utf-8
host: localhost:20146
accept: */*

Response DefaultHttpResponse(decodeResult: success, version: HTTP/1.1)
HTTP/1.1 200 OK
content-type: application/json; charset=utf-8
cache-control: no-cache
content-length: 90
date: Thu, 16 Mar 2023 20:39:59 GMT

20:40:00.341 [AsyncHttpClient-1-2] DEBUG org.asynchttpclient.netty.channel.ChannelManager - Adding key: http://localhost:20146 for channel [id: 0xb6be4c35, L:/127.0.0.1:35190 - R:localhost/127.0.0.1:20146]
20:40:00.343 [Forwarding isElementEnabled on session dcf5619b-0654-4ec9-835c-a384d98aaff0 to remote] DEBUG org.asynchttpclient.netty.request.NettyRequestSender - Using pooled Channel '[id: 0xb6be4c35, L:/127.0.0.1:35190 - R:localhost/127.0.0.1:20146]' for 'GET' to 'http://localhost:20146/session/dcf5619b-0654-4ec9-835c-a384d98aaff0/element/25694138-3357-4ed7-9b4d-a14d4848e5cf/enabled'
20:40:00.343 [Forwarding isElementEnabled on session dcf5619b-0654-4ec9-835c-a384d98aaff0 to remote] DEBUG org.asynchttpclient.netty.request.NettyRequestSender - Using open Channel [id: 0xb6be4c35, L:/127.0.0.1:35190 - R:localhost/127.0.0.1:20146] for GET '/session/dcf5619b-0654-4ec9-835c-a384d98aaff0/element/25694138-3357-4ed7-9b4d-a14d4848e5cf/enabled'
20:40:00.345 [AsyncHttpClient-1-2] DEBUG org.asynchttpclient.netty.handler.HttpHandler - 

Request DefaultFullHttpRequest(decodeResult: success, version: HTTP/1.1, content: EmptyByteBufBE)
GET /session/dcf5619b-0654-4ec9-835c-a384d98aaff0/element/25694138-3357-4ed7-9b4d-a14d4848e5cf/enabled HTTP/1.1
User-Agent: selenium/4.8.0 (java unix)
Cache-Control: no-cache
Content-Type: application/json; charset=utf-8
host: localhost:20146
accept: */*

Response DefaultHttpResponse(decodeResult: success, version: HTTP/1.1)
HTTP/1.1 200 OK
content-type: application/json; charset=utf-8
cache-control: no-cache
content-length: 14
date: Thu, 16 Mar 2023 20:39:59 GMT

20:40:00.346 [AsyncHttpClient-1-2] DEBUG org.asynchttpclient.netty.channel.ChannelManager - Adding key: http://localhost:20146 for channel [id: 0xb6be4c35, L:/127.0.0.1:35190 - R:localhost/127.0.0.1:20146]
20:40:00.347 [Forwarding isElementSelected on session dcf5619b-0654-4ec9-835c-a384d98aaff0 to remote] DEBUG org.asynchttpclient.netty.request.NettyRequestSender - Using pooled Channel '[id: 0xb6be4c35, L:/127.0.0.1:35190 - R:localhost/127.0.0.1:20146]' for 'GET' to 'http://localhost:20146/session/dcf5619b-0654-4ec9-835c-a384d98aaff0/element/25694138-3357-4ed7-9b4d-a14d4848e5cf/selected'
20:40:00.347 [Forwarding isElementSelected on session dcf5619b-0654-4ec9-835c-a384d98aaff0 to remote] DEBUG org.asynchttpclient.netty.request.NettyRequestSender - Using open Channel [id: 0xb6be4c35, L:/127.0.0.1:35190 - R:localhost/127.0.0.1:20146] for GET '/session/dcf5619b-0654-4ec9-835c-a384d98aaff0/element/25694138-3357-4ed7-9b4d-a14d4848e5cf/selected'
20:40:00.349 [AsyncHttpClient-1-2] DEBUG org.asynchttpclient.netty.handler.HttpHandler - 

Request DefaultFullHttpRequest(decodeResult: success, version: HTTP/1.1, content: EmptyByteBufBE)
GET /session/dcf5619b-0654-4ec9-835c-a384d98aaff0/element/25694138-3357-4ed7-9b4d-a14d4848e5cf/selected HTTP/1.1
User-Agent: selenium/4.8.0 (java unix)
Cache-Control: no-cache
Content-Type: application/json; charset=utf-8
host: localhost:20146
accept: */*

Response DefaultHttpResponse(decodeResult: success, version: HTTP/1.1)
HTTP/1.1 200 OK
content-type: application/json; charset=utf-8
cache-control: no-cache
content-length: 15
date: Thu, 16 Mar 2023 20:39:59 GMT

20:40:00.349 [AsyncHttpClient-1-2] DEBUG org.asynchttpclient.netty.channel.ChannelManager - Adding key: http://localhost:20146 for channel [id: 0xb6be4c35, L:/127.0.0.1:35190 - R:localhost/127.0.0.1:20146]
20:40:00.350 [Forwarding clickElement on session dcf5619b-0654-4ec9-835c-a384d98aaff0 to remote] DEBUG org.asynchttpclient.netty.request.NettyRequestSender - Using pooled Channel '[id: 0xb6be4c35, L:/127.0.0.1:35190 - R:localhost/127.0.0.1:20146]' for 'POST' to 'http://localhost:20146/session/dcf5619b-0654-4ec9-835c-a384d98aaff0/element/25694138-3357-4ed7-9b4d-a14d4848e5cf/click'
20:40:00.350 [Forwarding clickElement on session dcf5619b-0654-4ec9-835c-a384d98aaff0 to remote] DEBUG org.asynchttpclient.netty.request.NettyRequestSender - Using open Channel [id: 0xb6be4c35, L:/127.0.0.1:35190 - R:localhost/127.0.0.1:20146] for POST '/session/dcf5619b-0654-4ec9-835c-a384d98aaff0/element/25694138-3357-4ed7-9b4d-a14d4848e5cf/click'
20:40:00.558 [AsyncHttpClient-1-2] DEBUG org.asynchttpclient.netty.handler.HttpHandler - 

Request DefaultHttpRequest(decodeResult: success, version: HTTP/1.1)
POST /session/dcf5619b-0654-4ec9-835c-a384d98aaff0/element/25694138-3357-4ed7-9b4d-a14d4848e5cf/click HTTP/1.1
User-Agent: selenium/4.8.0 (java unix)
Content-Length: 50
Content-Type: application/json; charset=utf-8
host: localhost:20146
accept: */*

Response DefaultHttpResponse(decodeResult: success, version: HTTP/1.1)
HTTP/1.1 200 OK
content-type: application/json; charset=utf-8
cache-control: no-cache
content-length: 14
date: Thu, 16 Mar 2023 20:39:59 GMT

20:40:00.558 [AsyncHttpClient-1-2] DEBUG org.asynchttpclient.netty.channel.ChannelManager - Adding key: http://localhost:20146 for channel [id: 0xb6be4c35, L:/127.0.0.1:35190 - R:localhost/127.0.0.1:20146]
20:40:00.560 [Forwarding findElement on session dcf5619b-0654-4ec9-835c-a384d98aaff0 to remote] DEBUG org.asynchttpclient.netty.request.NettyRequestSender - Using pooled Channel '[id: 0xb6be4c35, L:/127.0.0.1:35190 - R:localhost/127.0.0.1:20146]' for 'POST' to 'http://localhost:20146/session/dcf5619b-0654-4ec9-835c-a384d98aaff0/element'
20:40:00.560 [Forwarding findElement on session dcf5619b-0654-4ec9-835c-a384d98aaff0 to remote] DEBUG org.asynchttpclient.netty.request.NettyRequestSender - Using open Channel [id: 0xb6be4c35, L:/127.0.0.1:35190 - R:localhost/127.0.0.1:20146] for POST '/session/dcf5619b-0654-4ec9-835c-a384d98aaff0/element'
20:40:00.563 [AsyncHttpClient-1-2] DEBUG org.asynchttpclient.netty.handler.HttpHandler - 

Request DefaultHttpRequest(decodeResult: success, version: HTTP/1.1)
POST /session/dcf5619b-0654-4ec9-835c-a384d98aaff0/element HTTP/1.1
User-Agent: selenium/4.8.0 (java unix)
Content-Length: 56
Content-Type: application/json; charset=utf-8
host: localhost:20146
accept: */*

Response DefaultHttpResponse(decodeResult: success, version: HTTP/1.1)
HTTP/1.1 200 OK
content-type: application/json; charset=utf-8
cache-control: no-cache
content-length: 88
date: Thu, 16 Mar 2023 20:40:00 GMT

20:40:00.563 [AsyncHttpClient-1-2] DEBUG org.asynchttpclient.netty.channel.ChannelManager - Adding key: http://localhost:20146 for channel [id: 0xb6be4c35, L:/127.0.0.1:35190 - R:localhost/127.0.0.1:20146]
20:40:00.566 [Forwarding clickElement on session dcf5619b-0654-4ec9-835c-a384d98aaff0 to remote] DEBUG org.asynchttpclient.netty.request.NettyRequestSender - Using pooled Channel '[id: 0xb6be4c35, L:/127.0.0.1:35190 - R:localhost/127.0.0.1:20146]' for 'POST' to 'http://localhost:20146/session/dcf5619b-0654-4ec9-835c-a384d98aaff0/element/461767ca-a746-4082-9eda-3906152dc412/click'
20:40:00.566 [Forwarding clickElement on session dcf5619b-0654-4ec9-835c-a384d98aaff0 to remote] DEBUG org.asynchttpclient.netty.request.NettyRequestSender - Using open Channel [id: 0xb6be4c35, L:/127.0.0.1:35190 - R:localhost/127.0.0.1:20146] for POST '/session/dcf5619b-0654-4ec9-835c-a384d98aaff0/element/461767ca-a746-4082-9eda-3906152dc412/click'
20:40:00.906 [AsyncHttpClient-1-2] DEBUG org.asynchttpclient.netty.handler.HttpHandler - 

Request DefaultHttpRequest(decodeResult: success, version: HTTP/1.1)
POST /session/dcf5619b-0654-4ec9-835c-a384d98aaff0/element/461767ca-a746-4082-9eda-3906152dc412/click HTTP/1.1
User-Agent: selenium/4.8.0 (java unix)
Content-Length: 50
Content-Type: application/json; charset=utf-8
host: localhost:20146
accept: */*

Response DefaultHttpResponse(decodeResult: success, version: HTTP/1.1)
HTTP/1.1 200 OK
content-type: application/json; charset=utf-8
cache-control: no-cache
content-length: 14
date: Thu, 16 Mar 2023 20:40:00 GMT

20:40:00.906 [AsyncHttpClient-1-2] DEBUG org.asynchttpclient.netty.channel.ChannelManager - Adding key: http://localhost:20146 for channel [id: 0xb6be4c35, L:/127.0.0.1:35190 - R:localhost/127.0.0.1:20146]
20:40:00.908 [Forwarding findElement on session dcf5619b-0654-4ec9-835c-a384d98aaff0 to remote] DEBUG org.asynchttpclient.netty.request.NettyRequestSender - Using pooled Channel '[id: 0xb6be4c35, L:/127.0.0.1:35190 - R:localhost/127.0.0.1:20146]' for 'POST' to 'http://localhost:20146/session/dcf5619b-0654-4ec9-835c-a384d98aaff0/element'
20:40:00.908 [Forwarding findElement on session dcf5619b-0654-4ec9-835c-a384d98aaff0 to remote] DEBUG org.asynchttpclient.netty.request.NettyRequestSender - Using open Channel [id: 0xb6be4c35, L:/127.0.0.1:35190 - R:localhost/127.0.0.1:20146] for POST '/session/dcf5619b-0654-4ec9-835c-a384d98aaff0/element'
20:40:00.913 [AsyncHttpClient-1-2] DEBUG org.asynchttpclient.netty.handler.HttpHandler - 

Request DefaultHttpRequest(decodeResult: success, version: HTTP/1.1)
POST /session/dcf5619b-0654-4ec9-835c-a384d98aaff0/element HTTP/1.1
User-Agent: selenium/4.8.0 (java unix)
Content-Length: 46
Content-Type: application/json; charset=utf-8
host: localhost:20146
accept: */*

Response DefaultHttpResponse(decodeResult: success, version: HTTP/1.1)
HTTP/1.1 200 OK
content-type: application/json; charset=utf-8
cache-control: no-cache
content-length: 88
date: Thu, 16 Mar 2023 20:40:00 GMT

20:40:00.913 [AsyncHttpClient-1-2] DEBUG org.asynchttpclient.netty.channel.ChannelManager - Adding key: http://localhost:20146 for channel [id: 0xb6be4c35, L:/127.0.0.1:35190 - R:localhost/127.0.0.1:20146]
20:40:00.915 [Forwarding getElementText on session dcf5619b-0654-4ec9-835c-a384d98aaff0 to remote] DEBUG org.asynchttpclient.netty.request.NettyRequestSender - Using pooled Channel '[id: 0xb6be4c35, L:/127.0.0.1:35190 - R:localhost/127.0.0.1:20146]' for 'GET' to 'http://localhost:20146/session/dcf5619b-0654-4ec9-835c-a384d98aaff0/element/fb3fc9b5-d9d5-4550-8b10-7a21ce26a9d7/text'
20:40:00.915 [Forwarding getElementText on session dcf5619b-0654-4ec9-835c-a384d98aaff0 to remote] DEBUG org.asynchttpclient.netty.request.NettyRequestSender - Using open Channel [id: 0xb6be4c35, L:/127.0.0.1:35190 - R:localhost/127.0.0.1:20146] for GET '/session/dcf5619b-0654-4ec9-835c-a384d98aaff0/element/fb3fc9b5-d9d5-4550-8b10-7a21ce26a9d7/text'
20:40:00.923 [AsyncHttpClient-1-2] DEBUG org.asynchttpclient.netty.handler.HttpHandler - 

Request DefaultFullHttpRequest(decodeResult: success, version: HTTP/1.1, content: EmptyByteBufBE)
GET /session/dcf5619b-0654-4ec9-835c-a384d98aaff0/element/fb3fc9b5-d9d5-4550-8b10-7a21ce26a9d7/text HTTP/1.1
User-Agent: selenium/4.8.0 (java unix)
Cache-Control: no-cache
Content-Type: application/json; charset=utf-8
host: localhost:20146
accept: */*

Response DefaultHttpResponse(decodeResult: success, version: HTTP/1.1)
HTTP/1.1 200 OK
content-type: application/json; charset=utf-8
cache-control: no-cache
content-length: 44
date: Thu, 16 Mar 2023 20:40:00 GMT

20:40:00.923 [AsyncHttpClient-1-2] DEBUG org.asynchttpclient.netty.channel.ChannelManager - Adding key: http://localhost:20146 for channel [id: 0xb6be4c35, L:/127.0.0.1:35190 - R:localhost/127.0.0.1:20146]
20:40:00.958 [Forwarding findElement on session dcf5619b-0654-4ec9-835c-a384d98aaff0 to remote] DEBUG org.asynchttpclient.netty.request.NettyRequestSender - Using pooled Channel '[id: 0xb6be4c35, L:/127.0.0.1:35190 - R:localhost/127.0.0.1:20146]' for 'POST' to 'http://localhost:20146/session/dcf5619b-0654-4ec9-835c-a384d98aaff0/element'
20:40:00.958 [Forwarding findElement on session dcf5619b-0654-4ec9-835c-a384d98aaff0 to remote] DEBUG org.asynchttpclient.netty.request.NettyRequestSender - Using open Channel [id: 0xb6be4c35, L:/127.0.0.1:35190 - R:localhost/127.0.0.1:20146] for POST '/session/dcf5619b-0654-4ec9-835c-a384d98aaff0/element'
20:40:00.961 [AsyncHttpClient-1-2] DEBUG org.asynchttpclient.netty.handler.HttpHandler - 

Request DefaultHttpRequest(decodeResult: success, version: HTTP/1.1)
POST /session/dcf5619b-0654-4ec9-835c-a384d98aaff0/element HTTP/1.1
User-Agent: selenium/4.8.0 (java unix)
Content-Length: 64
Content-Type: application/json; charset=utf-8
host: localhost:20146
accept: */*

Response DefaultHttpResponse(decodeResult: success, version: HTTP/1.1)
HTTP/1.1 200 OK
content-type: application/json; charset=utf-8
cache-control: no-cache
content-length: 88
date: Thu, 16 Mar 2023 20:40:00 GMT

20:40:00.961 [AsyncHttpClient-1-2] DEBUG org.asynchttpclient.netty.channel.ChannelManager - Adding key: http://localhost:20146 for channel [id: 0xb6be4c35, L:/127.0.0.1:35190 - R:localhost/127.0.0.1:20146]
20:40:00.963 [Forwarding clickElement on session dcf5619b-0654-4ec9-835c-a384d98aaff0 to remote] DEBUG org.asynchttpclient.netty.request.NettyRequestSender - Using pooled Channel '[id: 0xb6be4c35, L:/127.0.0.1:35190 - R:localhost/127.0.0.1:20146]' for 'POST' to 'http://localhost:20146/session/dcf5619b-0654-4ec9-835c-a384d98aaff0/element/bdfcae29-3e3a-42d1-ad05-84c11fb59fe7/click'
20:40:00.963 [Forwarding clickElement on session dcf5619b-0654-4ec9-835c-a384d98aaff0 to remote] DEBUG org.asynchttpclient.netty.request.NettyRequestSender - Using open Channel [id: 0xb6be4c35, L:/127.0.0.1:35190 - R:localhost/127.0.0.1:20146] for POST '/session/dcf5619b-0654-4ec9-835c-a384d98aaff0/element/bdfcae29-3e3a-42d1-ad05-84c11fb59fe7/click'
20:40:01.301 [AsyncHttpClient-1-2] DEBUG org.asynchttpclient.netty.handler.HttpHandler - 

Request DefaultHttpRequest(decodeResult: success, version: HTTP/1.1)
POST /session/dcf5619b-0654-4ec9-835c-a384d98aaff0/element/bdfcae29-3e3a-42d1-ad05-84c11fb59fe7/click HTTP/1.1
User-Agent: selenium/4.8.0 (java unix)
Content-Length: 50
Content-Type: application/json; charset=utf-8
host: localhost:20146
accept: */*

Response DefaultHttpResponse(decodeResult: success, version: HTTP/1.1)
HTTP/1.1 200 OK
content-type: application/json; charset=utf-8
cache-control: no-cache
content-length: 14
date: Thu, 16 Mar 2023 20:40:00 GMT

20:40:01.301 [AsyncHttpClient-1-2] DEBUG org.asynchttpclient.netty.channel.ChannelManager - Adding key: http://localhost:20146 for channel [id: 0xb6be4c35, L:/127.0.0.1:35190 - R:localhost/127.0.0.1:20146]
20:40:01.303 [Forwarding findElement on session dcf5619b-0654-4ec9-835c-a384d98aaff0 to remote] DEBUG org.asynchttpclient.netty.request.NettyRequestSender - Using pooled Channel '[id: 0xb6be4c35, L:/127.0.0.1:35190 - R:localhost/127.0.0.1:20146]' for 'POST' to 'http://localhost:20146/session/dcf5619b-0654-4ec9-835c-a384d98aaff0/element'
20:40:01.303 [Forwarding findElement on session dcf5619b-0654-4ec9-835c-a384d98aaff0 to remote] DEBUG org.asynchttpclient.netty.request.NettyRequestSender - Using open Channel [id: 0xb6be4c35, L:/127.0.0.1:35190 - R:localhost/127.0.0.1:20146] for POST '/session/dcf5619b-0654-4ec9-835c-a384d98aaff0/element'
20:40:01.314 [AsyncHttpClient-1-2] DEBUG org.asynchttpclient.netty.handler.HttpHandler - 

Request DefaultHttpRequest(decodeResult: success, version: HTTP/1.1)
POST /session/dcf5619b-0654-4ec9-835c-a384d98aaff0/element HTTP/1.1
User-Agent: selenium/4.8.0 (java unix)
Content-Length: 45
Content-Type: application/json; charset=utf-8
host: localhost:20146
accept: */*

Response DefaultHttpResponse(decodeResult: success, version: HTTP/1.1)
HTTP/1.1 200 OK
content-type: application/json; charset=utf-8
cache-control: no-cache
content-length: 88
date: Thu, 16 Mar 2023 20:40:00 GMT

20:40:01.314 [AsyncHttpClient-1-2] DEBUG org.asynchttpclient.netty.channel.ChannelManager - Adding key: http://localhost:20146 for channel [id: 0xb6be4c35, L:/127.0.0.1:35190 - R:localhost/127.0.0.1:20146]
20:40:01.316 [Forwarding getElementText on session dcf5619b-0654-4ec9-835c-a384d98aaff0 to remote] DEBUG org.asynchttpclient.netty.request.NettyRequestSender - Using pooled Channel '[id: 0xb6be4c35, L:/127.0.0.1:35190 - R:localhost/127.0.0.1:20146]' for 'GET' to 'http://localhost:20146/session/dcf5619b-0654-4ec9-835c-a384d98aaff0/element/438ea556-7b72-489f-be78-1a0db0b76157/text'
20:40:01.316 [Forwarding getElementText on session dcf5619b-0654-4ec9-835c-a384d98aaff0 to remote] DEBUG org.asynchttpclient.netty.request.NettyRequestSender - Using open Channel [id: 0xb6be4c35, L:/127.0.0.1:35190 - R:localhost/127.0.0.1:20146] for GET '/session/dcf5619b-0654-4ec9-835c-a384d98aaff0/element/438ea556-7b72-489f-be78-1a0db0b76157/text'
20:40:01.323 [AsyncHttpClient-1-2] DEBUG org.asynchttpclient.netty.handler.HttpHandler - 

Request DefaultFullHttpRequest(decodeResult: success, version: HTTP/1.1, content: EmptyByteBufBE)
GET /session/dcf5619b-0654-4ec9-835c-a384d98aaff0/element/438ea556-7b72-489f-be78-1a0db0b76157/text HTTP/1.1
User-Agent: selenium/4.8.0 (java unix)
Cache-Control: no-cache
Content-Type: application/json; charset=utf-8
host: localhost:20146
accept: */*

Response DefaultHttpResponse(decodeResult: success, version: HTTP/1.1)
HTTP/1.1 200 OK
content-type: application/json; charset=utf-8
cache-control: no-cache
content-length: 12
date: Thu, 16 Mar 2023 20:40:00 GMT

20:40:01.323 [AsyncHttpClient-1-2] DEBUG org.asynchttpclient.netty.channel.ChannelManager - Adding key: http://localhost:20146 for channel [id: 0xb6be4c35, L:/127.0.0.1:35190 - R:localhost/127.0.0.1:20146]
20:40:01.324 [Forwarding findElement on session dcf5619b-0654-4ec9-835c-a384d98aaff0 to remote] DEBUG org.asynchttpclient.netty.request.NettyRequestSender - Using pooled Channel '[id: 0xb6be4c35, L:/127.0.0.1:35190 - R:localhost/127.0.0.1:20146]' for 'POST' to 'http://localhost:20146/session/dcf5619b-0654-4ec9-835c-a384d98aaff0/element'
20:40:01.325 [Forwarding findElement on session dcf5619b-0654-4ec9-835c-a384d98aaff0 to remote] DEBUG org.asynchttpclient.netty.request.NettyRequestSender - Using open Channel [id: 0xb6be4c35, L:/127.0.0.1:35190 - R:localhost/127.0.0.1:20146] for POST '/session/dcf5619b-0654-4ec9-835c-a384d98aaff0/element'
20:40:01.327 [AsyncHttpClient-1-2] DEBUG org.asynchttpclient.netty.handler.HttpHandler - 

Request DefaultHttpRequest(decodeResult: success, version: HTTP/1.1)
POST /session/dcf5619b-0654-4ec9-835c-a384d98aaff0/element HTTP/1.1
User-Agent: selenium/4.8.0 (java unix)
Content-Length: 56
Content-Type: application/json; charset=utf-8
host: localhost:20146
accept: */*

Response DefaultHttpResponse(decodeResult: success, version: HTTP/1.1)
HTTP/1.1 200 OK
content-type: application/json; charset=utf-8
cache-control: no-cache
content-length: 88
date: Thu, 16 Mar 2023 20:40:00 GMT

20:40:01.327 [AsyncHttpClient-1-2] DEBUG org.asynchttpclient.netty.channel.ChannelManager - Adding key: http://localhost:20146 for channel [id: 0xb6be4c35, L:/127.0.0.1:35190 - R:localhost/127.0.0.1:20146]
20:40:01.328 [Forwarding clickElement on session dcf5619b-0654-4ec9-835c-a384d98aaff0 to remote] DEBUG org.asynchttpclient.netty.request.NettyRequestSender - Using pooled Channel '[id: 0xb6be4c35, L:/127.0.0.1:35190 - R:localhost/127.0.0.1:20146]' for 'POST' to 'http://localhost:20146/session/dcf5619b-0654-4ec9-835c-a384d98aaff0/element/eb38c70d-3b9d-41e8-8909-7fa9e9883704/click'
20:40:01.328 [Forwarding clickElement on session dcf5619b-0654-4ec9-835c-a384d98aaff0 to remote] DEBUG org.asynchttpclient.netty.request.NettyRequestSender - Using open Channel [id: 0xb6be4c35, L:/127.0.0.1:35190 - R:localhost/127.0.0.1:20146] for POST '/session/dcf5619b-0654-4ec9-835c-a384d98aaff0/element/eb38c70d-3b9d-41e8-8909-7fa9e9883704/click'
20:40:01.677 [AsyncHttpClient-1-2] DEBUG org.asynchttpclient.netty.handler.HttpHandler - 

Request DefaultHttpRequest(decodeResult: success, version: HTTP/1.1)
POST /session/dcf5619b-0654-4ec9-835c-a384d98aaff0/element/eb38c70d-3b9d-41e8-8909-7fa9e9883704/click HTTP/1.1
User-Agent: selenium/4.8.0 (java unix)
Content-Length: 50
Content-Type: application/json; charset=utf-8
host: localhost:20146
accept: */*

Response DefaultHttpResponse(decodeResult: success, version: HTTP/1.1)
HTTP/1.1 200 OK
content-type: application/json; charset=utf-8
cache-control: no-cache
content-length: 14
date: Thu, 16 Mar 2023 20:40:00 GMT

20:40:01.677 [AsyncHttpClient-1-2] DEBUG org.asynchttpclient.netty.channel.ChannelManager - Adding key: http://localhost:20146 for channel [id: 0xb6be4c35, L:/127.0.0.1:35190 - R:localhost/127.0.0.1:20146]
20:40:01.680 [Forwarding findElement on session dcf5619b-0654-4ec9-835c-a384d98aaff0 to remote] DEBUG org.asynchttpclient.netty.request.NettyRequestSender - Using pooled Channel '[id: 0xb6be4c35, L:/127.0.0.1:35190 - R:localhost/127.0.0.1:20146]' for 'POST' to 'http://localhost:20146/session/dcf5619b-0654-4ec9-835c-a384d98aaff0/element'
20:40:01.680 [Forwarding findElement on session dcf5619b-0654-4ec9-835c-a384d98aaff0 to remote] DEBUG org.asynchttpclient.netty.request.NettyRequestSender - Using open Channel [id: 0xb6be4c35, L:/127.0.0.1:35190 - R:localhost/127.0.0.1:20146] for POST '/session/dcf5619b-0654-4ec9-835c-a384d98aaff0/element'
20:40:01.685 [AsyncHttpClient-1-2] DEBUG org.asynchttpclient.netty.handler.HttpHandler - 

Request DefaultHttpRequest(decodeResult: success, version: HTTP/1.1)
POST /session/dcf5619b-0654-4ec9-835c-a384d98aaff0/element HTTP/1.1
User-Agent: selenium/4.8.0 (java unix)
Content-Length: 45
Content-Type: application/json; charset=utf-8
host: localhost:20146
accept: */*

Response DefaultHttpResponse(decodeResult: success, version: HTTP/1.1)
HTTP/1.1 200 OK
content-type: application/json; charset=utf-8
cache-control: no-cache
content-length: 88
date: Thu, 16 Mar 2023 20:40:01 GMT

20:40:01.685 [AsyncHttpClient-1-2] DEBUG org.asynchttpclient.netty.channel.ChannelManager - Adding key: http://localhost:20146 for channel [id: 0xb6be4c35, L:/127.0.0.1:35190 - R:localhost/127.0.0.1:20146]
20:40:01.687 [Forwarding getElementText on session dcf5619b-0654-4ec9-835c-a384d98aaff0 to remote] DEBUG org.asynchttpclient.netty.request.NettyRequestSender - Using pooled Channel '[id: 0xb6be4c35, L:/127.0.0.1:35190 - R:localhost/127.0.0.1:20146]' for 'GET' to 'http://localhost:20146/session/dcf5619b-0654-4ec9-835c-a384d98aaff0/element/cab606c4-bca5-4328-9a40-9d76abbb2670/text'
20:40:01.687 [Forwarding getElementText on session dcf5619b-0654-4ec9-835c-a384d98aaff0 to remote] DEBUG org.asynchttpclient.netty.request.NettyRequestSender - Using open Channel [id: 0xb6be4c35, L:/127.0.0.1:35190 - R:localhost/127.0.0.1:20146] for GET '/session/dcf5619b-0654-4ec9-835c-a384d98aaff0/element/cab606c4-bca5-4328-9a40-9d76abbb2670/text'
20:40:01.698 [AsyncHttpClient-1-2] DEBUG org.asynchttpclient.netty.handler.HttpHandler - 

Request DefaultFullHttpRequest(decodeResult: success, version: HTTP/1.1, content: EmptyByteBufBE)
GET /session/dcf5619b-0654-4ec9-835c-a384d98aaff0/element/cab606c4-bca5-4328-9a40-9d76abbb2670/text HTTP/1.1
User-Agent: selenium/4.8.0 (java unix)
Cache-Control: no-cache
Content-Type: application/json; charset=utf-8
host: localhost:20146
accept: */*

Response DefaultHttpResponse(decodeResult: success, version: HTTP/1.1)
HTTP/1.1 200 OK
content-type: application/json; charset=utf-8
cache-control: no-cache
content-length: 12
date: Thu, 16 Mar 2023 20:40:01 GMT

20:40:01.699 [AsyncHttpClient-1-2] DEBUG org.asynchttpclient.netty.channel.ChannelManager - Adding key: http://localhost:20146 for channel [id: 0xb6be4c35, L:/127.0.0.1:35190 - R:localhost/127.0.0.1:20146]
20:40:02.340 [AsyncHttpClient-1-1] DEBUG org.asynchttpclient.netty.channel.DefaultChannelPool - Entry count for : http://localhost:20146 : 1
20:40:03.441 [AsyncHttpClient-1-1] DEBUG org.asynchttpclient.netty.channel.DefaultChannelPool - Entry count for : http://localhost:20146 : 1
20:40:04.540 [AsyncHttpClient-1-1] DEBUG org.asynchttpclient.netty.channel.DefaultChannelPool - Entry count for : http://localhost:20146 : 1
20:40:04.715 [main] DEBUG io.github.bonigarcia.wdm.WebDriverManager - Quitting FirefoxDriver: firefox on LINUX (dcf5619b-0654-4ec9-835c-a384d98aaff0)
20:40:04.732 [main] DEBUG io.netty.util.internal.ThreadLocalRandom - -Dio.netty.initialSeedUniquifier: 0xa34e7386741bf56a
20:40:04.735 [AsyncHttpClient-1-4] DEBUG org.asynchttpclient.netty.channel.NettyConnectListener - Using new Channel '[id: 0xb02add5c, L:/127.0.0.1:51440 - R:/127.0.0.1:15183]' for 'GET' to '/devtools/browser/6647b0b4-c8c1-4039-bce1-59dc40262caf'
20:40:04.743 [AsyncHttpClient-1-4] DEBUG org.asynchttpclient.netty.handler.WebSocketHandler - 

Request DefaultFullHttpRequest(decodeResult: success, version: HTTP/1.1, content: EmptyByteBufBE)
GET /devtools/browser/6647b0b4-c8c1-4039-bce1-59dc40262caf HTTP/1.1
upgrade: websocket
connection: upgrade
sec-websocket-key: u6tgf1GGYXAnFqQEduYrnw==
sec-websocket-version: 13
origin: http://127.0.0.1:15183
host: 127.0.0.1:15183
accept: */*
user-agent: AHC/2.1

Response DefaultHttpResponse(decodeResult: success, version: HTTP/1.1)
HTTP/1.1 101 Switching Protocols
Server: httpd.js
Upgrade: websocket
Connection: Upgrade
Sec-WebSocket-Accept: r3wRcRpdrj+NAQpryKHJBdqQDk8=
Content-Length: 0

20:40:04.767 [Driver Command Executor] DEBUG org.asynchttpclient.netty.request.NettyRequestSender - Using pooled Channel '[id: 0xb6be4c35, L:/127.0.0.1:35190 - R:localhost/127.0.0.1:20146]' for 'DELETE' to 'http://localhost:20146/session/dcf5619b-0654-4ec9-835c-a384d98aaff0'
20:40:04.767 [Driver Command Executor] DEBUG org.asynchttpclient.netty.request.NettyRequestSender - Using open Channel [id: 0xb6be4c35, L:/127.0.0.1:35190 - R:localhost/127.0.0.1:20146] for DELETE '/session/dcf5619b-0654-4ec9-835c-a384d98aaff0'
20:40:04.769 [AsyncHttpClient-1-4] DEBUG org.asynchttpclient.netty.handler.WebSocketHandler - Channel Closed: [id: 0xb02add5c, L:/127.0.0.1:51440 ! R:/127.0.0.1:15183] with attribute DISCARD
20:40:05.260 [AsyncHttpClient-1-2] DEBUG org.asynchttpclient.netty.handler.HttpHandler - 

Request DefaultFullHttpRequest(decodeResult: success, version: HTTP/1.1, content: EmptyByteBufBE)
DELETE /session/dcf5619b-0654-4ec9-835c-a384d98aaff0 HTTP/1.1
User-Agent: selenium/4.8.0 (java unix)
Content-Type: application/json; charset=utf-8
host: localhost:20146
accept: */*

Response DefaultHttpResponse(decodeResult: success, version: HTTP/1.1)
HTTP/1.1 200 OK
content-type: application/json; charset=utf-8
cache-control: no-cache
content-length: 14
date: Thu, 16 Mar 2023 20:40:04 GMT

20:40:05.261 [AsyncHttpClient-1-2] DEBUG org.asynchttpclient.netty.channel.ChannelManager - Adding key: http://localhost:20146 for channel [id: 0xb6be4c35, L:/127.0.0.1:35190 - R:localhost/127.0.0.1:20146]
20:40:05.262 [AsyncHttpClient-1-2] DEBUG org.asynchttpclient.netty.handler.HttpHandler - Channel Closed: [id: 0xb6be4c35, L:/127.0.0.1:35190 ! R:localhost/127.0.0.1:20146] with attribute DISCARD
]]></system-out>
    <system-err><![CDATA[1678999195884	geckodriver	INFO	Listening on 127.0.0.1:20146
1678999196105	mozrunner::runner	INFO	Running command: "/usr/bin/firefox" "--marionette" "--remote-debugging-port" "15183" "--remote-allow-hosts" "localhost" "--re ... s" "http://127.0.0.1:15183/,http://localhost:15183/,http://[::1]:15183/" "-no-remote" "-profile" "/tmp/rust_mozprofileLWMuos"
console.warn: services.settings: Ignoring preference override of remote settings server
console.warn: services.settings: Allow by setting MOZ_REMOTE_SETTINGS_DEVTOOLS=1 in the environment
ATTENTION: default value of option mesa_glthread overridden by environment.
ATTENTION: default value of option mesa_glthread overridden by environment.
ATTENTION: default value of option mesa_glthread overridden by environment.
ATTENTION: default value of option mesa_glthread overridden by environment.
1678999196931	Marionette	INFO	Marionette enabled
1678999196935	Marionette	INFO	Listening on port 34353
WebDriver BiDi listening on ws://127.0.0.1:15183
Read port: 34353
1678999197052	RemoteAgent	WARN	TLS certificate errors will be ignored for this session
console.error: ({})
console.warn: SearchSettings: "get: No settings file exists, new profile?" (new NotFoundError("Could not open the file at /tmp/rust_mozprofileLWMuos/search.json.mozlz4", (void 0)))
DevTools listening on ws://127.0.0.1:15183/devtools/browser/6647b0b4-c8c1-4039-bce1-59dc40262caf
JavaScript error: https://blazedemo.com/assets/bootstrap.min.js, line 7: TypeError: a is not a function
JavaScript error: https://blazedemo.com/assets/bootstrap-table.js, line 1126: ReferenceError: jQuery is not defined
console.error: ({})
console.warn: LoginRecipes: "Falling back to a synchronous message for: https://blazedemo.com."
JavaScript error: https://blazedemo.com/assets/bootstrap.min.js, line 7: TypeError: a is not a function
JavaScript error: https://blazedemo.com/assets/bootstrap-table.js, line 1126: ReferenceError: jQuery is not defined
console.error: ({})
console.warn: LoginRecipes: "Falling back to a synchronous message for: https://blazedemo.com."
JavaScript error: https://blazedemo.com/assets/bootstrap.min.js, line 7: TypeError: a is not a function
JavaScript error: https://blazedemo.com/assets/bootstrap-table.js, line 1126: ReferenceError: jQuery is not defined
console.error: ({})
console.warn: LoginRecipes: "Falling back to a synchronous message for: https://blazedemo.com."
JavaScript error: https://blazedemo.com/assets/bootstrap.min.js, line 7: TypeError: a is not a function
JavaScript error: https://blazedemo.com/assets/bootstrap-table.js, line 1126: ReferenceError: jQuery is not defined
console.error: ({})
1678999204741	RemoteAgent	INFO	Perform WebSocket upgrade for incoming connection from 127.0.0.1:51440
1678999204745	CDP	WARN	Invalid browser preferences for CDP. Set "fission.webContentIsolationStrategy"to 0 and "fission.bfcacheInParent" to false before Firefox starts.
1678999204771	Marionette	INFO	Stopped listening on port 34353
]]></system-err>
  </testcase>
</testsuite>